number,values_0,values_1,datetime_start,datetime_complete,duration,params_E_d_sh,params_G_frac,params_N_t_d,params_N_t_sh,params_W_L,params_W_R,params_W_R_sclc,params_d_sclc,params_l1_C_n_bulk,params_l1_k_dir,params_l1_mu_p,params_mu_e,system_attrs_NSGAIISampler:generation,system_attrs_fixed_params,state
349,0.05302242293953033,0.08356090375391648,2026-03-13 14:38:12.161477,2026-03-13 14:38:12.867133,0 days 00:00:00.705656,4.226754022266025,0.567389191997858,48.80273600031993,53.736839802706214,4.310408530797141,5.2954532851134735,4.294536436788213,2.214434058256006e-07,6.810572114280536e-16,2.8485497603142457e-16,9.816244126994523e-08,-15.905049104422233,6.0,,COMPLETE
350,0.013300042026549235,0.085806769563407,2026-03-13 14:38:12.867133,2026-03-13 14:38:13.645109,0 days 00:00:00.777976,4.385209068923146,0.5499078545886388,48.35086802121306,52.37842082036728,4.411630521055745,5.368061648379226,4.372600471938108,2.214434058256006e-07,5.602724756054881e-16,2.8485497603142457e-16,9.292937437815416e-07,-16.021935751696777,6.0,,COMPLETE
351,,,2026-03-13 14:38:13.646105,2026-03-13 14:38:13.700923,0 days 00:00:00.054818,4.312516402857541,0.5328137602558504,48.679034003696,51.30816070807824,4.2784980744342445,5.457572251114852,4.344233257623844,2.206233766577318e-07,1.7116181786623804e-15,6.734883976719342e-16,9.292937437815416e-07,-14.120157900197517,6.0,,PRUNED
352,0.02931435836026107,0.10073005504813311,2026-03-13 14:38:13.701919,2026-03-13 14:38:14.382659,0 days 00:00:00.680740,4.2421865548822275,0.5328137602558504,49.61667162947525,53.99370433928758,4.291602348451208,5.395832831826843,4.372600471938108,2.2671484062516988e-07,3.3100205937760698e-18,2.0824746160111814e-16,1.8179694771433678e-07,-15.46421832596344,6.0,,COMPLETE
353,0.09579186484506125,0.13013701974872224,2026-03-13 14:38:14.382659,2026-03-13 14:38:15.060410,0 days 00:00:00.677751,4.237526451797249,0.5328137602558504,49.27361370559734,54.4266033873052,4.286222453994172,5.457572251114852,4.213081279918613,2.206233766577318e-07,1.7116181786623804e-15,1.0852023009491034e-16,9.292937437815416e-07,-14.23558760778473,6.0,,COMPLETE
354,0.003321278050405836,0.10565220517147614,2026-03-13 14:38:15.061404,2026-03-13 14:38:15.863740,0 days 00:00:00.802336,4.326835959190646,0.5499078545886388,49.12737487040701,54.4266033873052,4.286222453994172,5.274865522418011,4.294536436788213,2.227912437004051e-07,5.455086298408068e-15,1.0852023009491034e-16,9.292937437815416e-07,-15.905049104422233,6.0,,COMPLETE
355,0.0526238075578762,0.04251309636415632,2026-03-13 14:38:15.863740,2026-03-13 14:38:16.550459,0 days 00:00:00.686719,4.226754022266025,0.5328137602558504,49.61667162947525,54.4266033873052,4.437685755760328,5.3433659080245395,4.481911234626494,2.2542223151538303e-07,2.3492019901684076e-15,4.696839919564255e-16,1.0153827557942527e-07,-15.077263166794909,6.0,,COMPLETE
356,0.05245875946380855,0.08152839698323483,2026-03-13 14:38:16.550459,2026-03-13 14:38:17.235185,0 days 00:00:00.684726,4.312516402857541,0.5175989101887631,49.27361370559734,53.15365868139563,4.310408530797141,5.457572251114852,4.4348808950491545,2.2076664693806265e-07,3.278231144780836e-17,2.5421839953759326e-16,1.2502087500896067e-07,-14.120157900197517,6.0,,COMPLETE
357,0.06249892577238748,0.09494408530566995,2026-03-13 14:38:17.235185,2026-03-13 14:38:17.919911,0 days 00:00:00.684726,4.226754022266025,0.5175989101887631,49.27361370559734,54.4266033873052,4.286222453994172,5.457572251114852,4.4348808950491545,2.206233766577318e-07,3.278231144780836e-17,2.8485497603142457e-16,9.292937437815416e-07,-14.120157900197517,6.0,,COMPLETE
358,0.012344993247271218,0.06803873252148616,2026-03-13 14:38:17.920907,2026-03-13 14:38:18.680384,0 days 00:00:00.759477,4.4782175385843885,0.5328137602558504,46.72386999491716,51.30816070807824,4.286222453994172,5.259915872758768,4.344233257623844,2.2227775561085677e-07,5.0786092016951566e-17,9.14899902895369e-17,9.292937437815416e-07,-14.224921597414971,6.0,,COMPLETE
359,0.058023534456205075,0.36109938855283485,2026-03-13 14:38:18.681382,2026-03-13 14:38:19.338200,0 days 00:00:00.656818,4.392088001878285,0.6475333167448952,49.12737487040701,51.30816070807824,4.2784980744342445,5.473594286755889,4.344233257623844,2.2639838167177079e-07,1.7116181786623804e-15,9.14899902895369e-17,9.292937437815416e-07,-14.365170947411244,6.0,,COMPLETE
360,0.014636596243060384,0.062496749467659374,2026-03-13 14:38:19.338200,2026-03-13 14:38:20.042860,0 days 00:00:00.704660,4.312516402857541,0.5175989101887631,48.504941598592,54.4266033873052,4.352808127227207,5.409387942580095,4.2202192318377065,2.24354510610188e-07,3.278231144780836e-17,1.0852023009491034e-16,7.88118573397999e-07,-15.905049104422233,6.0,,COMPLETE
361,0.050590435619589445,0.03647107337924398,2026-03-13 14:38:20.042860,2026-03-13 14:38:20.710641,0 days 00:00:00.667781,4.285579461481923,0.5175989101887631,48.504941598592,53.15365868139563,4.310408530797141,5.274953766665707,4.481911234626494,2.2076664693806265e-07,3.278231144780836e-17,3.6148060047655427e-16,9.292937437815416e-07,-14.120157900197517,6.0,,COMPLETE
362,0.03178352937969484,0.03879472570069767,2026-03-13 14:38:20.710641,2026-03-13 14:38:21.419287,0 days 00:00:00.708646,4.226754022266025,0.5175989101887631,48.80273600031993,53.15365868139563,4.286222453994172,5.489547821533937,4.372600471938108,2.214434058256006e-07,3.278231144780836e-17,6.168949814356987e-16,7.88118573397999e-07,-16.379832230864015,6.0,,COMPLETE
363,0.02710499222616688,0.03600282817708743,2026-03-13 14:38:21.419287,2026-03-13 14:38:22.155616,0 days 00:00:00.736329,4.285579461481923,0.5175989101887631,49.61667162947525,53.202617853209155,4.310408530797141,5.303872312717865,4.461318946543363,2.2639838167177079e-07,3.278231144780836e-17,2.5421839953759326e-16,1.1458094170007913e-07,-15.059306822230525,6.0,,COMPLETE
364,0.011779164808395451,0.1868870415015111,2026-03-13 14:38:22.155616,2026-03-13 14:38:22.925062,0 days 00:00:00.769446,4.326835959190646,0.6475333167448952,47.20047908540459,51.30816070807824,4.383352943815828,5.259915872758768,4.294536436788213,2.2639838167177079e-07,1.1098388463813163e-17,2.5421839953759326e-16,9.088489544665001e-07,-17.15805278479236,6.0,,COMPLETE
365,0.0037549120205554454,0.6427079369048208,2026-03-13 14:38:22.925062,2026-03-13 14:38:23.815104,0 days 00:00:00.890042,4.385209068923146,0.8141941871946587,48.80273600031993,53.202617853209155,4.212282873888184,5.309829011964143,4.372600471938108,2.214434058256006e-07,5.602724756054881e-16,3.439896980983611e-18,1.2329687117296646e-07,-15.22091995193052,6.0,,COMPLETE
366,0.014225770086305765,0.037630199947225676,2026-03-13 14:38:23.816101,2026-03-13 14:38:24.515477,0 days 00:00:00.699376,4.226754022266025,0.5328137602558504,49.61667162947525,54.4266033873052,4.352808127227207,5.240641127537479,4.372600471938108,2.2478614359175948e-07,1.8223607724546734e-17,1.0852023009491034e-16,1.7587573534091567e-07,-16.021935751696777,6.0,,COMPLETE
367,0.035950357615441346,0.5209302530823436,2026-03-13 14:38:24.516474,2026-03-13 14:38:25.223129,0 days 00:00:00.706655,4.312516402857541,0.9336943300687695,49.27361370559734,54.4266033873052,4.286222453994172,5.457572251114852,4.481911234626494,2.2738358197089787e-07,1.7116181786623804e-15,8.849687734489427e-15,9.292937437815416e-07,-15.746224499162157,6.0,,COMPLETE
368,0.026883025584571046,0.04022972158897058,2026-03-13 14:38:25.224124,2026-03-13 14:38:25.969647,0 days 00:00:00.745523,4.336691808344156,0.5175989101887631,48.504941598592,53.15365868139563,4.310408530797141,5.279814813441081,4.206889203685696,2.2076664693806265e-07,7.710670832421589e-15,3.6148060047655427e-16,7.88118573397999e-07,-15.905049104422233,6.0,,COMPLETE
369,0.006649530337683113,0.047731516078295684,2026-03-13 14:38:25.969647,2026-03-13 14:38:26.753848,0 days 00:00:00.784201,4.326835959190646,0.5328137602558504,48.16298425693123,54.4266033873052,4.383352943815828,5.368061648379226,4.2202192318377065,2.24354510610188e-07,1.0790005625030275e-15,2.0824746160111814e-16,9.292937437815416e-07,-15.787370597791412,6.0,,COMPLETE
370,0.013544811599164966,0.03533412265344701,2026-03-13 14:38:26.753848,2026-03-13 14:38:27.462494,0 days 00:00:00.708646,4.285579461481923,0.5175989101887631,49.61667162947525,53.15365868139563,4.310408530797141,5.274953766665707,4.206889203685696,2.2076664693806265e-07,3.278231144780836e-17,3.6148060047655427e-16,7.88118573397999e-07,-16.513345277307323,6.0,,COMPLETE
371,0.04235923789986883,0.7016096621288851,2026-03-13 14:38:27.463490,2026-03-13 14:38:28.221576,0 days 00:00:00.758086,4.2421865548822275,0.9263491445817329,47.96680096065544,51.63839705278155,4.286222453994172,5.395832831826843,4.481911234626494,2.206233766577318e-07,3.3100205937760698e-18,2.0824746160111814e-16,1.8179694771433678e-07,-17.468822515596663,6.0,,COMPLETE
372,0.004517193568514304,0.05718929418791851,2026-03-13 14:38:28.222575,2026-03-13 14:38:29.056803,0 days 00:00:00.834228,4.351051144603315,0.5328137602558504,48.35086802121306,54.65706604644025,4.286222453994172,5.3433659080245395,4.372600471938108,2.214434058256006e-07,1.7116181786623804e-15,6.168949814356987e-16,1.2329687117296646e-07,-15.059306822230525,6.0,,COMPLETE
373,0.07911928572555486,0.04042256485480753,2026-03-13 14:38:29.057803,2026-03-13 14:38:29.742526,0 days 00:00:00.684723,4.312516402857541,0.5175989101887631,49.27361370559734,53.202617853209155,4.286222453994172,5.2954532851134735,4.279485145762629,2.214434058256006e-07,1.7116181786623804e-15,8.849687734489427e-15,9.292937437815416e-07,-14.23558760778473,6.0,,COMPLETE
374,0.009780533469116361,0.0603370351112496,2026-03-13 14:38:29.743522,2026-03-13 14:38:30.519944,0 days 00:00:00.776422,4.340337607948826,0.5328137602558504,47.20047908540459,51.30816070807824,4.286222453994172,5.279814813441081,4.294536436788213,2.2227775561085677e-07,5.602724756054881e-16,2.8485497603142457e-16,1.2329687117296646e-07,-17.468822515596663,6.0,,COMPLETE
375,0.022756030361331257,0.4889954829744586,2026-03-13 14:38:30.520941,2026-03-13 14:38:31.234571,0 days 00:00:00.713630,4.393971199871313,0.8612499363358912,49.12737487040701,52.93138324746536,4.243646001157785,5.457572251114852,4.2086606315589625,2.2774959627690105e-07,5.0786092016951566e-17,8.849687734489427e-15,4.155760660617456e-07,-14.23558760778473,6.0,,COMPLETE
376,0.07783388870288163,0.017034944762776484,2026-03-13 14:38:31.234571,2026-03-13 14:38:31.945210,0 days 00:00:00.710639,4.312516402857541,0.5175989101887631,48.80273600031993,53.15365868139563,4.383352943815828,5.279814813441081,4.294536436788213,2.2671484062516988e-07,3.278231144780836e-17,3.479662516714764e-17,7.88118573397999e-07,-14.128096250676283,6.0,,COMPLETE
377,0.05572245035502223,0.22119524120504352,2026-03-13 14:38:31.946206,2026-03-13 14:38:32.865155,0 days 00:00:00.918949,4.385209068923146,0.8141941871946587,48.80273600031993,54.4266033873052,4.286222453994172,5.368061648379226,4.481911234626494,2.274959920172419e-07,5.602724756054881e-16,8.849687734489427e-15,1.2329687117296646e-07,-15.22091995193052,6.0,,COMPLETE
378,0.01963284284625886,0.07136527890764297,2026-03-13 14:38:32.866151,2026-03-13 14:38:33.570809,0 days 00:00:00.704658,4.310615148235852,0.502568882978123,48.35086802121306,53.99370433928758,4.437685755760328,5.3945489125781325,4.497655840838724,2.223746217196087e-07,2.3492019901684076e-15,2.385561234082195e-15,1.2329687117296646e-07,-14.23558760778473,6.0,,COMPLETE
379,0.015484399255899025,0.09922144634961062,2026-03-13 14:38:33.571808,2026-03-13 14:38:34.311835,0 days 00:00:00.740027,4.285579461481923,0.5499078545886388,49.12737487040701,54.17035258812112,4.286222453994172,5.274953766665707,4.294536436788213,2.2076664693806265e-07,3.278231144780836e-17,3.6148060047655427e-16,9.292937437815416e-07,-16.513345277307323,6.0,,COMPLETE
380,0.0073552817057744874,0.039119978151487454,2026-03-13 14:38:34.312832,2026-03-13 14:38:35.084270,0 days 00:00:00.771438,4.312516402857541,0.5175989101887631,48.504941598592,54.65706604644025,4.352808127227207,5.279814813441081,4.279485145762629,2.2671484062516988e-07,3.278231144780836e-17,3.6148060047655427e-16,1.2329687117296646e-07,-15.905049104422233,6.0,,COMPLETE
381,0.005614774229555163,0.040888205618229756,2026-03-13 14:38:35.085266,2026-03-13 14:38:35.841754,0 days 00:00:00.756488,4.23428609278026,0.5195756181963678,47.96680096065544,53.736839802706214,4.227859377520785,5.395832831826843,4.294536436788213,2.2671484062516988e-07,4.4922253502956583e-17,2.0824746160111814e-16,1.8179694771433678e-07,-17.900453001680354,6.0,,COMPLETE
382,0.009234559230732055,0.26753689768556566,2026-03-13 14:38:35.842751,2026-03-13 14:38:36.646083,0 days 00:00:00.803332,4.285579461481923,0.5328137602558504,47.59050629731089,53.736839802706214,4.345261486698256,5.368061648379226,4.218172061531364,2.206233766577318e-07,1.7116181786623804e-15,8.849687734489427e-15,9.292937437815416e-07,-17.900453001680354,6.0,,COMPLETE
383,0.017330464620894073,0.024661108232100215,2026-03-13 14:38:36.647080,2026-03-13 14:38:37.417103,0 days 00:00:00.770023,4.336691808344156,0.5175989101887631,47.20047908540459,53.15365868139563,4.352808127227207,5.240641127537479,4.372157058805627,2.266989890288532e-07,3.278231144780836e-17,1.3118632880906456e-17,1.8179694771433678e-07,-16.021935751696777,7.0,,COMPLETE
384,0.035260473392840094,0.4626108426445182,2026-03-13 14:38:37.417103,2026-03-13 14:38:38.229404,0 days 00:00:00.812301,4.385209068923146,0.8141941871946587,48.80273600031993,53.202617853209155,4.212282873888184,5.473594286755889,4.2086606315589625,2.268930987948513e-07,5.602724756054881e-16,2.8485497603142457e-16,1.2329687117296646e-07,-16.400380766689754,7.0,,COMPLETE
385,0.022233943516305827,0.03450471293480217,2026-03-13 14:38:38.230401,2026-03-13 14:38:38.996247,0 days 00:00:00.765846,4.310615148235852,0.502568882978123,47.94232116605703,53.99370433928758,4.437685755760328,5.3945489125781325,4.497655840838724,2.2639838167177079e-07,1.7116181786623804e-15,9.263551864575185e-17,1.0153827557942527e-07,-14.23558760778473,7.0,,COMPLETE
386,0.01184134856806753,0.14360037012260005,2026-03-13 14:38:38.997244,2026-03-13 14:38:39.777652,0 days 00:00:00.780408,4.240766905868176,0.5328137602558504,46.72386999491716,50.719836514787325,4.286222453994172,5.3945489125781325,4.344233257623844,2.223746217196087e-07,1.7116181786623804e-15,7.855782736164878e-16,1.0153827557942527e-07,-17.624803253740037,7.0,,COMPLETE
387,0.047557121472317214,0.15810646832792646,2026-03-13 14:38:39.778648,2026-03-13 14:38:40.461381,0 days 00:00:00.682733,4.312516402857541,0.5708005566309614,48.80273600031993,53.15365868139563,4.310408530797141,5.2954532851134735,4.461318946543363,2.2671484062516988e-07,3.278231144780836e-17,3.479662516714764e-17,7.88118573397999e-07,-14.128096250676283,7.0,,COMPLETE
388,0.03237521108926216,0.1290584609145473,2026-03-13 14:38:40.462379,2026-03-13 14:38:41.166546,0 days 00:00:00.704167,4.326835959190646,0.5328137602558504,48.16298425693123,54.4266033873052,4.243646001157785,5.368061648379226,4.2202192318377065,2.24354510610188e-07,5.0786092016951566e-17,9.14899902895369e-17,4.155760660617456e-07,-15.077263166794909,7.0,,COMPLETE
389,0.0064290330481661636,0.3997942604596182,2026-03-13 14:38:41.167542,2026-03-13 14:38:41.984717,0 days 00:00:00.817175,4.336691808344156,0.7312362046261766,48.504941598592,53.15365868139563,4.310408530797141,5.279814813441081,4.206889203685696,2.2671484062516988e-07,3.278231144780836e-17,3.6148060047655427e-16,7.88118573397999e-07,-16.513345277307323,7.0,,COMPLETE
390,0.0051878712839958235,0.0413772703203391,2026-03-13 14:38:41.985722,2026-03-13 14:38:42.777264,0 days 00:00:00.791542,4.392088001878285,0.5175989101887631,49.12737487040701,53.15365868139563,4.310408530797141,5.274953766665707,4.2086606315589625,2.2076664693806265e-07,5.0786092016951566e-17,3.6148060047655427e-16,7.88118573397999e-07,-15.077263166794909,7.0,,COMPLETE
391,0.022544377245089908,0.3583259436696233,2026-03-13 14:38:42.778260,2026-03-13 14:38:43.514812,0 days 00:00:00.736552,4.285579461481923,0.7365553290163973,49.61667162947525,54.746645076005194,4.383352943815828,5.368061648379226,4.294536436788213,2.2671484062516988e-07,1.4152888092787482e-15,3.6148060047655427e-16,7.88118573397999e-07,-16.513345277307323,7.0,,COMPLETE
392,0.025824897310968216,0.034938699683358665,2026-03-13 14:38:43.515811,2026-03-13 14:38:44.338080,0 days 00:00:00.822269,4.312516402857541,0.5175989101887631,48.80273600031993,54.83269915652345,4.286222453994172,5.259915872758768,4.279485145762629,2.214434058256006e-07,5.602724756054881e-16,6.168949814356987e-16,1.2329687117296646e-07,-15.22091995193052,7.0,,COMPLETE
393,0.03409798120843849,0.0339312630979207,2026-03-13 14:38:44.339077,2026-03-13 14:38:45.083603,0 days 00:00:00.744526,4.326835959190646,0.5175989101887631,49.53384365316264,53.202617853209155,4.310408530797141,5.2954532851134735,4.279485145762629,2.268930987948513e-07,3.278231144780836e-17,2.8485497603142457e-16,1.2329687117296646e-07,-15.059306822230525,7.0,,COMPLETE
394,0.024635904725017532,0.023504211260205233,2026-03-13 14:38:45.084600,2026-03-13 14:38:45.818291,0 days 00:00:00.733691,4.312516402857541,0.5175989101887631,48.504941598592,54.65706604644025,4.383352943815828,5.279814813441081,4.294536436788213,2.2671484062516988e-07,3.278231144780836e-17,3.479662516714764e-17,1.2329687117296646e-07,-15.21380242640881,7.0,,COMPLETE
395,0.06868931053766064,0.08668534989080763,2026-03-13 14:38:45.819294,2026-03-13 14:38:46.494045,0 days 00:00:00.674751,4.340337607948826,0.5175989101887631,48.80273600031993,53.202617853209155,4.212282873888184,5.309829011964143,4.279485145762629,2.214434058256006e-07,5.602724756054881e-16,2.8485497603142457e-16,7.88118573397999e-07,-14.293158687889743,7.0,,COMPLETE
396,0.07661891369998171,0.47803436344303407,2026-03-13 14:38:46.495041,2026-03-13 14:38:47.244553,0 days 00:00:00.749512,4.23428609278026,0.7678395905672932,47.96680096065544,53.736839802706214,4.437685755760328,5.395832831826843,4.294536436788213,2.223746217196087e-07,2.3492019901684076e-15,9.263551864575185e-17,1.0153827557942527e-07,-14.23558760778473,7.0,,COMPLETE
397,0.039467211529187154,0.0955323543260084,2026-03-13 14:38:47.245550,2026-03-13 14:38:48.186100,0 days 00:00:00.940550,4.312516402857541,0.5328137602558504,47.20047908540459,54.83269915652345,4.286222453994172,5.279814813441081,4.294536436788213,2.2671484062516988e-07,1.8787351912332545e-18,7.855782736164878e-16,9.292937437815416e-07,-17.624803253740037,7.0,,COMPLETE
398,0.02904939227745666,0.44196481030089957,2026-03-13 14:38:48.187097,2026-03-13 14:38:48.959111,0 days 00:00:00.772014,4.312516402857541,0.8141941871946587,48.80273600031993,53.15365868139563,4.408187454704962,5.349332078434541,4.279485145762629,2.214434058256006e-07,5.602724756054881e-16,6.168949814356987e-16,1.2329687117296646e-07,-15.667640503852084,7.0,,COMPLETE
399,0.07854316525234464,0.17549096554972782,2026-03-13 14:38:48.960107,2026-03-13 14:38:50.035534,0 days 00:00:01.075427,4.336691808344156,0.5328137602558504,47.94232116605703,53.694652852094855,4.411630521055745,5.240641127537479,4.480012083722998,2.2671484062516988e-07,3.3100205937760698e-18,2.3466378996638457e-16,1.7587573534091567e-07,-17.63827281239495,7.0,,COMPLETE
400,0.034465660850680625,0.034818173532917836,2026-03-13 14:38:50.036529,2026-03-13 14:38:50.766107,0 days 00:00:00.729578,4.285579461481923,0.5175989101887631,48.504941598592,53.15365868139563,4.310408530797141,5.274953766665707,4.206889203685696,2.2076664693806265e-07,3.278231144780836e-17,3.6148060047655427e-16,7.88118573397999e-07,-16.513345277307323,7.0,,COMPLETE
401,0.010880984151981663,0.040457454084413196,2026-03-13 14:38:50.767104,2026-03-13 14:38:51.453824,0 days 00:00:00.686720,4.285579461481923,0.5175989101887631,49.61667162947525,53.15365868139563,4.310408530797141,5.465386108149825,4.372600471938108,2.2237466399139198e-07,3.278231144780836e-17,2.5421839953759326e-16,1.2502087500896067e-07,-16.28150385912756,7.0,,COMPLETE
402,0.016690376790122446,0.5538207703104724,2026-03-13 14:38:51.453824,2026-03-13 14:38:52.307986,0 days 00:00:00.854162,4.385209068923146,0.8141941871946587,48.80273600031993,53.736839802706214,4.227859377520785,5.368061648379226,4.2086606315589625,2.2601061694678593e-07,6.810572114280536e-16,3.680264906792543e-16,1.2329687117296646e-07,-15.22091995193052,7.0,,COMPLETE
403,0.023289082480524144,0.057053069391695466,2026-03-13 14:38:52.308992,2026-03-13 14:38:53.026599,0 days 00:00:00.717607,4.310615148235852,0.5328137602558504,47.94232116605703,53.99370433928758,4.437685755760328,5.457572251114852,4.497655840838724,2.2034405625589588e-07,1.7116181786623804e-15,9.263551864575185e-17,9.292937437815416e-07,-14.23558760778473,7.0,,COMPLETE
404,0.07443926089742514,0.29720897556097836,2026-03-13 14:38:53.027596,2026-03-13 14:38:53.965451,0 days 00:00:00.937855,4.4565182608454545,0.8141941871946587,48.80273600031993,53.202617853209155,4.243646001157785,5.309829011964143,4.372600471938108,2.214434058256006e-07,5.0786092016951566e-17,2.8485497603142457e-16,1.2329687117296646e-07,-15.077263166794909,7.0,,COMPLETE
405,0.019457605899256936,0.03225787414707449,2026-03-13 14:38:53.966447,2026-03-13 14:38:54.740875,0 days 00:00:00.774428,4.351051144603315,0.5095868642464958,49.53384365316264,54.65706604644025,4.227859377520785,5.3433659080245395,4.294536436788213,2.268930987948513e-07,1.7116181786623804e-15,6.168949814356987e-16,1.2329687117296646e-07,-15.059306822230525,7.0,,COMPLETE
406,0.01198820666220036,0.509630923809689,2026-03-13 14:38:54.741872,2026-03-13 14:38:55.572114,0 days 00:00:00.830242,4.285579461481923,0.8010823876985078,47.59050629731089,51.30816070807824,4.2784980744342445,5.259915872758768,4.218172061531364,2.2639838167177079e-07,1.7116181786623804e-15,2.5421839953759326e-16,7.88118573397999e-07,-17.624803253740037,7.0,,COMPLETE
