number,values_0,values_1,datetime_start,datetime_complete,duration,params_E_d_sh,params_G_frac,params_N_t_d,params_N_t_sh,params_W_L,params_W_R,params_W_R_sclc,params_d_sclc,params_l1_C_n_bulk,params_l1_k_dir,params_l1_mu_p,params_mu_e,system_attrs_NSGAIISampler:generation,system_attrs_fixed_params,state
0,0.013818571395833246,0.03989449337464324,2026-03-13 14:32:51.780626,2026-03-13 14:32:53.476180,0 days 00:00:01.695554,4.45437723,0.5,49.0968972,50.6571255,4.4,5.35,4.44761831,2.24e-07,1e-16,1e-17,1e-07,-14.7261256,,"{'d_sclc': 2.24e-07, 'W_L': 4.4, 'W_R_sclc': 4.44761831, 'mu_e': -14.7261256, 'E_d_sh': 4.45437723, 'N_t_sh': 50.6571255, 'N_t_d': 49.0968972, 'W_R': 5.35, 'G_frac': 0.5, 'l1_k_dir': 1e-17, 'l1_C_n_bulk': 1e-16, 'l1_mu_p': 1e-07}",COMPLETE
1,0.0873402158481896,0.06443526516197104,2026-03-13 14:32:53.477178,2026-03-13 14:32:54.242859,0 days 00:00:00.765681,4.30972721155368,0.5237891071666283,48.98002134625555,52.538342902762494,4.2571862684510515,5.2376691392497365,4.204320666602163,2.2254830576412132e-07,5.958260032281904e-17,6.831600273124026e-18,3.503415899758658e-08,-14.51565871536251,0.0,,COMPLETE
2,0.015894722000702653,0.19005573883326857,2026-03-13 14:32:54.242859,2026-03-13 14:32:54.997339,0 days 00:00:00.754480,4.36623416305104,0.6606704270736421,46.114481588882924,51.39165342699012,4.446061212642695,5.364311519445902,4.341700705300996,2.2145074127159357e-07,5.867237932244897e-17,4.2961009180581285e-15,2.248952644611453e-07,-16.258507405837435,0.0,,COMPLETE
3,,,2026-03-13 14:32:54.998335,2026-03-13 14:32:55.047171,0 days 00:00:00.048836,4.29302879193597,0.5421554206599707,46.27851529600392,53.091019003737536,4.491978899439645,5.326485306450749,4.475993949789783,2.21868778638655e-07,1.8420965982536598e-18,2.422598302961557e-18,9.243973381268331e-08,-18.329928846181634,0.0,,PRUNED
4,0.06854405403733865,0.15305487212871197,2026-03-13 14:32:55.048168,2026-03-13 14:32:55.755440,0 days 00:00:00.707272,4.284971706067224,0.5527841872051916,47.872337630986024,51.460633078743314,4.331799542648207,5.436568838590454,4.469717567051591,2.2242798986672736e-07,3.1311168117051493e-16,2.2531526866869884e-17,4.0384031663862777e-07,-13.89407136898919,0.0,,COMPLETE
5,0.009636746904114755,0.4178373581797942,2026-03-13 14:32:55.757434,2026-03-13 14:32:56.583312,0 days 00:00:00.825878,4.2421865548822275,0.8267520212462924,46.73851453005657,53.62081964031924,4.383352943815828,5.364157893703739,4.260775282009671,2.2519111770671143e-07,4.0243984753937157e-16,2.0824746160111814e-16,1.2502087500896067e-07,-17.468822515596663,0.0,,COMPLETE
6,,,2026-03-13 14:32:56.584309,2026-03-13 14:32:56.631661,0 days 00:00:00.047352,4.225793280278706,0.6847327989714215,50.489564947958755,54.541271071312586,4.274078264385645,5.422129070092147,4.427592792870042,2.2361865639708453e-07,5.63196364350519e-17,9.283524573527067e-18,1.1019715022954125e-08,-15.876652910534624,0.0,,PRUNED
7,0.03264803447443355,0.3695105759013377,2026-03-13 14:32:56.631661,2026-03-13 14:32:57.447972,0 days 00:00:00.816311,4.328740624693743,0.7000636219256081,47.54933718204958,52.28386198531452,4.4993034129015275,5.2184441106200445,4.2810980092095665,2.2107668906162993e-07,4.293062506930646e-15,5.2431293370749835e-17,4.2022496579899604e-08,-16.237341944254553,0.0,,COMPLETE
8,0.028232609804692145,0.26515546391033196,2026-03-13 14:32:57.448970,2026-03-13 14:32:58.436716,0 days 00:00:00.987746,4.399307264094415,0.9751784488314399,46.72386999491716,51.30816070807824,4.336156782921938,5.254222509061746,4.344233257623844,2.2161242237683914e-07,7.656365316069147e-16,3.1397346196939525e-15,3.02364286352851e-07,-17.624803253740037,0.0,,COMPLETE
9,0.06769383464190272,0.7931996889544379,2026-03-13 14:32:58.437713,2026-03-13 14:32:59.502207,0 days 00:00:01.064494,4.478611696114526,0.9181833003280848,46.45532409509138,53.00928010741694,4.20897410875013,5.392728499607704,4.2132213784064785,2.2584840162034064e-07,3.593544846263326e-15,9.389463404141451e-18,1.345432602011898e-08,-14.605886577284423,0.0,,COMPLETE
10,0.0037549120205554454,0.5723791244240117,2026-03-13 14:32:59.503204,2026-03-13 14:33:00.368314,0 days 00:00:00.865110,4.385209068923146,0.8141941871946587,48.80273600031993,53.202617853209155,4.212282873888184,5.309829011964143,4.372600471938108,2.214434058256006e-07,5.602724756054881e-16,2.8485497603142457e-16,1.2329687117296646e-07,-15.22091995193052,0.0,,COMPLETE
11,,,2026-03-13 14:33:00.369311,2026-03-13 14:33:00.416157,0 days 00:00:00.046846,4.424876194664406,0.5829734082981677,50.01684121670715,54.11267737207832,4.491141053497542,5.458132662443613,4.285678021154305,2.207097654085181e-07,3.008814684068091e-18,6.31315944160148e-16,2.1430182225574712e-07,-17.990253768960073,0.0,,PRUNED
12,0.01566254487571247,0.6947317617632145,2026-03-13 14:33:00.417153,2026-03-13 14:33:01.222501,0 days 00:00:00.805348,4.448520033477711,0.8639354811876432,48.64688379941393,51.31980314657117,4.3032069161108115,5.4594481601399005,4.441866905343346,2.226484832835027e-07,1.0115683004855969e-16,4.692249895649547e-16,8.943384797369701e-07,-15.121829239922134,0.0,,COMPLETE
13,0.060921473597157876,0.37619429518278147,2026-03-13 14:33:01.223498,2026-03-13 14:33:02.085658,0 days 00:00:00.862160,4.391316964290588,0.8289759286483938,47.155056791833395,51.895537606384686,4.465161586596297,5.332086387382033,4.485027483245396,2.2573798394394707e-07,1.4286956873886197e-18,3.6148060047655427e-16,1.1381673034486673e-07,-16.513345277307323,0.0,,COMPLETE
14,0.007112136499428559,0.47946529203484606,2026-03-13 14:33:02.086656,2026-03-13 14:33:02.912934,0 days 00:00:00.826278,4.23428609278026,0.7679337211814505,47.59050629731089,51.04685540153944,4.392311130585451,5.483278235927521,4.218172061531364,2.2059889661129695e-07,4.4922253502956583e-17,1.2676830728999062e-17,4.4337333528987156e-08,-17.900453001680354,0.0,,COMPLETE
15,0.03363809318072882,0.2828060837181526,2026-03-13 14:33:02.913930,2026-03-13 14:33:03.679493,0 days 00:00:00.765563,4.267966319569979,0.6475333167448952,48.679034003696,54.54266353626017,4.2784980744342445,5.3162455429085815,4.376891696096207,2.2639838167177079e-07,4.0425563139745884e-16,4.5484540647314074e-17,3.986711699118412e-08,-15.89357029908417,0.0,,COMPLETE
16,0.04128574754486441,0.6920361070099126,2026-03-13 14:33:03.679493,2026-03-13 14:33:04.378193,0 days 00:00:00.698700,4.221980685558041,0.8158753836224599,50.306831265330416,50.99274611273581,4.233265369920994,5.398261599752065,4.333754504678478,2.2750772407362305e-07,5.605860784729899e-17,1.7074826065435244e-18,2.2163466330853636e-07,-14.943722656523974,0.0,,COMPLETE
17,0.0937118129113838,0.726335257808526,2026-03-13 14:33:04.379188,2026-03-13 14:33:05.036026,0 days 00:00:00.656838,4.286404182207967,0.9110957024766995,49.337701605402934,53.03466129320845,4.231293030739749,5.427935477973734,4.319535851438866,2.2245154583323828e-07,3.410912775510433e-17,2.418658323079267e-15,4.04519264978035e-07,-14.036093513547144,0.0,,COMPLETE
18,0.08547912996803968,0.07311778857357039,2026-03-13 14:33:05.037023,2026-03-13 14:33:05.728746,0 days 00:00:00.691723,4.310772861822053,0.5865656159879413,47.51962388238949,53.69372909633952,4.210977476751992,5.376401973147582,4.277821570385165,2.2157511705710246e-07,5.455086298408068e-15,1.7490707028484753e-15,3.992236639371785e-08,-14.354725662363663,0.0,,COMPLETE
19,0.018927124890947927,0.43726108169443684,2026-03-13 14:33:05.728746,2026-03-13 14:33:06.537083,0 days 00:00:00.808337,4.3695603919361,0.7791278900074998,49.025462413466435,53.39272265773875,4.406047667711291,5.273999058730706,4.497655840838724,2.242246768174983e-07,1.5240409514391086e-17,6.360223512792324e-17,1.0153827557942527e-07,-14.23558760778473,0.0,,COMPLETE
20,,,2026-03-13 14:33:06.537083,2026-03-13 14:33:06.582931,0 days 00:00:00.045848,4.29476160025327,0.6900538729528108,48.27236992875034,51.101519979220186,4.30198148522409,5.2531543458186585,4.2306984315327245,2.2051791820377676e-07,3.256638970067399e-18,9.969151726156387e-17,6.505091087444527e-08,-13.916090129720406,0.0,,PRUNED
21,,,2026-03-13 14:33:06.583928,2026-03-13 14:33:06.631005,0 days 00:00:00.047077,4.452560866947228,0.7648963923621153,46.95299413963275,55.03684882254673,4.395427038778783,5.478535741778586,4.481878541260664,2.213756091134196e-07,6.392459960368594e-17,2.0603946327209184e-15,1.7704444068649576e-07,-15.103341794513092,0.0,,PRUNED
22,0.03251785485095877,0.17975482029613138,2026-03-13 14:33:06.631005,2026-03-13 14:33:07.316750,0 days 00:00:00.685745,4.3574424464375605,0.5844419508836504,48.01487656608969,50.722266522739126,4.371757359375578,5.366837081433534,4.470601861161698,2.2779805214352647e-07,4.8687988898513405e-16,9.24158721236158e-17,9.125279362331164e-07,-14.971625604508208,0.0,,COMPLETE
23,0.02906921950389259,0.26246213629186005,2026-03-13 14:33:07.316750,2026-03-13 14:33:08.125085,0 days 00:00:00.808335,4.427257640848515,0.8480305244208923,46.138724009473734,51.00521848568461,4.278491235473184,5.271778526633329,4.460161809235525,2.2435669051562735e-07,7.512058831988873e-17,8.788601939207994e-15,5.130325124201738e-07,-16.548317994699893,0.0,,COMPLETE
24,0.05903528539734274,0.6177682723821969,2026-03-13 14:33:08.126081,2026-03-13 14:33:08.853684,0 days 00:00:00.727603,4.357853083404432,0.9738669269934594,46.15904762863423,51.160316298915696,4.310408530797141,5.2954532851134735,4.435943249659563,2.2738358197089787e-07,3.7738862728933253e-16,4.703480446630933e-15,3.1695304304356377e-07,-14.731120256116013,0.0,,COMPLETE
25,0.07867302945083489,0.47194870295047875,2026-03-13 14:33:08.854685,2026-03-13 14:33:09.842430,0 days 00:00:00.987745,4.342045291946373,0.844639927127908,49.848114358036845,53.20085217145701,4.2284213937872765,5.252757032080761,4.354617351438383,2.2797769323401099e-07,4.296467770633984e-18,5.2411586429614435e-17,2.586413829334605e-07,-17.907772797362036,0.0,,COMPLETE
26,0.0243143651540332,0.6431334960993633,2026-03-13 14:33:09.843426,2026-03-13 14:33:10.651763,0 days 00:00:00.808337,4.393971199871313,0.8612499363358912,47.387004071069505,52.93138324746536,4.243646001157785,5.473594286755889,4.2086606315589625,2.2601061694678593e-07,1.0420203312022836e-17,9.14899902895369e-17,1.2566120832679666e-08,-14.597046366837308,0.0,,COMPLETE
27,,,2026-03-13 14:33:10.652760,2026-03-13 14:33:10.700604,0 days 00:00:00.047844,4.459949903116625,0.8407718518343779,46.69582701372764,55.24325378918846,4.439083838141915,5.317469147862064,4.329667757025865,2.2625921216324833e-07,2.955115641773492e-17,2.9202705262716095e-18,2.756333210059669e-08,-16.552574465804128,0.0,,PRUNED
28,0.0364900406800595,0.4117658875616907,2026-03-13 14:33:10.700604,2026-03-13 14:33:11.727221,0 days 00:00:01.026617,4.310615148235852,0.8311041124302428,47.06481204871576,52.81099447877206,4.451959747043321,5.278265710549169,4.279635924625389,2.2565649002681658e-07,2.3492019901684076e-15,6.570623760689202e-15,1.7400563073075456e-08,-15.371567701920505,0.0,,COMPLETE
29,0.036365985767653215,0.29133677411875164,2026-03-13 14:33:11.727221,2026-03-13 14:33:12.638221,0 days 00:00:00.911000,4.32400184091672,0.8067824088994894,46.619206036471695,53.73671385135184,4.328569896979343,5.448089386778261,4.306337946289351,2.240878208657905e-07,1.0362831092945238e-17,4.432600107509129e-16,7.243080176344813e-07,-18.027729752592332,0.0,,COMPLETE
30,,,2026-03-13 14:33:12.638221,2026-03-13 14:33:12.683075,0 days 00:00:00.044854,4.446060086819071,0.5774411103064866,50.40761419825678,54.588718083917385,4.2180840210537704,5.326885279172417,4.4350417400314335,2.2697762121798542e-07,5.680210718996274e-18,1.506430498889756e-17,3.9113641398801857e-07,-16.073400290479213,0.0,,PRUNED
31,,,2026-03-13 14:33:12.684070,2026-03-13 14:33:12.727926,0 days 00:00:00.043856,4.3611345034446725,0.9380137494070913,50.5944681301262,53.41626594900291,4.486269412028699,5.307688150775072,4.416702922493293,2.2676306456972524e-07,3.232574532874475e-17,5.217190484759832e-16,5.814061422965926e-08,-17.60646374458877,0.0,,PRUNED
32,0.025246158428860466,0.4352819326528065,2026-03-13 14:33:12.728922,2026-03-13 14:33:13.509353,0 days 00:00:00.780431,4.271474360116551,0.7121210655013517,48.09523080268147,51.59712781524606,4.289085842795758,5.480543575044373,4.420466434536785,2.2798301467321822e-07,2.537418073560561e-17,1.279015967236298e-17,4.59467080765097e-08,-17.93942988506569,0.0,,COMPLETE
33,0.006042587404709197,0.6674125445875136,2026-03-13 14:33:13.510348,2026-03-13 14:33:14.412683,0 days 00:00:00.902335,4.433618381471661,0.8948502394300117,46.73052424615013,53.001576968216774,4.329440883856096,5.354282406967483,4.325450375044728,2.2655271370410074e-07,7.392822105232034e-18,1.2310711333386797e-15,1.1182320851955932e-07,-13.842560830683492,0.0,,COMPLETE
34,0.02942189226159959,0.8648042823440789,2026-03-13 14:33:14.413679,2026-03-13 14:33:15.146170,0 days 00:00:00.732491,4.2642978741306194,0.9142552383856828,47.54502635708547,51.483533868027884,4.210115278326269,5.302722599671376,4.473202673086609,2.2014735551504983e-07,4.5991478227024775e-15,1.7025435937588255e-17,2.661271691006541e-07,-16.220586026198188,0.0,,COMPLETE
35,,,2026-03-13 14:33:15.147166,2026-03-13 14:33:15.198996,0 days 00:00:00.051830,4.394856421180909,0.8020578209953355,49.87799258594674,53.968909934673825,4.229692473889296,5.378257413299386,4.402344878928338,2.2653951076292613e-07,4.1091435444407425e-16,1.686398857699533e-15,1.379142238637072e-07,-18.099324161941844,0.0,,PRUNED
36,0.03413506018843845,0.11958254010328391,2026-03-13 14:33:15.199992,2026-03-13 14:33:15.926599,0 days 00:00:00.726607,4.292971372614592,0.5792530141716904,49.89704976300058,53.976213564525914,4.437382063653336,5.259915872758768,4.434856482330519,2.2227775561085677e-07,1.7116181786623804e-15,4.298569774673581e-18,1.7307455187871983e-07,-14.120157900197517,0.0,,COMPLETE
37,,,2026-03-13 14:33:15.927596,2026-03-13 14:33:15.974449,0 days 00:00:00.046853,4.429894470692451,0.8285195029133449,50.45946465545934,55.06671379776871,4.384928599263423,5.258316534773116,4.422575615879356,2.2385428896862823e-07,1.0639350305141618e-17,4.079673266628461e-17,1.9194873360422145e-07,-15.805735190098224,0.0,,PRUNED
38,0.012229224329153835,0.10157745073147717,2026-03-13 14:33:15.975439,2026-03-13 14:33:16.876469,0 days 00:00:00.901030,4.336691808344156,0.567389191997858,47.20047908540459,54.746645076005194,4.352808127227207,5.279814813441081,4.294536436788213,2.2671484062516988e-07,1.6620316424831807e-18,1.2899451256763924e-17,6.688237532125528e-07,-15.905049104422233,0.0,,COMPLETE
39,,,2026-03-13 14:33:16.877466,2026-03-13 14:33:16.922320,0 days 00:00:00.044854,4.316842404026525,0.5441231729700455,48.708476142200915,54.487070810904136,4.482499618775814,5.376152807014499,4.492313417147193,2.2525383918617764e-07,2.1908287746624987e-18,3.644816858020418e-17,1.3133724317786754e-07,-18.25152696899383,0.0,,PRUNED
40,0.02576690937289359,0.4606806870112601,2026-03-13 14:33:16.923318,2026-03-13 14:33:17.810395,0 days 00:00:00.887077,4.283940535477317,0.785068240814476,47.630803939345554,52.071159901929974,4.444116516664806,5.472317427540532,4.346666760623593,2.2131352674424584e-07,7.220942198988163e-18,3.118561686917633e-18,1.3155765882758898e-08,-16.06825333705728,0.0,,COMPLETE
41,0.06010050265679944,0.1338395374037005,2026-03-13 14:33:17.811390,2026-03-13 14:33:18.470223,0 days 00:00:00.658833,4.226754022266025,0.5175989101887631,49.61667162947525,54.94235173474593,4.47372362108315,5.303872312717865,4.461318946543363,2.2564688826267513e-07,3.278231144780836e-17,2.5421839953759326e-16,7.88118573397999e-07,-15.059306822230525,0.0,,COMPLETE
42,0.03208768149962623,0.3450214906022377,2026-03-13 14:33:18.471219,2026-03-13 14:33:19.202811,0 days 00:00:00.731592,4.253686773576783,0.8780346499903429,48.3584200898211,52.56684661494165,4.488070356249319,5.430274144950373,4.29813205216189,2.2292469331782523e-07,2.598970961895415e-17,8.570265814569651e-15,1.814432897176283e-07,-15.416525213093534,0.0,,COMPLETE
43,0.08372031350592103,0.05735466296177935,2026-03-13 14:33:19.203806,2026-03-13 14:33:19.943371,0 days 00:00:00.739565,4.301387145183392,0.502568882978123,46.07210994707146,53.30972320289883,4.277283036304946,5.3945489125781325,4.33886097813451,2.223746217196087e-07,1.153168835830265e-18,9.263551864575185e-17,1.1458094170007913e-07,-14.702263893610253,0.0,,COMPLETE
44,0.015514855927336039,0.8573039266649387,2026-03-13 14:33:19.944370,2026-03-13 14:33:20.893243,0 days 00:00:00.948873,4.368153713878269,0.9534977368654711,46.66321332101837,54.217613016996495,4.300134653004255,5.278280097201723,4.353779395289285,2.2245862969271617e-07,1.932477213773695e-15,1.7124615266839551e-18,1.2806942269053023e-08,-14.435534649081584,0.0,,COMPLETE
45,0.02087113666583956,0.04971919698138035,2026-03-13 14:33:20.894241,2026-03-13 14:33:21.607507,0 days 00:00:00.713266,4.312516402857541,0.5328137602558504,49.12737487040701,54.4266033873052,4.286222453994172,5.2317867697522615,4.481911234626494,2.2503392556888005e-07,5.0786092016951566e-17,6.168949814356987e-16,9.292937437815416e-07,-15.077263166794909,0.0,,COMPLETE
46,0.03637800498927976,0.7071768264148245,2026-03-13 14:33:21.607507,2026-03-13 14:33:22.381957,0 days 00:00:00.774450,4.246189899117461,0.8546562185992148,47.396688175730006,55.23099037118513,4.281864402981608,5.374035777600729,4.220821331265629,2.2709574757127094e-07,2.0355920013011565e-17,1.0997119521538948e-16,2.2852273012412057e-07,-16.40903049986271,0.0,,COMPLETE
47,0.07929784040861056,0.32124352238414694,2026-03-13 14:33:22.382953,2026-03-13 14:33:23.101586,0 days 00:00:00.718633,4.233334793082811,0.7690291830975313,48.09459698217687,53.44871872038692,4.334297060637133,5.244683065293719,4.224181259676112,2.2091197144906914e-07,4.951055399884135e-18,2.0424209644033427e-15,2.315827470847648e-07,-15.226811145965485,0.0,,COMPLETE
48,,,2026-03-13 14:33:23.102584,2026-03-13 14:33:23.150485,0 days 00:00:00.047901,4.4288232424756035,0.6572162576194996,47.14828312184967,52.890675422929895,4.247169742900348,5.407590117331541,4.283983027891894,2.2430340065240316e-07,7.475377077670761e-18,6.3288133734169e-16,3.01534452823322e-07,-17.978659329424907,0.0,,PRUNED
49,0.047128410841356834,0.3212026820433475,2026-03-13 14:33:23.151430,2026-03-13 14:33:23.948797,0 days 00:00:00.797367,4.3377383098231785,0.8501584244882321,50.01929016405003,52.53073776375012,4.225283101915736,5.218194802688664,4.323740581760414,2.206994757962871e-07,1.19803685045901e-15,6.067311652225629e-15,1.8051119615035608e-08,-14.095098693836892,0.0,,COMPLETE
50,0.026557634280425308,0.6749580239693282,2026-03-13 14:33:23.949793,2026-03-13 14:33:24.779062,0 days 00:00:00.829269,4.431965670822435,0.9202991710775813,46.97094577377842,51.43093553070064,4.226727359566876,5.403879163040249,4.23972148086416,2.2606097572114934e-07,2.6330079530104437e-18,1.0708729972619133e-16,1.5073634449680698e-08,-15.063977386122305,0.0,,COMPLETE
51,0.007077597040302623,0.16917633018701064,2026-03-13 14:33:24.779062,2026-03-13 14:33:25.594378,0 days 00:00:00.815316,4.330468214972743,0.6464856016540417,48.35086802121306,53.694652852094855,4.411630521055745,5.3433659080245395,4.224064096920212,2.2544849561323877e-07,5.490470914108357e-16,3.624602565914676e-15,8.757812282301289e-08,-16.021935751696777,0.0,,COMPLETE
52,0.045592018743461145,0.5959569462938306,2026-03-13 14:33:25.594378,2026-03-13 14:33:26.567740,0 days 00:00:00.973362,4.350805610292663,0.8481917541705475,48.945170052905006,54.17837263546976,4.370165966579552,5.34299160618579,4.489880019939539,2.2057297166796772e-07,2.474169172068838e-17,6.73356150221429e-17,3.561605847710243e-08,-15.70571541054489,0.0,,COMPLETE
53,0.03340141702478667,0.1804278447263742,2026-03-13 14:33:26.568736,2026-03-13 14:33:27.269942,0 days 00:00:00.701206,4.281480916343004,0.7647632517594617,48.307591175716986,51.03457584622719,4.217498192426328,5.457572251114852,4.377950321428642,2.2666798493008937e-07,3.113264172649263e-17,8.849687734489427e-15,1.1159711148070742e-07,-16.45166555518979,0.0,,COMPLETE
54,,,2026-03-13 14:33:27.270940,2026-03-13 14:33:27.316788,0 days 00:00:00.045848,4.294804999936423,0.8307198085337473,49.84391759851943,52.14065519308221,4.434228693901393,5.496666780767772,4.429403606472175,2.2524016661755244e-07,5.229188294252707e-16,1.6494075451648147e-16,5.542004537135593e-07,-18.25184436617563,0.0,,PRUNED
55,0.07836599094050897,0.44140426579928843,2026-03-13 14:33:27.317785,2026-03-13 14:33:28.154032,0 days 00:00:00.836247,4.231738322220727,0.7888039357444492,46.87545910524439,50.76789496277413,4.427258059417518,5.425053442282432,4.297575208368378,2.2611939066604437e-07,1.0114022556089983e-15,1.63880556293573e-16,2.4771058709706664e-08,-14.469414755849018,0.0,,COMPLETE
56,,,2026-03-13 14:33:28.154032,2026-03-13 14:33:28.220813,0 days 00:00:00.066781,4.297833713940721,0.5183250390583111,50.53497435510712,51.106918570679284,4.479176340486063,5.2295244663437614,4.4959943235130595,2.2691693381918884e-07,3.057149314778053e-16,4.5144025815263485e-15,1.9083249019590853e-08,-17.614423511653804,0.0,,PRUNED
57,0.03565183401832008,0.726632537470941,2026-03-13 14:33:28.221809,2026-03-13 14:33:29.333689,0 days 00:00:01.111880,4.347400213918144,0.9668931734635033,46.87031749778196,51.77922674479072,4.351164208144655,5.2767180852649895,4.395547013006901,2.267841036556097e-07,2.48313754738292e-16,1.6801204605442718e-17,7.192704801559221e-07,-18.21418828727954,0.0,,COMPLETE
