number,values_0,values_1,datetime_start,datetime_complete,duration,params_E_d_sh,params_G_frac,params_N_t_d,params_N_t_sh,params_W_L,params_W_R,params_W_R_sclc,params_d_sclc,params_l1_C_n_bulk,params_l1_k_dir,params_l1_mu_p,params_mu_e,system_attrs_NSGAIISampler:generation,system_attrs_fixed_params,state
291,0.05661541754614097,0.29945021680582745,2026-03-13 14:37:06.441042,2026-03-13 14:37:07.568330,0 days 00:00:01.127288,4.301387145183392,0.66529706263213,48.679034003696,53.99370433928758,4.437685755760328,5.3945489125781325,4.286569707202256,2.223746217196087e-07,5.602724756054881e-16,9.263551864575185e-17,1.1458094170007913e-07,-14.23558760778473,5.0,,COMPLETE
292,0.006164257773579767,0.04246756855484068,2026-03-13 14:37:07.569333,2026-03-13 14:37:08.679670,0 days 00:00:01.110337,4.285579461481923,0.5175989101887631,47.59050629731089,53.736839802706214,4.227859377520785,5.368061648379226,4.218172061531364,2.2076664693806265e-07,4.4922253502956583e-17,3.680264906792543e-16,7.88118573397999e-07,-17.900453001680354,5.0,,COMPLETE
293,0.027179253374786577,0.12949498898074754,2026-03-13 14:37:08.680667,2026-03-13 14:37:10.025245,0 days 00:00:01.344578,4.385209068923146,0.6464856016540417,48.80273600031993,53.694652852094855,4.212282873888184,5.344359638136273,4.224064096920212,2.214434058256006e-07,5.602724756054881e-16,3.624602565914676e-15,8.757812282301289e-08,-15.702763755642271,5.0,,COMPLETE
294,0.03620646947650371,0.10003395510210104,2026-03-13 14:37:10.026235,2026-03-13 14:37:11.039952,0 days 00:00:01.013717,4.285579461481923,0.5328137602558504,47.96680096065544,53.15365868139563,4.286222453994172,5.364157893703739,4.294536436788213,2.2227775561085677e-07,3.278231144780836e-17,2.0824746160111814e-16,9.292937437815416e-07,-16.513345277307323,5.0,,COMPLETE
295,0.04973653837169553,0.12611877075065797,2026-03-13 14:37:11.040894,2026-03-13 14:37:12.083466,0 days 00:00:01.042572,4.312516402857541,0.567389191997858,48.87094356303532,53.736839802706214,4.437685755760328,5.3945489125781325,4.286569707202256,2.268930987948513e-07,2.3492019901684076e-15,3.6576223421794374e-17,8.627691976942077e-08,-14.23558760778473,5.0,,COMPLETE
296,0.07000683648926835,0.0410757585207084,2026-03-13 14:37:12.084454,2026-03-13 14:37:13.213737,0 days 00:00:01.129283,4.312516402857541,0.5328137602558504,49.27361370559734,53.736839802706214,4.286222453994172,5.368061648379226,4.294536436788213,2.268930987948513e-07,6.810572114280536e-16,3.680264906792543e-16,2.5892355004310728e-08,-14.120157900197517,5.0,,COMPLETE
297,0.017324448602572862,0.028749194832536816,2026-03-13 14:37:13.214734,2026-03-13 14:37:14.407011,0 days 00:00:01.192277,4.336691808344156,0.5175989101887631,47.20047908540459,53.15365868139563,4.352808127227207,5.240641127537479,4.372157058805627,2.2671484062516988e-07,3.278231144780836e-17,1.0852023009491034e-16,1.8179694771433678e-07,-16.021935751696777,5.0,,COMPLETE
298,0.004530259089881069,0.5740996640368403,2026-03-13 14:37:14.408009,2026-03-13 14:37:15.600581,0 days 00:00:01.192572,4.385209068923146,0.8141941871946587,48.35086802121306,53.202617853209155,4.212282873888184,5.309829011964143,4.372600471938108,2.214434058256006e-07,1.8223607724546734e-17,2.8485497603142457e-16,1.2329687117296646e-07,-15.22091995193052,5.0,,COMPLETE
299,0.03188672332673547,0.037210511281612874,2026-03-13 14:37:15.601577,2026-03-13 14:37:16.634179,0 days 00:00:01.032602,4.285579461481923,0.5175989101887631,49.61667162947525,52.24555859879171,4.310408530797141,5.2954532851134735,4.461318946543363,2.268930987948513e-07,5.317251153559337e-18,4.703480446630933e-15,7.88118573397999e-07,-15.39536352068987,5.0,,COMPLETE
300,0.023338166358103506,0.06798790109756432,2026-03-13 14:37:16.635174,2026-03-13 14:37:17.719685,0 days 00:00:01.084511,4.312516402857541,0.5328137602558504,48.16298425693123,54.4266033873052,4.286222453994172,5.238303430048355,4.2202192318377065,2.24354510610188e-07,1.0790005625030275e-15,1.0852023009491034e-16,9.292937437815416e-07,-15.787370597791412,5.0,,COMPLETE
301,0.016085910093279823,0.10692603495481674,2026-03-13 14:37:17.720681,2026-03-13 14:37:18.748215,0 days 00:00:01.027534,4.301387145183392,0.5328137602558504,48.679034003696,54.06678091553109,4.420757426953877,5.457572251114852,4.481911234626494,2.206233766577318e-07,1.7116181786623804e-15,8.849687734489427e-15,9.292937437815416e-07,-14.926649351909177,5.0,,COMPLETE
302,0.006446841169627496,0.4393013045808479,2026-03-13 14:37:18.749222,2026-03-13 14:37:20.055328,0 days 00:00:01.306106,4.385209068923146,0.8141941871946587,48.80273600031993,53.202617853209155,4.310408530797141,5.309829011964143,4.372600471938108,2.214434058256006e-07,5.602724756054881e-16,2.8485497603142457e-16,2.8272996642972903e-08,-15.22091995193052,5.0,,COMPLETE
303,0.018480674811313193,0.10333966479540757,2026-03-13 14:37:20.056325,2026-03-13 14:37:21.038094,0 days 00:00:00.981769,4.301387145183392,0.567389191997858,49.53384365316264,53.736839802706214,4.212282873888184,5.259915872758768,4.461318946543363,2.268930987948513e-07,5.602724756054881e-16,2.5421839953759326e-16,1.1458094170007913e-07,-14.71385769106869,5.0,,COMPLETE
304,0.010701993757379232,0.08778906924797458,2026-03-13 14:37:21.039089,2026-03-13 14:37:22.219063,0 days 00:00:01.179974,4.336691808344156,0.5328137602558504,48.504941598592,51.30816070807824,4.286222453994172,5.3433659080245395,4.372600471938108,2.2557767635568345e-07,3.278231144780836e-17,2.385561234082195e-15,7.88118573397999e-07,-17.66607689929017,5.0,,COMPLETE
305,0.08504802056741084,0.030867451154163575,2026-03-13 14:37:22.220059,2026-03-13 14:37:23.132055,0 days 00:00:00.911996,4.232468575644241,0.5328137602558504,47.59050629731089,53.736839802706214,4.286222453994172,5.457572251114852,4.4348808950491545,2.206233766577318e-07,4.4922253502956583e-17,8.849687734489427e-15,9.292937437815416e-07,-14.120157900197517,5.0,,COMPLETE
306,0.011975729536966328,0.11142913945950411,2026-03-13 14:37:23.133052,2026-03-13 14:37:24.225455,0 days 00:00:01.092403,4.304187830108353,0.567389191997858,46.72386999491716,51.30816070807824,4.286222453994172,5.368061648379226,4.294536436788213,2.2227775561085677e-07,1.3871073755647913e-15,3.680264906792543e-16,9.292937437815416e-07,-17.624803253740037,5.0,,COMPLETE
307,0.03484994799333574,0.08612457944977385,2026-03-13 14:37:24.226451,2026-03-13 14:37:25.516652,0 days 00:00:01.290201,4.312516402857541,0.567389191997858,49.53384365316264,53.736839802706214,4.286222453994172,5.259915872758768,4.294536436788213,2.2519111770671143e-07,4.0243984753937157e-16,2.0824746160111814e-16,8.627691976942077e-08,-17.468822515596663,5.0,,COMPLETE
308,0.01938146825987453,0.7035421254131357,2026-03-13 14:37:25.517649,2026-03-13 14:37:26.659615,0 days 00:00:01.141966,4.336691808344156,0.8948502394300117,48.504941598592,53.15365868139563,4.329440883856096,5.279814813441081,4.325450375044728,2.2655271370410074e-07,7.392822105232034e-18,3.6148060047655427e-16,7.88118573397999e-07,-15.905049104422233,5.0,,COMPLETE
309,0.01778981121623987,0.05373196736098964,2026-03-13 14:37:26.660615,2026-03-13 14:37:27.758994,0 days 00:00:01.098379,4.310615148235852,0.502568882978123,47.94232116605703,53.99370433928758,4.437685755760328,5.3945489125781325,4.2202192318377065,2.24354510610188e-07,2.3492019901684076e-15,9.263551864575185e-17,9.292937437815416e-07,-15.787370597791412,5.0,,COMPLETE
310,0.010898368275384073,0.09933988239431867,2026-03-13 14:37:27.759986,2026-03-13 14:37:28.784615,0 days 00:00:01.024629,4.304187830108353,0.567389191997858,49.61667162947525,51.30816070807824,4.377503519471162,5.368061648379226,4.294536436788213,2.2307023868795035e-07,6.810572114280536e-16,3.680264906792543e-16,9.292937437815416e-07,-16.379832230864015,5.0,,COMPLETE
311,0.020451483548564187,0.51326114466576,2026-03-13 14:37:28.785612,2026-03-13 14:37:30.037489,0 days 00:00:01.251877,4.385209068923146,0.8141941871946587,49.12737487040701,53.202617853209155,4.400780798683707,5.309829011964143,4.372600471938108,2.2601061694678593e-07,5.602724756054881e-16,9.14899902895369e-17,1.2329687117296646e-07,-15.22091995193052,5.0,,COMPLETE
312,0.02887107572363713,0.04007377291148427,2026-03-13 14:37:30.038487,2026-03-13 14:37:31.186750,0 days 00:00:01.148263,4.310615148235852,0.502568882978123,48.16298425693123,55.16363768590062,4.286222453994172,5.347738913590111,4.2202192318377065,2.24354510610188e-07,2.474169172068838e-17,6.168949814356987e-16,9.292937437815416e-07,-15.059306822230525,5.0,,COMPLETE
313,0.05814588456332399,0.6133847669035929,2026-03-13 14:37:31.187744,2026-03-13 14:37:32.232412,0 days 00:00:01.044668,4.285579461481923,0.8141941871946587,48.80273600031993,53.15365868139563,4.310408530797141,5.309829011964143,4.372600471938108,2.229074405953889e-07,5.602724756054881e-16,2.8485497603142457e-16,7.88118573397999e-07,-15.22091995193052,5.0,,COMPLETE
314,0.022053309972705826,0.760043386344626,2026-03-13 14:37:32.233410,2026-03-13 14:37:33.263020,0 days 00:00:01.029610,4.285579461481923,0.8612499363358912,49.12737487040701,53.736839802706214,4.227859377520785,5.473594286755889,4.2086606315589625,2.2601061694678593e-07,5.0786092016951566e-17,9.14899902895369e-17,7.88118573397999e-07,-16.513345277307323,5.0,,COMPLETE
315,0.003421052039183739,0.6149212026107643,2026-03-13 14:37:33.264016,2026-03-13 14:37:34.533354,0 days 00:00:01.269338,4.385209068923146,0.8141941871946587,48.80273600031993,53.202617853209155,4.212282873888184,5.473594286755889,4.2086606315589625,2.2601061694678593e-07,5.602724756054881e-16,2.8485497603142457e-16,1.2329687117296646e-07,-15.22091995193052,5.0,,COMPLETE
316,0.04735508699984528,0.10550318468481051,2026-03-13 14:37:34.534351,2026-03-13 14:37:35.883913,0 days 00:00:01.349562,4.312516402857541,0.5175989101887631,49.27361370559734,53.99370433928758,4.210477408274299,5.274953766665707,4.481911234626494,2.2076664693806265e-07,7.768329878747965e-18,3.6148060047655427e-16,4.800673420639123e-08,-16.513345277307323,5.0,,COMPLETE
317,0.07269428819274144,0.1938363728115212,2026-03-13 14:37:35.885900,2026-03-13 14:37:37.859404,0 days 00:00:01.973504,4.385209068923146,0.8141941871946587,48.80273600031993,53.202617853209155,4.383352943815828,5.229340812230252,4.294536436788213,2.214434058256006e-07,5.602724756054881e-16,2.8485497603142457e-16,1.2502087500896067e-07,-17.468822515596663,5.0,,COMPLETE
318,0.014837428599728069,0.0540481156412458,2026-03-13 14:37:37.860400,2026-03-13 14:37:39.162111,0 days 00:00:01.301711,4.326835959190646,0.5499078545886388,49.27361370559734,54.4266033873052,4.286222453994172,5.368061648379226,4.481911234626494,2.268930987948513e-07,6.181777898094594e-17,8.849687734489427e-15,9.292937437815416e-07,-14.120157900197517,5.0,,COMPLETE
319,0.05204856868940944,0.06721479194910308,2026-03-13 14:37:39.163107,2026-03-13 14:37:40.282104,0 days 00:00:01.118997,4.312516402857541,0.5328137602558504,48.80273600031993,53.202617853209155,4.212282873888184,5.309829011964143,4.372600471938108,2.214434058256006e-07,5.602724756054881e-16,2.8485497603142457e-16,1.2329687117296646e-07,-15.22091995193052,5.0,,COMPLETE
320,0.07192144293953777,0.2072787394426305,2026-03-13 14:37:40.283094,2026-03-13 14:37:41.702365,0 days 00:00:01.419271,4.385209068923146,0.8141941871946587,48.80273600031993,54.746645076005194,4.352808127227207,5.309829011964143,4.294536436788213,2.2671484062516988e-07,1.6620316424831807e-18,2.8485497603142457e-16,1.2329687117296646e-07,-15.905049104422233,5.0,,COMPLETE
321,0.04859050945025341,0.1384569958054775,2026-03-13 14:37:41.704363,2026-03-13 14:37:42.769852,0 days 00:00:01.065489,4.312516402857541,0.5601385603336395,49.53384365316264,52.93138324746536,4.243646001157785,5.259915872758768,4.294536436788213,2.2601061694678593e-07,1.7116181786623804e-15,9.14899902895369e-17,2.442307271795137e-07,-15.077263166794909,5.0,,COMPLETE
322,0.07254049192208983,0.044943785789653225,2026-03-13 14:37:42.770848,2026-03-13 14:37:43.733677,0 days 00:00:00.962829,4.301387145183392,0.502568882978123,47.526237805033304,53.202617853209155,4.212282873888184,5.3945489125781325,4.351525742907711,2.223746217196087e-07,5.602724756054881e-16,2.5421839953759326e-16,1.1458094170007913e-07,-15.059306822230525,5.0,,COMPLETE
323,0.021667396791974873,0.11033036665580964,2026-03-13 14:37:43.734673,2026-03-13 14:37:44.780233,0 days 00:00:01.045560,4.301387145183392,0.502568882978123,49.12737487040701,54.17035258812112,4.286222453994172,5.368061648379226,4.461318946543363,2.2639838167177079e-07,5.455086298408068e-15,1.7490707028484753e-15,1.1458094170007913e-07,-15.905049104422233,5.0,,COMPLETE
324,0.01946039690121569,0.09058179244634483,2026-03-13 14:37:44.781228,2026-03-13 14:37:46.091477,0 days 00:00:01.310249,4.336691808344156,0.567389191997858,48.504941598592,54.4266033873052,4.286222453994172,5.230344012252393,4.206889203685696,2.2671484062516988e-07,3.278231144780836e-17,3.6148060047655427e-16,7.88118573397999e-07,-16.379832230864015,5.0,,COMPLETE
325,0.023533229921649742,0.03595825818777361,2026-03-13 14:37:46.092520,2026-03-13 14:37:47.159961,0 days 00:00:01.067441,4.310615148235852,0.5328137602558504,49.61667162947525,53.99370433928758,4.437685755760328,5.3945489125781325,4.372600471938108,2.223746217196087e-07,1.8223607724546734e-17,2.8485497603142457e-16,1.7587573534091567e-07,-15.46421832596344,5.0,,COMPLETE
326,0.005856547977444856,0.0829168895187433,2026-03-13 14:37:47.160957,2026-03-13 14:37:48.427784,0 days 00:00:01.266827,4.336691808344156,0.5328137602558504,47.94232116605703,53.694652852094855,4.411630521055745,5.240641127537479,4.224064096920212,2.2671484062516988e-07,3.3100205937760698e-18,1.9374053085748534e-16,1.8179694771433678e-07,-16.021935751696777,5.0,,COMPLETE
327,0.008905423828997028,0.08127423167340225,2026-03-13 14:37:48.428780,2026-03-13 14:37:49.530151,0 days 00:00:01.101371,4.330468214972743,0.5499078545886388,48.35086802121306,54.17035258812112,4.411630521055745,5.368061648379226,4.372600471938108,2.2371776666742212e-07,5.455086298408068e-15,2.8485497603142457e-16,9.292937437815416e-07,-16.021935751696777,5.0,,COMPLETE
328,0.024114871924858616,0.06968926299149296,2026-03-13 14:37:49.531150,2026-03-13 14:37:50.602036,0 days 00:00:01.070886,4.301387145183392,0.5328137602558504,49.61667162947525,53.202617853209155,4.286222453994172,5.303872312717865,4.461318946543363,2.2227775561085677e-07,5.602724756054881e-16,2.5421839953759326e-16,1.2329687117296646e-07,-15.059306822230525,5.0,,COMPLETE
329,0.046091984300639495,0.11517280959434814,2026-03-13 14:37:50.603036,2026-03-13 14:37:51.630550,0 days 00:00:01.027514,4.2421865548822275,0.5328137602558504,46.72386999491716,51.30816070807824,4.286222453994172,5.364157893703739,4.294536436788213,2.2227775561085677e-07,4.0243984753937157e-16,3.6576223421794374e-17,9.292937437815416e-07,-16.54477976112504,5.0,,COMPLETE
330,0.002027064645421191,0.7673947397191212,2026-03-13 14:37:51.631547,2026-03-13 14:37:52.685787,0 days 00:00:01.054240,4.392088001878285,0.8612499363358912,49.12737487040701,52.93138324746536,4.243646001157785,5.473594286755889,4.2086606315589625,2.2601061694678593e-07,5.0786092016951566e-17,9.14899902895369e-17,4.155760660617456e-07,-15.077263166794909,5.0,,COMPLETE
331,0.011162451311432234,0.04354321637554606,2026-03-13 14:37:52.686784,2026-03-13 14:37:53.778314,0 days 00:00:01.091530,4.2421865548822275,0.5328137602558504,49.61667162947525,54.4266033873052,4.286222453994172,5.269163508407315,4.372600471938108,2.2671484062516988e-07,3.3100205937760698e-18,2.8485497603142457e-16,1.7587573534091567e-07,-16.379832230864015,6.0,,COMPLETE
332,0.006175354498448978,0.10365620622645173,2026-03-13 14:37:53.779312,2026-03-13 14:37:54.939493,0 days 00:00:01.160181,4.336691808344156,0.5499078545886388,47.94232116605703,54.17035258812112,4.323645234979028,5.348530921906114,4.224064096920212,2.2671484062516988e-07,5.455086298408068e-15,1.9374053085748534e-16,1.8179694771433678e-07,-15.905049104422233,6.0,,COMPLETE
333,0.016337769082151045,0.07966353163132209,2026-03-13 14:37:54.940484,2026-03-13 14:37:56.206316,0 days 00:00:01.265832,4.330468214972743,0.567389191997858,49.53384365316264,52.35757797126957,4.227859377520785,5.3433659080245395,4.372600471938108,2.2227775561085677e-07,6.810572114280536e-16,2.385561234082195e-15,1.2329687117296646e-07,-15.905049104422233,6.0,,COMPLETE
334,0.010776987568784856,0.035122453566548376,2026-03-13 14:37:56.208312,2026-03-13 14:37:57.678427,0 days 00:00:01.470115,4.340337607948826,0.5175989101887631,47.20047908540459,53.15365868139563,4.286222453994172,5.274953766665707,4.279485145762629,2.214434058256006e-07,5.602724756054881e-16,6.168949814356987e-16,7.88118573397999e-07,-16.513345277307323,6.0,,COMPLETE
335,,,2026-03-13 14:37:57.679426,2026-03-13 14:37:57.757165,0 days 00:00:00.077739,4.461566427620557,0.5328137602558504,48.35086802121306,54.443741609269665,4.286222453994172,5.3433659080245395,4.372600471938108,2.2227775561085677e-07,1.7116181786623804e-15,2.385561234082195e-15,1.2329687117296646e-07,-17.66607689929017,6.0,,PRUNED
336,0.008595416882588823,0.08000307729285953,2026-03-13 14:37:57.759165,2026-03-13 14:37:59.215374,0 days 00:00:01.456209,4.254298227714151,0.5175989101887631,46.90940263618472,53.736839802706214,4.227859377520785,5.368061648379226,4.218172061531364,2.2059889661129695e-07,4.4922253502956583e-17,4.816799463493474e-17,7.88118573397999e-07,-17.900453001680354,6.0,,COMPLETE
337,0.020805689997745423,0.07837157315793392,2026-03-13 14:37:59.216371,2026-03-13 14:38:00.498062,0 days 00:00:01.281691,4.336691808344156,0.5175989101887631,48.504941598592,53.202617853209155,4.212282873888184,5.309829011964143,4.372600471938108,2.214434058256006e-07,8.97999333418444e-18,2.8485497603142457e-16,7.88118573397999e-07,-15.905049104422233,6.0,,COMPLETE
338,0.0114741540547816,0.05478012554551861,2026-03-13 14:38:00.499060,2026-03-13 14:38:01.530631,0 days 00:00:01.031571,4.2421865548822275,0.5328137602558504,47.96680096065544,53.694652852094855,4.286222453994172,5.395832831826843,4.294536436788213,2.2671484062516988e-07,3.3100205937760698e-18,2.0824746160111814e-16,2.6509987168975033e-07,-17.468822515596663,6.0,,COMPLETE
339,0.02384749701734023,0.02764959182201221,2026-03-13 14:38:01.531626,2026-03-13 14:38:02.625943,0 days 00:00:01.094317,4.336691808344156,0.5175989101887631,47.20047908540459,53.15365868139563,4.352808127227207,5.240641127537479,4.2086606315589625,2.2671484062516988e-07,5.0786092016951566e-17,9.14899902895369e-17,1.8179694771433678e-07,-16.021935751696777,6.0,,COMPLETE
340,0.06469641419144805,0.060901120253366504,2026-03-13 14:38:02.626942,2026-03-13 14:38:03.622996,0 days 00:00:00.996054,4.310615148235852,0.5328137602558504,46.993340564160015,53.202617853209155,4.310408530797141,5.2954532851134735,4.372600471938108,2.223746217196087e-07,3.278231144780836e-17,2.8485497603142457e-16,1.7587573534091567e-07,-15.059306822230525,6.0,,COMPLETE
341,0.0482970280026797,0.19867848606262414,2026-03-13 14:38:03.624051,2026-03-13 14:38:04.685458,0 days 00:00:01.061407,4.330468214972743,0.6464856016540417,48.35086802121306,50.719836514787325,4.437685755760328,5.3945489125781325,4.224064096920212,2.2544849561323877e-07,2.3492019901684076e-15,4.696839919564255e-16,8.757812282301289e-08,-15.077263166794909,6.0,,COMPLETE
342,0.0037549120205554454,0.5723791244240117,2026-03-13 14:38:04.686455,2026-03-13 14:38:05.837636,0 days 00:00:01.151181,4.385209068923146,0.8141941871946587,48.80273600031993,53.202617853209155,4.212282873888184,5.309829011964143,4.372600471938108,2.214434058256006e-07,5.602724756054881e-16,2.8485497603142457e-16,1.2329687117296646e-07,-15.22091995193052,6.0,,COMPLETE
343,0.03997396910923366,0.050116095808431,2026-03-13 14:38:05.838633,2026-03-13 14:38:06.969932,0 days 00:00:01.131299,4.312516402857541,0.5328137602558504,47.94232116605703,50.719836514787325,4.286222453994172,5.457572251114852,4.481911234626494,2.223746217196087e-07,1.7116181786623804e-15,8.849687734489427e-15,9.292937437815416e-07,-15.077263166794909,6.0,,COMPLETE
344,0.008324109855505395,0.2556511730672794,2026-03-13 14:38:06.970868,2026-03-13 14:38:08.088158,0 days 00:00:01.117290,4.330468214972743,0.6475333167448952,48.679034003696,51.30816070807824,4.2784980744342445,5.368061648379226,4.372600471938108,2.222609613881841e-07,1.7116181786623804e-15,2.8485497603142457e-16,9.292937437815416e-07,-17.624803253740037,6.0,,COMPLETE
345,0.08003605348247064,0.10080334699640701,2026-03-13 14:38:08.088158,2026-03-13 14:38:09.093012,0 days 00:00:01.004854,4.240766905868176,0.5328137602558504,47.94232116605703,54.4266033873052,4.286222453994172,5.457572251114852,4.278227687472954,2.2666798493008937e-07,5.0786092016951566e-17,3.5051458116546284e-15,1.0153827557942527e-07,-15.077263166794909,6.0,,COMPLETE
346,0.009037695554926336,0.046674760590301165,2026-03-13 14:38:09.094008,2026-03-13 14:38:10.198899,0 days 00:00:01.104891,4.312516402857541,0.5328137602558504,46.72386999491716,51.30816070807824,4.286222453994172,5.259915872758768,4.344233257623844,2.2227775561085677e-07,1.7116181786623804e-15,7.855782736164878e-16,9.292937437815416e-07,-17.624803253740037,6.0,,COMPLETE
347,0.0067809716431347575,0.40522611482847404,2026-03-13 14:38:10.198899,2026-03-13 14:38:11.356151,0 days 00:00:01.157252,4.385209068923146,0.8141941871946587,48.80273600031993,53.202617853209155,4.227859377520785,5.309829011964143,4.372600471938108,2.268930987948513e-07,6.810572114280536e-16,3.680264906792543e-16,2.8272996642972903e-08,-15.22091995193052,6.0,,COMPLETE
348,0.022810397464954214,0.4575335980422782,2026-03-13 14:38:11.357149,2026-03-13 14:38:12.160480,0 days 00:00:00.803331,4.336691808344156,0.7452190744440601,48.80273600031993,53.202617853209155,4.310408530797141,5.2954532851134735,4.206889203685696,2.214434058256006e-07,3.278231144780836e-17,3.6148060047655427e-16,7.88118573397999e-07,-15.905049104422233,6.0,,COMPLETE
