number,values_0,values_1,datetime_start,datetime_complete,duration,params_E_d_sh,params_G_frac,params_N_t_d,params_N_t_sh,params_W_L,params_W_R,params_W_R_sclc,params_d_sclc,params_l1_C_n_bulk,params_l1_k_dir,params_l1_mu_p,params_mu_e,system_attrs_NSGAIISampler:generation,system_attrs_fixed_params,state
0,0.0015424295905973483,0.152625053242999,2026-03-19 21:57:55.317968,2026-03-19 21:58:00.133437,0 days 00:00:04.815469,4.228569930482258,0.57,48.40830545410283,50.656872099270345,4.362478392556494,5.4,4.200000043430672,3.28e-07,1e-18,2e-17,3e-07,-16.354444994345954,,"{'d_sclc': 3.28e-07, 'W_L': 4.362478392556494, 'W_R_sclc': 4.200000043430672, 'mu_e': -16.354444994345954, 'E_d_sh': 4.228569930482258, 'N_t_sh': 50.656872099270345, 'N_t_d': 48.40830545410283, 'W_R': 5.4, 'G_frac': 0.57, 'l1_k_dir': 2e-17, 'l1_C_n_bulk': 1e-18, 'l1_mu_p': 3e-07}",COMPLETE
1,,,2026-03-19 21:58:00.134434,2026-03-19 21:58:00.183271,0 days 00:00:00.048837,4.309748096284044,0.588801122324155,50.561654892430134,50.99517836171639,4.434081522021182,5.177302366351938,4.317480270840486,3.254856822961411e-07,7.706444642831426e-16,2.3396426232699718e-17,1.8046774695688753e-08,-15.875147450452271,0.0,,PRUNED
2,,,2026-03-19 21:58:00.184268,2026-03-19 21:58:00.232107,0 days 00:00:00.047839,4.307776626481764,0.607328124958072,49.923947863241104,52.68817752007169,4.221867415167527,5.266092707888453,4.351744398556312,3.3151413596806226e-07,2.446523318892408e-17,2.0277358629936625e-15,2.810816642950971e-08,-18.37522786210487,0.0,,PRUNED
3,,,2026-03-19 21:58:00.233112,2026-03-19 21:58:00.282677,0 days 00:00:00.049565,4.441959910259878,0.9545257155471064,47.44419746082395,52.12084802278694,4.269569958589506,5.368261612164762,4.340109022476212,3.2604884901231765e-07,2.106244396951139e-16,2.528664756140366e-17,9.586241437840423e-08,-17.71392059113072,0.0,,PRUNED
4,,,2026-03-19 21:58:00.282677,2026-03-19 21:58:00.330518,0 days 00:00:00.047841,4.46437220682338,0.7474209649494508,49.10494147441148,52.79328993369404,4.493450324992836,5.208739298073275,4.465957125308782,3.297153163614758e-07,1.4905473284011324e-17,3.0095110273663525e-17,3.1039252316266e-07,-14.498094644365942,0.0,,PRUNED
5,,,2026-03-19 21:58:00.331514,2026-03-19 21:58:00.500950,0 days 00:00:00.169436,4.418858733706349,0.8614145020977976,50.30951566938601,54.62531560582744,4.217312171010335,5.272854789965529,4.283532343012845,3.2445794585550576e-07,1.6737057828887236e-16,7.927110084332463e-16,3.1101929184461494e-07,-14.215949394918576,0.0,,PRUNED
6,,,2026-03-19 21:58:00.501945,2026-03-19 21:58:00.577692,0 days 00:00:00.075747,4.299556647825601,0.9279139504720235,49.65817611001155,53.466172564989165,4.451974863622171,5.183422200525335,4.311518829670558,3.28716833922475e-07,8.31657221881664e-15,2.112325217665917e-18,3.764022315776702e-07,-16.280379412813474,0.0,,PRUNED
7,,,2026-03-19 21:58:00.578690,2026-03-19 21:58:00.660417,0 days 00:00:00.081727,4.409244852827942,0.6214260191074119,49.74592745365421,51.16909078325767,4.486937817356209,5.1808525251894455,4.310135042802095,3.2824991550664037e-07,1.095955788790148e-15,5.2561597396494824e-17,1.0056995824047395e-07,-14.958007824410885,0.0,,PRUNED
8,0.019509648916492817,0.07011977013615023,2026-03-19 21:58:00.662415,2026-03-19 21:58:01.699239,0 days 00:00:01.036824,4.344677436889748,0.5169263209802613,46.68916772678993,54.1913288081704,4.394294254776291,5.246147010060091,4.2961546417544785,3.265189065304012e-07,5.055800940535033e-15,1.038801373098721e-16,1.5729868497106298e-07,-13.890092368982424,0.0,,COMPLETE
9,,,2026-03-19 21:58:01.700235,2026-03-19 21:58:01.774986,0 days 00:00:00.074751,4.2393891207387995,0.9782305104979165,48.096422250477964,55.040563061392575,4.382945669749712,5.154053538961306,4.484201730433873,3.3070067883181324e-07,5.546117436409194e-16,1.6509185987587174e-17,3.6738126094306486e-08,-18.228221587773984,0.0,,PRUNED
10,,,2026-03-19 21:58:01.775984,2026-03-19 21:58:01.845748,0 days 00:00:00.069764,4.2534859504655165,0.6579400749525359,50.47205612785762,53.13245653762828,4.304482387514095,5.116011720304336,4.4449333451214565,3.298362623084614e-07,2.7411239868424894e-18,2.1800393173360272e-16,6.936953313901295e-07,-14.572591291655229,0.0,,PRUNED
11,0.0033926625514728893,0.6307634306757557,2026-03-19 21:58:01.846746,2026-03-19 21:58:02.910868,0 days 00:00:01.064122,4.229636753110657,0.9149045636034496,48.574494522836055,53.424273402754146,4.364821180837865,5.100806178191203,4.251792759121435,3.242664921253974e-07,9.584312493712899e-15,2.5833446328636553e-16,1.325485434507282e-07,-16.068494520864633,0.0,,COMPLETE
12,0.09798555630070196,0.26384176285425076,2026-03-19 21:58:02.911864,2026-03-19 21:58:03.781981,0 days 00:00:00.870117,4.46304247811737,0.8778453038433895,46.17365935204838,50.99570741032176,4.226514559541291,5.251015370954902,4.254166889443723,3.2766343079773125e-07,1.0199441495803218e-18,7.129984359708767e-15,6.490651807247763e-07,-17.40921125879924,0.0,,COMPLETE
13,0.02660636477404788,0.7396287695805842,2026-03-19 21:58:03.781981,2026-03-19 21:58:04.756249,0 days 00:00:00.974268,4.24310738819755,0.5510081196669391,48.7690039693975,51.27343890243677,4.255176289681959,5.110450431525095,4.476276851698311,3.25965850227051e-07,3.310118248514618e-17,2.611564705146902e-16,1.1247753175407469e-08,-14.605072625778224,0.0,,COMPLETE
14,,,2026-03-19 21:58:04.758242,2026-03-19 21:58:04.863891,0 days 00:00:00.105649,4.327456589918419,0.6304402357848584,49.64934353825681,52.193557416746756,4.4210332302588045,5.255003099814733,4.2277091230400075,3.2651524723343863e-07,1.8690851497697328e-17,1.9548221993493105e-15,6.580650873202639e-07,-18.284481159450007,0.0,,PRUNED
15,0.029428931218608543,0.6311664831836343,2026-03-19 21:58:04.865883,2026-03-19 21:58:05.979919,0 days 00:00:01.114036,4.323303504473075,0.8555123390546165,48.66931641963256,51.40607301561772,4.212598008917091,5.387378093650591,4.291783923128325,3.2481294822242927e-07,2.741975745915138e-18,3.1796352193422044e-17,2.039365199726574e-08,-15.169184315175094,0.0,,COMPLETE
16,0.0434831920888325,0.6425759190581684,2026-03-19 21:58:05.980916,2026-03-19 21:58:07.101519,0 days 00:00:01.120603,4.25551970128346,0.533322317691534,46.54166571067512,51.23955164248872,4.494996599106202,5.138143587396907,4.255726296146417,3.295191244304759e-07,3.3148226685853334e-17,5.1977076188480984e-15,7.17172630239128e-08,-16.596528009968498,0.0,,COMPLETE
17,,,2026-03-19 21:58:07.102516,2026-03-19 21:58:07.177266,0 days 00:00:00.074750,4.435363279604033,0.7202027770285351,50.02115561124631,54.28636455032037,4.209793948941063,5.375026111877987,4.25215204810314,3.250869766126567e-07,1.3850736715555286e-18,4.559495614786836e-16,1.962384118232664e-07,-16.147492096345463,0.0,,PRUNED
18,,,2026-03-19 21:58:07.178263,2026-03-19 21:58:07.253014,0 days 00:00:00.074751,4.4374668095340875,0.8346183011426267,49.77696165264454,52.25803958810563,4.482870610195693,5.1937695809363476,4.289041758330413,3.280402171319195e-07,1.0093259023385246e-15,7.006025269738715e-16,1.586708725571143e-08,-16.934181569152493,0.0,,PRUNED
19,,,2026-03-19 21:58:07.254011,2026-03-19 21:58:07.326768,0 days 00:00:00.072757,4.430498582747408,0.8666065284609191,50.156604735384434,54.33488021901353,4.4151545133855565,5.380111842066242,4.3401520182155755,3.294922331776982e-07,1.9097560603705166e-16,6.188650576235036e-16,3.205193885508366e-07,-18.382666458241815,0.0,,PRUNED
20,0.09464943239556638,0.2689492652338263,2026-03-19 21:58:07.327765,2026-03-19 21:58:08.871205,0 days 00:00:01.543440,4.364972570739066,0.6490784939637962,48.73183058218759,53.5714783003385,4.275995069859632,5.200846742183512,4.320462691852295,3.2941238745411534e-07,5.0050817635309626e-18,4.056085556921004e-15,1.5393400426747667e-07,-17.026683014097895,0.0,,COMPLETE
21,,,2026-03-19 21:58:08.872202,2026-03-19 21:58:08.921039,0 days 00:00:00.048837,4.301576103400065,0.9197456173311538,50.50286520881792,54.74670987430825,4.330084529612493,5.3195799123041665,4.3408713645038075,3.3016916502544486e-07,1.8975482675016202e-17,1.3473585002002677e-15,2.331218231912539e-08,-16.08094238290442,0.0,,PRUNED
22,0.09765669594604164,0.5154697003153699,2026-03-19 21:58:08.922035,2026-03-19 21:58:09.698443,0 days 00:00:00.776408,4.3923107379135065,0.7973268019269665,49.580639888569664,51.05692151260453,4.332878464653169,5.392678141530372,4.46295739511196,3.269101499969847e-07,8.620263573343872e-18,9.612769768601863e-16,8.882009089211527e-07,-14.482360499113506,0.0,,COMPLETE
23,,,2026-03-19 21:58:09.699440,2026-03-19 21:58:09.747280,0 days 00:00:00.047840,4.228642505701326,0.8189323829932036,50.09362167862806,50.801115926408656,4.246524778810647,5.372977135260604,4.31127108459951,3.2636385840020844e-07,5.967676488881057e-17,3.493102628748928e-17,1.5387436220133447e-07,-17.659397408227395,0.0,,PRUNED
24,,,2026-03-19 21:58:09.747280,2026-03-19 21:58:09.796116,0 days 00:00:00.048836,4.228514624843644,0.9899076181061865,50.6251153212733,52.2220163189081,4.239063571706808,5.118561844375911,4.487063052861197,3.2810314548588823e-07,6.1746134735619776e-18,2.838789561911787e-15,2.7062166085341803e-08,-16.601854734728192,0.0,,PRUNED
25,,,2026-03-19 21:58:09.797113,2026-03-19 21:58:09.844954,0 days 00:00:00.047841,4.386465145477696,0.8825099570092049,50.60144656856132,51.482439196986235,4.425406468605482,5.373242701472263,4.240983066992849,3.3199373482223054e-07,6.727544710523426e-16,7.73272242161686e-18,4.191508363939495e-08,-18.067108504038945,0.0,,PRUNED
26,,,2026-03-19 21:58:09.845954,2026-03-19 21:58:09.894787,0 days 00:00:00.048833,4.422006116204324,0.6713352124703297,47.66053070011661,54.69528818083624,4.377622530008533,5.145548415569704,4.401953756462579,3.303168203807157e-07,6.878466508975614e-17,5.886258528175305e-17,2.3408841362207382e-08,-15.102424893265896,0.0,,PRUNED
27,0.09776722622294733,0.43338475818356664,2026-03-19 21:58:09.895785,2026-03-19 21:58:11.213290,0 days 00:00:01.317505,4.375591823080903,0.9064182466225768,47.22977681846208,54.107040920334185,4.441099639140527,5.171410553552048,4.343382943884917,3.2688118583449483e-07,4.141119813187131e-18,2.4107599491401224e-17,2.410622989652858e-07,-16.67750601178126,0.0,,COMPLETE
28,,,2026-03-19 21:58:11.214287,2026-03-19 21:58:11.287044,0 days 00:00:00.072757,4.377355416998434,0.5767166282920875,48.59043510075528,54.141168876884414,4.3530280647373125,5.172121363434122,4.205428592885128,3.282002583456323e-07,7.880555837788263e-16,2.3687240160774014e-16,1.3355435271279107e-08,-17.88889007992772,0.0,,PRUNED
29,0.06651665150395013,0.41088409961326816,2026-03-19 21:58:11.288046,2026-03-19 21:58:12.221450,0 days 00:00:00.933404,4.249687238409752,0.7151900936535014,46.28773550658676,52.43796901725934,4.240187036094532,5.393031132274848,4.2293435854396035,3.260913637037005e-07,2.1714643854752516e-16,4.747686458235397e-16,3.3371277882351456e-07,-14.781167319469272,0.0,,COMPLETE
30,,,2026-03-19 21:58:12.222447,2026-03-19 21:58:12.275271,0 days 00:00:00.052824,4.432222896486233,0.6205278430320308,49.875971914687725,52.44024040849026,4.388689092654454,5.269677076894969,4.285152624700564,3.3154749124461674e-07,3.0401069804705052e-15,5.184671725179108e-17,8.787417926623419e-07,-16.321600225784575,0.0,,PRUNED
31,0.08679778082423703,0.7765583296200848,2026-03-19 21:58:12.276268,2026-03-19 21:58:13.221113,0 days 00:00:00.944845,4.333521324332207,0.6366932135297316,46.68209488438953,53.98786674437491,4.461544941604692,5.360185024832813,4.438991138081972,3.2673749620557526e-07,1.366979182638007e-16,3.1937892468075796e-17,6.950422986210952e-07,-17.294182307704325,0.0,,COMPLETE
32,0.04487078402373103,0.06446711872133287,2026-03-19 21:58:13.223106,2026-03-19 21:58:14.395244,0 days 00:00:01.172138,4.388496390029628,0.5563642098912058,48.83099979064587,52.457459706219055,4.223468682040272,5.361448614471984,4.245609396636808,3.26962871781654e-07,3.0279496943866266e-15,1.0624006859013228e-15,2.403037373593281e-07,-15.66483954087473,0.0,,COMPLETE
33,,,2026-03-19 21:58:14.396240,2026-03-19 21:58:14.468997,0 days 00:00:00.072757,4.4249322086274265,0.9770747046151652,46.75208117549178,54.5360044375557,4.4643245981699975,5.386036227153688,4.270205118030281,3.242901905878946e-07,1.9015787431738788e-15,1.826760117852906e-17,8.436786061886173e-08,-16.682459457002842,0.0,,PRUNED
34,,,2026-03-19 21:58:14.469993,2026-03-19 21:58:14.551720,0 days 00:00:00.081727,4.407670891764798,0.9188828888802009,48.01949544289249,50.86438987631269,4.488890296996233,5.20214984157971,4.359718977739716,3.270100529829346e-07,3.2574272233464533e-18,1.994614235722058e-15,1.7349833581938344e-07,-17.69322598231751,0.0,,PRUNED
35,,,2026-03-19 21:58:14.552716,2026-03-19 21:58:14.633447,0 days 00:00:00.080731,4.465949798124403,0.6279996675867507,50.03966976768688,52.604735228379354,4.459915351015942,5.28152194169814,4.270806898571587,3.278374219601715e-07,5.140180956434281e-16,6.765660102762446e-16,5.550167303309476e-07,-17.251874151945966,0.0,,PRUNED
36,,,2026-03-19 21:58:14.634444,2026-03-19 21:58:14.712184,0 days 00:00:00.077740,4.389034554739141,0.925520060204523,49.21789155730151,54.00376706640907,4.441580471416188,5.191143953522729,4.237568253891421,3.2938212036586055e-07,3.771383675617903e-17,5.231461222611479e-16,1.779589115296765e-07,-17.720358114303927,0.0,,PRUNED
37,0.02252592337052378,0.7345706300555891,2026-03-19 21:58:14.713180,2026-03-19 21:58:15.976961,0 days 00:00:01.263781,4.3053630132254925,0.9123169097299852,46.228233476237655,51.22081686532901,4.40644795021493,5.122250346712485,4.488128102236819,3.2922844118133657e-07,4.058329458452912e-18,3.924285303330015e-18,3.245094358547053e-08,-15.618273543691751,0.0,,COMPLETE
38,0.060606429775082314,0.45568387468626437,2026-03-19 21:58:15.978954,2026-03-19 21:58:17.060346,0 days 00:00:01.081392,4.320282235001107,0.7330584733865182,46.66514328754516,52.373479484449014,4.3994642115142595,5.3903298131624515,4.3967490286899125,3.304182692624936e-07,1.6408353963651548e-16,1.0179444538731804e-15,1.9504021874634003e-08,-18.00197473582482,0.0,,COMPLETE
39,,,2026-03-19 21:58:17.061341,2026-03-19 21:58:17.127121,0 days 00:00:00.065780,4.252511903123271,0.7102272443752136,49.41819125851078,54.876259565045906,4.310710254560246,5.333918325226528,4.430440275980845,3.313032952818404e-07,9.976222089688967e-15,2.5232609268733393e-15,5.556025927948296e-08,-17.167911744953702,0.0,,PRUNED
40,,,2026-03-19 21:58:17.128117,2026-03-19 21:58:17.189912,0 days 00:00:00.061795,4.429246268676133,0.7966689550528985,49.89221824875929,52.19608680036684,4.465983564901916,5.203198394881181,4.319804005622896,3.2722402048275093e-07,7.356989400242193e-16,1.116392626653305e-16,6.47685264761139e-08,-16.053700799371533,0.0,,PRUNED
41,,,2026-03-19 21:58:17.191909,2026-03-19 21:58:17.246721,0 days 00:00:00.054812,4.252263036238744,0.5304450268304595,49.95519066877899,54.086308344200944,4.492557491019878,5.19862854504816,4.309559314312541,3.2513848646473063e-07,1.799727512715963e-15,2.3452037341775943e-18,8.118678881465086e-07,-17.039446321930267,0.0,,PRUNED
42,,,2026-03-19 21:58:17.247718,2026-03-19 21:58:17.299544,0 days 00:00:00.051826,4.4176314314079805,0.6621871385930738,47.54237638626137,55.07504756433529,4.290797043211308,5.266471322805824,4.481211949555277,3.2414017150446257e-07,3.4694528869516587e-15,3.748333783021387e-16,4.399672035171139e-07,-14.253085218640503,0.0,,PRUNED
43,0.036008913932196775,0.4872223715331047,2026-03-19 21:58:17.300541,2026-03-19 21:58:18.398357,0 days 00:00:01.097816,4.241484744747504,0.7112017675205444,47.25880391618945,51.03615220578944,4.208763239688663,5.367167429389212,4.210467228715776,3.3138357206049936e-07,8.27468582146666e-18,1.2947365399779132e-17,1.3062882999664902e-07,-15.729597136864843,0.0,,COMPLETE
44,0.034309725262288385,0.4240818838464362,2026-03-19 21:58:18.399354,2026-03-19 21:58:19.123853,0 days 00:00:00.724499,4.297339615504371,0.6821842650024346,47.18568293489521,52.36093555075162,4.2090625525928775,5.327756644885224,4.352594186166992,3.265566517791798e-07,9.92478662217743e-18,9.039796521319154e-18,1.0743634473081231e-07,-15.47351929485149,0.0,,COMPLETE
45,,,2026-03-19 21:58:19.124850,2026-03-19 21:58:19.171692,0 days 00:00:00.046842,4.422133959817156,0.5520934300392126,50.64008543896598,53.47997299203869,4.374323865977208,5.3463256650122615,4.313001622565604,3.2786903494817765e-07,1.8174649419258734e-16,4.650726374069796e-17,1.1241073651280582e-07,-16.605762436734018,0.0,,PRUNED
46,0.040803611959927925,0.3869454008916273,2026-03-19 21:58:19.173686,2026-03-19 21:58:20.014879,0 days 00:00:00.841193,4.247793418264675,0.6733692808163573,47.83878619409013,52.8283543285166,4.273620127353562,5.3928608120761785,4.231587393496066,3.282734831680811e-07,3.056493409407748e-17,7.50487996968445e-17,6.152981888477643e-07,-15.371602660172949,0.0,,COMPLETE
47,0.07057337973448542,0.22483096208494263,2026-03-19 21:58:20.016872,2026-03-19 21:58:21.289649,0 days 00:00:01.272777,4.462015708907836,0.8476448896038088,46.39434626946064,50.71259539588889,4.305527568130585,5.32701999676315,4.37494388434283,3.287681887453248e-07,2.656885911007843e-16,5.7301928361356485e-15,1.099985660241241e-07,-16.576087072459163,0.0,,COMPLETE
48,,,2026-03-19 21:58:21.290646,2026-03-19 21:58:21.350240,0 days 00:00:00.059594,4.425292726582729,0.8582454020865093,48.55704391114419,51.85069513694199,4.418579793118706,5.253641356977764,4.407620651481083,3.2870825668139e-07,1.3206749829583096e-18,7.39589243195709e-16,1.0839955051860162e-08,-18.284696498759388,0.0,,PRUNED
49,,,2026-03-19 21:58:21.350240,2026-03-19 21:58:21.407050,0 days 00:00:00.056810,4.403004061903371,0.9246298050721182,50.342819818060484,52.89030151753911,4.39763107306371,5.192717426832879,4.362747531365548,3.2777207630680353e-07,3.210534774595055e-15,3.202997169040162e-16,5.005673695043385e-07,-16.43007193498721,0.0,,PRUNED
50,0.007549502583665867,0.2370744411920601,2026-03-19 21:58:21.408047,2026-03-19 21:58:22.195418,0 days 00:00:00.787371,4.375521162426304,0.5433129781054675,46.480211124150095,53.09055696465307,4.491156599079167,5.238165463791126,4.388092582112889,3.2573779979350297e-07,1.406124626933134e-17,2.1401011172288768e-15,7.705529179635067e-08,-13.96050843904765,0.0,,COMPLETE
51,0.026336486002475946,0.12135389652193898,2026-03-19 21:58:22.195418,2026-03-19 21:58:22.899067,0 days 00:00:00.703649,4.30913410908997,0.601216928255781,46.769703010385385,52.987372168762015,4.267356311453946,5.398311917863539,4.2709358615734585,3.2842639463690676e-07,4.81086942381317e-16,2.5405192905128083e-15,5.587403476028849e-07,-15.569924678165398,0.0,,COMPLETE
52,,,2026-03-19 21:58:22.899067,2026-03-19 21:58:22.945912,0 days 00:00:00.046845,4.440167770170017,0.9400806387626581,49.28368708422206,52.005837992936925,4.213234071684007,5.110444152241697,4.435647440897965,3.2616446463661387e-07,3.2855245152982475e-17,3.489420848268086e-15,2.3715087889380638e-07,-16.840716163382698,0.0,,PRUNED
53,0.08654250252160918,0.35895165201702345,2026-03-19 21:58:22.946909,2026-03-19 21:58:23.940591,0 days 00:00:00.993682,4.3636445210036765,0.9983176778524554,46.24469667569832,54.70280696478924,4.314718601802356,5.388326103885672,4.358699854601198,3.298393233423532e-07,8.274976273228022e-18,5.2729406665520585e-15,8.030655231614427e-07,-16.388990378941813,0.0,,COMPLETE
54,0.03770973617157595,0.13235203989579702,2026-03-19 21:58:23.941588,2026-03-19 21:58:25.016997,0 days 00:00:01.075409,4.43334299407968,0.5888510822379582,48.24911164631373,50.68017003237552,4.366744887226646,5.213377189316188,4.419307583669083,3.27128869097697e-07,1.0094993824643633e-18,6.598220645041091e-17,7.214976837952238e-08,-15.552154220866445,0.0,,COMPLETE
55,0.027796289416775494,0.8474039811469171,2026-03-19 21:58:25.017993,2026-03-19 21:58:26.242903,0 days 00:00:01.224910,4.440773108168162,0.9553018996848384,48.961549205654784,51.22516693922275,4.445299974443792,5.102181769516057,4.225618630495927,3.276057184275111e-07,1.0319376125389584e-18,8.843376855498264e-18,8.146743173489208e-07,-13.856484457603171,0.0,,COMPLETE
56,,,2026-03-19 21:58:26.243905,2026-03-19 21:58:26.298303,0 days 00:00:00.054398,4.286739477402132,0.699082363067919,50.33116006529926,53.22301552344023,4.3144129333967465,5.27276157580589,4.2766873461819355,3.2526187812581946e-07,1.8336037436492116e-16,1.9637697838549095e-18,2.7447955772078043e-08,-15.215213456640676,0.0,,PRUNED
57,,,2026-03-19 21:58:26.299300,2026-03-19 21:58:26.358103,0 days 00:00:00.058803,4.4064838089132925,0.8402291132653628,46.61622911579964,53.00950959158868,4.4967252112805305,5.146181199677092,4.209970653990822,3.274995854714207e-07,2.470124368533387e-15,7.386988458747548e-18,7.939262737556791e-08,-17.979706303851483,0.0,,PRUNED
58,0.014333055477995842,0.4270998518023672,2026-03-19 21:58:26.359101,2026-03-19 21:58:27.670482,0 days 00:00:01.311381,4.389828134207216,0.7828318157346126,47.65542334256799,51.206527855401816,4.25963922466317,5.135644184658847,4.251766952033205,3.271690059295159e-07,8.46022312657318e-15,5.632875053006086e-17,2.4821052998108398e-08,-16.257906592430054,0.0,,COMPLETE
59,0.027259251633034692,0.2738307924639493,2026-03-19 21:58:27.672475,2026-03-19 21:58:28.663166,0 days 00:00:00.990691,4.260240236260913,0.6706074495103573,48.96185519424943,51.1279264422816,4.387621881615525,5.286524167039672,4.230085489159517,3.2880408766284297e-07,1.93671111652583e-16,1.8670237773959283e-17,1.3344965266016385e-07,-16.346462684001423,0.0,,COMPLETE
