number,values_0,values_1,datetime_start,datetime_complete,duration,params_E_d_sh,params_G_frac,params_N_t_d,params_N_t_sh,params_W_L,params_W_R,params_W_R_sclc,params_d_sclc,params_l1_C_n_bulk,params_l1_k_dir,params_l1_mu_p,params_mu_e,system_attrs_NSGAIISampler:generation,system_attrs_fixed_params,state
180,0.08438216450930125,0.29558985119053627,2026-03-19 22:00:19.798471,2026-03-19 22:00:21.117067,0 days 00:00:01.318596,4.3385518251089525,0.5510081196669391,49.82133929556865,51.27343890243677,4.246946688091247,5.20169690568344,4.352594186166992,3.265566517791798e-07,9.92478662217743e-18,3.2617717330719884e-16,1.1330874777246434e-08,-14.605072625778224,2.0,,COMPLETE
181,0.09637158722698971,0.3822445501420424,2026-03-19 22:00:21.119060,2026-03-19 22:00:22.995789,0 days 00:00:01.876729,4.367351965891342,0.5082285481627206,46.60755241790742,53.424273402754146,4.23097297329049,5.177037101861994,4.272933024058863,3.290882029464109e-07,3.833481255010195e-17,1.3116073492661216e-16,1.4136510217090599e-08,-17.90930222828165,2.0,,COMPLETE
182,0.020117230104309207,0.1416015685343991,2026-03-19 22:00:22.996786,2026-03-19 22:00:24.148938,0 days 00:00:01.152152,4.388496390029628,0.5943220907893627,48.83099979064587,51.63686874517461,4.223468682040272,5.173941753557042,4.245609396636808,3.27128869097697e-07,7.132997381006899e-15,3.2692296301202195e-17,2.4383271386480224e-07,-15.552154220866445,2.0,,COMPLETE
183,0.022427295988905253,0.15582572792703242,2026-03-19 22:00:24.150932,2026-03-19 22:00:25.440623,0 days 00:00:01.289691,4.30913410908997,0.5888510822379582,47.67395256742167,52.987372168762015,4.267356311453946,5.213377189316188,4.2709358615734585,3.27128869097697e-07,4.81086942381317e-16,6.598220645041091e-17,5.587403476028849e-07,-15.569924678165398,2.0,,COMPLETE
184,0.020817693389437206,0.8418613062121617,2026-03-19 22:00:25.441620,2026-03-19 22:00:26.567857,0 days 00:00:01.126237,4.344677436889748,0.9149045636034496,46.68916772678993,54.1913288081704,4.394294254776291,5.100806178191203,4.251792759121435,3.242664921253974e-07,9.584312493712899e-15,1.038801373098721e-16,1.9284960172158625e-07,-13.890092368982424,2.0,,COMPLETE
185,0.027020178765628577,0.40476957242425626,2026-03-19 22:00:26.569850,2026-03-19 22:00:27.730979,0 days 00:00:01.161129,4.30913410908997,0.6733692808163573,47.83878619409013,52.987372168762015,4.273620127353562,5.398311917863539,4.231587393496066,3.2842639463690676e-07,4.81086942381317e-16,1.5335184124795016e-18,5.587403476028849e-07,-15.371602660172949,2.0,,COMPLETE
186,0.021546800036921922,0.8045564950048151,2026-03-19 22:00:27.731976,2026-03-19 22:00:29.181137,0 days 00:00:01.449161,4.25551970128346,0.985417270044175,46.10538423006219,51.22081686532901,4.438876652740623,5.396313422137967,4.270103754062699,3.295191244304759e-07,4.058329458452912e-18,3.924285303330015e-18,3.245094358547053e-08,-15.618273543691751,2.0,,COMPLETE
187,0.009574297809765805,0.06869945577083744,2026-03-19 22:00:29.182132,2026-03-19 22:00:30.313353,0 days 00:00:01.131221,4.333437054080486,0.5563642098912058,47.848114520681214,52.457459706219055,4.308260695970736,5.244268913241948,4.331878950067624,3.26962871781654e-07,3.0279496943866266e-15,3.3365944654020124e-17,3.334664179094119e-08,-15.66483954087473,2.0,,COMPLETE
188,0.0860123767855763,0.22086217451438636,2026-03-19 22:00:30.314350,2026-03-19 22:00:32.019653,0 days 00:00:01.705303,4.320940215630985,0.7581190561059575,47.12141133144767,54.1913288081704,4.246946688091247,5.265933766125699,4.2533188394772115,3.265189065304012e-07,1.619810417319711e-18,5.247292033837546e-17,1.243823559805024e-07,-18.375345732470315,2.0,,COMPLETE
189,0.02355380062772527,0.3189502605108586,2026-03-19 22:00:32.020649,2026-03-19 22:00:33.067153,0 days 00:00:01.046504,4.3306666270467185,0.6821842650024346,47.07080308674894,52.36093555075162,4.2090625525928775,5.327756644885224,4.352594186166992,3.265566517791798e-07,2.0798349994764716e-16,2.339174803920558e-16,1.0743634473081231e-07,-15.47351929485149,2.0,,COMPLETE
190,0.030122762497486945,0.11357508041226178,2026-03-19 22:00:33.069153,2026-03-19 22:00:34.405673,0 days 00:00:01.336520,4.3844910465672315,0.5888510822379582,47.848114520681214,52.389948878540146,4.343740366221667,5.213377189316188,4.40044116959488,3.27128869097697e-07,7.132997381006899e-15,3.3365944654020124e-17,2.4383271386480224e-07,-15.552154220866445,2.0,,COMPLETE
191,0.07030455902509024,0.2588335813319025,2026-03-19 22:00:34.406669,2026-03-19 22:00:35.871981,0 days 00:00:01.465312,4.440773108168162,0.7138217006791396,46.10538423006219,51.95346173642282,4.445299974443792,5.309937050078366,4.225618630495927,3.2828417794807025e-07,1.0319376125389584e-18,1.4665002041778634e-15,7.100534221235054e-08,-15.696263829630555,2.0,,COMPLETE
192,,,2026-03-19 22:00:35.872978,2026-03-19 22:00:35.945735,0 days 00:00:00.072757,4.389828134207216,0.7066533449333658,48.96185519424943,53.59151899871881,4.426079053707047,5.286524167039672,4.230085489159517,3.2633291532688264e-07,8.46022312657318e-15,5.632875053006086e-17,1.4621527096333277e-08,-16.257906592430054,2.0,,PRUNED
193,0.04351946831473732,0.22431131439965432,2026-03-19 22:00:35.946732,2026-03-19 22:00:37.284273,0 days 00:00:01.337541,4.385009450906319,0.7138217006791396,47.12141133144767,51.95346173642282,4.23257553064191,5.309937050078366,4.3300858546064855,3.294368845604008e-07,6.518767777441827e-16,5.748013737155235e-16,1.3185805312875035e-07,-16.762234199569935,2.0,,COMPLETE
194,0.0617439630092434,0.26786076141354487,2026-03-19 22:00:37.285269,2026-03-19 22:00:38.675168,0 days 00:00:01.389899,4.440773108168162,0.6322623327137724,46.10538423006219,51.22516693922275,4.447144704853775,5.244268913241948,4.400028573037033,3.242361623610609e-07,7.273309310585926e-16,1.2304158963983748e-15,3.334664179094119e-08,-15.930856686450355,2.0,,COMPLETE
195,0.04626075774575038,0.8284008962244006,2026-03-19 22:00:38.676166,2026-03-19 22:00:39.907053,0 days 00:00:01.230887,4.282041274873241,0.8578638764441009,48.7690039693975,51.27343890243677,4.291439840483311,5.110450431525095,4.272933024058863,3.260263603170521e-07,5.317287692933196e-15,3.2617717330719884e-16,1.9193187549077833e-07,-14.605072625778224,2.0,,COMPLETE
196,0.005686989572801756,0.6472957622240725,2026-03-19 22:00:39.908050,2026-03-19 22:00:41.094089,0 days 00:00:01.186039,4.389828134207216,0.9855545998413389,47.12141133144767,51.86498438573224,4.25963922466317,5.173116564318178,4.230085489159517,3.294368845604008e-07,6.518767777441827e-16,5.748013737155235e-16,1.3185805312875035e-07,-15.477570798984654,2.0,,COMPLETE
197,0.02873040688684331,0.4026730178063633,2026-03-19 22:00:41.095085,2026-03-19 22:00:42.090437,0 days 00:00:00.995352,4.283166298045894,0.7066533449333658,46.769703010385385,52.079825713154555,4.426079053707047,5.160095945421563,4.243933117028001,3.2842639463690676e-07,2.673322623883823e-18,1.413709526710625e-18,5.587403476028849e-07,-15.304485546459354,2.0,,COMPLETE
198,0.006508067352959882,0.13373554180121663,2026-03-19 22:00:42.091434,2026-03-19 22:00:43.265518,0 days 00:00:01.174084,4.388496390029628,0.5563642098912058,48.24911164631373,50.68017003237552,4.337550509236136,5.213377189316188,4.2709358615734585,3.27128869097697e-07,3.0279496943866266e-15,2.041957164420934e-15,2.403037373593281e-07,-15.569924678165398,2.0,,COMPLETE
199,0.01116826619484342,0.20765039082119835,2026-03-19 22:00:43.266515,2026-03-19 22:00:44.514347,0 days 00:00:01.247832,4.30913410908997,0.5888510822379582,46.769703010385385,53.451090683618126,4.267356311453946,5.398311917863539,4.419307583669083,3.27128869097697e-07,7.408648027284688e-18,6.598220645041091e-17,7.214976837952238e-08,-15.569924678165398,2.0,,COMPLETE
200,0.04495165421691618,0.42042988825021255,2026-03-19 22:00:44.516341,2026-03-19 22:00:45.668756,0 days 00:00:01.152415,4.321304372819622,0.7513233400586015,49.16801228313223,55.032178476374284,4.246946688091247,5.396313422137967,4.270103754062699,3.3113840286527503e-07,1.619810417319711e-18,3.2617717330719884e-16,4.349056049904758e-08,-14.855550732748622,2.0,,COMPLETE
201,0.003347034836539968,0.15102847263845967,2026-03-19 22:00:45.669754,2026-03-19 22:00:46.909634,0 days 00:00:01.239880,4.423371779406937,0.5000629770807079,47.87275792391149,51.63686874517461,4.250599046671345,5.173941753557042,4.245609396636808,3.26962871781654e-07,3.0279496943866266e-15,1.0624006859013228e-15,2.403037373593281e-07,-14.377355146275871,2.0,,COMPLETE
202,0.016590460224918425,0.6339456146063451,2026-03-19 22:00:46.912625,2026-03-19 22:00:48.102648,0 days 00:00:01.190023,4.229636753110657,0.9149045636034496,47.405596927892766,53.424273402754146,4.364821180837865,5.309937050078366,4.3300858546064855,3.242664921253974e-07,9.584312493712899e-15,2.5833446328636553e-16,1.325485434507282e-07,-16.068494520864633,2.0,,COMPLETE
203,0.041350390767886165,0.48740259876552666,2026-03-19 22:00:48.103645,2026-03-19 22:00:49.548183,0 days 00:00:01.444538,4.389828134207216,0.7828318157346126,47.65542334256799,51.22081686532901,4.40644795021493,5.122250346712485,4.251766952033205,3.2922844118133657e-07,8.46022312657318e-15,3.924285303330015e-18,4.2017052062196265e-07,-16.784474160827923,2.0,,COMPLETE
204,0.058123090789454025,0.1259177718994569,2026-03-19 22:00:49.550176,2026-03-19 22:00:51.708070,0 days 00:00:02.157894,4.388496390029628,0.5888510822379582,48.83099979064587,52.457459706219055,4.2402700471598616,5.213377189316188,4.419307583669083,3.27128869097697e-07,2.154263340422763e-18,6.598220645041091e-17,7.214976837952238e-08,-15.66483954087473,2.0,,COMPLETE
205,0.04048647937119881,0.28334656681992776,2026-03-19 22:00:51.710063,2026-03-19 22:00:53.622334,0 days 00:00:01.912271,4.2270356338507815,0.6821842650024346,47.07080308674894,51.86498438573224,4.2090625525928775,5.173116564318178,4.352594186166992,3.265566517791798e-07,9.92478662217743e-18,5.748013737155235e-16,1.0743634473081231e-07,-15.477570798984654,2.0,,COMPLETE
206,0.04753314888738597,0.18174254659656777,2026-03-19 22:00:53.624328,2026-03-19 22:00:55.592753,0 days 00:00:01.968425,4.321304372819622,0.6322623327137724,48.96185519424943,55.032178476374284,4.438876652740623,5.342809687407506,4.230085489159517,3.285522875361362e-07,8.46022312657318e-15,1.2304158963983748e-15,4.349056049904758e-08,-14.855550732748622,2.0,,COMPLETE
207,0.023242685298729485,0.5753009038153117,2026-03-19 22:00:55.594745,2026-03-19 22:00:57.335928,0 days 00:00:01.741183,4.344677436889748,0.9123169097299852,46.228233476237655,51.22081686532901,4.40644795021493,5.246147010060091,4.488128102236819,3.290960690781814e-07,2.8191816207386926e-16,3.924285303330015e-18,3.245094358547053e-08,-15.618273543691751,2.0,,COMPLETE
208,0.022185499918233712,0.12812156982950315,2026-03-19 22:00:57.336925,2026-03-19 22:00:58.625290,0 days 00:00:01.288365,4.333437054080486,0.5169263209802613,46.68916772678993,54.1913288081704,4.447144704853775,5.246147010060091,4.331878950067624,3.2468478192358784e-07,3.648133967485096e-16,3.3365944654020124e-17,1.5729868497106298e-07,-13.890092368982424,2.0,,COMPLETE
209,0.05177655594874649,0.25449843428840646,2026-03-19 22:00:58.626288,2026-03-19 22:01:00.131259,0 days 00:00:01.504971,4.366422772222975,0.5888510822379582,48.24911164631373,50.68017003237552,4.225313059238178,5.213377189316188,4.419307583669083,3.265189065304012e-07,1.0094993824643633e-18,6.598220645041091e-17,7.214976837952238e-08,-13.890092368982424,2.0,,COMPLETE
210,0.07962821448745375,0.23140923697750368,2026-03-19 22:01:00.133253,2026-03-19 22:01:01.570453,0 days 00:00:01.437200,4.232636443359461,0.6449332773017551,47.75254311579357,55.06885113022777,4.279269036487107,5.246147010060091,4.2293435854396035,3.265189065304012e-07,1.8172062754501254e-17,4.747686458235397e-16,1.243823559805024e-07,-13.890092368982424,2.0,,COMPLETE
211,0.018735235074489386,0.3895764471149293,2026-03-19 22:01:01.572446,2026-03-19 22:01:03.044837,0 days 00:00:01.472391,4.344677436889748,0.7797063018507213,48.24911164631373,50.68017003237552,4.394294254776291,5.213377189316188,4.413081628143057,3.260913637037005e-07,2.8191816207386926e-16,3.2617717330719884e-16,3.3371277882351456e-07,-16.098880169096077,2.0,,COMPLETE
212,0.09796981199419319,0.16586268126901788,2026-03-19 22:01:03.047827,2026-03-19 22:01:04.796983,0 days 00:00:01.749156,4.3662531042082255,0.5563642098912058,46.60755241790742,53.44233908492388,4.337550509236136,5.361448614471984,4.2709358615734585,3.290882029464109e-07,3.0279496943866266e-15,1.3116073492661216e-16,3.014687362739477e-07,-17.90930222828165,2.0,,COMPLETE
213,0.031864167230502546,0.04027242805089356,2026-03-19 22:01:04.798976,2026-03-19 22:01:06.409960,0 days 00:00:01.610984,4.25551970128346,0.533322317691534,46.54166571067512,51.22081686532901,4.3858694951298025,5.269520741786108,4.255726296146417,3.295191244304759e-07,4.058329458452912e-18,3.924285303330015e-18,3.245094358547053e-08,-15.618273543691751,2.0,,COMPLETE
214,0.03933674419534722,0.36154308760032544,2026-03-19 22:01:06.411956,2026-03-19 22:01:07.932872,0 days 00:00:01.520916,4.423371779406937,0.5563642098912058,47.87275792391149,51.63686874517461,4.2402700471598616,5.305328954256049,4.299417898472823,3.26962871781654e-07,3.0279496943866266e-15,3.590312411123003e-15,2.498869908410539e-08,-15.66483954087473,2.0,,COMPLETE
215,0.02846118739653265,0.28522938995021735,2026-03-19 22:01:07.933876,2026-03-19 22:01:09.429872,0 days 00:00:01.495996,4.321304372819622,0.6449332773017551,47.12141133144767,55.032178476374284,4.412199183554769,5.173116564318178,4.270103754062699,3.2891774733389275e-07,5.755749829284351e-16,1.2304158963983748e-15,4.349056049904758e-08,-15.477570798984654,2.0,,COMPLETE
216,0.020807201319825826,0.18134312069535152,2026-03-19 22:01:09.431868,2026-03-19 22:01:10.676706,0 days 00:00:01.244838,4.366422772222975,0.5563642098912058,48.83099979064587,54.1913288081704,4.223468682040272,5.361448614471984,4.224562732702923,3.26962871781654e-07,3.0279496943866266e-15,3.5882602609533215e-18,2.403037373593281e-07,-13.890092368982424,2.0,,COMPLETE
217,0.08704288163376948,0.73314637376641,2026-03-19 22:01:10.677703,2026-03-19 22:01:12.360083,0 days 00:00:01.682380,4.388496390029628,0.9199760125634129,48.83099979064587,53.59151899871881,4.223468682040272,5.111147707345384,4.418179424779667,3.27682328715289e-07,3.0279496943866266e-15,1.413709526710625e-18,1.4621527096333277e-08,-15.66483954087473,2.0,,COMPLETE
218,0.03143796595409373,0.5872054705039563,2026-03-19 22:01:12.361079,2026-03-19 22:01:13.626851,0 days 00:00:01.265772,4.283166298045894,0.8801553466055699,46.769703010385385,52.987372168762015,4.406941658361895,5.111147707345384,4.243933117028001,3.2679811563177517e-07,2.673322623883823e-18,3.590312411123003e-15,5.587403476028849e-07,-15.304485546459354,2.0,,COMPLETE
219,0.08483894289264106,0.14449294330803114,2026-03-19 22:01:13.627847,2026-03-19 22:01:15.141789,0 days 00:00:01.513942,4.43334299407968,0.601216928255781,46.769703010385385,52.987372168762015,4.267356311453946,5.398311917863539,4.2709358615734585,3.2842639463690676e-07,4.81086942381317e-16,2.5405192905128083e-15,5.587403476028849e-07,-15.552154220866445,2.0,,COMPLETE
220,0.01639150308718104,0.2335829784293666,2026-03-19 22:01:15.143783,2026-03-19 22:01:16.343775,0 days 00:00:01.199992,4.388496390029628,0.6092032784125667,48.96185519424943,51.1279264422816,4.25963922466317,5.286524167039672,4.230085489159517,3.26962871781654e-07,3.0279496943866266e-15,5.632875053006086e-17,1.3344965266016385e-07,-15.625092852692266,2.0,,COMPLETE
221,0.01420370327183049,0.1099209451446448,2026-03-19 22:01:16.344771,2026-03-19 22:01:17.548749,0 days 00:00:01.203978,4.389828134207216,0.5888510822379582,48.24911164631373,50.68017003237552,4.343740366221667,5.213377189316188,4.230085489159517,3.27128869097697e-07,8.46022312657318e-15,5.632875053006086e-17,2.4383271386480224e-07,-16.257906592430054,2.0,,COMPLETE
222,0.012642473779272061,0.07602489408186686,2026-03-19 22:01:17.549746,2026-03-19 22:01:18.793591,0 days 00:00:01.243845,4.344677436889748,0.5278649522839097,46.68916772678993,51.86498438573224,4.412199183554769,5.246147010060091,4.362083230433557,3.265189065304012e-07,8.18782477682327e-17,1.038801373098721e-16,1.5729868497106298e-07,-15.477570798984654,2.0,,COMPLETE
223,0.0252509740240858,0.3312673490580029,2026-03-19 22:01:18.794587,2026-03-19 22:01:19.896904,0 days 00:00:01.102317,4.3844910465672315,0.5000629770807079,47.87275792391149,51.4191853478951,4.343740366221667,5.173116564318178,4.40044116959488,3.268862114942473e-07,1.8844710052409243e-18,5.748013737155235e-16,3.089964994002007e-08,-14.377355146275871,3.0,,COMPLETE
224,0.012813930325818831,0.12063322188821377,2026-03-19 22:01:19.897902,2026-03-19 22:01:21.281282,0 days 00:00:01.383380,4.43334299407968,0.5888510822379582,47.87275792391149,50.68017003237552,4.250599046671345,5.213377189316188,4.245609396636808,3.27128869097697e-07,1.619810417319711e-18,1.0624006859013228e-15,2.403037373593281e-07,-15.552154220866445,3.0,,COMPLETE
225,,,2026-03-19 22:01:21.284270,2026-03-19 22:01:21.343073,0 days 00:00:00.058803,4.3844910465672315,0.7235914301141035,49.954257446274774,50.68017003237552,4.343740366221667,5.213377189316188,4.404957611733103,3.27128869097697e-07,1.0094993824643633e-18,1.0644429894490675e-15,7.214976837952238e-08,-15.552154220866445,3.0,,PRUNED
226,0.06367206085799672,0.5048295138769515,2026-03-19 22:01:21.344071,2026-03-19 22:01:22.947073,0 days 00:00:01.603002,4.3844910465672315,0.5537745529139302,48.24911164631373,53.59151899871881,4.426079053707047,5.111147707345384,4.243933117028001,3.27128869097697e-07,7.132997381006899e-15,1.0644429894490675e-15,1.4621527096333277e-08,-15.47351929485149,3.0,,COMPLETE
227,0.051358162820058485,0.11100437886538,2026-03-19 22:01:22.949067,2026-03-19 22:01:24.205969,0 days 00:00:01.256902,4.388496390029628,0.5694422182899612,48.574494522836055,52.457459706219055,4.256940434822363,5.3186852721096285,4.272933024058863,3.26962871781654e-07,5.317287692933196e-15,2.5833446328636553e-16,1.4136510217090599e-08,-16.068494520864633,3.0,,COMPLETE
228,0.032368049562258104,0.17889327303364896,2026-03-19 22:01:24.206966,2026-03-19 22:01:25.538517,0 days 00:00:01.331551,4.333437054080486,0.5278649522839097,46.68916772678993,53.91916020562962,4.412199183554769,5.246147010060091,4.362083230433557,3.265189065304012e-07,8.18782477682327e-17,1.038801373098721e-16,1.4111786455792476e-08,-13.890092368982424,3.0,,COMPLETE
229,0.015935784218082782,0.08203811480693683,2026-03-19 22:01:25.539513,2026-03-19 22:01:26.809272,0 days 00:00:01.269759,4.388496390029628,0.5563642098912058,46.68916772678993,50.68017003237552,4.337550509236136,5.246147010060091,4.331878950067624,3.2468478192358784e-07,3.648133967485096e-16,3.3365944654020124e-17,2.403037373593281e-07,-15.569924678165398,3.0,,COMPLETE
230,0.015416859609707413,0.18134769829369607,2026-03-19 22:01:26.810269,2026-03-19 22:01:28.059096,0 days 00:00:01.248827,4.3844910465672315,0.5888510822379582,48.279215958514406,51.4191853478951,4.343740366221667,5.173116564318178,4.40044116959488,3.27128869097697e-07,1.1824618525152563e-18,5.748013737155235e-16,1.3185805312875035e-07,-15.552154220866445,3.0,,COMPLETE
231,0.060902960484169696,0.37103965073630124,2026-03-19 22:01:28.061090,2026-03-19 22:01:29.172376,0 days 00:00:01.111286,4.30913410908997,0.601216928255781,46.68916772678993,52.987372168762015,4.267356311453946,5.173941753557042,4.2961546417544785,3.2842639463690676e-07,5.055800940535033e-15,1.038801373098721e-16,3.089964994002007e-08,-14.377355146275871,3.0,,COMPLETE
232,0.009118788408703645,0.11357139947062089,2026-03-19 22:01:29.173373,2026-03-19 22:01:30.469046,0 days 00:00:01.295673,4.333437054080486,0.5888510822379582,47.848114520681214,52.457459706219055,4.366744887226646,5.244268913241948,4.331878950067624,3.26962871781654e-07,3.0279496943866266e-15,1.3116073492661216e-16,3.014687362739477e-07,-15.552154220866445,3.0,,COMPLETE
233,0.05431454452062979,0.5038393995231364,2026-03-19 22:01:30.470042,2026-03-19 22:01:31.872214,0 days 00:00:01.402172,4.375521162426304,0.9199760125634129,46.480211124150095,53.59151899871881,4.491156599079167,5.111147707345384,4.388092582112889,3.27682328715289e-07,1.406124626933134e-17,2.1401011172288768e-15,2.126195096069355e-08,-15.304485546459354,3.0,,COMPLETE
234,0.03324727623062521,0.2167575473833845,2026-03-19 22:01:31.873211,2026-03-19 22:01:33.049281,0 days 00:00:01.176070,4.321304372819622,0.6322623327137724,48.83099979064587,51.63686874517461,4.223468682040272,5.396313422137967,4.245609396636808,3.26962871781654e-07,5.755749829284351e-16,1.2304158963983748e-15,6.134705927499608e-07,-14.855550732748622,3.0,,COMPLETE
235,0.020256437475539475,0.10062832106297606,2026-03-19 22:01:33.050278,2026-03-19 22:01:34.126683,0 days 00:00:01.076405,4.388496390029628,0.533322317691534,48.96185519424943,51.22081686532901,4.25963922466317,5.269520741786108,4.255726296146417,3.295191244304759e-07,4.058329458452912e-18,3.924285303330015e-18,1.3344965266016385e-07,-15.625092852692266,3.0,,COMPLETE
236,0.047731239282109726,0.07864419458837008,2026-03-19 22:01:34.127679,2026-03-19 22:01:35.191127,0 days 00:00:01.063448,4.388496390029628,0.5278649522839097,48.83099979064587,51.86498438573224,4.412199183554769,5.246147010060091,4.362083230433557,3.3161433770636137e-07,2.154263340422763e-18,6.598220645041091e-17,1.5729868497106298e-07,-15.477570798984654,3.0,,COMPLETE
237,0.05904909596426678,0.13197597645026637,2026-03-19 22:01:35.193121,2026-03-19 22:01:36.428855,0 days 00:00:01.235734,4.43334299407968,0.5888510822379582,48.83099979064587,50.68017003237552,4.37169608205274,5.213377189316188,4.419307583669083,3.26962871781654e-07,3.0279496943866266e-15,3.2617717330719884e-16,1.9193187549077833e-07,-15.66483954087473,3.0,,COMPLETE
