number,values_0,values_1,datetime_start,datetime_complete,duration,params_E_d_sh,params_G_frac,params_N_t_d,params_N_t_sh,params_W_L,params_W_R,params_W_R_sclc,params_d_sclc,params_l1_C_n_bulk,params_l1_k_dir,params_l1_mu_p,params_mu_e,system_attrs_NSGAIISampler:generation,system_attrs_fixed_params,state
121,,,2026-03-19 21:59:10.013711,2026-03-19 21:59:10.084475,0 days 00:00:00.070764,4.364972570739066,0.6490784939637962,48.73183058218759,53.5714783003385,4.470067560235326,5.200846742183512,4.320462691852295,3.2941238745411534e-07,5.0050817635309626e-18,4.056085556921004e-15,1.5393400426747667e-07,-17.026683014097895,1.0,,PRUNED
122,0.05583268263531825,0.6534191183748402,2026-03-19 21:59:10.085477,2026-03-19 21:59:11.716549,0 days 00:00:01.631072,4.3206454529863265,0.9280825708038668,46.87084504945929,53.44233908492388,4.23097297329049,5.281121225147232,4.244396824400156,3.290882029464109e-07,3.833481255010195e-17,7.049955679191713e-17,3.014687362739477e-07,-17.90930222828165,1.0,,COMPLETE
123,,,2026-03-19 21:59:11.717545,2026-03-19 21:59:11.781331,0 days 00:00:00.063786,4.423371779406937,0.5000629770807079,47.87275792391149,53.98786674437491,4.250599046671345,5.173941753557042,4.438991138081972,3.248489331534563e-07,1.366979182638007e-16,3.2692296301202195e-17,4.0167278354280545e-07,-17.294182307704325,1.0,,PRUNED
124,0.010608433333117461,0.11384586909103844,2026-03-19 21:59:11.782328,2026-03-19 21:59:12.809897,0 days 00:00:01.027569,4.342148791706183,0.5563642098912058,47.67395256742167,52.457459706219055,4.2402700471598616,5.361448614471984,4.2290308767495945,3.26962871781654e-07,3.0279496943866266e-15,3.590312411123003e-15,2.403037373593281e-07,-15.66483954087473,1.0,,COMPLETE
125,0.001677839472852491,0.27937897473609125,2026-03-19 21:59:12.810895,2026-03-19 21:59:14.327184,0 days 00:00:01.516289,4.282041274873241,0.8578638764441009,48.574494522836055,53.424273402754146,4.256940434822363,5.3186852721096285,4.272933024058863,3.274170793191684e-07,5.317287692933196e-15,2.5833446328636553e-16,1.4136510217090599e-08,-16.068494520864633,1.0,,COMPLETE
126,0.008031979812887186,0.48513894721902945,2026-03-19 21:59:14.328181,2026-03-19 21:59:15.502392,0 days 00:00:01.174211,4.440773108168162,0.6322623327137724,46.10538423006219,51.22516693922275,4.445299974443792,5.102181769516057,4.225618630495927,3.242361623610609e-07,1.0319376125389584e-18,1.2304158963983748e-15,4.349056049904758e-08,-13.856484457603171,1.0,,COMPLETE
127,0.02968307845050034,0.6786700125810837,2026-03-19 21:59:15.503389,2026-03-19 21:59:16.941587,0 days 00:00:01.438198,4.2270356338507815,0.9199760125634129,46.17170965851164,51.86498438573224,4.433753985615465,5.173116564318178,4.243933117028001,3.27682328715289e-07,6.518767777441827e-16,1.413709526710625e-18,1.3185805312875035e-07,-15.304485546459354,1.0,,COMPLETE
128,0.02334691313430806,0.02254517212009906,2026-03-19 21:59:16.942583,2026-03-19 21:59:18.284105,0 days 00:00:01.341522,4.388496390029628,0.5000629770807079,48.83099979064587,51.63686874517461,4.223468682040272,5.173941753557042,4.245609396636808,3.26962871781654e-07,3.0279496943866266e-15,3.2692296301202195e-17,6.134705927499608e-07,-15.66483954087473,1.0,,COMPLETE
129,0.027529692291059404,0.4183325719119056,2026-03-19 21:59:18.285101,2026-03-19 21:59:19.526954,0 days 00:00:01.241853,4.3385518251089525,0.5510081196669391,48.7690039693975,51.27343890243677,4.246946688091247,5.110450431525095,4.476276851698311,3.3113840286527503e-07,5.918814675118862e-18,3.2617717330719884e-16,1.9193187549077833e-07,-14.605072625778224,1.0,,COMPLETE
130,0.015249809407195475,0.7236477361049738,2026-03-19 21:59:19.527958,2026-03-19 21:59:20.925284,0 days 00:00:01.397326,4.297339615504371,0.9149045636034496,47.18568293489521,52.36093555075162,4.364821180837865,5.100806178191203,4.251792759121435,3.265566517791798e-07,9.92478662217743e-18,9.039796521319154e-18,1.325485434507282e-07,-16.068494520864633,1.0,,COMPLETE
131,0.07597040902787905,0.22949332847997034,2026-03-19 21:59:20.927277,2026-03-19 21:59:22.195562,0 days 00:00:01.268285,4.25551970128346,0.5169263209802613,46.68916772678993,52.05082915997448,4.494996599106202,5.246147010060091,4.4697351640862975,3.265189065304012e-07,3.3148226685853334e-17,1.038801373098721e-16,7.17172630239128e-08,-16.596528009968498,1.0,,COMPLETE
132,,,2026-03-19 21:59:22.196558,2026-03-19 21:59:22.248386,0 days 00:00:00.051828,4.375521162426304,0.5325843775689814,46.480211124150095,53.09055696465307,4.491156599079167,5.238165463791126,4.376743442045666,3.2951961808642213e-07,5.245198014423032e-17,7.080405609126856e-16,6.029875741441199e-08,-17.354059298928195,1.0,,PRUNED
133,0.09231940899804662,0.7518322777988886,2026-03-19 21:59:22.249383,2026-03-19 21:59:23.365947,0 days 00:00:01.116564,4.46304247811737,0.8778453038433895,48.4187701283797,50.99570741032176,4.226514559541291,5.3186852721096285,4.272933024058863,3.2766343079773125e-07,5.317287692933196e-15,2.049687005848159e-18,4.028951832682375e-07,-16.77578802488256,1.0,,COMPLETE
134,0.04548792131750624,0.2821639564269015,2026-03-19 21:59:23.366944,2026-03-19 21:59:24.591855,0 days 00:00:01.224911,4.375521162426304,0.5433129781054675,46.480211124150095,51.63686874517461,4.250599046671345,5.238165463791126,4.299417898472823,3.248489331534563e-07,1.8844710052409243e-18,2.1401011172288768e-15,3.089964994002007e-08,-14.377355146275871,1.0,,COMPLETE
135,,,2026-03-19 21:59:24.592857,2026-03-19 21:59:24.655643,0 days 00:00:00.062786,4.3636445210036765,0.6322623327137724,48.35861782893055,54.70280696478924,4.438876652740623,5.396313422137967,4.270103754062699,3.298393233423532e-07,5.755749829284351e-16,2.238744017912269e-18,8.030655231614427e-07,-16.388990378941813,1.0,,PRUNED
136,0.058194240133441245,0.36469985770084185,2026-03-19 21:59:24.656639,2026-03-19 21:59:26.045002,0 days 00:00:01.388363,4.321304372819622,0.6322623327137724,46.10538423006219,51.63686874517461,4.250599046671345,5.173941753557042,4.270103754062699,3.248489331534563e-07,9.068357265985142e-16,3.2692296301202195e-17,3.089964994002007e-08,-14.855550732748622,1.0,,COMPLETE
137,0.0443846995260444,0.9481328108631126,2026-03-19 21:59:26.045999,2026-03-19 21:59:27.178219,0 days 00:00:01.132220,4.229636753110657,0.9149045636034496,48.961549205654784,51.22516693922275,4.398054758380677,5.102181769516057,4.251792759121435,3.242664921253974e-07,9.584312493712899e-15,2.5833446328636553e-16,8.146743173489208e-07,-13.856484457603171,1.0,,COMPLETE
138,0.0568942961892543,0.3821288065380048,2026-03-19 21:59:27.179216,2026-03-19 21:59:28.845652,0 days 00:00:01.666436,4.423371779406937,0.97931297536813,47.67395256742167,53.451090683618126,4.250599046671345,5.182593972303552,4.299417898472823,3.248489331534563e-07,7.408648027284688e-18,3.590312411123003e-15,1.8570613197273302e-08,-14.377355146275871,1.0,,COMPLETE
139,0.0032841086337213514,0.33868793179734025,2026-03-19 21:59:28.847647,2026-03-19 21:59:30.181253,0 days 00:00:01.333606,4.423371779406937,0.6314911520690656,47.87275792391149,51.63686874517461,4.250599046671345,5.173941753557042,4.299417898472823,3.248489331534563e-07,1.8844710052409243e-18,3.2692296301202195e-17,3.089964994002007e-08,-14.377355146275871,1.0,,COMPLETE
140,0.06550878261623735,0.3048968245853117,2026-03-19 21:59:30.182250,2026-03-19 21:59:31.628371,0 days 00:00:01.446121,4.3844910465672315,0.9139432822964073,48.279215958514406,51.4191853478951,4.2209905581200955,5.2005331195723175,4.40044116959488,3.305710024092426e-07,8.593179270496903e-16,2.041957164420934e-15,2.4383271386480224e-07,-17.36824436019065,1.0,,COMPLETE
141,0.004692040454591704,0.15309290702231973,2026-03-19 21:59:31.629368,2026-03-19 21:59:32.825389,0 days 00:00:01.196021,4.3844910465672315,0.5888510822379582,48.24911164631373,50.68017003237552,4.343740366221667,5.213377189316188,4.40044116959488,3.27128869097697e-07,7.132997381006899e-15,2.041957164420934e-15,2.4383271386480224e-07,-15.552154220866445,1.0,,COMPLETE
142,0.027020178765628577,0.40476957242425626,2026-03-19 21:59:32.827383,2026-03-19 21:59:33.910764,0 days 00:00:01.083381,4.30913410908997,0.6733692808163573,47.83878619409013,52.987372168762015,4.273620127353562,5.398311917863539,4.231587393496066,3.2842639463690676e-07,4.81086942381317e-16,1.5335184124795016e-18,5.587403476028849e-07,-15.371602660172949,1.0,,COMPLETE
143,0.040116715531045316,0.42440584277675897,2026-03-19 21:59:33.911761,2026-03-19 21:59:35.063914,0 days 00:00:01.152153,4.282041274873241,0.7828318157346126,48.8202135071865,54.56597039717689,4.25963922466317,5.135644184658847,4.272933024058863,3.274170793191684e-07,8.46022312657318e-15,2.049687005848159e-18,4.028951832682375e-07,-16.77578802488256,1.0,,COMPLETE
144,0.051693818998866235,0.3737274029484109,2026-03-19 21:59:35.064911,2026-03-19 21:59:36.410201,0 days 00:00:01.345290,4.278847929281239,0.9139432822964073,48.73183058218759,51.4191853478951,4.275995069859632,5.379791172241732,4.40044116959488,3.2941238745411534e-07,7.132997381006899e-15,2.041957164420934e-15,3.8800136883811895e-07,-17.36824436019065,1.0,,COMPLETE
145,0.04716748003387619,0.10970059986933964,2026-03-19 21:59:36.411198,2026-03-19 21:59:37.686938,0 days 00:00:01.275740,4.388496390029628,0.5563642098912058,48.83099979064587,52.457459706219055,4.337550509236136,5.361448614471984,4.2709358615734585,3.26962871781654e-07,3.0279496943866266e-15,2.5405192905128083e-15,2.403037373593281e-07,-15.569924678165398,1.0,,COMPLETE
146,0.013137321780326821,0.5536755096890644,2026-03-19 21:59:37.688932,2026-03-19 21:59:38.954418,0 days 00:00:01.265486,4.3844910465672315,0.9139432822964073,48.279215958514406,51.4191853478951,4.343740366221667,5.173116564318178,4.40044116959488,3.268862114942473e-07,6.518767777441827e-16,5.748013737155235e-16,1.3185805312875035e-07,-15.477570798984654,1.0,,COMPLETE
147,0.04348242987561289,0.7209230805850729,2026-03-19 21:59:38.955415,2026-03-19 21:59:40.247102,0 days 00:00:01.291687,4.24310738819755,0.5864378858044466,48.7690039693975,51.27343890243677,4.255176289681959,5.110450431525095,4.34069819083621,3.25965850227051e-07,3.310118248514618e-17,2.611564705146902e-16,1.1247753175407469e-08,-14.605072625778224,1.0,,COMPLETE
148,0.021923363829419975,0.1693882892215192,2026-03-19 21:59:40.250091,2026-03-19 21:59:41.525175,0 days 00:00:01.275084,4.232636443359461,0.7151900936535014,47.75254311579357,55.06885113022777,4.279269036487107,5.393031132274848,4.2293435854396035,3.260913637037005e-07,2.1714643854752516e-16,4.747686458235397e-16,6.029875741441199e-08,-17.354059298928195,1.0,,COMPLETE
149,,,2026-03-19 21:59:41.526169,2026-03-19 21:59:41.597928,0 days 00:00:00.071759,4.389828134207216,0.7828318157346126,47.65542334256799,53.02246250123314,4.291994089935949,5.2143820764991995,4.449655135960686,3.319134028745664e-07,5.2772726963433586e-18,5.632875053006086e-17,3.874354652904982e-08,-17.649875229548158,1.0,,PRUNED
150,0.01132948773145381,0.42703823651479816,2026-03-19 21:59:41.598927,2026-03-19 21:59:43.001017,0 days 00:00:01.402090,4.389828134207216,0.7828318157346126,46.769703010385385,51.206527855401816,4.25963922466317,5.135644184658847,4.2709358615734585,3.2842639463690676e-07,4.81086942381317e-16,5.632875053006086e-17,2.4821052998108398e-08,-16.257906592430054,1.0,,COMPLETE
151,0.02660636477404788,0.7396287695805842,2026-03-19 21:59:43.003011,2026-03-19 21:59:44.247873,0 days 00:00:01.244862,4.24310738819755,0.5510081196669391,48.7690039693975,51.27343890243677,4.255176289681959,5.110450431525095,4.476276851698311,3.25965850227051e-07,3.310118248514618e-17,2.611564705146902e-16,1.1247753175407469e-08,-14.605072625778224,1.0,,COMPLETE
152,0.03699889219068492,0.3651900558568576,2026-03-19 21:59:44.248870,2026-03-19 21:59:45.850535,0 days 00:00:01.601665,4.3053630132254925,0.9123169097299852,47.51561673591251,51.26468882125622,4.313590834067916,5.122250346712485,4.345573856994607,3.316682403026586e-07,4.058329458452912e-18,1.4852753607205851e-16,3.245094358547053e-08,-17.840102367155435,1.0,,COMPLETE
153,0.01648471805222689,0.13051498538231152,2026-03-19 21:59:45.851531,2026-03-19 21:59:47.122794,0 days 00:00:01.271263,4.342148791706183,0.5888510822379582,47.67395256742167,53.451090683618126,4.2402700471598616,5.213377189316188,4.419307583669083,3.27128869097697e-07,7.408648027284688e-18,6.598220645041091e-17,7.214976837952238e-08,-15.552154220866445,1.0,,COMPLETE
154,0.006644706275263697,0.7916942032166164,2026-03-19 21:59:47.124787,2026-03-19 21:59:48.713074,0 days 00:00:01.588287,4.283166298045894,0.9199760125634129,48.55581414222359,53.59151899871881,4.426079053707047,5.111147707345384,4.243933117028001,3.27682328715289e-07,2.673322623883823e-18,1.413709526710625e-18,1.4621527096333277e-08,-15.304485546459354,1.0,,COMPLETE
155,0.042745395524128496,1.0141450872081748,2026-03-19 21:59:48.714071,2026-03-19 21:59:49.792470,0 days 00:00:01.078399,4.333521324332207,0.6366932135297316,46.68209488438953,55.032178476374284,4.494983727453236,5.360185024832813,4.438991138081972,3.2891774733389275e-07,5.755749829284351e-16,3.1937892468075796e-17,6.950422986210952e-07,-14.855550732748622,1.0,,COMPLETE
156,0.02597179006458781,0.6251188186286099,2026-03-19 21:59:49.794463,2026-03-19 21:59:51.101105,0 days 00:00:01.306642,4.249687238409752,0.8555123390546165,48.66931641963256,51.40607301561772,4.240187036094532,5.393031132274848,4.373924925499648,3.2481294822242927e-07,2.741975745915138e-18,3.1796352193422044e-17,2.039365199726574e-08,-15.169184315175094,1.0,,COMPLETE
157,,,2026-03-19 21:59:51.102102,2026-03-19 21:59:51.161903,0 days 00:00:00.059801,4.295549256876195,0.9280825708038668,49.91505898557724,51.48533037714644,4.299987711653711,5.376603338513448,4.491304439910799,3.292554181490737e-07,2.993612945553446e-18,7.049955679191713e-17,3.849703960830994e-08,-14.471382387493547,1.0,,PRUNED
158,0.04272448716957297,0.5044498610294816,2026-03-19 21:59:51.162900,2026-03-19 21:59:52.593124,0 days 00:00:01.430224,4.389828134207216,0.7828318157346126,47.65542334256799,51.206527855401816,4.466720882728332,5.135644184658847,4.251766952033205,3.271690059295159e-07,8.46022312657318e-15,5.632875053006086e-17,2.4821052998108398e-08,-16.257906592430054,1.0,,COMPLETE
159,0.03809313471889328,0.5934948788458116,2026-03-19 21:59:52.595117,2026-03-19 21:59:53.929218,0 days 00:00:01.334101,4.297339615504371,0.7828318157346126,47.18568293489521,51.206527855401816,4.2090625525928775,5.135644184658847,4.352594186166992,3.271690059295159e-07,8.46022312657318e-15,9.039796521319154e-18,1.0743634473081231e-07,-15.47351929485149,1.0,,COMPLETE
160,0.04993267651985799,0.9222775944864016,2026-03-19 21:59:53.930214,2026-03-19 21:59:55.387983,0 days 00:00:01.457769,4.2576195948011275,0.9553018996848384,48.961549205654784,51.22516693922275,4.445299974443792,5.102181769516057,4.493230774070704,3.276057184275111e-07,1.334766330262225e-16,3.2978589926714273e-16,1.4542321487672147e-08,-13.856484457603171,1.0,,COMPLETE
161,0.03821758987979687,0.1334263960244122,2026-03-19 21:59:55.389976,2026-03-19 21:59:56.770367,0 days 00:00:01.380391,4.43334299407968,0.5888510822379582,48.24911164631373,50.68017003237552,4.37169608205274,5.213377189316188,4.419307583669083,3.27128869097697e-07,1.619810417319711e-18,3.2617717330719884e-16,1.9193187549077833e-07,-15.552154220866445,1.0,,COMPLETE
162,0.0908639094334869,0.5624209196671749,2026-03-19 21:59:56.771365,2026-03-19 21:59:58.141791,0 days 00:00:01.370426,4.460659594247524,0.9359223548719415,46.83790339186961,51.3302974493034,4.381863311524583,5.236754742971408,4.2709358615734585,3.3025905761351514e-07,4.81086942381317e-16,1.3870433691776859e-16,5.587403476028849e-07,-16.510803106235276,1.0,,COMPLETE
163,0.01895409760760346,0.8477913545999749,2026-03-19 21:59:58.142787,2026-03-19 21:59:59.521720,0 days 00:00:01.378933,4.303048024215907,0.9123169097299852,47.355948353916254,52.754454833843724,4.40644795021493,5.122250346712485,4.488128102236819,3.310467886980214e-07,6.974151538429575e-17,1.7723497888398375e-17,3.245094358547053e-08,-14.778066328350839,1.0,,COMPLETE
164,0.004413300866085919,0.27170584130277037,2026-03-19 21:59:59.522717,2026-03-19 22:00:00.886165,0 days 00:00:01.363448,4.366422772222975,0.6449332773017551,47.12141133144767,51.86498438573224,4.412199183554769,5.173116564318178,4.362083230433557,3.294368845604008e-07,6.518767777441827e-16,5.748013737155235e-16,1.3185805312875035e-07,-15.477570798984654,1.0,,COMPLETE
165,0.02453392024283666,0.4169406494350867,2026-03-19 22:00:00.888158,2026-03-19 22:00:02.530106,0 days 00:00:01.641948,4.283166298045894,0.7066533449333658,46.17170965851164,53.59151899871881,4.426079053707047,5.160095945421563,4.243933117028001,3.27682328715289e-07,2.673322623883823e-18,1.413709526710625e-18,1.4621527096333277e-08,-15.304485546459354,1.0,,COMPLETE
166,0.05371457319669648,0.2705720145303283,2026-03-19 22:00:02.532099,2026-03-19 22:00:03.690703,0 days 00:00:01.158604,4.321304372819622,0.6322623327137724,47.65542334256799,51.206527855401816,4.25963922466317,5.396313422137967,4.2796465896284115,3.2891774733389275e-07,8.46022312657318e-15,5.632875053006086e-17,4.349056049904758e-08,-14.855550732748622,1.0,,COMPLETE
167,0.02963263118875542,0.3301050479595442,2026-03-19 22:00:03.692698,2026-03-19 22:00:05.146854,0 days 00:00:01.454156,4.344677436889748,0.7151900936535014,46.28773550658676,55.12086521388568,4.394294254776291,5.246147010060091,4.214318196187531,3.260913637037005e-07,2.8191816207386926e-16,1.038801373098721e-16,3.3371277882351456e-07,-14.781167319469272,1.0,,COMPLETE
168,0.07286119320584437,0.26503699179703627,2026-03-19 22:00:05.147850,2026-03-19 22:00:06.689338,0 days 00:00:01.541488,4.3844910465672315,0.9139432822964073,47.51561673591251,51.4191853478951,4.343740366221667,5.191680742301154,4.40044116959488,3.257794517954525e-07,2.9500768878314696e-16,2.041957164420934e-15,2.4383271386480224e-07,-17.840102367155435,1.0,,COMPLETE
169,0.07057337973448542,0.26516351784353964,2026-03-19 22:00:06.690340,2026-03-19 22:00:08.066739,0 days 00:00:01.376399,4.462015708907836,0.8476448896038088,46.39434626946064,50.71259539588889,4.305527568130585,5.198081541323153,4.37494388434283,3.287681887453248e-07,2.656885911007843e-16,5.7301928361356485e-15,1.099985660241241e-07,-16.576087072459163,1.0,,COMPLETE
170,,,2026-03-19 22:00:08.067735,2026-03-19 22:00:08.131521,0 days 00:00:00.063786,4.333437054080486,0.9296817827448437,49.91505898557724,52.39986621471578,4.232714782401633,5.376603338513448,4.33237745933221,3.243593667203575e-07,1.2884015619163628e-17,3.3365944654020124e-17,3.849703960830994e-08,-15.930856686450355,1.0,,PRUNED
171,0.03586000642297043,0.3379292603399671,2026-03-19 22:00:08.132518,2026-03-19 22:00:09.374209,0 days 00:00:01.241691,4.389828134207216,0.6706074495103573,48.96185519424943,51.1279264422816,4.25963922466317,5.286524167039672,4.230085489159517,3.271690059295159e-07,8.46022312657318e-15,5.632875053006086e-17,1.3344965266016385e-07,-16.257906592430054,1.0,,COMPLETE
172,0.025717859894624558,0.38982075118975495,2026-03-19 22:00:09.376202,2026-03-19 22:00:10.602108,0 days 00:00:01.225906,4.3306666270467185,0.6821842650024346,47.07080308674894,53.99760458604964,4.2090625525928775,5.327756644885224,4.352594186166992,3.305553189784167e-07,9.584312493712899e-15,7.691249970792682e-17,9.470623597061975e-07,-16.068494520864633,2.0,,COMPLETE
173,0.029902191748037446,0.13277887831940377,2026-03-19 22:00:10.604102,2026-03-19 22:00:12.002483,0 days 00:00:01.398381,4.367351965891342,0.5888510822379582,46.60755241790742,53.44233908492388,4.366744887226646,5.213377189316188,4.244396824400156,3.27128869097697e-07,1.0094993824643633e-18,1.3116073492661216e-16,3.014687362739477e-07,-15.552154220866445,2.0,,COMPLETE
174,0.03297873511043272,0.13279600573864397,2026-03-19 22:00:12.003479,2026-03-19 22:00:13.349984,0 days 00:00:01.346505,4.3844910465672315,0.5537745529139302,48.24911164631373,52.36093555075162,4.343740366221667,5.213377189316188,4.404957611733103,3.27128869097697e-07,7.132997381006899e-15,1.0644429894490675e-15,1.0743634473081231e-07,-15.47351929485149,2.0,,COMPLETE
175,0.0032841086337213514,0.18770939651833593,2026-03-19 22:00:13.350986,2026-03-19 22:00:14.672567,0 days 00:00:01.321581,4.423371779406937,0.5000629770807079,47.87275792391149,51.63686874517461,4.250599046671345,5.173941753557042,4.299417898472823,3.248489331534563e-07,1.8844710052409243e-18,3.2692296301202195e-17,3.089964994002007e-08,-14.377355146275871,2.0,,COMPLETE
176,0.035914001636994174,0.16211494710695576,2026-03-19 22:00:14.673563,2026-03-19 22:00:15.787843,0 days 00:00:01.114280,4.260240236260913,0.6706074495103573,47.67395256742167,51.1279264422816,4.2402700471598616,5.361448614471984,4.230085489159517,3.26962871781654e-07,3.0279496943866266e-15,3.590312411123003e-15,1.3344965266016385e-07,-15.66483954087473,2.0,,COMPLETE
177,0.02751945932658836,0.22288564414902953,2026-03-19 22:00:15.788840,2026-03-19 22:00:17.102455,0 days 00:00:01.313615,4.342148791706183,0.5169263209802613,46.68916772678993,54.1913288081704,4.394294254776291,5.246147010060091,4.2961546417544785,3.2679811563177517e-07,7.408648027284688e-18,3.590312411123003e-15,1.5729868497106298e-07,-15.569924678165398,2.0,,COMPLETE
178,0.011102180605880878,0.380149836262169,2026-03-19 22:00:17.103451,2026-03-19 22:00:18.576553,0 days 00:00:01.473102,4.283166298045894,0.9199760125634129,47.87275792391149,54.21493834667297,4.426079053707047,5.173941753557042,4.299417898472823,3.248489331534563e-07,1.8844710052409243e-18,2.729308110253203e-15,3.089964994002007e-08,-15.304485546459354,2.0,,COMPLETE
179,0.004765442665513208,0.21587804370940297,2026-03-19 22:00:18.578545,2026-03-19 22:00:19.797475,0 days 00:00:01.218930,4.423371779406937,0.5169263209802613,46.68916772678993,51.63686874517461,4.394294254776291,5.173941753557042,4.2961546417544785,3.265189065304012e-07,5.055800940535033e-15,1.038801373098721e-16,3.089964994002007e-08,-14.377355146275871,2.0,,COMPLETE
