number,values_0,values_1,datetime_start,datetime_complete,duration,params_E_d_sh,params_G_frac,params_N_t_d,params_N_t_sh,params_W_L,params_W_R,params_W_R_sclc,params_d_sclc,params_l1_C_n_bulk,params_l1_k_dir,params_l1_mu_p,params_mu_e,system_attrs_NSGAIISampler:generation,system_attrs_fixed_params,state
120,0.07973200246113879,1.2030429122114217,2026-03-19 18:11:06.397400,2026-03-19 18:11:07.507691,0 days 00:00:01.110291,4.449326241089105,0.516216873157817,48.70929451862986,52.490771443685105,4.499657785661635,5.295398869585607,4.314012803917691,3.2468737469525347e-07,1.923346324362418e-17,6.44581387238366e-17,6.082053276863192e-08,-14.125729802355949,1.0,,COMPLETE
121,0.03902061200981864,0.6449100457815418,2026-03-19 18:11:07.508688,2026-03-19 18:11:08.463510,0 days 00:00:00.954822,4.361166259126477,0.9488924594376157,47.896926025559935,51.464213097331616,4.42637113249157,5.149738404385992,4.365917802467591,3.316817251404945e-07,8.333742293558444e-18,1.1616887348650231e-15,1.1315615317088896e-07,-16.640574510416695,1.0,,COMPLETE
122,0.007252881435812627,0.3844312048261774,2026-03-19 18:11:08.465504,2026-03-19 18:11:09.630120,0 days 00:00:01.164616,4.26640450197824,0.7297180399661214,47.813886358507766,51.565617498993454,4.29500875755043,5.149738404385992,4.365917802467591,3.314497570927705e-07,1.3311175178538623e-17,1.1616887348650231e-15,6.747238867346585e-07,-16.760639571275796,1.0,,COMPLETE
123,0.09708156621717416,0.2912484957559667,2026-03-19 18:11:09.631117,2026-03-19 18:11:10.858543,0 days 00:00:01.227426,4.449326241089105,0.7040630469738788,49.35864499872161,51.866413930299295,4.273087428380094,5.295398869585607,4.472692836279756,3.3016092952682095e-07,1.923346324362418e-17,1.170617493954695e-15,5.994704228403806e-07,-14.125729802355949,1.0,,COMPLETE
124,0.06755581719349595,0.6669963460294747,2026-03-19 18:11:10.859540,2026-03-19 18:11:12.029632,0 days 00:00:01.170092,4.224589258045821,0.9992789887212743,49.45757104953974,53.88568078868221,4.305901461939857,5.167673651246036,4.242732421456426,3.273383708339764e-07,3.1567834530366135e-18,3.3520702619870493e-16,8.669372485242265e-07,-16.86478914953108,1.0,,COMPLETE
125,0.01823418179328865,1.885697418057925,2026-03-19 18:11:12.030629,2026-03-19 18:11:13.215787,0 days 00:00:01.185158,4.2525641688242155,0.5158584476108585,46.4326480785152,52.21641288774923,4.457834935342516,5.1670562917083,4.370202168968188,3.293812583404224e-07,1.5081267601261615e-18,1.1819400156460166e-15,8.484958306446407e-07,-16.3027827443091,1.0,,COMPLETE
126,0.08251767486768723,1.550786942563015,2026-03-19 18:11:13.216784,2026-03-19 18:11:14.408807,0 days 00:00:01.192023,4.347097595560375,0.9730900351780116,48.69704540738117,54.058426775803404,4.492371406140204,5.294722645072472,4.455119467429442,3.2568888200260216e-07,1.2639689497695735e-18,1.6441146002662746e-16,9.788434573281622e-08,-15.198531031891076,1.0,,COMPLETE
127,0.009573393652130795,0.11199813012488304,2026-03-19 18:11:14.410800,2026-03-19 18:11:15.575907,0 days 00:00:01.165107,4.252097129381915,0.5168949865907804,46.67194233886591,51.976200683499016,4.300608104296039,5.366819518739907,4.433189507781096,3.289122870580562e-07,2.9828880421605357e-18,3.635570246607732e-18,1.6971293038590243e-07,-16.46892169415427,1.0,,COMPLETE
128,0.054565470816160234,0.2813365046026157,2026-03-19 18:11:15.576903,2026-03-19 18:11:16.767930,0 days 00:00:01.191027,4.43674128997819,0.758288770247891,47.10511133935723,51.52143103345457,4.338701791235867,5.296575856827471,4.451319786508594,3.28288138698267e-07,1.9345959635883213e-17,1.5726435815927092e-16,2.08829150336624e-08,-15.512775497980186,1.0,,COMPLETE
129,0.02138482030010055,0.0956225681824802,2026-03-19 18:11:16.769924,2026-03-19 18:11:17.936182,0 days 00:00:01.166258,4.276512851494388,0.5470359788825011,46.07275666381979,50.6920797894347,4.314615875193821,5.25640063469232,4.226117031834875,3.260357122305778e-07,1.0871283535844954e-18,9.0627418889124e-18,6.916264629920575e-07,-16.280505906826697,1.0,,COMPLETE
130,0.024869493591834674,0.23404146341881227,2026-03-19 18:11:17.938175,2026-03-19 18:11:19.100320,0 days 00:00:01.162145,4.2223091267656825,0.7283800824664186,46.4326480785152,54.14838560995395,4.328688816238769,5.192655898093937,4.257577832346183,3.293812583404224e-07,1.5081267601261615e-18,5.304490571904726e-18,8.277486706575153e-08,-16.024514145084375,1.0,,COMPLETE
131,0.05294417543464199,0.43160436644550504,2026-03-19 18:11:19.101316,2026-03-19 18:11:20.318684,0 days 00:00:01.217368,4.43674128997819,0.6978301639467616,47.10511133935723,51.52143103345457,4.415595363916716,5.300867165316704,4.404684986990727,3.2421072086670797e-07,2.1601674289248353e-18,2.4769716430059196e-16,2.353082822595554e-07,-15.512775497980186,1.0,,COMPLETE
132,0.012423642173733856,0.284427624872901,2026-03-19 18:11:20.319679,2026-03-19 18:11:21.519674,0 days 00:00:01.199995,4.2525641688242155,0.711579539223226,46.4326480785152,54.14838560995395,4.328688816238769,5.335177824291587,4.257577832346183,3.293812583404224e-07,1.5081267601261615e-18,1.1819400156460166e-15,8.484958306446407e-07,-16.3027827443091,1.0,,COMPLETE
133,,,2026-03-19 18:11:21.521666,2026-03-19 18:11:21.598410,0 days 00:00:00.076744,4.368800245218149,0.6947057567880819,49.81158547686548,50.81134614907073,4.435961397296959,5.358845767256539,4.4385759839812335,3.283960959384597e-07,4.000364597593574e-16,6.45250797193748e-17,2.68438675893281e-08,-15.96102338571314,1.0,,PRUNED
134,0.007122834806601349,0.5287704991254653,2026-03-19 18:11:21.599407,2026-03-19 18:11:22.791441,0 days 00:00:01.192034,4.277989256373244,0.5607879302963855,47.10511133935723,51.464213097331616,4.2485423416053605,5.149738404385992,4.401506397931913,3.2854739681754084e-07,2.0227954542638556e-15,2.3522316679823952e-15,2.08829150336624e-08,-16.760639571275796,1.0,,COMPLETE
135,0.011790970099484512,1.460677919971933,2026-03-19 18:11:22.792439,2026-03-19 18:11:23.963526,0 days 00:00:01.171087,4.449326241089105,0.5811305438973517,46.3591814025846,50.66906779228805,4.409320050900439,5.132952427080326,4.217566325309145,3.3016092952682095e-07,1.923346324362418e-17,6.460678888609106e-18,4.6778606760369875e-08,-14.125729802355949,1.0,,COMPLETE
136,,,2026-03-19 18:11:23.964528,2026-03-19 18:11:24.045252,0 days 00:00:00.080724,4.424411574329478,0.7283800824664186,47.37910270222512,53.29546273888325,4.44172745326729,5.376779032598457,4.3943149847593,3.24709283668745e-07,5.8810962746304524e-18,1.778020483244525e-17,5.311936762192632e-07,-16.192143976761898,1.0,,PRUNED
137,0.038119227954186916,0.15422537712014647,2026-03-19 18:11:24.046249,2026-03-19 18:11:25.194415,0 days 00:00:01.148166,4.303804150384468,0.5247038210548087,46.8854528817527,51.52143103345457,4.321442680215673,5.300867165316704,4.220349856315608,3.295503060210813e-07,2.1601674289248353e-18,1.5726435815927092e-16,6.908201372198811e-07,-15.512775497980186,1.0,,COMPLETE
138,0.010945028224335658,0.16371874022030522,2026-03-19 18:11:25.195412,2026-03-19 18:11:26.337610,0 days 00:00:01.142198,4.277989256373244,0.6987124108484051,46.07460055238319,52.10511086983757,4.372080688707519,5.18221216872228,4.402045466685096,3.2854739681754084e-07,2.583324994610853e-18,1.506988607596434e-18,2.8416410974181476e-08,-16.760639571275796,1.0,,COMPLETE
139,0.0566825634197789,0.6243728199971601,2026-03-19 18:11:26.338607,2026-03-19 18:11:27.556540,0 days 00:00:01.217933,4.400143474704217,0.8757329966779094,48.34967324008023,52.56514656453513,4.4399287553475775,5.248898809059617,4.393805448539797,3.2859688787566457e-07,3.493566946693975e-15,2.4769716430059196e-16,1.0756054845305374e-07,-15.281592458808653,1.0,,COMPLETE
140,0.09102723975928946,0.27453078883028315,2026-03-19 18:11:27.557537,2026-03-19 18:11:28.705213,0 days 00:00:01.147676,4.316824692016431,0.7376517176789374,47.124865550326184,52.77526226076082,4.358705544935911,5.258641496655155,4.472123657967427,3.268446856963455e-07,8.422706549508277e-18,1.7915170758452854e-18,6.58215141505139e-07,-18.230561042035752,1.0,,COMPLETE
141,0.022175067030742457,1.0026185105610275,2026-03-19 18:11:28.706211,2026-03-19 18:11:29.840422,0 days 00:00:01.134211,4.2892885477644604,0.9745955639036896,46.59098796677372,52.56514656453513,4.4399287553475775,5.159915311003464,4.3591844234789185,3.2480169318929624e-07,3.493566946693975e-15,8.681437874808368e-15,8.8382959885063e-08,-15.281592458808653,1.0,,COMPLETE
142,0.02272616186333797,0.5202164736481403,2026-03-19 18:11:29.841418,2026-03-19 18:11:31.037363,0 days 00:00:01.195945,4.400281413371315,0.8596005670539307,47.221255570997144,50.97184633253652,4.2023844071005305,5.268352067747183,4.4385759839812335,3.301766610911614e-07,2.534506782622252e-15,6.45250797193748e-17,4.230239877878603e-07,-15.96102338571314,1.0,,COMPLETE
143,0.006599839566567381,0.27326586444740525,2026-03-19 18:11:31.038368,2026-03-19 18:11:32.174567,0 days 00:00:01.136199,4.277989256373244,0.5158584476108585,46.07460055238319,50.98587626304332,4.290761856021797,5.149738404385992,4.370202168968188,3.2854739681754084e-07,2.0227954542638556e-15,5.4201428678595805e-17,1.4623530527685918e-07,-16.760639571275796,1.0,,COMPLETE
144,0.029456735358155014,0.44019990662577096,2026-03-19 18:11:32.175564,2026-03-19 18:11:33.408421,0 days 00:00:01.232857,4.449326241089105,0.8169595716360541,49.35864499872161,50.66906779228805,4.220970006628235,5.295398869585607,4.255748083573955,3.309884809913886e-07,1.923346324362418e-17,4.891894128761802e-18,7.933054761322234e-08,-14.125729802355949,1.0,,COMPLETE
145,0.037660273925474025,0.35153948111326166,2026-03-19 18:11:33.409418,2026-03-19 18:11:34.604494,0 days 00:00:01.195076,4.258078274258574,0.8081689299384898,47.28811625290883,52.77526226076082,4.372080688707519,5.285393660472962,4.402045466685096,3.278593195823555e-07,8.422706549508277e-18,1.506988607596434e-18,1.2091489663149738e-07,-14.969609623939053,1.0,,COMPLETE
146,0.02552840031033286,0.48311841941344136,2026-03-19 18:11:34.605490,2026-03-19 18:11:35.791544,0 days 00:00:01.186054,4.399393539188675,0.5811305438973517,46.3591814025846,52.14273521863355,4.409320050900439,5.132952427080326,4.217566325309145,3.251816786911587e-07,5.879565244878258e-17,6.460678888609106e-18,4.6778606760369875e-08,-15.483871716464815,1.0,,COMPLETE
147,0.07190279577916703,0.7564436162176617,2026-03-19 18:11:35.792540,2026-03-19 18:11:36.995523,0 days 00:00:01.202983,4.303804150384468,0.5247038210548087,49.62552867272762,51.54618197114236,4.321442680215673,5.358845767256539,4.220349856315608,3.283960959384597e-07,2.760191527440387e-17,8.474122338113076e-15,6.908201372198811e-07,-16.09162699432086,1.0,,COMPLETE
148,0.02552840031033286,0.48311841941344136,2026-03-19 18:11:36.996519,2026-03-19 18:11:38.203620,0 days 00:00:01.207101,4.399393539188675,0.5811305438973517,46.3591814025846,52.14273521863355,4.409320050900439,5.132952427080326,4.217566325309145,3.251816786911587e-07,5.879565244878258e-17,6.460678888609106e-18,4.6778606760369875e-08,-15.483871716464815,2.0,,COMPLETE
149,,,2026-03-19 18:11:38.204617,2026-03-19 18:11:38.276379,0 days 00:00:00.071762,4.449326241089105,0.5811305438973517,48.06863529677754,54.07674249883763,4.238990747216594,5.366819518739907,4.4576819767879385,3.3016092952682095e-07,1.923346324362418e-17,3.635570246607732e-18,4.6778606760369875e-08,-17.125148971043405,2.0,,PRUNED
150,0.006971871588584245,0.043445549812182335,2026-03-19 18:11:38.277373,2026-03-19 18:11:39.425745,0 days 00:00:01.148372,4.252097129381915,0.5857937075602293,46.07275666381979,50.6920797894347,4.314615875193821,5.366819518739907,4.226117031834875,3.289122870580562e-07,6.249028820873069e-17,9.0627418889124e-18,6.916264629920575e-07,-17.18939997569026,2.0,,COMPLETE
151,0.02759225800923636,0.6345906759027645,2026-03-19 18:11:39.426741,2026-03-19 18:11:40.592858,0 days 00:00:01.166117,4.250914557118946,0.9843277411095968,46.7089243902867,51.242304460902965,4.391428994734905,5.25640063469232,4.258999109262337,3.260357122305778e-07,1.345017924988539e-18,3.4796215562924113e-17,8.252423246248224e-08,-17.616118056955806,2.0,,COMPLETE
152,0.010440175233925373,0.2482755543034097,2026-03-19 18:11:40.593855,2026-03-19 18:11:41.737038,0 days 00:00:01.143183,4.303804150384468,0.711579539223226,46.8854528817527,54.35057711067177,4.208907200977748,5.327093855950421,4.220349856315608,3.270539886928553e-07,1.5081267601261615e-18,1.5726435815927092e-16,8.484958306446407e-07,-15.512775497980186,2.0,,COMPLETE
153,,,2026-03-19 18:11:41.739030,2026-03-19 18:11:41.807801,0 days 00:00:00.068771,4.449326241089105,0.8596005670539307,49.35864499872161,50.81134614907073,4.364769975619515,5.295398869585607,4.4385759839812335,3.301766610911614e-07,1.9439788543933365e-17,4.891894128761802e-18,4.230239877878603e-07,-15.96102338571314,2.0,,PRUNED
154,0.013655483475219492,0.2832683263132707,2026-03-19 18:11:41.808803,2026-03-19 18:11:42.938026,0 days 00:00:01.129223,4.276512851494388,0.758288770247891,46.07275666381979,51.52143103345457,4.338701791235867,5.282669780692522,4.451319786508594,3.28288138698267e-07,1.9345959635883213e-17,4.8000148171729206e-17,6.916264629920575e-07,-16.145831627302886,2.0,,COMPLETE
155,0.07431146217348211,0.04433226246979795,2026-03-19 18:11:42.940019,2026-03-19 18:11:44.091175,0 days 00:00:01.151156,4.2223091267656825,0.5766015790409929,49.35864499872161,53.29546273888325,4.373040768283214,5.376779032598457,4.391725726561319,3.3016092952682095e-07,2.560088284234546e-18,5.304490571904726e-18,8.277486706575153e-08,-16.024514145084375,2.0,,COMPLETE
156,0.05723927572081095,0.3047278027879887,2026-03-19 18:11:44.092172,2026-03-19 18:11:45.323855,0 days 00:00:01.231683,4.381554044761461,0.7376517176789374,47.18687318395841,53.29546273888325,4.242248895845506,5.258641496655155,4.3943149847593,3.2733808119714225e-07,2.0441341049435e-17,1.4877481897151296e-18,8.277486706575153e-08,-16.024514145084375,2.0,,COMPLETE
157,0.03196577060843742,0.09563061521278057,2026-03-19 18:11:45.324851,2026-03-19 18:11:46.473523,0 days 00:00:01.148672,4.293967175092459,0.5470359788825011,47.831940067218945,51.242304460902965,4.314615875193821,5.25640063469232,4.47487659848093,3.260357122305778e-07,1.345017924988539e-18,9.0627418889124e-18,6.916264629920575e-07,-16.280505906826697,2.0,,COMPLETE
158,0.08878977528620396,0.2990156630726342,2026-03-19 18:11:46.475516,2026-03-19 18:11:47.642618,0 days 00:00:01.167102,4.333352527967498,0.7612749438359663,49.13446875392901,54.539492085085584,4.391428994734905,5.3233505738461355,4.255748083573955,3.260357122305778e-07,4.279923606164432e-16,1.2657400657888606e-18,2.9587860168038424e-08,-16.280505906826697,2.0,,COMPLETE
159,0.012110430970073274,0.5199868470014666,2026-03-19 18:11:47.643615,2026-03-19 18:11:48.830652,0 days 00:00:01.187037,4.368800245218149,0.8596005670539307,47.221255570997144,51.28548061930407,4.2023844071005305,5.268352067747183,4.4385759839812335,3.311479248073719e-07,2.165458696049931e-16,6.45250797193748e-17,4.230239877878603e-07,-15.96102338571314,2.0,,COMPLETE
160,0.0688597818471188,0.2089730218287737,2026-03-19 18:11:48.832650,2026-03-19 18:11:49.970403,0 days 00:00:01.137753,4.252097129381915,0.5168949865907804,46.67194233886591,50.66906779228805,4.411177814733975,5.295398869585607,4.255748083573955,3.309884809913886e-07,6.249028820873069e-17,4.891894128761802e-18,7.933054761322234e-08,-14.125729802355949,2.0,,COMPLETE
161,0.008963095807632722,0.09089647313080322,2026-03-19 18:11:49.972396,2026-03-19 18:11:51.158483,0 days 00:00:01.186087,4.277989256373244,0.6393559609940792,48.34967324008023,50.98587626304332,4.290761856021797,5.248898809059617,4.313419866405814,3.2854739681754084e-07,1.7387146514032993e-17,5.4201428678595805e-17,1.4623530527685918e-07,-16.760639571275796,2.0,,COMPLETE
162,,,2026-03-19 18:11:51.159478,2026-03-19 18:11:51.233232,0 days 00:00:00.073754,4.277989256373244,0.5158584476108585,50.370736863663225,50.98587626304332,4.290761856021797,5.149738404385992,4.255748083573955,3.2854739681754084e-07,2.0227954542638556e-15,9.0627418889124e-18,1.4623530527685918e-07,-16.760639571275796,2.0,,PRUNED
163,0.04384072534234484,0.24298327507873616,2026-03-19 18:11:51.234229,2026-03-19 18:11:52.367445,0 days 00:00:01.133216,4.2223091267656825,0.7283800824664186,47.34820931918356,54.07674249883763,4.373040768283214,5.376779032598457,4.4576819767879385,3.2733808119714225e-07,2.560088284234546e-18,5.304490571904726e-18,8.277486706575153e-08,-17.037234316251336,2.0,,COMPLETE
164,0.013783431857756547,0.38248570572645096,2026-03-19 18:11:52.368441,2026-03-19 18:11:53.711955,0 days 00:00:01.343514,4.277989256373244,0.5607879302963855,47.10511133935723,51.52143103345457,4.2485423416053605,5.3129090247956725,4.401506397931913,3.295503060210813e-07,2.760191527440387e-17,2.3522316679823952e-15,2.08829150336624e-08,-16.09162699432086,2.0,,COMPLETE
165,0.011498049293608974,0.07445946909065851,2026-03-19 18:11:53.712951,2026-03-19 18:11:54.614778,0 days 00:00:00.901827,4.270099541681746,0.5470359788825011,47.5301864613484,50.6920797894347,4.314615875193821,5.25640063469232,4.226117031834875,3.260357122305778e-07,1.783516855643734e-18,9.0627418889124e-18,1.6971293038590243e-07,-16.46892169415427,2.0,,COMPLETE
166,0.0060712410776781935,0.07411184920537466,2026-03-19 18:11:54.615774,2026-03-19 18:11:55.725070,0 days 00:00:01.109296,4.235656613221756,0.6035011282403479,46.50365759415751,54.921362434568536,4.227492892997664,5.228880545673922,4.341760142567488,3.253007871022626e-07,1.869187888433482e-17,3.3520702619870493e-16,8.669372485242265e-07,-16.801583041776833,2.0,,COMPLETE
167,0.013676281156189758,0.10065194872688119,2026-03-19 18:11:55.726067,2026-03-19 18:11:56.841302,0 days 00:00:01.115235,4.252097129381915,0.5161339848901927,47.34820931918356,54.07674249883763,4.238990747216594,5.366819518739907,4.363702820641324,3.269176131261736e-07,3.6765746541074365e-17,3.635570246607732e-18,8.285135650310628e-07,-17.037234316251336,2.0,,COMPLETE
168,0.00698357645272359,0.5215613683293872,2026-03-19 18:11:56.842298,2026-03-19 18:11:58.038305,0 days 00:00:01.196007,4.276512851494388,0.8427427026953723,46.07460055238319,50.6920797894347,4.314615875193821,5.120074224754216,4.226117031834875,3.272552581402994e-07,1.0871283535844954e-18,9.0627418889124e-18,6.916264629920575e-07,-17.18939997569026,2.0,,COMPLETE
169,0.00846509986856314,0.24484222517891796,2026-03-19 18:11:58.040297,2026-03-19 18:11:59.238298,0 days 00:00:01.198001,4.277989256373244,0.5607879302963855,47.10511133935723,50.68481923408795,4.321442680215673,5.300867165316704,4.401506397931913,3.2854739681754084e-07,2.1601674289248353e-18,1.509345030713936e-15,6.908201372198811e-07,-16.760639571275796,2.0,,COMPLETE
170,0.035307326549763186,0.112240762830496,2026-03-19 18:11:59.240290,2026-03-19 18:12:00.371247,0 days 00:00:01.130957,4.252097129381915,0.5168949865907804,46.67194233886591,51.976200683499016,4.300608104296039,5.366819518739907,4.4576819767879385,3.264147429976838e-07,2.9828880421605357e-18,3.635570246607732e-18,1.6971293038590243e-07,-17.037234316251336,2.0,,COMPLETE
171,0.025842710069380284,0.454849808796314,2026-03-19 18:12:00.373240,2026-03-19 18:12:01.554298,0 days 00:00:01.181058,4.343522120086815,0.8569331884109982,47.18687318395841,53.29546273888325,4.376502363800658,5.315022550493382,4.3943149847593,3.2512675912913e-07,2.560088284234546e-18,5.304490571904726e-18,8.277486706575153e-08,-16.024514145084375,2.0,,COMPLETE
172,,,2026-03-19 18:12:01.556292,2026-03-19 18:12:01.655958,0 days 00:00:00.099666,4.412550480981332,0.8169595716360541,48.597301521356066,54.539492085085584,4.449337139318452,5.296258540690747,4.255748083573955,3.309884809913886e-07,2.760191527440387e-17,1.5726435815927092e-16,2.08829150336624e-08,-14.980665094048774,2.0,,PRUNED
173,0.04110829391671321,0.5809257168043054,2026-03-19 18:12:01.656955,2026-03-19 18:12:02.652629,0 days 00:00:00.995674,4.276512851494388,0.8427427026953723,48.71678581536278,54.89010601039453,4.3531188083279195,5.120074224754216,4.3144140228596966,3.2800784016276483e-07,2.0227954542638556e-15,9.0627418889124e-18,6.916264629920575e-07,-16.64423206302469,2.0,,COMPLETE
174,0.07575765169506797,0.2606718293353979,2026-03-19 18:12:02.652629,2026-03-19 18:12:03.748578,0 days 00:00:01.095949,4.339167034679907,0.5158584476108585,49.178014848452165,50.98587626304332,4.227492892997664,5.149738404385992,4.42819584678788,3.296722291105124e-07,1.869187888433482e-17,5.4201428678595805e-17,1.8189888445797666e-08,-16.760639571275796,2.0,,COMPLETE
175,0.029456735358155014,0.44019990662577096,2026-03-19 18:12:03.749575,2026-03-19 18:12:04.940612,0 days 00:00:01.191037,4.449326241089105,0.8169595716360541,49.35864499872161,50.66906779228805,4.220970006628235,5.295398869585607,4.255748083573955,3.309884809913886e-07,1.923346324362418e-17,4.891894128761802e-18,7.933054761322234e-08,-14.125729802355949,2.0,,COMPLETE
176,0.017288833120279415,0.7099506980389926,2026-03-19 18:12:04.941609,2026-03-19 18:12:06.038963,0 days 00:00:01.097354,4.303804150384468,0.5247038210548087,47.31739474169735,52.82684113115951,4.474870882268748,5.110569980485492,4.220349856315608,3.2512675912913e-07,7.923073392689326e-15,1.5726435815927092e-16,2.507480490218684e-08,-15.512775497980186,2.0,,COMPLETE
177,0.002944394530432794,0.28093436337561545,2026-03-19 18:12:06.039960,2026-03-19 18:12:07.294772,0 days 00:00:01.254812,4.333352527967498,0.7612749438359663,47.831940067218945,51.242304460902965,4.391428994734905,5.293277092666529,4.258999109262337,3.311479248073719e-07,9.728614124305904e-15,3.4796215562924113e-17,2.9587860168038424e-08,-16.280505906826697,2.0,,COMPLETE
178,0.05679082359936925,0.40711323797719756,2026-03-19 18:12:07.295768,2026-03-19 18:12:08.418039,0 days 00:00:01.122271,4.276512851494388,0.8169595716360541,46.07275666381979,52.1404941626587,4.314615875193821,5.282669780692522,4.255748083573955,3.2881399427565033e-07,2.991067632149584e-16,1.1179867791717686e-18,6.553930627321735e-08,-14.980665094048774,2.0,,COMPLETE
