number,values_0,values_1,datetime_start,datetime_complete,duration,params_E_d_sh,params_G_frac,params_N_t_d,params_N_t_sh,params_W_L,params_W_R,params_W_R_sclc,params_d_sclc,params_l1_C_n_bulk,params_l1_k_dir,params_l1_mu_p,params_mu_e,system_attrs_NSGAIISampler:generation,system_attrs_fixed_params,state
295,0.04680767027464029,0.05519877675062262,2026-03-12 16:20:04.751596,2026-03-12 16:20:06.038361,0 days 00:00:01.286765,4.479890932687051,0.5067484957369444,46.206766555253616,51.18911220367599,4.2606897732593785,5.208019723126286,4.224311084884632,1.869879073017254e-07,2.1531558866857132e-18,4.845767715751589e-18,8.296641561373889e-07,-17.661802516871518,5,,COMPLETE
296,0.0370751061905517,0.77577670005819,2026-03-12 16:20:06.039366,2026-03-12 16:20:07.075790,0 days 00:00:01.036424,4.334661342782725,0.9947468107592394,48.41114016438675,51.18911220367599,4.285150288098558,5.383850792235514,4.454785241076538,1.9030662346707342e-07,2.1531558866857132e-18,4.212179063424113e-16,2.2485034718470363e-07,-15.691338352203454,5,,COMPLETE
297,0.07197333868121933,999.0,2026-03-12 16:20:07.077782,2026-03-12 16:20:08.766034,0 days 00:00:01.688252,4.331266015745508,0.5779618660413431,48.40830545410283,53.72478615858206,4.384433104102663,5.35,4.2199399720778565,2.127043576453349e-07,2.1531558866857132e-18,9.99999999999999e-18,2.799015840254763e-07,-14.044210425150215,5,,COMPLETE
298,0.02958740823597408,0.07486588315290489,2026-03-12 16:20:08.767031,2026-03-12 16:20:10.118869,0 days 00:00:01.351838,4.374771739689713,0.5495572410622286,46.825066614930904,52.110388815636846,4.2606897732593785,5.208019723126286,4.4987341258042335,2.127043576453349e-07,1.108825396719287e-18,4.845767715751589e-18,8.296641561373889e-07,-16.21055221045389,5,,COMPLETE
299,0.030169316968573584,0.044310145084287746,2026-03-12 16:20:10.119872,2026-03-12 16:20:11.587932,0 days 00:00:01.468060,4.384016154539962,0.5249189876232664,46.750406576186144,51.890915954402686,4.300405669315023,5.1954347911197605,4.265068676131519,1.9760156079118933e-07,2.1193958896873796e-15,1.2209147146466114e-18,4.187789165667718e-08,-16.114375234878562,5,,COMPLETE
300,0.00785623422525128,0.1993249582197679,2026-03-12 16:20:11.588930,2026-03-12 16:20:13.250354,0 days 00:00:01.661424,4.39593168874628,0.5067484957369444,48.24446554768787,52.110388815636846,4.445087636718405,5.208019723126286,4.217759992830597,2.0180027014638015e-07,2.1531558866857132e-18,4.845767715751589e-18,1.1213893826236842e-08,-15.785026195843301,5,,COMPLETE
301,0.0033876199764293663,0.29231301498938866,2026-03-12 16:20:13.251359,2026-03-12 16:20:14.173484,0 days 00:00:00.922125,4.331266015745508,0.6613390272594899,48.825691196573146,53.72478615858206,4.384433104102663,5.189250737333527,4.295152149538526,2.127043576453349e-07,1.108825396719287e-18,4.212179063424113e-16,2.799015840254763e-07,-16.21055221045389,5,,COMPLETE
302,,,2026-03-12 16:20:14.175478,2026-03-12 16:20:14.239266,0 days 00:00:00.063788,4.47613574687058,0.6613390272594899,46.206766555253616,54.07799342787163,4.384433104102663,5.1954347911197605,4.413996063031318,1.8091708605910482e-07,1.179930805069502e-18,4.212179063424113e-16,4.187789165667718e-08,-16.03011924676878,5,,PRUNED
303,,,2026-03-12 16:20:14.240262,2026-03-12 16:20:14.298070,0 days 00:00:00.057808,4.469936324117428,0.5779618660413431,48.40830545410283,53.72478615858206,4.384433104102663,5.189250737333527,4.295152149538526,1.9770941059125236e-07,1.108825396719287e-18,9.99999999999999e-18,9.125878333650628e-08,-16.21055221045389,5,,PRUNED
304,0.019344487637681783,0.08306424818070486,2026-03-12 16:20:14.299068,2026-03-12 16:20:15.478097,0 days 00:00:01.179029,4.3167469150366875,0.5554281677659516,46.206766555253616,50.65773248686806,4.31848656366774,5.1954347911197605,4.413996063031318,2.0302985187460024e-07,1.179930805069502e-18,8.864548643972452e-18,4.187789165667718e-08,-17.098255686939854,5,,COMPLETE
305,0.03241448441322273,0.746410225866337,2026-03-12 16:20:15.479096,2026-03-12 16:20:16.831925,0 days 00:00:01.352829,4.247840569851838,0.6747403778841488,47.967143274990704,52.70218287239069,4.41902981921064,5.318466707267925,4.402227267437485,1.876832353025081e-07,5.931151975615837e-17,3.7776294977019974e-18,5.869234315004302e-07,-18.11637498546141,5,,COMPLETE
306,0.03975445939353663,0.10528134364910481,2026-03-12 16:20:16.832921,2026-03-12 16:20:17.660127,0 days 00:00:00.827206,4.384016154539962,0.5,46.206766555253616,50.656872099270345,4.362478392556494,5.1954347911197605,4.30232892752852,1.9760156079118933e-07,1.781565357419629e-17,2.9140042953792085e-18,3.280782210444096e-08,-16.354444994345954,5,,COMPLETE
307,0.025430264327346352,0.060050665187598364,2026-03-12 16:20:17.661124,2026-03-12 16:20:18.969222,0 days 00:00:01.308098,4.47613574687058,0.5554281677659516,47.173152776202095,51.32941230272746,4.300405669315023,5.1954347911197605,4.342646382747963,1.9540729200155968e-07,6.872725624104755e-17,8.864548643972452e-18,4.239935083549169e-08,-16.03011924676878,5,,COMPLETE
308,0.019593125450098923,0.043926184324325226,2026-03-12 16:20:18.970217,2026-03-12 16:20:19.861299,0 days 00:00:00.891082,4.384016154539962,0.5067484957369444,48.870736298559144,53.097893756593145,4.300405669315023,5.2534411527595015,4.342646382747963,1.9918623071275753e-07,6.872725624104755e-17,2.9140042953792085e-18,4.077373873514901e-07,-16.265023557512162,5,,COMPLETE
309,,,2026-03-12 16:20:19.862296,2026-03-12 16:20:19.909139,0 days 00:00:00.046843,4.301919354033765,0.505187650246757,48.40830545410283,52.51675183830764,4.362478392556494,5.35,4.2199399720778565,2e-07,9.999999999999965e-17,1.2209147146466114e-18,2.809012149706376e-08,-14.044210425150215,5,,PRUNED
310,0.06896589541465038,0.03823980060970664,2026-03-12 16:20:19.909139,2026-03-12 16:20:20.916484,0 days 00:00:01.007345,4.479422632467303,0.5067484957369444,49.34162624127741,52.110388815636846,4.236856509031403,5.345821549114372,4.469120974115542,1.869879073017254e-07,2.1531558866857132e-18,4.845767715751589e-18,8.296641561373889e-07,-15.585468636554237,5,,COMPLETE
311,0.006849044342940823,0.5264834518273575,2026-03-12 16:20:20.918482,2026-03-12 16:20:22.358388,0 days 00:00:01.439906,4.39593168874628,0.5682804940581229,47.49898191939333,52.110388815636846,4.423075030557694,5.203112577281436,4.410875561627365,2.1134899382069925e-07,6.872725624104755e-17,3.8743703523120767e-16,8.296641561373889e-07,-15.785026195843301,5,,COMPLETE
312,0.09659040678906503,0.05993700539197134,2026-03-12 16:20:22.359388,2026-03-12 16:20:23.568278,0 days 00:00:01.208890,4.285843743857382,0.5,48.40830545410283,51.890915954402686,4.30447573294825,5.211232153708049,4.2199399720778565,1.8094481261246307e-07,2.1531558866857132e-18,9.99999999999999e-18,1.1253376710021117e-07,-15.267294172452925,5,,COMPLETE
313,0.045724287297821214,0.11167201506864755,2026-03-12 16:20:23.569259,2026-03-12 16:20:24.879669,0 days 00:00:01.310410,4.331266015745508,0.5554281677659516,48.825691196573146,51.32941230272746,4.2145738032143925,5.1954347911197605,4.295152149538526,2.127043576453349e-07,1.108825396719287e-18,2.9140042953792085e-18,2.799015840254763e-07,-16.21055221045389,5,,COMPLETE
314,0.00965906713330437,0.11105340518486063,2026-03-12 16:20:24.881718,2026-03-12 16:20:26.022873,0 days 00:00:01.141155,4.479890932687051,0.5067484957369444,49.34162624127741,50.671845049444414,4.436008177121881,5.303327827925093,4.387133507035807,2.0180027014638015e-07,2.1531558866857132e-18,4.845767715751589e-18,7.765965362010221e-08,-14.044210425150215,5,,COMPLETE
315,0.027723375846740745,0.1776551977472329,2026-03-12 16:20:26.023877,2026-03-12 16:20:27.333694,0 days 00:00:01.309817,4.39593168874628,0.5554281677659516,47.49898191939333,52.110388815636846,4.384433104102663,5.208019723126286,4.271038890792878,1.8091708605910482e-07,1.0788942527659665e-17,8.864548643972452e-18,2.7631392154791597e-07,-15.691338352203454,5,,COMPLETE
316,0.020539655082136156,0.17380545748964052,2026-03-12 16:20:27.335686,2026-03-12 16:20:28.663161,0 days 00:00:01.327475,4.374771739689713,0.5554281677659516,49.34162624127741,54.249467622617175,4.300405669315023,5.1954347911197605,4.224311084884632,1.9760156079118933e-07,2.1531558866857132e-18,8.864548643972452e-18,8.296641561373889e-07,-14.044210425150215,5,,COMPLETE
317,0.041399625795856786,0.04719533336739608,2026-03-12 16:20:28.664157,2026-03-12 16:20:30.222012,0 days 00:00:01.557855,4.432250505900803,0.5067484957369444,47.35371187951975,52.641367702523745,4.285150288098558,5.32647077958716,4.342646382747963,1.9005918866649316e-07,2.1531558866857132e-18,8.18444409084837e-18,2.2485034718470363e-07,-16.265023557512162,5,,COMPLETE
318,,,2026-03-12 16:20:30.223017,2026-03-12 16:20:30.294738,0 days 00:00:00.071721,4.479890932687051,0.5682804940581229,50.419355757274296,52.110388815636846,4.214451354375456,5.331874202959459,4.387133507035807,2.0180027014638015e-07,2.054582025146577e-17,4.845767715751589e-18,8.296641561373889e-07,-15.585468636554237,5,,PRUNED
319,0.02805502156129604,0.05052632328788393,2026-03-12 16:20:30.295764,2026-03-12 16:20:31.404056,0 days 00:00:01.108292,4.47613574687058,0.5067484957369444,49.34162624127741,52.110388815636846,4.2606897732593785,5.208019723126286,4.469120974115542,1.9540729200155968e-07,2.1531558866857132e-18,8.719835992561707e-18,3.4625746682079943e-07,-14.044210425150215,5,,COMPLETE
320,0.010062736546949605,0.964299419199814,2026-03-12 16:20:31.405053,2026-03-12 16:20:32.520787,0 days 00:00:01.115734,4.47613574687058,0.9875807667802945,46.76102866305695,50.65773248686806,4.300405669315023,5.399489747896432,4.342646382747963,1.9540729200155968e-07,2.6556817628958766e-17,8.864548643972452e-18,4.187789165667718e-08,-16.03011924676878,5,,COMPLETE
321,0.010927361812704343,0.39367670828027873,2026-03-12 16:20:32.521783,2026-03-12 16:20:33.712461,0 days 00:00:01.190678,4.39593168874628,0.6613390272594899,48.825691196573146,52.42197773727037,4.423075030557694,5.203112577281436,4.217759992830597,2.1134899382069925e-07,1.108825396719287e-18,3.8743703523120767e-16,2.799015840254763e-07,-15.785026195843301,5,,COMPLETE
322,,,2026-03-12 16:20:33.713458,2026-03-12 16:20:33.771266,0 days 00:00:00.057808,4.464819855861342,0.5,50.419355757274296,55.097750808966744,4.362478392556494,5.270636888891138,4.413996063031318,1.9540729200155968e-07,1.179930805069502e-18,1.2209147146466114e-18,3.280782210444096e-08,-16.114375234878562,5,,PRUNED
323,0.030015522662577752,0.10877824390257225,2026-03-12 16:20:33.771266,2026-03-12 16:20:34.999932,0 days 00:00:01.228666,4.469936324117428,0.5554281677659516,49.00623349733187,50.65773248686806,4.362478392556494,5.35,4.278967840932685,2e-07,1.179930805069502e-18,9.99999999999999e-18,4.187789165667718e-08,-14.878390228838516,5,,COMPLETE
324,0.011090453762858863,0.04992299855308664,2026-03-12 16:20:35.000931,2026-03-12 16:20:36.247824,0 days 00:00:01.246893,4.479890932687051,0.5067484957369444,46.30543337660801,50.65773248686806,4.300405669315023,5.1954347911197605,4.342646382747963,2.0180027014638015e-07,2.054582025146577e-17,1.6945496377426283e-17,4.187789165667718e-08,-16.03011924676878,5,,COMPLETE
325,0.06471820402925749,0.6826986834423879,2026-03-12 16:20:36.249817,2026-03-12 16:20:37.373614,0 days 00:00:01.123797,4.271104397580433,0.9537740541822108,47.49898191939333,52.42197773727037,4.362478392556494,5.270636888891138,4.2199399720778565,2.1134899382069925e-07,4.8456107309358685e-17,3.8743703523120767e-16,2.799015840254763e-07,-15.785026195843301,5,,COMPLETE
326,0.012991887687955582,0.24795139166730235,2026-03-12 16:20:37.374610,2026-03-12 16:20:38.417432,0 days 00:00:01.042822,4.479890932687051,0.6517491420782349,49.34162624127741,50.671845049444414,4.406334742851596,5.290723279307898,4.387133507035807,1.8773068027944915e-07,2.054582025146577e-17,4.845767715751589e-18,7.765965362010221e-08,-15.10955431406217,5,,COMPLETE
327,0.010555044155013545,0.48336896066373464,2026-03-12 16:20:38.418429,2026-03-12 16:20:39.357633,0 days 00:00:00.939204,4.374771739689713,0.5067484957369444,49.34162624127741,51.58802453807466,4.445087636718405,5.208019723126286,4.469120974115542,2.0180027014638015e-07,2.1531558866857132e-18,4.845767715751589e-18,8.296641561373889e-07,-14.044210425150215,5,,COMPLETE
328,0.01137759834937901,0.28259585402583337,2026-03-12 16:20:39.358631,2026-03-12 16:20:41.136939,0 days 00:00:01.778308,4.469936324117428,0.5249189876232664,49.34162624127741,51.890915954402686,4.2606897732593785,5.189250737333527,4.342646382747963,2.1250671850514188e-07,2.1531558866857132e-18,2.9140042953792085e-18,1.038753844698836e-08,-14.044210425150215,5,,COMPLETE
329,0.01308775117529543,0.030519458435527832,2026-03-12 16:20:41.138933,2026-03-12 16:20:42.451068,0 days 00:00:01.312135,4.469936324117428,0.5067484957369444,49.34162624127741,51.32697157879207,4.30447573294825,5.35,4.446414958753977,1.8773068027944915e-07,7.684993292813186e-15,4.33531895959131e-18,1.038753844698836e-08,-14.044210425150215,5,,COMPLETE
330,0.0286348866543309,0.011832387184898442,2026-03-12 16:20:42.452072,2026-03-12 16:20:43.679093,0 days 00:00:01.227021,4.275328926362546,0.5067484957369444,49.34162624127741,51.18911220367599,4.285150288098558,5.2534411527595015,4.469120974115542,1.869879073017254e-07,2.1531558866857132e-18,2.426127071096088e-17,8.336189544525192e-07,-16.265023557512162,5,,COMPLETE
331,0.01184155005910621,0.6147366015478448,2026-03-12 16:20:43.680090,2026-03-12 16:20:44.844225,0 days 00:00:01.164135,4.228569930482258,0.6747403778841488,47.967143274990704,53.097893756593145,4.268813091646,5.318466707267925,4.30232892752852,1.876832353025081e-07,5.931151975615837e-17,9.647470177168208e-15,9.125878333650628e-08,-18.11637498546141,6,,COMPLETE
332,0.038036892055662165,0.08016104632674227,2026-03-12 16:20:44.845228,2026-03-12 16:20:46.300536,0 days 00:00:01.455308,4.47613574687058,0.5554281677659516,49.34162624127741,51.32941230272746,4.300405669315023,5.2534411527595015,4.342646382747963,1.869879073017254e-07,2.1531558866857132e-18,8.864548643972452e-18,4.239935083549169e-08,-16.265023557512162,6,,COMPLETE
333,0.024983173248539325,0.2552785531205457,2026-03-12 16:20:46.301539,2026-03-12 16:20:47.537844,0 days 00:00:01.236305,4.469936324117428,0.5067484957369444,48.24446554768787,51.16684177993775,4.445087636718405,5.208019723126286,4.217759992830597,2.0180027014638015e-07,2.1531558866857132e-18,4.845767715751589e-18,1.1213893826236842e-08,-14.044210425150215,6,,COMPLETE
334,0.09252346469215114,0.3347759801062771,2026-03-12 16:20:47.538840,2026-03-12 16:20:48.592395,0 days 00:00:01.053555,4.247840569851838,0.6747403778841488,47.967143274990704,52.11580764647549,4.2703449923483126,5.208019723126286,4.402227267437485,1.876832353025081e-07,5.931151975615837e-17,3.7776294977019974e-18,9.125878333650628e-08,-14.743267051103802,6,,COMPLETE
335,0.07665379277277624,0.2903433935317954,2026-03-12 16:20:48.593401,2026-03-12 16:20:49.636067,0 days 00:00:01.042666,4.479890932687051,0.5067484957369444,46.30543337660801,52.348532593581375,4.436008177121881,5.303327827925093,4.387133507035807,2.0180027014638015e-07,2.054582025146577e-17,4.845767715751589e-18,7.765965362010221e-08,-15.585468636554237,6,,COMPLETE
336,0.021239798622738525,0.08682018675727589,2026-03-12 16:20:49.637072,2026-03-12 16:20:50.471358,0 days 00:00:00.834286,4.3167469150366875,0.5554281677659516,46.206766555253616,50.65773248686806,4.31848656366774,5.1954347911197605,4.413996063031318,1.9540729200155968e-07,1.179930805069502e-18,8.864548643972452e-18,3.400386679215821e-08,-17.098255686939854,6,,COMPLETE
337,0.013215425263205686,0.12208030659958155,2026-03-12 16:20:50.472355,2026-03-12 16:20:51.325890,0 days 00:00:00.853535,4.47613574687058,0.505187650246757,46.206766555253616,50.65773248686806,4.2606897732593785,5.270636888891138,4.413996063031318,1.9760156079118933e-07,6.872725624104755e-17,2.6705141097170463e-16,4.187789165667718e-08,-16.03011924676878,6,,COMPLETE
338,0.00838709823133679,0.10836740636960442,2026-03-12 16:20:51.326888,2026-03-12 16:20:52.537662,0 days 00:00:01.210774,4.47613574687058,0.5554281677659516,48.208394500029605,52.110388815636846,4.384433104102663,5.376233320648727,4.224311084884632,1.9760156079118933e-07,6.872725624104755e-17,8.864548643972452e-18,1.4427329345087266e-08,-14.044210425150215,6,,COMPLETE
339,0.02057159888361459,0.3382893856865303,2026-03-12 16:20:52.538655,2026-03-12 16:20:53.878518,0 days 00:00:01.339863,4.261267046876162,0.7052301320435301,46.206766555253616,50.65773248686806,4.362478392556494,5.270636888891138,4.413996063031318,1.9540729200155968e-07,1.179930805069502e-18,1.2209147146466114e-18,2.799015840254763e-07,-16.992915843889964,6,,COMPLETE
340,0.02418647566033504,0.2954976514525993,2026-03-12 16:20:53.878518,2026-03-12 16:20:55.361500,0 days 00:00:01.482982,4.331266015745508,0.6613390272594899,49.06720561608146,53.72478615858206,4.384433104102663,5.189250737333527,4.336473606178452,2.127043576453349e-07,1.108825396719287e-18,3.6012281004916356e-17,2.799015840254763e-07,-16.92822946685071,6,,COMPLETE
341,0.0231748632124864,0.09496995842553149,2026-03-12 16:20:55.362497,2026-03-12 16:20:56.534518,0 days 00:00:01.172021,4.39593168874628,0.5682804940581229,49.34162624127741,52.110388815636846,4.30447573294825,5.203112577281436,4.446414958753977,2.1134899382069925e-07,7.684993292813186e-15,4.33531895959131e-18,4.518095110065183e-08,-15.785026195843301,6,,COMPLETE
342,0.045001221835706505,0.11912383263203988,2026-03-12 16:20:56.535515,2026-03-12 16:20:57.565444,0 days 00:00:01.029929,4.374771739689713,0.5067484957369444,49.82501049251794,51.890915954402686,4.384938659901671,5.2534411527595015,4.469120974115542,1.8836308199465383e-07,3.660709004844983e-16,1.0956050270818993e-16,4.187789165667718e-08,-16.114375234878562,6,,COMPLETE
343,0.020126483062798014,0.032028486353907856,2026-03-12 16:20:57.566441,2026-03-12 16:20:58.460459,0 days 00:00:00.894018,4.469936324117428,0.5067484957369444,48.870736298559144,51.32697157879207,4.30447573294825,5.35,4.446414958753977,1.8685203924090387e-07,7.684993292813186e-15,2.9140042953792085e-18,1.038753844698836e-08,-14.044210425150215,6,,COMPLETE
344,0.032240645007320344,1.01098730798251,2026-03-12 16:20:58.461456,2026-03-12 16:20:59.634345,0 days 00:00:01.172889,4.39593168874628,0.9537740541822108,49.34162624127741,52.42197773727037,4.409485312629875,5.290723279307898,4.217759992830597,1.8773068027944915e-07,7.083774874400504e-18,3.8743703523120767e-16,8.296641561373889e-07,-16.823697690145167,6,,COMPLETE
345,0.0201674799434926,0.26139149649759924,2026-03-12 16:20:59.636337,2026-03-12 16:21:01.320575,0 days 00:00:01.684238,4.331266015745508,0.5067484957369444,48.24446554768787,52.110388815636846,4.445087636718405,5.189250737333527,4.217759992830597,2.127043576453349e-07,1.108825396719287e-18,4.845767715751589e-18,1.1213893826236842e-08,-16.21055221045389,6,,COMPLETE
346,0.04611087202880284,0.44025847785871747,2026-03-12 16:21:01.321572,2026-03-12 16:21:02.562896,0 days 00:00:01.241324,4.228569930482258,0.6517491420782349,49.34162624127741,52.467187111048666,4.406334742851596,5.35,4.3222117993860385,1.8773068027944915e-07,2.9337154661502123e-15,3.258513192447587e-15,8.296641561373889e-07,-15.647785742154008,6,,COMPLETE
347,0.00965906713330437,0.08395125517187148,2026-03-12 16:21:02.563904,2026-03-12 16:21:03.623030,0 days 00:00:01.059126,4.479890932687051,0.505187650246757,49.34162624127741,50.671845049444414,4.436008177121881,5.303327827925093,4.387133507035807,2.0180027014638015e-07,1.179930805069502e-18,4.845767715751589e-18,3.400386679215821e-08,-14.044210425150215,6,,COMPLETE
348,0.09249255659679313,0.18627563455174045,2026-03-12 16:21:03.624027,2026-03-12 16:21:04.445867,0 days 00:00:00.821840,4.3167469150366875,0.5,50.503308375800636,50.65773248686806,4.419262168224535,5.1954347911197605,4.3301525226024005,2.0302985187460024e-07,1.179930805069502e-18,9.320237292620392e-18,9.999999999999994e-08,-16.354444994345954,6,,COMPLETE
349,0.09857051961197141,0.13209226095079027,2026-03-12 16:21:04.446864,2026-03-12 16:21:05.370865,0 days 00:00:00.924001,4.47613574687058,0.5554281677659516,47.173152776202095,53.097893756593145,4.300405669315023,5.2534411527595015,4.342646382747963,1.9305157322550197e-07,6.872725624104755e-17,8.864548643972452e-18,4.239935083549169e-08,-16.03011924676878,6,,COMPLETE
350,0.04896288483900069,0.08517100448004392,2026-03-12 16:21:05.370865,2026-03-12 16:21:06.231058,0 days 00:00:00.860193,4.407234121796389,0.5554281677659516,46.206766555253616,50.671845049444414,4.2606897732593785,5.208019723126286,4.224311084884632,2.0180027014638015e-07,6.872725624104755e-17,8.864548643972452e-18,6.04666892567387e-08,-16.03011924676878,6,,COMPLETE
351,0.02301879144554862,0.4099735005007788,2026-03-12 16:21:06.232065,2026-03-12 16:21:08.089908,0 days 00:00:01.857843,4.39593168874628,0.9537740541822108,47.49898191939333,52.42197773727037,4.4839943323773666,5.203112577281436,4.217759992830597,2.1134899382069925e-07,4.8456107309358685e-17,3.8743703523120767e-16,1.1213893826236842e-08,-15.785026195843301,6,,COMPLETE
352,0.0029272680002580542,0.057824140867130926,2026-03-12 16:21:08.090905,2026-03-12 16:21:09.294231,0 days 00:00:01.203326,4.384016154539962,0.5067484957369444,49.34162624127741,52.110388815636846,4.2606897732593785,5.345821549114372,4.342646382747963,1.9918623071275753e-07,2.1531558866857132e-18,4.845767715751589e-18,4.077373873514901e-07,-16.265023557512162,6,,COMPLETE
353,0.01008798866162885,0.03186007550922186,2026-03-12 16:21:09.295265,2026-03-12 16:21:10.630077,0 days 00:00:01.334812,4.39593168874628,0.5067484957369444,48.870736298559144,52.110388815636846,4.2145738032143925,5.2534411527595015,4.342646382747963,2.1793008211192278e-07,2.1531558866857132e-18,2.9140042953792085e-18,1.038753844698836e-08,-16.265023557512162,6,,COMPLETE
