number,values_0,values_1,datetime_start,datetime_complete,duration,params_E_d_sh,params_G_frac,params_N_t_d,params_N_t_sh,params_W_L,params_W_R,params_W_R_sclc,params_d_sclc,params_l1_C_n_bulk,params_l1_k_dir,params_l1_mu_p,params_mu_e,system_attrs_NSGAIISampler:generation,system_attrs_fixed_params,state
118,0.007701970083892787,0.01172576060865045,2026-03-12 16:16:48.900499,2026-03-12 16:16:50.281611,0 days 00:00:01.381112,4.469936324117428,0.5,48.40830545410283,51.890915954402686,4.362478392556494,5.35,4.2199399720778565,2e-07,2.1531558866857132e-18,9.99999999999999e-18,1.038753844698836e-08,-14.044210425150215,2,,COMPLETE
119,,,2026-03-12 16:16:50.282608,2026-03-12 16:16:50.366966,0 days 00:00:00.084358,4.462480295877196,0.6517491420782349,47.173152776202095,55.212422615279465,4.4661972038449065,5.1762475771856735,4.395945117434447,1.8077945204057196e-07,2.6556817628958766e-17,3.847636616626688e-15,1.4123340876248125e-08,-14.469943033069189,2,,PRUNED
120,,,2026-03-12 16:16:50.367973,2026-03-12 16:16:50.442718,0 days 00:00:00.074745,4.228569930482258,0.5,49.34162624127741,51.890915954402686,4.310055776191808,5.396497275253186,4.30232892752852,2e-07,9.999999999999965e-17,1.2785345554084975e-18,1.038753844698836e-08,-13.83634546734438,2,,PRUNED
121,0.01811494777882745,0.2931323856646103,2026-03-12 16:16:50.443723,2026-03-12 16:16:51.685505,0 days 00:00:01.241782,4.374771739689713,0.5779618660413431,49.34162624127741,52.110388815636846,4.376607704941642,5.345821549114372,4.469120974115542,2.1848020718039347e-07,9.179277127178643e-15,4.845767715751589e-18,8.296641561373889e-07,-14.044210425150215,2,,COMPLETE
122,0.09219275780818699,0.2531839225451497,2026-03-12 16:16:51.686501,2026-03-12 16:16:52.844728,0 days 00:00:01.158227,4.384016154539962,0.6892365831304113,50.419355757274296,53.097893756593145,4.30447573294825,5.1762475771856735,4.410875561627365,2.1697632560309568e-07,6.872725624104755e-17,1.6636531310287957e-18,4.077373873514901e-07,-15.267294172452925,2,,COMPLETE
123,0.00990732425267641,0.06690330409589636,2026-03-12 16:16:52.845724,2026-03-12 16:16:54.092623,0 days 00:00:01.246899,4.47613574687058,0.5554281677659516,49.34162624127741,52.110388815636846,4.2606897732593785,5.208019723126286,4.224311084884632,1.9760156079118933e-07,6.872725624104755e-17,8.864548643972452e-18,8.296641561373889e-07,-14.044210425150215,2,,COMPLETE
124,0.03543116155324338,0.33986728112424874,2026-03-12 16:16:54.094627,2026-03-12 16:16:55.292217,0 days 00:00:01.197590,4.256572567074914,0.5554281677659516,50.419355757274296,54.07799342787163,4.384433104102663,5.271098324791991,4.224311084884632,1.9918623071275753e-07,1.0788942527659665e-17,1.8473508500047475e-15,1.4427329345087266e-08,-15.206673336463666,2,,COMPLETE
125,0.04240491157451017,0.7297977160901735,2026-03-12 16:16:55.293223,2026-03-12 16:16:56.061581,0 days 00:00:00.768358,4.452581273955187,0.8787406089779682,46.753058772038045,50.869776237992696,4.2771908001693095,5.342007574123198,4.455063053694402,2.1823630955606345e-07,2.054582025146577e-17,5.308265306621573e-17,7.765965362010221e-08,-13.884118684695022,2,,COMPLETE
126,0.06283114499113229,0.12199935993767722,2026-03-12 16:16:56.061581,2026-03-12 16:16:57.338233,0 days 00:00:01.276652,4.27270678526658,0.5554281677659516,46.206766555253616,52.110388815636846,4.300405669315023,5.335234370674769,4.224311084884632,2.1848020718039347e-07,6.872725624104755e-17,8.864548643972452e-18,4.239935083549169e-08,-16.03011924676878,2,,COMPLETE
127,0.021990436704711375,0.2508061583123877,2026-03-12 16:16:57.339230,2026-03-12 16:16:58.800232,0 days 00:00:01.461002,4.384016154539962,0.6517491420782349,46.12174036724096,52.496220069525485,4.311464937746917,5.270636888891138,4.395945117434447,2.0901925066677717e-07,1.179930805069502e-18,4.286117862806843e-18,1.038753844698836e-08,-16.857154624973216,2,,COMPLETE
128,0.005115544524274066,0.37157962608904854,2026-03-12 16:16:58.801228,2026-03-12 16:17:00.144626,0 days 00:00:01.343398,4.39593168874628,0.9537740541822108,47.49898191939333,52.42197773727037,4.423075030557694,5.203112577281436,4.217759992830597,2.1134899382069925e-07,4.8456107309358685e-17,3.8743703523120767e-16,1.1213893826236842e-08,-15.785026195843301,2,,COMPLETE
129,0.01733544195640425,0.2049666624064971,2026-03-12 16:17:00.145622,2026-03-12 16:17:01.386286,0 days 00:00:01.240664,4.308148409606638,0.6613390272594899,48.1186655296254,51.890915954402686,4.384433104102663,5.347180494997594,4.342646382747963,2.1316427196735275e-07,1.781565357419629e-17,2.9140042953792085e-18,1.038753844698836e-08,-16.857154624973216,2,,COMPLETE
130,0.019394974064760467,0.48871284289827105,2026-03-12 16:17:01.388279,2026-03-12 16:17:02.615472,0 days 00:00:01.227193,4.361809121968678,0.7219639734306927,48.825691196573146,54.78541237116072,4.398429878460175,5.123649751174906,4.295152149538526,2.057184833764814e-07,3.518948661324025e-18,4.696996894985871e-16,2.3787380806164946e-08,-13.884118684695022,2,,COMPLETE
131,0.02356486407979045,0.15045971894991417,2026-03-12 16:17:02.616478,2026-03-12 16:17:03.712586,0 days 00:00:01.096108,4.266680642451412,0.5682804940581229,50.419355757274296,52.92831391967538,4.30447573294825,5.136142264406332,4.244597927512438,1.8773068027944915e-07,1.290269789265899e-16,4.33531895959131e-18,3.8681646774323985e-08,-16.865424228041125,2,,COMPLETE
132,0.06763536899559411,0.4939172038833043,2026-03-12 16:17:03.713583,2026-03-12 16:17:05.071371,0 days 00:00:01.357788,4.419148199333439,0.7516242039779244,47.56690662719565,53.5428451284134,4.277905270041668,5.31285610163334,4.330308892284595,1.9839361033859026e-07,1.475664029280592e-17,9.500840687196848e-15,3.5259168300926486e-08,-16.471076045592465,2,,COMPLETE
133,0.030226182693118664,0.2777258559603768,2026-03-12 16:17:05.072368,2026-03-12 16:17:06.128784,0 days 00:00:01.056416,4.331266015745508,0.6800739031391962,47.28112723644212,54.20087363031102,4.384433104102663,5.362342785920805,4.226264667143951,1.84251618776978e-07,2.30961007683348e-16,5.85284541938851e-17,6.04666892567387e-08,-15.691338352203454,2,,COMPLETE
134,0.05016102008303687,0.025343786088228137,2026-03-12 16:17:06.129771,2026-03-12 16:17:07.225571,0 days 00:00:01.095800,4.3167469150366875,0.505187650246757,47.43307908507346,50.65773248686806,4.362478392556494,5.35,4.30232892752852,2e-07,9.999999999999965e-17,1.2209147146466114e-18,4.187789165667718e-08,-16.354444994345954,2,,COMPLETE
135,0.0435345221043298,0.3579446875711214,2026-03-12 16:17:07.226569,2026-03-12 16:17:08.797977,0 days 00:00:01.571408,4.231218239335022,0.7261703770754525,49.66624138301969,52.11580764647549,4.369377394233729,5.1254566385655185,4.402227267437485,1.876832353025081e-07,5.931151975615837e-17,1.8300588528559905e-18,9.125878333650628e-08,-18.11637498546141,2,,COMPLETE
136,0.09219650031439014,0.4563844450636968,2026-03-12 16:17:08.798976,2026-03-12 16:17:10.530125,0 days 00:00:01.731149,4.361809121968678,0.7219639734306927,48.41114016438675,54.34604659877778,4.398429878460175,5.386926461863241,4.383630686853201,1.8744945037715158e-07,1.0788942527659665e-17,4.212179063424113e-16,2.3787380806164946e-08,-18.38086547561723,2,,COMPLETE
137,0.09014896647589582,0.049409973013419116,2026-03-12 16:17:10.532127,2026-03-12 16:17:11.938120,0 days 00:00:01.405993,4.479890932687051,0.5554281677659516,47.213819011472,53.097893756593145,4.30447573294825,5.382326088435204,4.224311084884632,1.9918623071275753e-07,9.345650182798708e-15,4.33531895959131e-18,4.077373873514901e-07,-15.585468636554237,2,,COMPLETE
138,0.039405483541277375,0.7165196254492016,2026-03-12 16:17:11.939123,2026-03-12 16:17:13.171510,0 days 00:00:01.232387,4.457719929506211,0.9193550672606576,48.282299962465814,53.026344222469874,4.279191766558801,5.32647077958716,4.4586934942542875,2.0302985187460024e-07,4.2335957213657024e-18,8.18444409084837e-18,2.3509284697572875e-07,-14.268418097582632,2,,COMPLETE
139,0.055481615907078174,0.1010017139346945,2026-03-12 16:17:13.172507,2026-03-12 16:17:14.576845,0 days 00:00:01.404338,4.431117992446361,0.5682804940581229,48.825691196573146,53.658255420356284,4.30447573294825,5.350445295219125,4.446414958753977,1.8773068027944915e-07,1.4480680252014932e-17,4.33531895959131e-18,2.3787380806164946e-08,-15.267294172452925,2,,COMPLETE
140,0.03906827885982197,0.39740574499758136,2026-03-12 16:17:14.577843,2026-03-12 16:17:15.791690,0 days 00:00:01.213847,4.39593168874628,0.7645193289845125,47.49898191939333,51.32941230272746,4.300405669315023,5.203112577281436,4.217759992830597,2.1134899382069925e-07,6.872725624104755e-17,2.1496889052779153e-18,1.1213893826236842e-08,-15.785026195843301,2,,COMPLETE
141,0.02567664574217733,0.30989183289664235,2026-03-12 16:17:15.792694,2026-03-12 16:17:17.123957,0 days 00:00:01.331263,4.419148199333439,0.866884985354106,47.143949324820404,52.0484449419529,4.277905270041668,5.150281518930499,4.330308892284595,1.9839361033859026e-07,1.475664029280592e-17,9.500840687196848e-15,2.7765481766944995e-07,-16.761642280787864,2,,COMPLETE
142,0.037204529891865505,0.12608555200676097,2026-03-12 16:17:17.124927,2026-03-12 16:17:18.183811,0 days 00:00:01.058884,4.374771739689713,0.5067484957369444,49.34162624127741,52.110388815636846,4.2606897732593785,5.211232153708049,4.469120974115542,2.0180027014638015e-07,2.1531558866857132e-18,4.33531895959131e-18,3.8681646774323985e-08,-14.044210425150215,2,,COMPLETE
143,0.06556085725577995,0.2098242316351471,2026-03-12 16:17:18.185804,2026-03-12 16:17:20.034260,0 days 00:00:01.848456,4.384016154539962,0.5249189876232664,47.56690662719565,51.890915954402686,4.438322435555331,5.20530016338255,4.239137612720326,2.1472396435171022e-07,2.1193958896873796e-15,2.9140042953792085e-18,1.038753844698836e-08,-18.36920436364075,2,,COMPLETE
144,0.0484850577880841,0.13328835128316174,2026-03-12 16:17:20.036254,2026-03-12 16:17:21.200249,0 days 00:00:01.163995,4.256572567074914,0.5394304169214825,47.90648528650176,53.097893756593145,4.2313209562166385,5.32647077958716,4.4586934942542875,2.0302985187460024e-07,4.2335957213657024e-18,8.18444409084837e-18,4.077373873514901e-07,-15.206673336463666,2,,COMPLETE
145,0.025850569997841587,0.23079867920283895,2026-03-12 16:17:21.201253,2026-03-12 16:17:22.586560,0 days 00:00:01.385307,4.31524332356454,0.6517491420782349,46.12174036724096,55.212422615279465,4.4661972038449065,5.272742437288826,4.395945117434447,2.0901925066677717e-07,7.083774874400504e-18,2.304448909257957e-18,1.4123340876248125e-08,-14.469943033069189,2,,COMPLETE
146,0.02886422214144347,0.5652549586487201,2026-03-12 16:17:22.586560,2026-03-12 16:17:23.619106,0 days 00:00:01.032546,4.384016154539962,0.5249189876232664,48.825691196573146,51.890915954402686,4.438322435555331,5.3525146929136636,4.239137612720326,2.1250671850514188e-07,2.1193958896873796e-15,1.1695788645550363e-15,1.038753844698836e-08,-16.857154624973216,2,,COMPLETE
147,0.05837584015089626,0.41040486210793803,2026-03-12 16:17:23.620103,2026-03-12 16:17:25.139152,0 days 00:00:01.519049,4.39593168874628,0.7645193289845125,47.49898191939333,51.890915954402686,4.423075030557694,5.2229405766875185,4.217759992830597,2.1697632560309568e-07,4.8456107309358685e-17,2.9140042953792085e-18,1.1213893826236842e-08,-14.044210425150215,2,,COMPLETE
148,0.05575929548988359,0.3032593460394347,2026-03-12 16:17:25.140158,2026-03-12 16:17:26.368385,0 days 00:00:01.228227,4.331266015745508,0.6613390272594899,47.213819011472,52.92831391967538,4.384433104102663,5.3905329775977275,4.244597927512438,1.8091708605910482e-07,2.1531558866857132e-18,4.33531895959131e-18,2.799015840254763e-07,-15.691338352203454,2,,COMPLETE
149,0.061340634207983094,0.11468676549329714,2026-03-12 16:17:26.369382,2026-03-12 16:17:27.728505,0 days 00:00:01.359123,4.3167469150366875,0.5682804940581229,47.213819011472,52.92831391967538,4.31848656366774,5.270636888891138,4.413996063031318,1.8773068027944915e-07,1.179930805069502e-18,1.2209147146466114e-18,4.187789165667718e-08,-15.267294172452925,2,,COMPLETE
150,,,2026-03-12 16:17:27.730499,2026-03-12 16:17:27.850104,0 days 00:00:00.119605,4.452581273955187,0.6517491420782349,46.12174036724096,55.212422615279465,4.326982698417077,5.272742437288826,4.4879467090911245,2.0901925066677717e-07,2.5300625968407534e-18,5.308265306621573e-17,1.4123340876248125e-08,-14.505322455393825,2,,PRUNED
151,0.02567664574217733,0.3739849051462101,2026-03-12 16:17:27.852100,2026-03-12 16:17:28.813022,0 days 00:00:00.960922,4.419148199333439,0.5067484957369444,47.143949324820404,52.0484449419529,4.277905270041668,5.31285610163334,4.330308892284595,1.9839361033859026e-07,2.1531558866857132e-18,5.4344988167654365e-15,8.296641561373889e-07,-16.761642280787864,2,,COMPLETE
152,0.023845659949840805,0.3815362406747919,2026-03-12 16:17:28.814019,2026-03-12 16:17:29.608562,0 days 00:00:00.794543,4.286797378700381,0.6613390272594899,46.849303688543465,54.546859385145,4.438322435555331,5.189250737333527,4.4195088406229965,1.8091708605910482e-07,1.0788942527659665e-17,1.6201410232225547e-17,2.799015840254763e-07,-15.691338352203454,2,,COMPLETE
153,0.0913412744978764,0.12741663009323032,2026-03-12 16:17:29.609559,2026-03-12 16:17:30.777474,0 days 00:00:01.167915,4.446766425405193,0.7239636481059676,48.819031840548234,52.4424055120538,4.231168010370738,5.390995470822656,4.390428963573739,1.84251618776978e-07,1.507408566558808e-16,2.426127071096088e-17,2.2485034718470363e-07,-17.587243784213243,2,,COMPLETE
154,0.088582428232278,0.1559587931472516,2026-03-12 16:17:30.778469,2026-03-12 16:17:31.942604,0 days 00:00:01.164135,4.4778475040290076,0.6310471544427672,50.419355757274296,53.097893756593145,4.30447573294825,5.303327827925093,4.410875561627365,1.9119840914706532e-07,2.054582025146577e-17,1.6636531310287957e-18,7.765965362010221e-08,-13.884118684695022,2,,COMPLETE
155,0.06452287405006799,0.4471353758368981,2026-03-12 16:17:31.943639,2026-03-12 16:17:33.875838,0 days 00:00:01.932199,4.384016154539962,0.5249189876232664,47.173152776202095,53.665194057272274,4.398429878460175,5.1762475771856735,4.383630686853201,2.1697632560309568e-07,3.518948661324025e-18,4.696996894985871e-16,2.3787380806164946e-08,-16.992915843889964,2,,COMPLETE
156,0.010784594401080311,0.2200022795836058,2026-03-12 16:17:33.876835,2026-03-12 16:17:34.971728,0 days 00:00:01.094893,4.331266015745508,0.6613390272594899,48.208394500029605,54.07799342787163,4.384433104102663,5.376233320648727,4.295152149538526,1.8091708605910482e-07,1.0788942527659665e-17,4.212179063424113e-16,1.4427329345087266e-08,-16.361481575256875,2,,COMPLETE
157,0.03895226457889503,0.2817246635230657,2026-03-12 16:17:34.972724,2026-03-12 16:17:36.208353,0 days 00:00:01.235629,4.4745023880614605,0.7239636481059676,48.870736298559144,52.4424055120538,4.285150288098558,5.105874316561706,4.390428963573739,2.1697632560309568e-07,1.781565357419629e-17,2.426127071096088e-17,2.2485034718470363e-07,-14.112637728656937,2,,COMPLETE
158,0.013683920210399736,0.08614889903250204,2026-03-12 16:17:36.209418,2026-03-12 16:17:37.018312,0 days 00:00:00.808894,4.47613574687058,0.5554281677659516,46.206766555253616,50.65773248686806,4.300405669315023,5.1954347911197605,4.413996063031318,1.9540729200155968e-07,1.179930805069502e-18,8.864548643972452e-18,4.187789165667718e-08,-16.03011924676878,2,,COMPLETE
159,0.040367796975134124,0.2836069390685101,2026-03-12 16:17:37.018312,2026-03-12 16:17:37.971336,0 days 00:00:00.953024,4.279304736618891,0.7261703770754525,48.179157557221814,51.115205940815954,4.31981186095546,5.244643202237076,4.224311084884632,1.9178288053621892e-07,8.7540372939853e-15,3.9518959284544973e-16,2.0607386609917603e-07,-17.04025333080157,2,,COMPLETE
160,0.04320069762664609,0.11896798785718488,2026-03-12 16:17:37.973330,2026-03-12 16:17:39.200329,0 days 00:00:01.226999,4.4778475040290076,0.5067484957369444,50.01940394176415,50.671845049444414,4.436008177121881,5.303327827925093,4.469120974115542,2.0180027014638015e-07,2.054582025146577e-17,4.845767715751589e-18,7.765965362010221e-08,-13.884118684695022,2,,COMPLETE
161,0.014336979824901617,0.3905216826229711,2026-03-12 16:17:39.201326,2026-03-12 16:17:40.334943,0 days 00:00:01.133617,4.225110757582753,0.5554281677659516,46.12174036724096,55.212422615279465,4.4661972038449065,5.272742437288826,4.4381070160975975,1.9760156079118933e-07,6.872725624104755e-17,2.5184322877004446e-15,6.088130765848175e-08,-16.03011924676878,2,,COMPLETE
162,0.059964936437818084,0.14461559876195532,2026-03-12 16:17:40.335940,2026-03-12 16:17:41.424808,0 days 00:00:01.088868,4.331266015745508,0.5779618660413431,49.34162624127741,54.78541237116072,4.2606897732593785,5.347180494997594,4.295152149538526,1.8091708605910482e-07,2.1531558866857132e-18,4.212179063424113e-16,6.04666892567387e-08,-14.044210425150215,2,,COMPLETE
163,0.014764482452837265,0.31295257635354296,2026-03-12 16:17:41.426801,2026-03-12 16:17:42.740887,0 days 00:00:01.314086,4.261267046876162,0.6613390272594899,47.35371187951975,51.890915954402686,4.418751351261052,5.1762475771856735,4.342646382747963,2.1697632560309568e-07,2.6556817628958766e-17,4.212179063424113e-16,2.799015840254763e-07,-16.992915843889964,2,,COMPLETE
164,0.02856609148741063,0.10629210159157937,2026-03-12 16:17:42.742881,2026-03-12 16:17:44.017114,0 days 00:00:01.274233,4.431117992446361,0.5682804940581229,49.34162624127741,52.110388815636846,4.229970993830827,5.1954347911197605,4.410875561627365,1.8773068027944915e-07,6.872725624104755e-17,4.845767715751589e-18,8.296641561373889e-07,-14.044210425150215,2,,COMPLETE
165,0.026085759218260816,0.22924039656926914,2026-03-12 16:17:44.018111,2026-03-12 16:17:44.869985,0 days 00:00:00.851874,4.374771739689713,0.602682692329574,46.96510480668222,50.671845049444414,4.2771908001693095,5.345821549114372,4.469120974115542,2.0180027014638015e-07,6.085022353274166e-16,4.845767715751589e-18,8.296641561373889e-07,-16.265023557512162,2,,COMPLETE
166,0.0033876199764293663,0.29231301498938866,2026-03-12 16:17:44.870982,2026-03-12 16:17:45.745108,0 days 00:00:00.874126,4.331266015745508,0.6613390272594899,48.825691196573146,53.72478615858206,4.384433104102663,5.189250737333527,4.295152149538526,2.127043576453349e-07,1.108825396719287e-18,4.212179063424113e-16,2.799015840254763e-07,-16.21055221045389,2,,COMPLETE
167,0.01328101493498889,0.23863093712440453,2026-03-12 16:17:45.746103,2026-03-12 16:17:47.174644,0 days 00:00:01.428541,4.2894036759778436,0.6517491420782349,48.648565418450275,53.5428451284134,4.4380580288926765,5.272742437288826,4.3222117993860385,2.0901925066677717e-07,7.083774874400504e-18,2.304448909257957e-18,3.5259168300926486e-08,-16.471076045592465,2,,COMPLETE
168,0.05153402349178368,0.4603724596187284,2026-03-12 16:17:47.175665,2026-03-12 16:17:48.385498,0 days 00:00:01.209833,4.4060748298071655,0.7265296794997402,49.34162624127741,51.890915954402686,4.2606897732593785,5.29617849492808,4.3504276842160605,2.056383176588091e-07,2.1531558866857132e-18,2.9140042953792085e-18,1.8410647860518303e-07,-14.044210425150215,2,,COMPLETE
169,0.061565437176554584,0.1103591794939146,2026-03-12 16:17:48.386505,2026-03-12 16:17:49.563023,0 days 00:00:01.176518,4.279304736618891,0.5682804940581229,46.610149153885544,53.097893756593145,4.31981186095546,5.244643202237076,4.410875561627365,2.162783237557767e-07,4.074296716957069e-16,1.6636531310287957e-18,4.077373873514901e-07,-15.267294172452925,2,,COMPLETE
170,0.034475261946157146,0.6840007919391394,2026-03-12 16:17:49.564020,2026-03-12 16:17:50.736218,0 days 00:00:01.172198,4.247840569851838,0.6747403778841488,48.825691196573146,52.262989788693936,4.268813091646,5.350445295219125,4.446414958753977,1.876832353025081e-07,1.4480680252014932e-17,5.3258409479554946e-15,2.3787380806164946e-08,-18.11637498546141,2,,COMPLETE
171,0.02598959320661411,0.01354017736945007,2026-03-12 16:17:50.738211,2026-03-12 16:17:51.529564,0 days 00:00:00.791353,4.374771739689713,0.5067484957369444,49.34162624127741,51.18911220367599,4.285150288098558,5.2534411527595015,4.469120974115542,1.869879073017254e-07,2.1531558866857132e-18,2.426127071096088e-17,2.2485034718470363e-07,-16.265023557512162,3,,COMPLETE
172,0.09534421639680567,0.31973745295445605,2026-03-12 16:17:51.530561,2026-03-12 16:17:52.434711,0 days 00:00:00.904150,4.431117992446361,0.5682804940581229,47.15646163548254,54.78541237116072,4.386511251404959,5.362342785920805,4.410875561627365,1.8773068027944915e-07,6.872725624104755e-17,4.845767715751589e-18,6.04666892567387e-08,-15.691338352203454,3,,COMPLETE
173,0.01744878611243673,0.14705502569337034,2026-03-12 16:17:52.434711,2026-03-12 16:17:53.824716,0 days 00:00:01.390005,4.469936324117428,0.5,48.40830545410283,51.890915954402686,4.499798471748607,5.35,4.2199399720778565,2e-07,4.333147942867113e-15,1.0820244357093084e-17,1.038753844698836e-08,-14.044210425150215,3,,COMPLETE
174,0.06922416089374747,0.3322732543655527,2026-03-12 16:17:53.825713,2026-03-12 16:17:55.085859,0 days 00:00:01.260146,4.374771739689713,0.5067484957369444,49.34162624127741,52.110388815636846,4.418751351261052,5.1762475771856735,4.469120974115542,2.0180027014638015e-07,2.1531558866857132e-18,4.212179063424113e-16,2.803051082185707e-07,-16.992915843889964,3,,COMPLETE
175,0.07613139350582958,0.10217729142275586,2026-03-12 16:17:55.086862,2026-03-12 16:17:56.380208,0 days 00:00:01.293346,4.414992737009868,0.5249189876232664,47.967143274990704,52.11580764647549,4.268813091646,5.1762475771856735,4.342646382747963,2.1697632560309568e-07,2.6556817628958766e-17,3.7776294977019974e-18,7.745091510787422e-08,-18.11637498546141,3,,COMPLETE
176,,,2026-03-12 16:17:56.381206,2026-03-12 16:17:56.436131,0 days 00:00:00.054925,4.47613574687058,0.6733535703777729,47.56690662719565,53.5428451284134,4.2423107048687365,5.1954347911197605,4.413996063031318,2.1250671850514188e-07,1.108825396719287e-18,1.6201410232225547e-17,4.187789165667718e-08,-16.099718570567102,3,,PRUNED
