number,values_0,values_1,datetime_start,datetime_complete,duration,params_E_d_sh,params_G_frac,params_N_t_d,params_N_t_sh,params_W_L,params_W_R,params_W_R_sclc,params_d_sclc,params_l1_C_n_bulk,params_l1_k_dir,params_l1_mu_p,params_mu_e,system_attrs_NSGAIISampler:generation,system_attrs_fixed_params,state
0,0.048301645377009296,0.018883622859003295,2026-03-12 16:14:55.169841,2026-03-12 16:14:57.082618,0 days 00:00:01.912777,4.228569930482258,0.5,48.40830545410283,50.656872099270345,4.362478392556494,5.35,4.30232892752852,2e-07,1e-16,1e-17,1e-07,-16.354444994345954,0,"{'d_sclc': 2e-07, 'W_L': 4.362478392556494, 'mu_e': -16.354444994345954, 'E_d_sh': 4.228569930482258, 'N_t_sh': 50.656872099270345, 'N_t_d': 48.40830545410283, 'W_R': 5.35, 'G_frac': 0.5, 'l1_k_dir': 1e-17, 'l1_C_n_bulk': 1e-16, 'l1_mu_p': 1e-07}",COMPLETE
1,,,2026-03-12 16:14:57.083614,2026-03-12 16:14:57.139429,0 days 00:00:00.055815,4.429621961075,0.8454698936901486,48.11123990050245,52.57699684232536,4.272671217887017,5.159018468887667,4.489793727282391,1.9775664680933045e-07,3.8485758422778376e-16,8.199309165004798e-15,1.5723361382069144e-08,-17.86500242886101,0,,PRUNED
2,0.042289039998250184,0.4123827192781893,2026-03-12 16:14:57.139429,2026-03-12 16:14:57.944475,0 days 00:00:00.805046,4.371445872237486,0.8448333323969535,48.71758162374603,51.65835663998943,4.265431250750321,5.171488539307772,4.475528511906865,1.932423298274271e-07,8.187724611473806e-18,1.7449410820007103e-15,1.1049561055953835e-08,-14.568909096905934,0,,COMPLETE
3,0.044229107182300734,0.5866123539495616,2026-03-12 16:14:57.945460,2026-03-12 16:14:58.876708,0 days 00:00:00.931248,4.258396159273696,0.9625510893251703,50.22838190546308,51.27921733270143,4.290572544458427,5.222157283632339,4.236330783525322,2.1316964135973835e-07,2.0104184391978377e-16,5.3841476262076e-17,6.247105852695638e-08,-17.6681110920904,0,,COMPLETE
4,0.025217480365190333,0.2687754678490241,2026-03-12 16:14:58.877705,2026-03-12 16:14:59.684433,0 days 00:00:00.806728,4.4778475040290076,0.6310471544427672,50.01940394176415,50.671845049444414,4.2771908001693095,5.303327827925093,4.455063053694402,2.057184833764814e-07,2.054582025146577e-17,6.947818327663128e-18,7.765965362010221e-08,-13.884118684695022,0,,COMPLETE
5,,,2026-03-12 16:14:59.685429,2026-03-12 16:14:59.738252,0 days 00:00:00.052823,4.354915085737125,0.6853286905331875,50.573544285587005,52.14234196282354,4.438037865685853,5.284398121767157,4.315570480908004,1.9851311910004627e-07,4.754327324803461e-15,9.355153079152133e-17,5.86096646855177e-08,-16.183546265811223,0,,PRUNED
6,,,2026-03-12 16:14:59.739249,2026-03-12 16:14:59.786248,0 days 00:00:00.046999,4.289374017977659,0.8118153786368767,46.29226231339353,51.18024812303155,4.237424673032148,5.122661847402631,4.256820562555203,1.9068339023289213e-07,3.3273826230379927e-16,2.6041789124837433e-18,4.989859749689744e-07,-13.851967384118218,0,,PRUNED
7,,,2026-03-12 16:14:59.787241,2026-03-12 16:14:59.851026,0 days 00:00:00.063785,4.465951375691698,0.5193262515324135,48.12965956330687,52.21745686125628,4.391688314634886,5.3865686340539725,4.340862834604949,1.9133690976581993e-07,8.588730339383623e-16,1.3526210757029538e-17,1.1087774490703472e-07,-18.031425030754452,0,,PRUNED
8,0.04079331186935445,0.37208476072128965,2026-03-12 16:14:59.852022,2026-03-12 16:15:01.001726,0 days 00:00:01.149704,4.337077250936871,0.7398330147839668,47.156195205960444,55.118767000538206,4.32862610730016,5.1762475771856735,4.400189697336023,1.8716285163002084e-07,1.0698719793567643e-16,3.847636616626688e-15,7.745091510787422e-08,-16.992915843889964,0,,COMPLETE
9,0.005115544524274066,0.31306813456396104,2026-03-12 16:15:01.001726,2026-03-12 16:15:02.048242,0 days 00:00:01.046516,4.39593168874628,0.7645193289845125,47.49898191939333,52.42197773727037,4.423075030557694,5.203112577281436,4.217759992830597,2.1134899382069925e-07,4.8456107309358685e-17,3.8743703523120767e-16,1.1213893826236842e-08,-15.785026195843301,0,,COMPLETE
10,,,2026-03-12 16:15:02.048242,2026-03-12 16:15:02.095848,0 days 00:00:00.047606,4.444778004366913,0.8291156220771092,46.78211066599058,53.96743000869268,4.206010188305228,5.190418748786256,4.431189649230744,1.8916606771385744e-07,5.0757638877606865e-17,3.0330940867250717e-18,1.2740853988473042e-08,-17.71153346151731,0,,PRUNED
11,,,2026-03-12 16:15:02.096846,2026-03-12 16:15:02.149454,0 days 00:00:00.052608,4.4703473429925635,0.7688367853774348,50.355744259669464,52.14598254025533,4.366548767204051,5.132458693932834,4.393642451664799,2.103687888004473e-07,2.8928545545742234e-15,2.304584083298417e-18,1.0977518604166808e-08,-16.358378616704233,0,,PRUNED
12,0.09535607048754258,0.47243956724195457,2026-03-12 16:15:02.149454,2026-03-12 16:15:03.532428,0 days 00:00:01.382974,4.373621415303911,0.7918849603870601,46.65395248550927,54.067380888453144,4.231646504741437,5.123649751174906,4.383630686853201,2.1850398271058022e-07,3.85583070701779e-18,4.696996894985871e-16,1.519042517827275e-08,-18.214928617255936,0,,COMPLETE
13,,,2026-03-12 16:15:03.533425,2026-03-12 16:15:03.590591,0 days 00:00:00.057166,4.450062585509953,0.9880252371357519,49.7866947097725,53.113024066039785,4.312093628410632,5.355401654730721,4.386992459253488,2.1565614934887277e-07,1.4727561540358242e-17,1.2108032531900128e-17,2.5834467315426756e-08,-17.84139720382902,0,,PRUNED
14,,,2026-03-12 16:15:03.591587,2026-03-12 16:15:03.640500,0 days 00:00:00.048913,4.41979966350082,0.8354618868080186,47.811686252201795,53.9927992436907,4.424062234603585,5.35500854774353,4.30932856524204,2.0005541262803767e-07,1.5063265107500921e-16,8.123628384635744e-18,4.2126437599030654e-08,-17.83022609814782,0,,PRUNED
15,0.030184912401136344,0.08012587643025965,2026-03-12 16:15:03.641497,2026-03-12 16:15:04.410680,0 days 00:00:00.769183,4.256572567074914,0.5554281677659516,50.419355757274296,53.097893756593145,4.300405669315023,5.1954347911197605,4.224311084884632,1.9918623071275753e-07,6.872725624104755e-17,1.6636531310287957e-18,4.077373873514901e-07,-15.206673336463666,0,,COMPLETE
16,0.018494745174847324,0.3177729452357799,2026-03-12 16:15:04.410680,2026-03-12 16:15:05.220507,0 days 00:00:00.809827,4.286797378700381,0.6733535703777729,47.56690662719565,53.5428451284134,4.438322435555331,5.189250737333527,4.3222117993860385,2.1250671850514188e-07,1.108825396719287e-18,1.6201410232225547e-17,3.5259168300926486e-08,-16.471076045592465,0,,COMPLETE
17,0.02567664574217733,0.3185993838971358,2026-03-12 16:15:05.221504,2026-03-12 16:15:06.042731,0 days 00:00:00.821227,4.419148199333439,0.866884985354106,47.143949324820404,52.0484449419529,4.277905270041668,5.31285610163334,4.330308892284595,1.9839361033859026e-07,1.475664029280592e-17,9.500840687196848e-15,2.7765481766944995e-07,-16.761642280787864,0,,COMPLETE
18,0.0766774168162005,1.564511351644861,2026-03-12 16:15:06.043726,2026-03-12 16:15:06.984127,0 days 00:00:00.940401,4.278990874424543,0.5831739226572001,49.9180966886021,51.36010184220639,4.249745452090818,5.104087756325411,4.350818945789232,1.9437795989447175e-07,1.5696221784317525e-18,1.8689227689548105e-18,1.1503544147280815e-08,-14.600328919733533,0,,COMPLETE
19,0.0486926029477797,0.12526605043773342,2026-03-12 16:15:06.985124,2026-03-12 16:15:07.708136,0 days 00:00:00.723012,4.226259955980726,0.5779618660413431,47.28112723644212,51.30570176710872,4.221886407967457,5.362342785920805,4.226264667143951,2.1848020718039347e-07,5.749948669915917e-18,5.85284541938851e-17,6.04666892567387e-08,-16.611022714062187,0,,COMPLETE
20,0.09299266733157686,0.4667103100158451,2026-03-12 16:15:07.709132,2026-03-12 16:15:08.773597,0 days 00:00:01.064465,4.261424811364733,0.9411910914507851,49.19887190565993,54.75930862972938,4.497478549579425,5.361457164516942,4.207136513344403,2.181502503002946e-07,1.7604493598287263e-18,2.441455202345126e-17,1.4569700575464946e-08,-18.117813948896032,0,,COMPLETE
21,,,2026-03-12 16:15:08.773597,2026-03-12 16:15:08.832401,0 days 00:00:00.058804,4.448256936723662,0.7171272735455276,50.373847844137,53.38978988896209,4.288587494171896,5.196026825949459,4.471924261303765,1.8545026666913207e-07,4.532598681374014e-16,4.231991540431157e-17,1.4979319751615728e-07,-18.093510674865463,0,,PRUNED
22,0.047081217501067946,0.2582191307216238,2026-03-12 16:15:08.833397,2026-03-12 16:15:09.967174,0 days 00:00:01.133777,4.446362959595755,0.705788988795838,47.03781699506234,52.41093935752552,4.338831561416351,5.292129447727375,4.284036096916483,2.0477401950170793e-07,1.0742365334852059e-16,9.607862483869657e-18,2.1210378224686173e-07,-16.006532789085085,0,,COMPLETE
23,0.037204529891865505,0.06864825750163495,2026-03-12 16:15:09.968171,2026-03-12 16:15:10.905741,0 days 00:00:00.937570,4.374771739689713,0.5067484957369444,49.34162624127741,52.110388815636846,4.2606897732593785,5.208019723126286,4.469120974115542,2.0180027014638015e-07,2.1531558866857132e-18,4.845767715751589e-18,8.296641561373889e-07,-14.044210425150215,0,,COMPLETE
24,0.07543605171215481,0.5463417291519785,2026-03-12 16:15:10.906739,2026-03-12 16:15:11.833286,0 days 00:00:00.926547,4.286097840544948,0.9496713285828982,48.179157557221814,51.50097139329897,4.31981186095546,5.244643202237076,4.223727244433621,2.162783237557767e-07,4.074296716957069e-16,1.9066936136638278e-15,1.5465348525572802e-07,-15.448229499713984,0,,COMPLETE
25,0.028022344643331903,0.529200538820347,2026-03-12 16:15:11.834283,2026-03-12 16:15:12.720161,0 days 00:00:00.885878,4.387145923043483,0.8467126493251063,47.769093317848856,52.29198342896776,4.277867050722336,5.152378815379101,4.2932615173847415,1.919805235359778e-07,4.9666306609400176e-18,1.6537545950186527e-17,1.7448091517685605e-07,-15.778033106102006,0,,COMPLETE
26,0.0998456338207206,0.10392853639580255,2026-03-12 16:15:12.721157,2026-03-12 16:15:13.565914,0 days 00:00:00.844757,4.450455328508108,0.7239636481059676,48.998348502100264,52.4424055120538,4.285150288098558,5.2534411527595015,4.390428963573739,1.869879073017254e-07,1.507408566558808e-16,2.426127071096088e-17,2.2485034718470363e-07,-17.587243784213243,0,,COMPLETE
27,0.05288004277833752,0.5256747305063758,2026-03-12 16:15:13.566990,2026-03-12 16:15:14.415002,0 days 00:00:00.848012,4.31120155748882,0.9377449798335313,46.246021454705485,54.93745446324198,4.374903325575712,5.280483562154899,4.295630943263796,2.1248712299077185e-07,2.165198048218805e-18,1.3559703330495144e-15,4.659214599709664e-08,-14.543266089844206,0,,COMPLETE
28,0.012227371582409186,0.3323517270351776,2026-03-12 16:15:14.415896,2026-03-12 16:15:15.272750,0 days 00:00:00.856854,4.231218239335022,0.7261703770754525,49.66624138301969,51.115205940815954,4.369377394233729,5.1254566385655185,4.257132143105655,1.9178288053621892e-07,8.7540372939853e-15,3.9518959284544973e-16,2.0607386609917603e-07,-17.04025333080157,0,,COMPLETE
29,0.025850569997841587,0.23079867920283895,2026-03-12 16:15:15.273746,2026-03-12 16:15:16.254930,0 days 00:00:00.981184,4.31524332356454,0.6517491420782349,46.12174036724096,55.212422615279465,4.4661972038449065,5.272742437288826,4.395945117434447,2.0901925066677717e-07,7.083774874400504e-18,2.304448909257957e-18,1.4123340876248125e-08,-14.469943033069189,0,,COMPLETE
30,0.06900169104193883,0.6878328600257702,2026-03-12 16:15:16.255937,2026-03-12 16:15:17.717186,0 days 00:00:01.461249,4.32364930975378,0.8309074134405654,47.10939020654765,55.14017539895852,4.31318263258296,5.112284097496583,4.264403795312964,2.181068135280135e-07,3.9230466710558165e-15,7.072744391043626e-15,3.9484635078993325e-08,-18.12321216290156,0,,COMPLETE
31,0.049787225730876,0.47515009647720297,2026-03-12 16:15:17.718183,2026-03-12 16:15:18.535745,0 days 00:00:00.817562,4.349488755690749,0.7440180813401834,49.44298521053743,51.93020177617549,4.477790398329294,5.238561154644191,4.281690728983277,1.8851054218402796e-07,7.022967852583895e-17,7.226797890559941e-17,9.930732289920301e-08,-13.899898114700708,0,,COMPLETE
32,,,2026-03-12 16:15:18.536742,2026-03-12 16:15:18.602150,0 days 00:00:00.065408,4.477823208738979,0.7227047336640356,50.15920649911806,52.59684108327315,4.344410186814059,5.306655655686098,4.216801920293488,2.0169966077171324e-07,3.1831966547732373e-18,1.5514666230323413e-16,2.6880579690226874e-07,-17.361447804727877,0,,PRUNED
33,0.09511776229277102,0.5895177197233221,2026-03-12 16:15:18.603148,2026-03-12 16:15:19.569955,0 days 00:00:00.966807,4.32942420550461,0.8024377290856027,50.08637710269343,51.200584477949626,4.370801251631051,5.330373789395773,4.36969308671112,2.1195747362304958e-07,7.621582579039573e-16,2.6162521228400888e-17,8.138589196768364e-07,-18.41963755785713,0,,COMPLETE
34,,,2026-03-12 16:15:19.570952,2026-03-12 16:15:19.614677,0 days 00:00:00.043725,4.249910003701992,0.5675916334556419,47.80900673257215,52.31310203600033,4.343422202402187,5.363068409771821,4.345337690341993,1.9153899879591594e-07,8.108482570252333e-16,2.318870064990599e-15,7.550178956448719e-08,-14.453241966532879,0,,PRUNED
35,0.04901568616332654,0.43165740389488144,2026-03-12 16:15:19.615683,2026-03-12 16:15:20.317814,0 days 00:00:00.702131,4.275832545225793,0.8479233473821948,49.52009143676193,54.62731495524211,4.222140800328618,5.104647016532762,4.350407812529071,1.8323960528080134e-07,2.8759499942166494e-15,1.4448351075017977e-15,6.434187598076647e-08,-15.759093568212418,0,,COMPLETE
36,0.035699208905051766,0.6496427785174167,2026-03-12 16:15:20.318819,2026-03-12 16:15:21.125492,0 days 00:00:00.806673,4.46962819030088,0.9193550672606576,46.605907229693564,50.85844756675672,4.279191766558801,5.217560644793689,4.3063594564556205,1.9394894367554447e-07,8.319817364585936e-16,1.5229079502720897e-17,1.0119854474198849e-07,-17.63616332460428,0,,COMPLETE
37,,,2026-03-12 16:15:21.126489,2026-03-12 16:15:21.182305,0 days 00:00:00.055816,4.270130878757718,0.8923973474397968,46.935116340315524,52.180032948981484,4.331604068047931,5.244274008205622,4.404182746638473,1.8333457040272162e-07,1.7449418742485402e-17,2.6894902482359266e-15,3.945538597261059e-07,-14.1929010502753,0,,PRUNED
38,0.05165582696935211,0.3572743667251724,2026-03-12 16:15:21.182305,2026-03-12 16:15:23.094450,0 days 00:00:01.912145,4.380675429424347,0.8783139159253011,48.208394500029605,54.07799342787163,4.370992115913216,5.271098324791991,4.4383492353577,1.9726844803947968e-07,7.340570971287714e-15,3.440827338161045e-17,1.4427329345087266e-08,-16.361481575256875,0,,COMPLETE
39,0.09429563427001234,0.9873531366216665,2026-03-12 16:15:23.097444,2026-03-12 16:15:24.404507,0 days 00:00:01.307063,4.387810645684639,0.971076215462563,49.92156767357732,52.97172654189849,4.398242125399557,5.26397048669674,4.2547849993447375,2.069595509860933e-07,4.899148186863353e-16,1.0579264471984547e-16,7.831174852660427e-07,-17.639142109839117,0,,COMPLETE
40,0.02834360464829548,0.26313611460878816,2026-03-12 16:15:24.406503,2026-03-12 16:15:25.467301,0 days 00:00:01.060798,4.361809121968678,0.7219639734306927,48.825691196573146,53.72478615858206,4.398429878460175,5.3525146929136636,4.446414958753977,1.8744945037715158e-07,3.518948661324025e-18,1.1695788645550363e-15,2.3787380806164946e-08,-16.21055221045389,0,,COMPLETE
41,0.05425982201995496,0.3865243325052592,2026-03-12 16:15:25.468290,2026-03-12 16:15:26.284154,0 days 00:00:00.815864,4.296019480421177,0.7770371799458932,47.644728078981615,52.484659286043964,4.315468823822054,5.370655636772012,4.285470637978717,2.1319017807267956e-07,5.769383787599853e-15,6.641174634621327e-15,6.309256257766184e-07,-16.09632456357968,0,,COMPLETE
42,0.06826357808073452,0.06440184604890906,2026-03-12 16:15:26.285151,2026-03-12 16:15:27.266132,0 days 00:00:00.980981,4.479890932687051,0.5682804940581229,47.213819011472,52.92831391967538,4.30447573294825,5.211232153708049,4.244597927512438,1.8773068027944915e-07,9.345650182798708e-15,4.33531895959131e-18,3.8681646774323985e-08,-15.267294172452925,0,,COMPLETE
43,0.026308113986146627,0.09915944886949969,2026-03-12 16:15:27.267129,2026-03-12 16:15:28.203238,0 days 00:00:00.936109,4.457719929506211,0.5394304169214825,48.282299962465814,52.641367702523745,4.2313209562166385,5.32647077958716,4.4586934942542875,2.0302985187460024e-07,4.2335957213657024e-18,8.18444409084837e-18,2.3509284697572875e-07,-14.268418097582632,0,,COMPLETE
44,0.036353972712425145,0.8575308409351419,2026-03-12 16:15:28.204234,2026-03-12 16:15:29.020732,0 days 00:00:00.816498,4.282529987831216,0.9721074439084849,49.14187892115245,50.86227868158973,4.352294445236369,5.3475012137291085,4.492794933621718,2.1716745894896592e-07,5.275731872304078e-15,1.2546203124392401e-17,8.556106467897518e-08,-14.128627220957332,0,,COMPLETE
45,0.057642762564058966,0.43160412127263,2026-03-12 16:15:29.021729,2026-03-12 16:15:30.086989,0 days 00:00:01.065260,4.392158593681712,0.8408581961315988,49.70456457844703,54.44035412930476,4.415132290586833,5.153605509769168,4.464587381163064,1.8486942500312398e-07,3.382221784481635e-17,8.444873358888266e-17,1.0345394276836002e-07,-15.176390270847431,0,,COMPLETE
46,0.08485023753881159,0.09566445373292146,2026-03-12 16:15:30.086989,2026-03-12 16:15:31.128033,0 days 00:00:01.041044,4.446766425405193,0.6800739031391962,48.819031840548234,54.20087363031102,4.294471672019359,5.390995470822656,4.340700932923617,1.84251618776978e-07,2.140584306008375e-15,3.0549827203518004e-17,1.9449777175342386e-07,-15.371105222363989,0,,COMPLETE
47,0.04607219596597425,0.4885067999727395,2026-03-12 16:15:31.129044,2026-03-12 16:15:31.918507,0 days 00:00:00.789463,4.266680642451412,0.6568965065334504,49.16174255081293,53.91641223681374,4.47718053238056,5.136142264406332,4.33240247340286,2.1693024545152824e-07,2.4613692179304825e-17,8.821787229577493e-16,2.1444420693282628e-07,-13.837806714866243,0,,COMPLETE
48,0.018681342223947614,0.5126107918882901,2026-03-12 16:15:31.919508,2026-03-12 16:15:32.814049,0 days 00:00:00.894541,4.4099025955492746,0.7265296794997402,48.64545524266159,52.434786410977516,4.48216314552329,5.134452457599359,4.390362640952343,1.9230927588414575e-07,3.296734510551465e-15,3.3152488873379867e-15,1.8410647860518303e-07,-14.005888580631458,0,,COMPLETE
49,0.049042435049712715,0.8515173178813911,2026-03-12 16:15:32.814049,2026-03-12 16:15:33.705474,0 days 00:00:00.891425,4.44749079522626,0.9470703346154115,48.87867883100644,50.85688656368255,4.276128185664122,5.29617849492808,4.3504276842160605,1.9524726837478682e-07,1.545901254221565e-15,6.344233529272652e-18,2.8774293305469404e-08,-14.683869275802738,0,,COMPLETE
50,0.015509348691607559,0.5025540003433563,2026-03-12 16:15:33.706471,2026-03-12 16:15:34.661660,0 days 00:00:00.955189,4.47613574687058,0.9711981440928776,46.206766555253616,51.32941230272746,4.2502716355513535,5.101695280324806,4.201293028642023,1.9289382714979506e-07,1.0588569916535153e-15,4.533213061488384e-16,4.239935083549169e-08,-16.03011924676878,0,,COMPLETE
51,0.049806343801672655,0.7544622612324554,2026-03-12 16:15:34.662657,2026-03-12 16:15:35.465064,0 days 00:00:00.802407,4.23003705058188,0.9654128228127993,49.73203717414347,55.197602443781605,4.307674080672105,5.1684060990995935,4.298504875500867,2.0317955830241428e-07,2.0896225856296855e-18,2.7833420351333964e-18,6.585359608092469e-07,-15.492123460690737,0,,COMPLETE
52,,,2026-03-12 16:15:35.466060,2026-03-12 16:15:35.521390,0 days 00:00:00.055330,4.299361862227146,0.8119345078739966,47.61520216587926,51.50730445824098,4.241385646673422,5.292756977739851,4.3591228977830125,1.8605221615142855e-07,5.137797723744382e-16,1.3476048487265021e-17,6.798539210880515e-07,-14.10558245119348,0,,PRUNED
53,0.03703405545898717,0.6522741634297816,2026-03-12 16:15:35.522376,2026-03-12 16:15:36.432862,0 days 00:00:00.910486,4.4252876546997495,0.6625083402514651,50.18717814611182,52.63337210318518,4.414162208874543,5.185640785801726,4.337070199499007,1.903144957324175e-07,5.06674513727174e-16,7.736948207548234e-17,6.812720057575466e-07,-14.685804241924178,0,,COMPLETE
54,0.0716501937748824,0.26408708193139396,2026-03-12 16:15:36.433859,2026-03-12 16:15:37.435990,0 days 00:00:01.002131,4.338402855202309,0.9800924474986126,48.28212044211971,54.34604659877778,4.356057886572606,5.383850792235514,4.454785241076538,1.9030662346707342e-07,3.4990494676645982e-15,6.848742396586425e-16,7.925720567362669e-08,-17.99124664773659,0,,COMPLETE
55,0.016860955940568963,0.33252132128383094,2026-03-12 16:15:37.436987,2026-03-12 16:15:38.281997,0 days 00:00:00.845010,4.331266015745508,0.6613390272594899,46.849303688543465,54.78541237116072,4.384433104102663,5.347180494997594,4.295152149538526,1.8091708605910482e-07,1.0788942527659665e-17,4.212179063424113e-16,2.799015840254763e-07,-15.691338352203454,0,,COMPLETE
56,,,2026-03-12 16:15:38.282993,2026-03-12 16:15:38.330181,0 days 00:00:00.047188,4.259906057759582,0.6044592508432713,50.11672196911424,54.32045077387298,4.482753350212726,5.1578206436037375,4.3222583934000385,2.1273918062563524e-07,2.2176805084678036e-17,1.7803839159466074e-17,2.74256738574547e-08,-17.319149959949236,0,,PRUNED
57,0.009150081718852324,0.3530905656561368,2026-03-12 16:15:38.331167,2026-03-12 16:15:39.243891,0 days 00:00:00.912724,4.247840569851838,0.6747403778841488,47.967143274990704,52.11580764647549,4.268813091646,5.318466707267925,4.402227267437485,1.876832353025081e-07,5.931151975615837e-17,3.7776294977019974e-18,9.125878333650628e-08,-18.11637498546141,0,,COMPLETE
58,0.0686977650530175,0.601442635832543,2026-03-12 16:15:39.245885,2026-03-12 16:15:40.069517,0 days 00:00:00.823632,4.312627954636536,0.9289865591720836,50.59898871303089,52.01163565218142,4.309442188663617,5.209189695559793,4.369153632203463,2.0674516595010622e-07,1.691012791723228e-17,5.632441527093711e-16,1.1033405987861238e-07,-15.06701299917394,0,,COMPLETE
