number,values_0,values_1,datetime_start,datetime_complete,duration,params_E_d_sh,params_G_frac,params_N_t_d,params_N_t_sh,params_W_L,params_W_R,params_W_R_sclc,params_d_sclc,params_l1_C_n_bulk,params_l1_k_dir,params_l1_mu_p,params_mu_e,system_attrs_NSGAIISampler:generation,system_attrs_fixed_params,state
354,0.06866386710585605,0.26338805995157066,2026-03-12 16:21:10.630077,2026-03-12 16:21:11.393562,0 days 00:00:00.763485,4.331266015745508,0.6613390272594899,50.419355757274296,53.72478615858206,4.362478392556494,5.189250737333527,4.295152149538526,2.127043576453349e-07,1.108825396719287e-18,4.212179063424113e-16,2.799015840254763e-07,-15.963117548711375,6,,COMPLETE
355,0.07700409395554514,0.06496418358020258,2026-03-12 16:21:11.394558,2026-03-12 16:21:12.113198,0 days 00:00:00.718640,4.39593168874628,0.5067484957369444,50.55536931425936,52.110388815636846,4.285150288098558,5.203112577281436,4.304054827310459,2.1134899382069925e-07,6.872725624104755e-17,4.845767715751589e-18,8.296641561373889e-07,-15.785026195843301,6,,COMPLETE
356,0.014329760212044747,0.037583688899338864,2026-03-12 16:21:12.114195,2026-03-12 16:21:13.450761,0 days 00:00:01.336566,4.374771739689713,0.5067484957369444,49.34162624127741,50.65773248686806,4.2606897732593785,5.270636888891138,4.245815833423885,2.0180027014638015e-07,1.179930805069502e-18,4.845767715751589e-18,3.400386679215821e-08,-17.077083267395306,6,,COMPLETE
357,0.02805502156129604,0.14132486952516046,2026-03-12 16:21:13.451758,2026-03-12 16:21:15.032255,0 days 00:00:01.580497,4.47613574687058,0.62301856805859,49.34162624127741,52.110388815636846,4.2606897732593785,5.1954347911197605,4.469120974115542,1.9540729200155968e-07,2.1531558866857132e-18,8.864548643972452e-18,3.4625746682079943e-07,-14.044210425150215,6,,COMPLETE
358,0.04106480732559295,0.23363278353738484,2026-03-12 16:21:15.034240,2026-03-12 16:21:16.330007,0 days 00:00:01.295767,4.331266015745508,0.5067484957369444,46.30543337660801,50.671845049444414,4.391499533689947,5.189250737333527,4.295152149538526,2.194745434598921e-07,2.054582025146577e-17,4.212179063424113e-16,7.765965362010221e-08,-16.21055221045389,6,,COMPLETE
359,0.05763282658838826,0.09236565601751244,2026-03-12 16:21:16.331004,2026-03-12 16:21:17.470959,0 days 00:00:01.139955,4.228569930482258,0.5554281677659516,47.63888335957475,50.656872099270345,4.300405669315023,5.1954347911197605,4.342646382747963,1.9540729200155968e-07,2.6556817628958766e-17,8.864548643972452e-18,4.187789165667718e-08,-16.354444994345954,6,,COMPLETE
360,0.00948152841359073,0.25484175599301867,2026-03-12 16:21:17.471957,2026-03-12 16:21:18.438257,0 days 00:00:00.966300,4.39593168874628,0.7645193289845125,47.49898191939333,52.42197773727037,4.300405669315023,5.2534411527595015,4.342646382747963,1.9918623071275753e-07,6.872725624104755e-17,3.8743703523120767e-16,1.1213893826236842e-08,-15.785026195843301,6,,COMPLETE
361,0.033638948029572534,0.27479288305174965,2026-03-12 16:21:18.439254,2026-03-12 16:21:19.275148,0 days 00:00:00.835894,4.47613574687058,0.6900660390643347,48.825691196573146,51.32941230272746,4.2606897732593785,5.208019723126286,4.224311084884632,2.1134899382069925e-07,1.4480680252014932e-17,8.864548643972452e-18,8.296641561373889e-07,-16.03011924676878,6,,COMPLETE
362,0.03031720269020338,0.07349458305908453,2026-03-12 16:21:19.276144,2026-03-12 16:21:20.144753,0 days 00:00:00.868609,4.3167469150366875,0.5067484957369444,46.750406576186144,53.321333059832796,4.31848656366774,5.1954347911197605,4.413996063031318,2.0180027014638015e-07,2.054582025146577e-17,1.6945496377426283e-17,4.187789165667718e-08,-16.03011924676878,6,,COMPLETE
363,0.00904159168759172,0.7242712616607472,2026-03-12 16:21:20.145750,2026-03-12 16:21:21.516746,0 days 00:00:01.370996,4.39593168874628,0.5554281677659516,48.24446554768787,52.110388815636846,4.445087636718405,5.1954347911197605,4.217759992830597,1.9760156079118933e-07,6.872725624104755e-17,8.864548643972452e-18,8.296641561373889e-07,-15.785026195843301,6,,COMPLETE
364,,,2026-03-12 16:21:21.517743,2026-03-12 16:21:21.590093,0 days 00:00:00.072350,4.47613574687058,0.5554281677659516,46.206766555253616,53.097893756593145,4.2606897732593785,5.2534411527595015,4.342646382747963,1.9918623071275753e-07,6.872725624104755e-17,8.864548643972452e-18,8.296641561373889e-07,-16.265023557512162,6,,PRUNED
365,0.048532410256773,0.018389466536109983,2026-03-12 16:21:21.591097,2026-03-12 16:21:22.823965,0 days 00:00:01.232868,4.247840569851838,0.5067484957369444,47.967143274990704,50.65773248686806,4.300405669315023,5.318466707267925,4.402227267437485,2.0180027014638015e-07,5.931151975615837e-17,9.708971888570873e-17,9.125878333650628e-08,-16.03011924676878,6,,COMPLETE
366,0.050211260143695,0.1269487071124096,2026-03-12 16:21:22.824961,2026-03-12 16:21:24.138377,0 days 00:00:01.313416,4.3167469150366875,0.612657325491981,48.40830545410283,50.65773248686806,4.362478392556494,5.270636888891138,4.2199399720778565,2.1151267020934572e-07,1.179930805069502e-18,8.864548643972452e-18,1.038753844698836e-08,-16.114375234878562,6,,COMPLETE
367,0.02865801326166306,0.04153008412906511,2026-03-12 16:21:24.139374,2026-03-12 16:21:25.292171,0 days 00:00:01.152797,4.47613574687058,0.5067484957369444,47.173152776202095,51.32941230272746,4.300405669315023,5.1954347911197605,4.387133507035807,2.1320884799102824e-07,2.054582025146577e-17,4.845767715751589e-18,4.239935083549169e-08,-15.585468636554237,6,,COMPLETE
368,0.047044982711947715,0.09633052639835384,2026-03-12 16:21:25.293168,2026-03-12 16:21:26.443994,0 days 00:00:01.150826,4.3167469150366875,0.5554281677659516,47.173152776202095,50.65773248686806,4.300405669315023,5.270636888891138,4.413996063031318,1.9540729200155968e-07,1.179930805069502e-18,8.864548643972452e-18,4.239935083549169e-08,-16.03011924676878,6,,COMPLETE
369,0.021337870949842512,0.10836128571262268,2026-03-12 16:21:26.443994,2026-03-12 16:21:27.308390,0 days 00:00:00.864396,4.47613574687058,0.5554281677659516,47.55680211991185,51.32941230272746,4.300405669315023,5.13551172770462,4.224311084884632,1.9760156079118933e-07,6.872725624104755e-17,8.864548643972452e-18,8.296641561373889e-07,-16.03011924676878,6,,COMPLETE
370,0.008102475277143535,0.32495276998438327,2026-03-12 16:21:27.309388,2026-03-12 16:21:28.768119,0 days 00:00:01.458731,4.469936324117428,0.6673998831968708,49.34162624127741,51.32697157879207,4.300405669315023,5.35,4.446414958753977,1.9918623071275753e-07,6.872725624104755e-17,2.9140042953792085e-18,1.038753844698836e-08,-14.044210425150215,6,,COMPLETE
371,0.02594205707513591,0.2409026310879266,2026-03-12 16:21:28.769115,2026-03-12 16:21:30.177620,0 days 00:00:01.408505,4.47613574687058,0.5554281677659516,46.206766555253616,51.32941230272746,4.300405669315023,5.1954347911197605,4.342646382747963,1.9760156079118933e-07,2.6556817628958766e-17,9.918734526538116e-16,4.187789165667718e-08,-16.03011924676878,6,,COMPLETE
372,0.04851705280176939,0.034739984388555994,2026-03-12 16:21:30.178616,2026-03-12 16:21:31.508931,0 days 00:00:01.330315,4.374771739689713,0.5067484957369444,47.173152776202095,50.65773248686806,4.300405669315023,5.1954347911197605,4.342646382747963,1.9540729200155968e-07,2.6556817628958766e-17,8.864548643972452e-18,8.378881814237132e-08,-16.265023557512162,6,,COMPLETE
373,0.017667614098593503,0.17897364431748322,2026-03-12 16:21:31.510926,2026-03-12 16:21:32.708588,0 days 00:00:01.197662,4.331266015745508,0.5464401780140635,46.30543337660801,54.07799342787163,4.300405669315023,5.1954347911197605,4.342646382747963,2.0180027014638015e-07,2.5696398252160445e-16,4.212179063424113e-16,4.187789165667718e-08,-16.03011924676878,6,,COMPLETE
374,0.007374413357145186,0.21878954268428008,2026-03-12 16:21:32.708588,2026-03-12 16:21:33.620025,0 days 00:00:00.911437,4.39593168874628,0.5067484957369444,46.206766555253616,52.110388815636846,4.445087636718405,5.208019723126286,4.413996063031318,1.9540729200155968e-07,1.179930805069502e-18,1.6160903172337985e-17,1.1213893826236842e-08,-15.840024907725923,6,,COMPLETE
375,0.023488903116551944,0.16577674745999352,2026-03-12 16:21:33.621022,2026-03-12 16:21:34.462202,0 days 00:00:00.841180,4.39593168874628,0.5682804940581229,49.38892977092999,51.890915954402686,4.227485976282048,5.270636888891138,4.2199399720778565,2.1134899382069925e-07,2.6556817628958766e-17,3.8743703523120767e-16,4.0898137103695005e-08,-16.992915843889964,6,,COMPLETE
376,0.006003829703929328,0.40292247946281695,2026-03-12 16:21:34.464196,2026-03-12 16:21:36.031277,0 days 00:00:01.567081,4.479890932687051,0.7436711413809746,48.40830545410283,51.890915954402686,4.300405669315023,5.1954347911197605,4.342646382747963,2e-07,2.1531558866857132e-18,1.6945496377426283e-17,4.187789165667718e-08,-14.044210425150215,6,,COMPLETE
377,0.0028431789213074297,0.401033560515252,2026-03-12 16:21:36.032273,2026-03-12 16:21:37.500358,0 days 00:00:01.468085,4.39593168874628,0.5682804940581229,48.825691196573146,52.42197773727037,4.300405669315023,5.350445295219125,4.217759992830597,2.0180027014638015e-07,2.054582025146577e-17,4.539646856737997e-15,4.0898137103695005e-08,-16.03011924676878,6,,COMPLETE
378,0.04865779759668904,0.15292933218596536,2026-03-12 16:21:37.501359,2026-03-12 16:21:38.568599,0 days 00:00:01.067240,4.39593168874628,0.5682804940581229,48.825691196573146,52.110388815636846,4.227485976282048,5.208019723126286,4.217759992830597,2.1134899382069925e-07,1.4480680252014932e-17,4.845767715751589e-18,4.0898137103695005e-08,-14.592308012713646,6,,COMPLETE
379,0.01454251103463977,0.20068836276510355,2026-03-12 16:21:38.569596,2026-03-12 16:21:40.058099,0 days 00:00:01.488503,4.469936324117428,0.5779618660413431,48.40830545410283,51.890915954402686,4.384433104102663,5.2534411527595015,4.2199399720778565,1.869879073017254e-07,2.1531558866857132e-18,1.0950868970772116e-15,9.125878333650628e-08,-14.044210425150215,6,,COMPLETE
380,0.055219547672761826,0.23886956386601368,2026-03-12 16:21:40.059096,2026-03-12 16:21:41.080216,0 days 00:00:01.021120,4.47613574687058,0.5249189876232664,47.173152776202095,51.32941230272746,4.491283926992649,5.270636888891138,4.342646382747963,1.8836308199465383e-07,6.872725624104755e-17,1.2209147146466114e-18,4.187789165667718e-08,-16.114375234878562,6,,COMPLETE
381,,,2026-03-12 16:21:41.081213,2026-03-12 16:21:41.129054,0 days 00:00:00.047841,4.469936324117428,0.5,48.40830545410283,53.72478615858206,4.2751403726408945,5.35,4.295152149538526,2e-07,2.1531558866857132e-18,4.212179063424113e-16,1.038753844698836e-08,-16.21055221045389,6,,PRUNED
382,0.026648893367023134,0.05443964247247031,2026-03-12 16:21:41.129054,2026-03-12 16:21:42.461322,0 days 00:00:01.332268,4.47613574687058,0.5554281677659516,47.173152776202095,51.32941230272746,4.300405669315023,5.208019723126286,4.342646382747963,1.9760156079118933e-07,6.872725624104755e-17,8.864548643972452e-18,4.239935083549169e-08,-16.03011924676878,6,,COMPLETE
383,0.022097376217034802,0.09866421197995813,2026-03-12 16:21:42.462378,2026-03-12 16:21:43.880599,0 days 00:00:01.418221,4.47613574687058,0.5554281677659516,46.206766555253616,50.65773248686806,4.300405669315023,5.2534411527595015,4.413996063031318,2e-07,1.179930805069502e-18,8.864548643972452e-18,4.187789165667718e-08,-16.354444994345954,7,,COMPLETE
384,0.03666559008200254,0.027601747779746447,2026-03-12 16:21:43.882591,2026-03-12 16:21:45.059732,0 days 00:00:01.177141,4.228569930482258,0.5,50.366087827477564,50.656872099270345,4.362478392556494,5.282312027379275,4.30232892752852,2e-07,9.999999999999965e-17,9.99999999999999e-18,3.280782210444096e-08,-15.963117548711375,7,,COMPLETE
385,0.04228218937237581,0.04118798357911527,2026-03-12 16:21:45.060728,2026-03-12 16:21:46.210058,0 days 00:00:01.149330,4.384016154539962,0.5249189876232664,46.750406576186144,51.18911220367599,4.285150288098558,5.1954347911197605,4.265068676131519,1.9760156079118933e-07,2.249095034424203e-17,1.2209147146466114e-18,4.187789165667718e-08,-16.265023557512162,7,,COMPLETE
386,0.004598039754167962,0.11906392195450373,2026-03-12 16:21:46.212054,2026-03-12 16:21:47.525883,0 days 00:00:01.313829,4.39593168874628,0.5682804940581229,48.825691196573146,52.42197773727037,4.227485976282048,5.350445295219125,4.217759992830597,2.1134899382069925e-07,1.4480680252014932e-17,6.06031467309971e-17,3.8173704770614535e-08,-15.785026195843301,7,,COMPLETE
387,0.019593125450098923,0.38307037874428623,2026-03-12 16:21:47.526879,2026-03-12 16:21:48.447954,0 days 00:00:00.921075,4.384016154539962,0.5067484957369444,48.870736298559144,53.097893756593145,4.300405669315023,5.2534411527595015,4.342646382747963,1.9918623071275753e-07,6.872725624104755e-17,8.286973415543757e-15,4.077373873514901e-07,-16.265023557512162,7,,COMPLETE
388,0.02120313781990883,0.011082364372595247,2026-03-12 16:21:48.449947,2026-03-12 16:21:49.877540,0 days 00:00:01.427593,4.469936324117428,0.5,48.40830545410283,51.890915954402686,4.350368500906272,5.35,4.2199399720778565,1.8320628600297675e-07,2.1531558866857132e-18,9.99999999999999e-18,9.125878333650628e-08,-14.044210425150215,7,,COMPLETE
389,0.07084921507335883,0.04180287233427221,2026-03-12 16:21:49.878536,2026-03-12 16:21:50.857001,0 days 00:00:00.978465,4.3167469150366875,0.505187650246757,47.173152776202095,51.18911220367599,4.362478392556494,5.303327827925093,4.469120974115542,1.9540729200155968e-07,2.1531558866857132e-18,4.845767715751589e-18,2.2485034718470363e-07,-14.044210425150215,7,,COMPLETE
390,0.01842517717610415,0.05508350149945903,2026-03-12 16:21:50.857001,2026-03-12 16:21:51.700579,0 days 00:00:00.843578,4.47613574687058,0.5554281677659516,46.206766555253616,51.32941230272746,4.2606897732593785,5.208019723126286,4.224311084884632,1.9760156079118933e-07,6.872725624104755e-17,8.864548643972452e-18,8.296641561373889e-07,-16.03011924676878,7,,COMPLETE
391,0.02598959320661411,0.01354017736945007,2026-03-12 16:21:51.701558,2026-03-12 16:21:52.520137,0 days 00:00:00.818579,4.374771739689713,0.5067484957369444,49.34162624127741,51.18911220367599,4.285150288098558,5.2534411527595015,4.469120974115542,1.869879073017254e-07,2.1531558866857132e-18,2.426127071096088e-17,2.2485034718470363e-07,-16.265023557512162,7,,COMPLETE
392,0.005115544524274066,0.31306813456396104,2026-03-12 16:21:52.521144,2026-03-12 16:21:54.349869,0 days 00:00:01.828725,4.39593168874628,0.7645193289845125,47.49898191939333,52.42197773727037,4.423075030557694,5.203112577281436,4.217759992830597,2.1134899382069925e-07,4.8456107309358685e-17,3.8743703523120767e-16,1.1213893826236842e-08,-15.785026195843301,7,,COMPLETE
393,0.013217548801754034,0.030674658908591383,2026-03-12 16:21:54.350867,2026-03-12 16:21:55.747240,0 days 00:00:01.396373,4.469936324117428,0.5,48.40830545410283,51.18911220367599,4.285150288098558,5.35,4.469120974115542,2e-07,2.1531558866857132e-18,2.426127071096088e-17,3.789742000459245e-07,-14.647346575003345,7,,COMPLETE
394,0.055771908611067816,0.25541345316144126,2026-03-12 16:21:55.748236,2026-03-12 16:21:56.948414,0 days 00:00:01.200178,4.39593168874628,0.5067484957369444,49.34162624127741,50.671845049444414,4.445087636718405,5.303327827925093,4.413996063031318,2.0180027014638015e-07,1.179930805069502e-18,1.2171273937876983e-16,7.765965362010221e-08,-17.118499820204043,7,,COMPLETE
395,0.04496614657212617,0.08262036847066642,2026-03-12 16:21:56.950407,2026-03-12 16:21:58.018960,0 days 00:00:01.068553,4.47613574687058,0.5554281677659516,49.34162624127741,50.65773248686806,4.285150288098558,5.1954347911197605,4.469120974115542,1.9540729200155968e-07,2.6556817628958766e-17,2.426127071096088e-17,4.187789165667718e-08,-16.03011924676878,7,,COMPLETE
396,0.06299133218462322,0.08536794264979992,2026-03-12 16:21:58.019957,2026-03-12 16:21:58.825102,0 days 00:00:00.805145,4.3167469150366875,0.5554281677659516,47.173152776202095,50.65773248686806,4.298296693158241,5.208019723126286,4.342646382747963,1.9540729200155968e-07,1.179930805069502e-18,8.864548643972452e-18,4.239935083549169e-08,-16.114375234878562,7,,COMPLETE
397,0.022890200645318833,0.07859287203535177,2026-03-12 16:21:58.826111,2026-03-12 16:21:59.741017,0 days 00:00:00.914906,4.384016154539962,0.5554281677659516,49.34162624127741,53.097893756593145,4.216573358460845,5.208019723126286,4.342646382747963,1.9918623071275753e-07,6.872725624104755e-17,8.864548643972452e-18,4.077373873514901e-07,-16.265023557512162,7,,COMPLETE
398,0.033821118085712434,0.1736419306370052,2026-03-12 16:21:59.742014,2026-03-12 16:22:01.420604,0 days 00:00:01.678590,4.47613574687058,0.5554281677659516,47.173152776202095,51.32941230272746,4.423075030557694,5.208019723126286,4.342646382747963,1.9760156079118933e-07,6.872725624104755e-17,8.864548643972452e-18,1.1213893826236842e-08,-15.785026195843301,7,,COMPLETE
399,0.0436596036087627,0.08458002363610302,2026-03-12 16:22:01.421600,2026-03-12 16:22:02.978235,0 days 00:00:01.556635,4.469936324117428,0.5,48.870736298559144,53.097893756593145,4.300405669315023,5.309231366675225,4.342646382747963,2e-07,6.872725624104755e-17,9.99999999999999e-18,4.077373873514901e-07,-14.044210425150215,7,,COMPLETE
400,0.052943917256816554,0.13390087277217042,2026-03-12 16:22:02.980229,2026-03-12 16:22:04.028346,0 days 00:00:01.048117,4.228569930482258,0.5,46.30543337660801,53.097893756593145,4.362478392556494,5.20949243776575,4.387133507035807,2.0180027014638015e-07,9.999999999999965e-17,9.99999999999999e-18,2.2269349108413965e-08,-15.963117548711375,7,,COMPLETE
401,0.005368358495974696,0.18272724008373864,2026-03-12 16:22:04.029342,2026-03-12 16:22:04.790335,0 days 00:00:00.760993,4.331266015745508,0.505187650246757,48.208394500029605,54.07799342787163,4.384433104102663,5.14774273713057,4.413996063031318,1.9540729200155968e-07,1.0788942527659665e-17,3.2862802865932937e-18,4.187789165667718e-08,-16.114375234878562,7,,COMPLETE
402,0.016446611300312736,0.08432177468447687,2026-03-12 16:22:04.791332,2026-03-12 16:22:05.640190,0 days 00:00:00.848858,4.374771739689713,0.5067484957369444,46.30543337660801,51.890915954402686,4.3628470827841825,5.2534411527595015,4.469120974115542,2.0180027014638015e-07,2.1531558866857132e-18,4.845767715751589e-18,3.474971616417112e-07,-16.265023557512162,7,,COMPLETE
403,0.05354475348752974,0.14239266825700642,2026-03-12 16:22:05.641187,2026-03-12 16:22:06.910971,0 days 00:00:01.269784,4.3167469150366875,0.5067484957369444,46.30543337660801,50.65773248686806,4.362478392556494,5.1954347911197605,4.30232892752852,2.0180027014638015e-07,2.054582025146577e-17,4.845767715751589e-18,8.296641561373889e-07,-16.265023557512162,7,,COMPLETE
404,0.019789049268421916,0.08553641132277867,2026-03-12 16:22:06.911967,2026-03-12 16:22:08.163320,0 days 00:00:01.251353,4.228569930482258,0.5067484957369444,48.870736298559144,51.18911220367599,4.2145738032143925,5.35,4.432032491391518,2.1793008211192278e-07,1.781565357419629e-17,2.9140042953792085e-18,9.999999999999994e-08,-16.354444994345954,7,,COMPLETE
405,0.030807770683731583,0.07753187158834071,2026-03-12 16:22:08.165315,2026-03-12 16:22:09.309004,0 days 00:00:01.143689,4.275328926362546,0.5067484957369444,48.40830545410283,51.890915954402686,4.285150288098558,5.35,4.469120974115542,1.869879073017254e-07,2.1531558866857132e-18,2.426127071096088e-17,1.038753844698836e-08,-16.265023557512162,7,,COMPLETE
406,0.010413560721182762,0.15615032231330775,2026-03-12 16:22:09.310000,2026-03-12 16:22:10.835608,0 days 00:00:01.525608,4.384016154539962,0.5682804940581229,48.825691196573146,52.42197773727037,4.300405669315023,5.350445295219125,4.217759992830597,2.0180027014638015e-07,1.781565357419629e-17,2.9140042953792085e-18,1.038753844698836e-08,-16.03011924676878,7,,COMPLETE
407,0.018400989346763354,0.022765134146237265,2026-03-12 16:22:10.836605,2026-03-12 16:22:12.138651,0 days 00:00:01.302046,4.3167469150366875,0.5067484957369444,46.750406576186144,50.65773248686806,4.31848656366774,5.303327827925093,4.387133507035807,2.020520039155152e-07,2.1531558866857132e-18,4.845767715751589e-18,4.187789165667718e-08,-17.278131126153063,7,,COMPLETE
408,0.03940289991427689,0.018451630723792967,2026-03-12 16:22:12.140648,2026-03-12 16:22:13.203052,0 days 00:00:01.062404,4.39593168874628,0.5067484957369444,49.34162624127741,52.110388815636846,4.30447573294825,5.35,4.413996063031318,1.9540729200155968e-07,4.686991816535984e-15,1.6160903172337985e-17,1.1213893826236842e-08,-14.33600804320745,7,,COMPLETE
409,0.010883382597339484,0.14957553262289633,2026-03-12 16:22:13.204048,2026-03-12 16:22:14.092273,0 days 00:00:00.888225,4.479890932687051,0.5067484957369444,47.49898191939333,50.65773248686806,4.300405669315023,5.203112577281436,4.217759992830597,2.0180027014638015e-07,4.8456107309358685e-17,3.280139293327222e-17,1.1213893826236842e-08,-16.03011924676878,7,,COMPLETE
410,0.048859697419760824,0.19364019890528672,2026-03-12 16:22:14.092273,2026-03-12 16:22:15.292436,0 days 00:00:01.200163,4.39593168874628,0.5067484957369444,49.34162624127741,52.110388815636846,4.445087636718405,5.208019723126286,4.469120974115542,2.0180027014638015e-07,2.1531558866857132e-18,4.845767715751589e-18,1.1213893826236842e-08,-15.785026195843301,7,,COMPLETE
411,0.019472643934305048,0.4317290282495244,2026-03-12 16:22:15.294359,2026-03-12 16:22:16.833938,0 days 00:00:01.539579,4.479890932687051,0.7436711413809746,48.40830545410283,51.890915954402686,4.436008177121881,5.1954347911197605,4.387133507035807,2e-07,2.1531558866857132e-18,1.6945496377426283e-17,7.765965362010221e-08,-14.044210425150215,7,,COMPLETE
412,0.01771854728025435,0.02072608076696731,2026-03-12 16:22:16.834934,2026-03-12 16:22:17.990098,0 days 00:00:01.155164,4.261267046876162,0.5067484957369444,49.38892977092999,51.890915954402686,4.285150288098558,5.2534411527595015,4.2199399720778565,2.1697632560309568e-07,2.6556817628958766e-17,1.2209147146466114e-18,1.738120239063771e-08,-16.992915843889964,7,,COMPLETE
