number,values_0,values_1,datetime_start,datetime_complete,duration,params_E_d_sh,params_G_frac,params_N_t_d,params_N_t_sh,params_W_L,params_W_R,params_W_R_sclc,params_d_sclc,params_l1_C_n_bulk,params_l1_k_dir,params_l1_mu_p,params_mu_e,system_attrs_NSGAIISampler:generation,system_attrs_fixed_params,state
59,0.0119278288133601,0.20695444171099692,2026-03-12 16:15:40.070522,2026-03-12 16:15:41.072211,0 days 00:00:01.001689,4.384016154539962,0.5249189876232664,48.870736298559144,51.890915954402686,4.2145738032143925,5.105874316561706,4.342646382747963,2.1697632560309568e-07,1.781565357419629e-17,2.9140042953792085e-18,1.038753844698836e-08,-16.857154624973216,0,,COMPLETE
60,0.015594109934808505,0.604976505387392,2026-03-12 16:15:41.073209,2026-03-12 16:15:42.154055,0 days 00:00:01.080846,4.452581273955187,0.8787406089779682,46.753058772038045,52.32750944410957,4.387803109159859,5.342007574123198,4.277872153678066,2.1823630955606345e-07,2.5300625968407534e-18,5.308265306621573e-17,1.87117891455635e-08,-14.505322455393825,0,,COMPLETE
61,0.04827926174675082,999.0,2026-03-12 16:15:42.155051,2026-03-12 16:15:52.316294,0 days 00:00:10.161243,4.413434528439398,0.8853254234779688,48.808927204282014,55.19508600022624,4.231042081415244,5.37614849385658,4.2335891754066175,2.155275901134899e-07,6.293065075823114e-18,2.5184322877004446e-15,1.0338932793660138e-08,-13.834452627882719,0,,COMPLETE
62,0.07528616405373344,0.37825509070594093,2026-03-12 16:15:52.317303,2026-03-12 16:15:53.298914,0 days 00:00:00.981611,4.410109860610646,0.7628770767101257,46.84075573471853,51.95522446279313,4.449689119177512,5.242205632029626,4.206320146868008,2.0500331864497931e-07,2.907206214452988e-16,2.9206915764670913e-16,7.640031041102649e-08,-18.14938167515411,0,,COMPLETE
63,0.04427801707749708,0.02217250210739934,2026-03-12 16:15:53.299911,2026-03-12 16:15:54.084330,0 days 00:00:00.784419,4.3167469150366875,0.505187650246757,46.750406576186144,50.65773248686806,4.31848656366774,5.270636888891138,4.413996063031318,1.9540729200155968e-07,1.179930805069502e-18,1.2209147146466114e-18,4.187789165667718e-08,-16.114375234878562,0,,COMPLETE
64,0.019820781365177762,0.3572082038257251,2026-03-12 16:15:54.084330,2026-03-12 16:15:55.048781,0 days 00:00:00.964451,4.31524332356454,0.6517491420782349,46.12174036724096,55.212422615279465,4.4661972038449065,5.272742437288826,4.4381070160975975,2.0901925066677717e-07,6.293065075823114e-18,2.5184322877004446e-15,1.0338932793660138e-08,-14.469943033069189,1,,COMPLETE
65,0.020188722301604962,0.060679925844317896,2026-03-12 16:15:55.049779,2026-03-12 16:15:56.034666,0 days 00:00:00.984887,4.47613574687058,0.5554281677659516,46.206766555253616,51.32941230272746,4.300405669315023,5.1954347911197605,4.224311084884632,1.9760156079118933e-07,6.872725624104755e-17,8.864548643972452e-18,4.239935083549169e-08,-16.03011924676878,1,,COMPLETE
66,0.078590863640728,0.6328589145759357,2026-03-12 16:15:56.035673,2026-03-12 16:15:56.949608,0 days 00:00:00.913935,4.337077250936871,0.8787406089779682,47.156195205960444,52.32750944410957,4.387803109159859,5.1762475771856735,4.400189697336023,1.8716285163002084e-07,1.6859210473991572e-16,5.308265306621573e-17,1.87117891455635e-08,-14.505322455393825,1,,COMPLETE
67,0.04275253225295941,0.5349121068461037,2026-03-12 16:15:56.950605,2026-03-12 16:15:57.706077,0 days 00:00:00.755472,4.349488755690749,0.7440180813401834,49.44298521053743,52.110388815636846,4.2606897732593785,5.381462555278727,4.469120974115542,2.0180027014638015e-07,7.022967852583895e-17,7.469955237926489e-18,9.930732289920301e-08,-14.044210425150215,1,,COMPLETE
68,0.026297013260487848,0.2534432600452405,2026-03-12 16:15:57.706077,2026-03-12 16:15:58.494822,0 days 00:00:00.788745,4.331266015745508,0.6310471544427672,50.01940394176415,54.78541237116072,4.2771908001693095,5.303327827925093,4.295152149538526,2.057184833764814e-07,2.054582025146577e-17,4.212179063424113e-16,2.799015840254763e-07,-13.884118684695022,1,,COMPLETE
69,0.011014717338452586,0.49492351241283733,2026-03-12 16:15:58.495818,2026-03-12 16:15:59.421504,0 days 00:00:00.925686,4.384016154539962,0.5249189876232664,47.173152776202095,51.890915954402686,4.32862610730016,5.1762475771856735,4.342646382747963,2.1697632560309568e-07,2.6556817628958766e-17,3.847636616626688e-15,7.745091510787422e-08,-16.992915843889964,1,,COMPLETE
70,0.061171922088928965,0.32221773140591126,2026-03-12 16:15:59.421504,2026-03-12 16:16:00.131195,0 days 00:00:00.709691,4.331266015745508,0.6613390272594899,49.34162624127741,52.110388815636846,4.2606897732593785,5.347180494997594,4.469120974115542,1.8091708605910482e-07,1.0788942527659665e-17,4.212179063424113e-16,8.296641561373889e-07,-14.044210425150215,1,,COMPLETE
71,,,2026-03-12 16:16:00.131195,2026-03-12 16:16:00.179069,0 days 00:00:00.047874,4.457719929506211,0.5394304169214825,50.22838190546308,52.641367702523745,4.290572544458427,5.222157283632339,4.236330783525322,2.1316964135973835e-07,2.0104184391978377e-16,5.3841476262076e-17,6.247105852695638e-08,-17.6681110920904,1,,PRUNED
72,0.048301645377009296,0.03372432752148035,2026-03-12 16:16:00.180087,2026-03-12 16:16:00.983736,0 days 00:00:00.803649,4.228569930482258,0.5,48.40830545410283,50.656872099270345,4.362478392556494,5.35,4.30232892752852,2e-07,1e-16,1e-17,3.280782210444096e-08,-16.354444994345954,1,,COMPLETE
73,0.011010702156564384,0.6627101462569842,2026-03-12 16:16:00.984733,2026-03-12 16:16:01.827824,0 days 00:00:00.843091,4.331266015745508,0.9947468107592394,48.41114016438675,54.34604659877778,4.326531602722775,5.383850792235514,4.454785241076538,1.9030662346707342e-07,1.0788942527659665e-17,4.212179063424113e-16,7.925720567362669e-08,-15.691338352203454,1,,COMPLETE
74,,,2026-03-12 16:16:01.828922,2026-03-12 16:16:01.874679,0 days 00:00:00.045757,4.450455328508108,0.7239636481059676,48.998348502100264,54.62731495524211,4.222140800328618,5.2534411527595015,4.390428963573739,1.869879073017254e-07,1.507408566558808e-16,2.426127071096088e-17,6.434187598076647e-08,-17.587243784213243,1,,PRUNED
75,0.08509022450129668,0.7339370551546854,2026-03-12 16:16:01.875747,2026-03-12 16:16:02.891961,0 days 00:00:01.016214,4.419148199333439,0.6613390272594899,47.143949324820404,54.78541237116072,4.384433104102663,5.347180494997594,4.330308892284595,1.9839361033859026e-07,1.475664029280592e-17,5.7728648662016405e-18,2.799015840254763e-07,-15.691338352203454,1,,COMPLETE
76,0.03568030362714547,0.4400088436933689,2026-03-12 16:16:02.892960,2026-03-12 16:16:04.095772,0 days 00:00:01.202812,4.380675429424347,0.6613390272594899,48.208394500029605,54.07799342787163,4.384433104102663,5.271098324791991,4.295152149538526,1.8091708605910482e-07,1.0788942527659665e-17,1.8473508500047475e-15,1.4427329345087266e-08,-16.361481575256875,1,,COMPLETE
77,0.035450090134841274,0.6496427785174167,2026-03-12 16:16:04.096769,2026-03-12 16:16:04.990842,0 days 00:00:00.894073,4.46962819030088,0.9193550672606576,46.605907229693564,50.85844756675672,4.279191766558801,5.217560644793689,4.303648647625201,1.9394894367554447e-07,8.319817364585936e-16,1.5229079502720897e-17,1.0119854474198849e-07,-17.63616332460428,1,,COMPLETE
78,0.05997655986149039,0.6771967609661346,2026-03-12 16:16:04.991839,2026-03-12 16:16:05.770971,0 days 00:00:00.779132,4.39593168874628,0.9542555574608056,50.419355757274296,52.42197773727037,4.300405669315023,5.1954347911197605,4.217759992830597,2.1134899382069925e-07,6.872725624104755e-17,1.6636531310287957e-18,4.077373873514901e-07,-15.785026195843301,1,,COMPLETE
79,0.060086418738531176,0.3378127789367556,2026-03-12 16:16:05.771968,2026-03-12 16:16:06.549132,0 days 00:00:00.777164,4.286097840544948,0.6517491420782349,48.179157557221814,51.50097139329897,4.4661972038449065,5.244643202237076,4.223727244433621,2.0901925066677717e-07,7.083774874400504e-18,2.304448909257957e-18,1.5465348525572802e-07,-14.469943033069189,1,,COMPLETE
80,0.037965293256122454,0.3410734486593663,2026-03-12 16:16:06.550130,2026-03-12 16:16:07.558303,0 days 00:00:01.008173,4.338402855202309,0.9800924474986126,48.28212044211971,51.890915954402686,4.2145738032143925,5.105874316561706,4.454785241076538,1.9030662346707342e-07,1.781565357419629e-17,6.848742396586425e-16,7.925720567362669e-08,-17.99124664773659,1,,COMPLETE
81,0.042862181220706536,0.9533691541522789,2026-03-12 16:16:07.559299,2026-03-12 16:16:08.312954,0 days 00:00:00.753655,4.247840569851838,0.9721074439084849,49.14187892115245,50.86227868158973,4.268813091646,5.383317304951718,4.492794933621718,2.1716745894896592e-07,5.931151975615837e-17,1.2546203124392401e-17,9.125878333650628e-08,-14.128627220957332,1,,COMPLETE
82,0.04601650696356319,0.18871185392990944,2026-03-12 16:16:08.313949,2026-03-12 16:16:09.040426,0 days 00:00:00.726477,4.27270678526658,0.5779618660413431,49.34162624127741,52.110388815636846,4.2606897732593785,5.335234370674769,4.469120974115542,2.1848020718039347e-07,2.1531558866857132e-18,4.845767715751589e-18,6.04666892567387e-08,-14.044210425150215,1,,COMPLETE
83,0.03022953235554169,0.2563207350106194,2026-03-12 16:16:09.041422,2026-03-12 16:16:09.969926,0 days 00:00:00.928504,4.4060748298071655,0.7265296794997402,48.64545524266159,52.434786410977516,4.276128185664122,5.29617849492808,4.3504276842160605,1.9230927588414575e-07,1.545901254221565e-15,3.3152488873379867e-15,1.8410647860518303e-07,-16.794199717943624,1,,COMPLETE
84,0.01784892737719914,0.13490067830889954,2026-03-12 16:16:09.970923,2026-03-12 16:16:11.251709,0 days 00:00:01.280786,4.331266015745508,0.5779618660413431,47.28112723644212,54.78541237116072,4.384433104102663,5.362342785920805,4.226264667143951,1.8091708605910482e-07,1.0788942527659665e-17,5.85284541938851e-17,6.04666892567387e-08,-15.691338352203454,1,,COMPLETE
85,,,2026-03-12 16:16:11.252707,2026-03-12 16:16:11.311513,0 days 00:00:00.058806,4.226259955980726,0.8787406089779682,46.753058772038045,51.30570176710872,4.221886407967457,5.342007574123198,4.226264667143951,2.1823630955606345e-07,5.749948669915917e-18,5.85284541938851e-17,1.87117891455635e-08,-14.505322455393825,1,,PRUNED
86,0.03793195678953375,0.3616667290964256,2026-03-12 16:16:11.312511,2026-03-12 16:16:12.283316,0 days 00:00:00.970805,4.275832545225793,0.7628770767101257,46.84075573471853,54.40539844191228,4.431181328734825,5.242205632029626,4.373771938126346,1.8323960528080134e-07,2.8759499942166494e-15,2.9206915764670913e-16,6.434187598076647e-08,-15.759093568212418,1,,COMPLETE
87,0.015088265563663649,0.3528293984759882,2026-03-12 16:16:12.284313,2026-03-12 16:16:13.628890,0 days 00:00:01.344577,4.46962819030088,0.9193550672606576,46.605907229693564,50.85844756675672,4.423075030557694,5.217560644793689,4.217759992830597,2.1134899382069925e-07,8.319817364585936e-16,3.8743703523120767e-16,1.1213893826236842e-08,-15.785026195843301,1,,COMPLETE
88,0.02834360464829548,0.26313611460878816,2026-03-12 16:16:13.630883,2026-03-12 16:16:14.890738,0 days 00:00:01.259855,4.361809121968678,0.7219639734306927,48.825691196573146,53.72478615858206,4.398429878460175,5.3525146929136636,4.446414958753977,1.8744945037715158e-07,3.518948661324025e-18,1.1695788645550363e-15,2.3787380806164946e-08,-16.21055221045389,1,,COMPLETE
89,0.03949196226976297,0.3267616739359426,2026-03-12 16:16:14.891735,2026-03-12 16:16:15.856560,0 days 00:00:00.964825,4.256572567074914,0.6613390272594899,50.419355757274296,51.86894054325736,4.384433104102663,5.347180494997594,4.295152149538526,1.9918623071275753e-07,6.872725624104755e-17,4.212179063424113e-16,4.077373873514901e-07,-15.206673336463666,1,,COMPLETE
90,0.03029953649117522,0.05021197782278831,2026-03-12 16:16:15.857558,2026-03-12 16:16:17.281871,0 days 00:00:01.424313,4.374771739689713,0.5067484957369444,49.34162624127741,52.110388815636846,4.2606897732593785,5.345821549114372,4.469120974115542,2.0180027014638015e-07,2.1531558866857132e-18,4.845767715751589e-18,8.296641561373889e-07,-16.265023557512162,1,,COMPLETE
91,0.047507566930694724,0.5235795178661593,2026-03-12 16:16:17.282868,2026-03-12 16:16:18.429096,0 days 00:00:01.146228,4.266680642451412,0.7265296794997402,49.16174255081293,53.91641223681374,4.47718053238056,5.136142264406332,4.390362640952343,1.9230927588414575e-07,2.4613692179304825e-17,3.3152488873379867e-15,1.8410647860518303e-07,-13.837806714866243,1,,COMPLETE
92,0.08824539426315474,0.4633148822729046,2026-03-12 16:16:18.430094,2026-03-12 16:16:19.531470,0 days 00:00:01.101376,4.374771739689713,0.7147370666451213,49.34162624127741,52.110388815636846,4.2606897732593785,5.347315975762036,4.244597927512438,1.8773068027944915e-07,2.1531558866857132e-18,4.845767715751589e-18,3.8681646774323985e-08,-14.044210425150215,1,,COMPLETE
93,0.02022230904224712,0.17531811686200743,2026-03-12 16:16:19.532466,2026-03-12 16:16:20.884170,0 days 00:00:01.351704,4.384016154539962,0.5249189876232664,47.56690662719565,51.890915954402686,4.438322435555331,5.20530016338255,4.239137612720326,2.1250671850514188e-07,2.1193958896873796e-15,2.9140042953792085e-18,1.038753844698836e-08,-16.857154624973216,1,,COMPLETE
94,0.07555096802056709,0.10567116180659777,2026-03-12 16:16:20.885168,2026-03-12 16:16:22.176339,0 days 00:00:01.291171,4.374771739689713,0.5067484957369444,47.213819011472,52.92831391967538,4.30447573294825,5.211232153708049,4.244597927512438,1.8773068027944915e-07,2.1531558866857132e-18,4.33531895959131e-18,3.8681646774323985e-08,-14.044210425150215,1,,COMPLETE
95,0.046928265533103,0.33856677973619087,2026-03-12 16:16:22.178329,2026-03-12 16:16:23.392470,0 days 00:00:01.214141,4.228041000784555,0.5249189876232664,48.870736298559144,55.03020211674521,4.315468823822054,5.105874316561706,4.285470637978717,2.1319017807267956e-07,1.781565357419629e-17,6.641174634621327e-15,6.309256257766184e-07,-16.09632456357968,1,,COMPLETE
96,0.07799470868937315,0.4687626385187781,2026-03-12 16:16:23.393475,2026-03-12 16:16:24.394651,0 days 00:00:01.001176,4.231218239335022,0.7261703770754525,49.66624138301969,51.115205940815954,4.369377394233729,5.1254566385655185,4.257132143105655,1.9178288053621892e-07,8.7540372939853e-15,5.253510366190199e-16,2.0607386609917603e-07,-14.804458275307907,1,,COMPLETE
97,0.0874531755589252,0.6372966929304498,2026-03-12 16:16:24.395649,2026-03-12 16:16:25.593688,0 days 00:00:01.198039,4.384016154539962,0.5275856146946369,46.246021454705485,54.93745446324198,4.2145738032143925,5.105874316561706,4.342646382747963,2.1248712299077185e-07,2.165198048218805e-18,1.3559703330495144e-15,1.038753844698836e-08,-16.857154624973216,1,,COMPLETE
98,0.08522942782172584,0.5149233242735861,2026-03-12 16:16:25.593688,2026-03-12 16:16:26.572101,0 days 00:00:00.978413,4.4252876546997495,0.8408581961315988,49.511737675125396,54.44035412930476,4.415132290586833,5.117001150234641,4.464587381163064,1.903144957324175e-07,2.2320876669610874e-16,8.444873358888266e-17,6.812720057575466e-07,-15.156219704380494,1,,COMPLETE
99,0.07103491538553575,0.1761205397293311,2026-03-12 16:16:26.573097,2026-03-12 16:16:27.631825,0 days 00:00:01.058728,4.266680642451412,0.5554281677659516,50.419355757274296,53.097893756593145,4.300405669315023,5.136142264406332,4.33240247340286,2.1693024545152824e-07,6.872725624104755e-17,8.821787229577493e-16,4.077373873514901e-07,-16.865424228041125,1,,COMPLETE
100,0.0733386348014404,0.36568196575972056,2026-03-12 16:16:27.632821,2026-03-12 16:16:29.189737,0 days 00:00:01.556916,4.338402855202309,0.5067484957369444,48.28212044211971,54.34604659877778,4.2606897732593785,5.383850792235514,4.454785241076538,2.0180027014638015e-07,2.1531558866857132e-18,6.848742396586425e-16,7.925720567362669e-08,-17.99124664773659,1,,COMPLETE
101,0.024913182394775114,0.7374733353874865,2026-03-12 16:16:29.190740,2026-03-12 16:16:30.543400,0 days 00:00:01.352660,4.258396159273696,0.9625510893251703,50.22838190546308,51.27921733270143,4.290572544458427,5.222157283632339,4.236330783525322,2.1316964135973835e-07,2.0104184391978377e-16,5.3841476262076e-17,6.247105852695638e-08,-15.665582560000303,1,,COMPLETE
102,0.07600208374914909,0.17891058886019626,2026-03-12 16:16:30.545395,2026-03-12 16:16:31.529916,0 days 00:00:00.984521,4.279304736618891,0.5554281677659516,48.179157557221814,51.36284606043336,4.31981186095546,5.244643202237076,4.224311084884632,2.162783237557767e-07,4.074296716957069e-16,1.9066936136638278e-15,1.5465348525572802e-07,-15.448229499713984,1,,COMPLETE
103,0.06551174091915778,0.26662343746639805,2026-03-12 16:16:31.530913,2026-03-12 16:16:32.475880,0 days 00:00:00.944967,4.247840569851838,0.6613390272594899,46.849303688543465,54.78541237116072,4.384433104102663,5.347180494997594,4.295152149538526,1.876832353025081e-07,1.0788942527659665e-17,3.7776294977019974e-18,9.125878333650628e-08,-15.691338352203454,1,,COMPLETE
104,0.0817000743385165,0.08929338034194213,2026-03-12 16:16:32.475880,2026-03-12 16:16:33.461012,0 days 00:00:00.985132,4.431117992446361,0.5682804940581229,50.419355757274296,53.097893756593145,4.30447573294825,5.1954347911197605,4.410875561627365,1.8773068027944915e-07,6.872725624104755e-17,1.6636531310287957e-18,4.077373873514901e-07,-15.267294172452925,1,,COMPLETE
105,0.016854810091196278,0.3508462053390739,2026-03-12 16:16:33.462018,2026-03-12 16:16:34.862732,0 days 00:00:01.400714,4.361809121968678,0.7219639734306927,48.825691196573146,53.72478615858206,4.398429878460175,5.123649751174906,4.383630686853201,1.8744945037715158e-07,3.518948661324025e-18,4.696996894985871e-16,2.3787380806164946e-08,-16.21055221045389,1,,COMPLETE
106,0.04073006243236151,0.5408440892064207,2026-03-12 16:16:34.864679,2026-03-12 16:16:36.128543,0 days 00:00:01.263864,4.3167469150366875,0.8372610223239236,47.28112723644212,51.30570176710872,4.31848656366774,5.362342785920805,4.226264667143951,2.1848020718039347e-07,5.749948669915917e-18,5.85284541938851e-17,6.04666892567387e-08,-16.611022714062187,1,,COMPLETE
107,0.018734699745284737,0.49441265225520487,2026-03-12 16:16:36.130536,2026-03-12 16:16:37.630775,0 days 00:00:01.500239,4.31524332356454,0.6517491420782349,46.12174036724096,52.496220069525485,4.4661972038449065,5.270636888891138,4.395945117434447,2.0901925066677717e-07,1.179930805069502e-18,1.9839794348255636e-15,1.4123340876248125e-08,-16.114375234878562,1,,COMPLETE
108,0.05425982201995496,0.4782247266465579,2026-03-12 16:16:37.633763,2026-03-12 16:16:38.542931,0 days 00:00:00.909168,4.296019480421177,0.7770371799458932,47.644728078981615,52.484659286043964,4.315468823822054,5.370655636772012,4.285470637978717,2.1319017807267956e-07,5.769383787599853e-15,1.2232838303974292e-16,6.309256257766184e-07,-16.09632456357968,1,,COMPLETE
109,0.019024058784393956,0.17187171744461807,2026-03-12 16:16:38.543928,2026-03-12 16:16:39.465833,0 days 00:00:00.921905,4.414461195645258,0.5682804940581229,48.825691196573146,52.92831391967538,4.30447573294825,5.350445295219125,4.446414958753977,1.8773068027944915e-07,1.4480680252014932e-17,4.33531895959131e-18,2.3787380806164946e-08,-15.267294172452925,1,,COMPLETE
110,0.018732555964320084,0.29880767091459026,2026-03-12 16:16:39.466837,2026-03-12 16:16:40.456439,0 days 00:00:00.989602,4.331266015745508,0.6613390272594899,48.825691196573146,53.72478615858206,4.384433104102663,5.347180494997594,4.295152149538526,1.8091708605910482e-07,3.518948661324025e-18,4.212179063424113e-16,2.799015840254763e-07,-16.21055221045389,1,,COMPLETE
111,0.09872000820573958,0.45083907326176637,2026-03-12 16:16:40.457444,2026-03-12 16:16:41.719475,0 days 00:00:01.262031,4.298419040300218,0.9625510893251703,50.22838190546308,53.72478615858206,4.376683527500293,5.3525146929136636,4.446414958753977,1.8744945037715158e-07,2.0104184391978377e-16,5.3841476262076e-17,2.3787380806164946e-08,-17.6681110920904,1,,COMPLETE
112,0.021698911701057783,0.6614429642538552,2026-03-12 16:16:41.721468,2026-03-12 16:16:42.859619,0 days 00:00:01.138151,4.2785065055189335,0.9711981440928776,50.18717814611182,52.63337210318518,4.278356405063993,5.185640785801726,4.337070199499007,1.903144957324175e-07,5.06674513727174e-16,7.736948207548234e-17,4.239935083549169e-08,-16.03011924676878,1,,COMPLETE
113,0.040288092465790445,0.5265206056173969,2026-03-12 16:16:42.861613,2026-03-12 16:16:44.709712,0 days 00:00:01.848099,4.261424811364733,0.9895173369189296,48.64545524266159,54.75930862972938,4.48216314552329,5.134452457599359,4.390362640952343,2.181502503002946e-07,1.7604493598287263e-18,3.3152488873379867e-15,1.4569700575464946e-08,-14.005888580631458,1,,COMPLETE
114,0.044660599878392805,0.6736339384813393,2026-03-12 16:16:44.710709,2026-03-12 16:16:46.082665,0 days 00:00:01.371956,4.258396159273696,0.9625510893251703,48.21316530713687,54.07799342787163,4.370992115913216,5.271098324791991,4.236330783525322,1.9726844803947968e-07,2.0104184391978377e-16,5.3841476262076e-17,6.247105852695638e-08,-16.361481575256875,1,,COMPLETE
115,0.013959445342981953,0.19251159533896656,2026-03-12 16:16:46.083662,2026-03-12 16:16:47.579391,0 days 00:00:01.495729,4.469936324117428,0.5249189876232664,49.34162624127741,51.890915954402686,4.2606897732593785,5.208019723126286,4.342646382747963,2.1697632560309568e-07,2.1531558866857132e-18,2.9140042953792085e-18,1.038753844698836e-08,-14.044210425150215,1,,COMPLETE
116,,,2026-03-12 16:16:47.580388,2026-03-12 16:16:47.659129,0 days 00:00:00.078741,4.39593168874628,0.9289865591720836,50.59898871303089,52.42197773727037,4.443448300934908,5.203112577281436,4.369153632203463,2.1134899382069925e-07,1.691012791723228e-17,5.632441527093711e-16,2.6082180688095547e-07,-15.06701299917394,1,,PRUNED
117,0.027362310873353998,0.8360396661287097,2026-03-12 16:16:47.661121,2026-03-12 16:16:48.899502,0 days 00:00:01.238381,4.373621415303911,0.7918849603870601,46.65395248550927,54.067380888453144,4.231646504741437,5.123649751174906,4.383630686853201,2.1850398271058022e-07,9.999999999999965e-17,9.99999999999999e-18,1.519042517827275e-08,-14.040192116118774,1,,COMPLETE
