number,values_0,values_1,datetime_start,datetime_complete,duration,params_E_d_sh,params_G_frac,params_N_t_d,params_N_t_sh,params_W_L,params_W_R,params_W_R_sclc,params_d_sclc,params_l1_C_n_bulk,params_l1_k_dir,params_l1_mu_p,params_mu_e,system_attrs_NSGAIISampler:generation,system_attrs_fixed_params,state
413,0.0350211529925524,0.2733732730935543,2026-03-12 16:22:17.991095,2026-03-12 16:22:19.273089,0 days 00:00:01.281994,4.241102131987197,0.6613390272594899,48.83777418020661,53.72478615858206,4.384433104102663,5.189250737333527,4.295152149538526,2.127043576453349e-07,1.108825396719287e-18,4.212179063424113e-16,2.799015840254763e-07,-16.21055221045389,7,,COMPLETE
414,0.06083169887512338,0.06592504660294175,2026-03-12 16:22:19.275080,2026-03-12 16:22:20.727025,0 days 00:00:01.451945,4.39593168874628,0.5067484957369444,49.317558492442096,53.88508948675987,4.362478392556494,5.387208430329674,4.217759992830597,2.0180027014638015e-07,2.1531558866857132e-18,5.092976104466694e-18,4.0898137103695005e-08,-16.265023557512162,7,,COMPLETE
415,0.05200108982838768,0.02487687503830894,2026-03-12 16:22:20.728023,2026-03-12 16:22:21.854513,0 days 00:00:01.126490,4.374771739689713,0.5067484957369444,46.30543337660801,50.671845049444414,4.285150288098558,5.2534411527595015,4.245815833423885,2.0180027014638015e-07,1.179930805069502e-18,4.845767715751589e-18,7.765965362010221e-08,-16.265023557512162,7,,COMPLETE
416,0.02055548713784057,0.013803758134270233,2026-03-12 16:22:21.855509,2026-03-12 16:22:22.961700,0 days 00:00:01.106191,4.39593168874628,0.5067484957369444,46.30543337660801,50.671845049444414,4.285150288098558,5.2534411527595015,4.469120974115542,2.1793008211192278e-07,2.1531558866857132e-18,2.9140042953792085e-18,7.021643408758918e-07,-16.265023557512162,7,,COMPLETE
417,0.01124946511185663,0.0625025267507333,2026-03-12 16:22:22.962697,2026-03-12 16:22:23.910729,0 days 00:00:00.948032,4.39593168874628,0.5067484957369444,46.206766555253616,52.110388815636846,4.3219692074010965,5.2534411527595015,4.429678522476321,1.9540729200155968e-07,1.179930805069502e-18,1.6160903172337985e-17,6.206150743039927e-07,-15.840024907725923,7,,COMPLETE
418,0.04129960072705184,0.049194386695319746,2026-03-12 16:22:23.911726,2026-03-12 16:22:25.067758,0 days 00:00:01.156032,4.228569930482258,0.5,49.34162624127741,52.110388815636846,4.2606897732593785,5.35,4.30232892752852,2.0789665729067203e-07,2.1531558866857132e-18,9.99999999999999e-18,4.077373873514901e-07,-16.354444994345954,7,,COMPLETE
419,0.04007101736619089,0.016022055961254,2026-03-12 16:22:25.068763,2026-03-12 16:22:26.299078,0 days 00:00:01.230315,4.3167469150366875,0.5,46.39059664626152,50.656872099270345,4.362478392556494,5.35,4.413996063031318,1.9540729200155968e-07,1.179930805069502e-18,1.2209147146466114e-18,1.7129448725090227e-07,-16.114375234878562,7,,COMPLETE
420,0.052157601293000795,0.07555688250290923,2026-03-12 16:22:26.300073,2026-03-12 16:22:27.731191,0 days 00:00:01.431118,4.384016154539962,0.5249189876232664,50.419355757274296,51.890915954402686,4.362478392556494,5.1954347911197605,4.30232892752852,2e-07,2.1193958896873796e-15,1.2209147146466114e-18,4.187789165667718e-08,-16.114375234878562,7,,COMPLETE
421,0.0035244285414332112,0.40608711624075416,2026-03-12 16:22:27.732188,2026-03-12 16:22:28.570719,0 days 00:00:00.838531,4.39593168874628,0.5554281677659516,48.825691196573146,52.42197773727037,4.300405669315023,5.350445295219125,4.217759992830597,1.9760156079118933e-07,2.054582025146577e-17,4.539646856737997e-15,4.239935083549169e-08,-16.03011924676878,7,,COMPLETE
422,0.00967916327186595,0.28269075441525915,2026-03-12 16:22:28.571716,2026-03-12 16:22:29.347775,0 days 00:00:00.776059,4.374771739689713,0.5067484957369444,49.34162624127741,51.18911220367599,4.453699747987493,5.2534411527595015,4.469120974115542,1.869879073017254e-07,2.1531558866857132e-18,7.360721406857866e-16,2.2485034718470363e-07,-14.811011351851576,7,,COMPLETE
423,0.05460672510334884,0.3609660267380445,2026-03-12 16:22:29.348771,2026-03-12 16:22:30.211241,0 days 00:00:00.862470,4.228569930482258,0.6613390272594899,48.40830545410283,54.07799342787163,4.362478392556494,5.106464431723749,4.30232892752852,1.8091708605910482e-07,1.4129288784987046e-16,4.212179063424113e-16,3.280782210444096e-08,-16.361481575256875,7,,COMPLETE
424,0.02354146790302778,0.344065269215264,2026-03-12 16:22:30.212238,2026-03-12 16:22:31.631355,0 days 00:00:01.419117,4.47613574687058,0.7645193289845125,48.208394500029605,52.42197773727037,4.423075030557694,5.318806877584834,4.217759992830597,1.9760156079118933e-07,4.8456107309358685e-17,3.8743703523120767e-16,1.4427329345087266e-08,-14.044210425150215,7,,COMPLETE
425,0.04091449772124446,0.2689258500055592,2026-03-12 16:22:31.632349,2026-03-12 16:22:33.093476,0 days 00:00:01.461127,4.261267046876162,0.6613390272594899,49.38892977092999,51.890915954402686,4.2145738032143925,5.270636888891138,4.2199399720778565,2.1793008211192278e-07,1.781565357419629e-17,2.9140042953792085e-18,1.038753844698836e-08,-16.265023557512162,7,,COMPLETE
426,0.006003829703929328,0.5114309218602437,2026-03-12 16:22:33.094471,2026-03-12 16:22:34.498486,0 days 00:00:01.404015,4.479890932687051,0.7436711413809746,48.40830545410283,51.890915954402686,4.300405669315023,5.1954347911197605,4.342646382747963,2e-07,2.1531558866857132e-18,1.6945496377426283e-17,1.1054271512625266e-08,-14.044210425150215,7,,COMPLETE
427,0.08050286007304498,0.1516678951708262,2026-03-12 16:22:34.499482,2026-03-12 16:22:35.450124,0 days 00:00:00.950642,4.479890932687051,0.7436711413809746,47.35371187951975,53.17408188196012,4.300405669315023,5.1954347911197605,4.342646382747963,2e-07,2.1531558866857132e-18,1.6945496377426283e-17,4.187789165667718e-08,-15.049555158422802,7,,COMPLETE
428,0.048301645377009296,0.044509717016894976,2026-03-12 16:22:35.451122,2026-03-12 16:22:36.482586,0 days 00:00:01.031464,4.228569930482258,0.5,48.40830545410283,50.656872099270345,4.362478392556494,5.35,4.30232892752852,2e-07,1e-16,5.750463163722864e-17,1e-07,-16.354444994345954,7,,COMPLETE
429,0.07895161403759873,0.08048985390729656,2026-03-12 16:22:36.484579,2026-03-12 16:22:37.821255,0 days 00:00:01.336676,4.47613574687058,0.5067484957369444,49.34162624127741,52.110388815636846,4.285150288098558,5.376233320648727,4.226264667143951,2e-07,2.1531558866857132e-18,2.48939889947467e-17,2.2485034718470363e-07,-16.354444994345954,7,,COMPLETE
430,0.010264353159787137,0.014711272368166392,2026-03-12 16:22:37.822252,2026-03-12 16:22:39.302109,0 days 00:00:01.479857,4.469936324117428,0.5067484957369444,48.208394500029605,51.32697157879207,4.384433104102663,5.35,4.446414958753977,1.9760156079118933e-07,6.872725624104755e-17,4.33531895959131e-18,1.4427329345087266e-08,-14.044210425150215,7,,COMPLETE
431,0.004095595107197233,0.6350373128237788,2026-03-12 16:22:39.303106,2026-03-12 16:22:40.446897,0 days 00:00:01.143791,4.39593168874628,0.8800404003141413,49.476438740288216,51.890915954402686,4.300405669315023,5.1954347911197605,4.217759992830597,2.0180027014638015e-07,2.1193958896873796e-15,1.2209147146466114e-18,4.187789165667718e-08,-16.114375234878562,7,,COMPLETE
432,0.01386959160225511,0.17896689424132275,2026-03-12 16:22:40.446897,2026-03-12 16:22:41.783724,0 days 00:00:01.336827,4.39593168874628,0.5067484957369444,46.206766555253616,51.18911220367599,4.445087636718405,5.2534411527595015,4.413996063031318,1.869879073017254e-07,2.1531558866857132e-18,1.6160903172337985e-17,1.1213893826236842e-08,-15.840024907725923,7,,COMPLETE
433,0.020282716129381175,0.009940436692308178,2026-03-12 16:22:41.784722,2026-03-12 16:22:42.582659,0 days 00:00:00.797937,4.374771739689713,0.5067484957369444,49.34162624127741,51.890915954402686,4.285150288098558,5.2534411527595015,4.469120974115542,1.869879073017254e-07,2.6556817628958766e-17,2.426127071096088e-17,2.2485034718470363e-07,-15.344509876764858,8,,COMPLETE
434,0.05511408186507751,0.03491232733302329,2026-03-12 16:22:42.583656,2026-03-12 16:22:43.375846,0 days 00:00:00.792190,4.479890932687051,0.505187650246757,49.34162624127741,50.671845049444414,4.2606897732593785,5.303327827925093,4.245815833423885,2.0180027014638015e-07,1.179930805069502e-18,4.845767715751589e-18,3.400386679215821e-08,-14.044210425150215,8,,COMPLETE
435,0.005999016364856651,0.04253750906723543,2026-03-12 16:22:43.376844,2026-03-12 16:22:44.514495,0 days 00:00:01.137651,4.469936324117428,0.5067484957369444,47.38077989992041,52.110388815636846,4.30447573294825,5.35,4.446414958753977,1.900497032286519e-07,7.373622335680493e-16,8.864548643972452e-18,1.038753844698836e-08,-14.044210425150215,8,,COMPLETE
436,0.07698833113589627,0.07175368262677098,2026-03-12 16:22:44.515492,2026-03-12 16:22:46.106209,0 days 00:00:01.590717,4.479890932687051,0.5067484957369444,47.49898191939333,50.65773248686806,4.333814384002227,5.303327827925093,4.217759992830597,1.869879073017254e-07,4.8456107309358685e-17,3.280139293327222e-17,1.1213893826236842e-08,-14.044210425150215,8,,COMPLETE
437,0.04314846100342565,0.048584636668909595,2026-03-12 16:22:46.108204,2026-03-12 16:22:47.473668,0 days 00:00:01.365464,4.479890932687051,0.5067484957369444,49.34162624127741,50.65773248686806,4.300405669315023,5.1954347911197605,4.469120974115542,1.869879073017254e-07,2.1531558866857132e-18,1.6945496377426283e-17,4.187789165667718e-08,-16.03011924676878,8,,COMPLETE
438,0.029190167022982955,0.13403745024347602,2026-03-12 16:22:47.475662,2026-03-12 16:22:48.790316,0 days 00:00:01.314654,4.337776609419755,0.5554281677659516,47.173152776202095,52.42197773727037,4.300405669315023,5.350445295219125,4.493070431482669,2.0180027014638015e-07,2.6556817628958766e-17,8.864548643972452e-18,4.187789165667718e-08,-16.03011924676878,8,,COMPLETE
439,0.012327867424323229,0.0914770146688938,2026-03-12 16:22:48.791313,2026-03-12 16:22:50.228538,0 days 00:00:01.437225,4.47613574687058,0.5554281677659516,48.825691196573146,50.65773248686806,4.300405669315023,5.350445295219125,4.315393049944937,1.9540729200155968e-07,2.6556817628958766e-17,8.864548643972452e-18,1.038753844698836e-08,-16.03011924676878,8,,COMPLETE
440,0.01958254143017872,0.6649464572963453,2026-03-12 16:22:50.229536,2026-03-12 16:22:51.713746,0 days 00:00:01.484210,4.39593168874628,0.5067484957369444,49.34162624127741,52.42197773727037,4.423075030557694,5.203112577281436,4.217759992830597,2.1134899382069925e-07,4.8456107309358685e-17,2.426127071096088e-17,8.336189544525192e-07,-15.785026195843301,8,,COMPLETE
441,0.01845306208405947,0.26264839877267937,2026-03-12 16:22:51.714744,2026-03-12 16:22:53.091550,0 days 00:00:01.376806,4.469936324117428,0.5067484957369444,49.34162624127741,51.18911220367599,4.362478392556494,5.189250737333527,4.469120974115542,2.127043576453349e-07,2.1531558866857132e-18,4.845767715751589e-18,9.042541942777968e-07,-14.044210425150215,8,,COMPLETE
442,0.05732765595456634,0.17784553688539445,2026-03-12 16:22:53.092547,2026-03-12 16:22:54.614097,0 days 00:00:01.521550,4.39593168874628,0.5682804940581229,50.419355757274296,53.097893756593145,4.362478392556494,5.350445295219125,4.30232892752852,1.8283041186494824e-07,1.4480680252014932e-17,3.8743703523120767e-16,3.280782210444096e-08,-15.963117548711375,8,,COMPLETE
443,0.012116611540598251,0.12889759739228207,2026-03-12 16:22:54.615093,2026-03-12 16:22:55.776341,0 days 00:00:01.161248,4.39593168874628,0.5554281677659516,46.30543337660801,52.110388815636846,4.285150288098558,5.376233320648727,4.224311084884632,1.9760156079118933e-07,2.1531558866857132e-18,8.864548643972452e-18,1.4427329345087266e-08,-16.265023557512162,8,,COMPLETE
444,0.002764875020788518,0.2798599099550007,2026-03-12 16:22:55.777337,2026-03-12 16:22:57.970058,0 days 00:00:02.192721,4.331266015745508,0.6613390272594899,48.825691196573146,53.72478615858206,4.384433104102663,5.189250737333527,4.295152149538526,2.127043576453349e-07,2.1531558866857132e-18,4.212179063424113e-16,2.2485034718470363e-07,-16.265023557512162,8,,COMPLETE
445,0.02539186389918106,0.01222666781247512,2026-03-12 16:22:57.972050,2026-03-12 16:22:59.696323,0 days 00:00:01.724273,4.275328926362546,0.5067484957369444,49.06314514378708,51.18911220367599,4.285150288098558,5.2534411527595015,4.429678522476321,1.9540729200155968e-07,2.1531558866857132e-18,1.6160903172337985e-17,8.336189544525192e-07,-16.265023557512162,8,,COMPLETE
446,0.05862959181945006,0.05924229288434382,2026-03-12 16:22:59.697320,2026-03-12 16:23:01.503322,0 days 00:00:01.806002,4.47613574687058,0.5394304169214825,46.206766555253616,52.641367702523745,4.2313209562166385,5.1954347911197605,4.392587634693945,2.0302985187460024e-07,7.42647349605876e-15,8.864548643972452e-18,4.187789165667718e-08,-15.049555158422802,8,,COMPLETE
447,0.0035244285414332112,0.30534932417546684,2026-03-12 16:23:01.504318,2026-03-12 16:23:03.354175,0 days 00:00:01.849857,4.39593168874628,0.5554281677659516,48.825691196573146,52.42197773727037,4.300405669315023,5.203112577281436,4.217759992830597,1.9760156079118933e-07,4.8456107309358685e-17,3.8743703523120767e-16,1.1213893826236842e-08,-16.03011924676878,8,,COMPLETE
448,0.05721501561768709,0.05246120122072296,2026-03-12 16:23:03.355172,2026-03-12 16:23:04.697024,0 days 00:00:01.341852,4.469936324117428,0.5067484957369444,47.35371187951975,52.641367702523745,4.2313209562166385,5.32647077958716,4.446414958753977,2.0302985187460024e-07,5.216321720966442e-15,4.33531895959131e-18,2.799015840254763e-07,-15.049555158422802,8,,COMPLETE
449,0.023432806960289394,0.0778284167830442,2026-03-12 16:23:04.697024,2026-03-12 16:23:06.153334,0 days 00:00:01.456310,4.469936324117428,0.5067484957369444,48.870736298559144,51.32697157879207,4.2145738032143925,5.2534411527595015,4.446414958753977,1.8773068027944915e-07,7.684993292813186e-15,2.9140042953792085e-18,1.038753844698836e-08,-14.044210425150215,8,,COMPLETE
450,0.01494599383069947,0.05983296872700218,2026-03-12 16:23:06.154331,2026-03-12 16:23:07.430500,0 days 00:00:01.276169,4.374771739689713,0.5067484957369444,48.870736298559144,51.32697157879207,4.285150288098558,5.35,4.446414958753977,2e-07,7.684993292813186e-15,2.426127071096088e-17,1.038753844698836e-08,-16.354444994345954,8,,COMPLETE
451,0.02149327103519608,0.029354241225044528,2026-03-12 16:23:07.432493,2026-03-12 16:23:08.391105,0 days 00:00:00.958612,4.384016154539962,0.5067484957369444,46.750406576186144,52.110388815636846,4.31848656366774,5.345821549114372,4.387133507035807,2.020520039155152e-07,2.1531558866857132e-18,4.845767715751589e-18,4.077373873514901e-07,-17.278131126153063,8,,COMPLETE
452,,,2026-03-12 16:23:08.393099,2026-03-12 16:23:08.473830,0 days 00:00:00.080731,4.47613574687058,0.5554281677659516,48.208394500029605,54.07799342787163,4.384433104102663,5.376233320648727,4.413996063031318,1.9540729200155968e-07,1.0788942527659665e-17,3.2862802865932937e-18,1.4427329345087266e-08,-16.114375234878562,8,,PRUNED
453,0.07240346634126699,0.10139518424229771,2026-03-12 16:23:08.474826,2026-03-12 16:23:09.540288,0 days 00:00:01.065462,4.2314282279850195,0.5554281677659516,47.173152776202095,50.65773248686806,4.285150288098558,5.2534411527595015,4.342646382747963,1.869879073017254e-07,2.1531558866857132e-18,8.864548643972452e-18,8.336189544525192e-07,-16.03011924676878,8,,COMPLETE
454,0.029098227811419186,0.04486628365145306,2026-03-12 16:23:09.541285,2026-03-12 16:23:10.750970,0 days 00:00:01.209685,4.421842320866504,0.5,48.40830545410283,51.18911220367599,4.285150288098558,5.35,4.469120974115542,2e-07,9.825441190227408e-15,2.426127071096088e-17,1.038753844698836e-08,-14.647346575003345,8,,COMPLETE
455,0.04197975424741373,0.5178946685703,2026-03-12 16:23:10.751966,2026-03-12 16:23:12.267019,0 days 00:00:01.515053,4.384016154539962,0.7823636102314112,48.870736298559144,51.18911220367599,4.2145738032143925,5.302959629845673,4.30232892752852,2e-07,9.999999999999965e-17,2.9140042953792085e-18,1.038753844698836e-08,-15.963117548711375,8,,COMPLETE
456,0.00563426512907271,0.08242184603427699,2026-03-12 16:23:12.268015,2026-03-12 16:23:13.967176,0 days 00:00:01.699161,4.261267046876162,0.5682804940581229,49.38892977092999,51.890915954402686,4.372096250244964,5.2534411527595015,4.2199399720778565,2.1697632560309568e-07,2.6556817628958766e-17,1.2209147146466114e-18,1.738120239063771e-08,-16.992915843889964,8,,COMPLETE
457,0.007441641659381159,0.020430736977855177,2026-03-12 16:23:13.969166,2026-03-12 16:23:15.301012,0 days 00:00:01.331846,4.39593168874628,0.5067484957369444,46.206766555253616,52.42197773727037,4.300405669315023,5.350445295219125,4.413996063031318,1.9540729200155968e-07,2.054582025146577e-17,1.6160903172337985e-17,1.1213893826236842e-08,-15.840024907725923,8,,COMPLETE
458,0.009392567284135928,0.023693129965016508,2026-03-12 16:23:15.302009,2026-03-12 16:23:16.159753,0 days 00:00:00.857744,4.39593168874628,0.5067484957369444,46.206766555253616,52.110388815636846,4.285150288098558,5.2534411527595015,4.413996063031318,1.831487418468677e-07,2.1531558866857132e-18,1.6160903172337985e-17,7.021643408758918e-07,-16.265023557512162,8,,COMPLETE
459,0.03160604567435569,0.04404891868299546,2026-03-12 16:23:16.160749,2026-03-12 16:23:17.032214,0 days 00:00:00.871465,4.47613574687058,0.5067484957369444,49.34162624127741,51.18911220367599,4.2606897732593785,5.3728872343708955,4.469120974115542,1.869879073017254e-07,6.872725624104755e-17,2.426127071096088e-17,8.296641561373889e-07,-15.227243681833937,8,,COMPLETE
460,0.013364276270511557,0.5972773987161597,2026-03-12 16:23:17.033210,2026-03-12 16:23:18.404444,0 days 00:00:01.371234,4.479890932687051,0.5067484957369444,49.34162624127741,50.65773248686806,4.300405669315023,5.35,4.217759992830597,1.8773068027944915e-07,7.684993292813186e-15,4.457188843643132e-15,1.038753844698836e-08,-16.03011924676878,8,,COMPLETE
461,0.03477417457036752,0.014027509665775036,2026-03-12 16:23:18.405441,2026-03-12 16:23:19.661028,0 days 00:00:01.255587,4.266669567041027,0.5067484957369444,49.38892977092999,51.890915954402686,4.285150288098558,5.2534411527595015,4.469120974115542,2.1697632560309568e-07,2.1531558866857132e-18,2.426127071096088e-17,2.2485034718470363e-07,-16.265023557512162,8,,COMPLETE
462,0.00735591496807902,0.4752625990753314,2026-03-12 16:23:19.662027,2026-03-12 16:23:21.229338,0 days 00:00:01.567311,4.469936324117428,0.5,47.49898191939333,52.42197773727037,4.423075030557694,5.203112577281436,4.2199399720778565,1.8320628600297675e-07,4.328300151160255e-18,9.99999999999999e-18,3.0898583496723983e-07,-14.044210425150215,8,,COMPLETE
463,0.05817302608807405,0.025958005813872257,2026-03-12 16:23:21.231327,2026-03-12 16:23:22.388108,0 days 00:00:01.156781,4.39593168874628,0.5067484957369444,46.10141271402209,52.110388815636846,4.384433104102663,5.35,4.413996063031318,1.9540729200155968e-07,4.686991816535984e-15,1.6160903172337985e-17,9.125878333650628e-08,-14.044210425150215,8,,COMPLETE
464,0.008624960984384662,0.17482957832113033,2026-03-12 16:23:22.389106,2026-03-12 16:23:23.319213,0 days 00:00:00.930107,4.469936324117428,0.5067484957369444,48.870736298559144,52.110388815636846,4.2145738032143925,5.2534411527595015,4.2199399720778565,2.1793008211192278e-07,2.1531558866857132e-18,2.9558783466937314e-16,1.038753844698836e-08,-13.978800299351452,8,,COMPLETE
465,0.046022360867368994,0.2888831249082438,2026-03-12 16:23:23.319213,2026-03-12 16:23:24.149224,0 days 00:00:00.830011,4.39593168874628,0.6889601804841314,46.206766555253616,50.65773248686806,4.300405669315023,5.1954347911197605,4.342646382747963,2.0180027014638015e-07,1.179930805069502e-18,1.6945496377426283e-17,4.187789165667718e-08,-16.03011924676878,8,,COMPLETE
466,0.004802651083607246,0.12037489496773111,2026-03-12 16:23:24.150221,2026-03-12 16:23:25.492652,0 days 00:00:01.342431,4.47613574687058,0.5554281677659516,47.49898191939333,52.110388815636846,4.2606897732593785,5.203112577281436,4.224311084884632,1.9760156079118933e-07,4.8456107309358685e-17,3.8743703523120767e-16,8.296641561373889e-07,-14.044210425150215,8,,COMPLETE
467,0.04369731850848909,0.182890869261189,2026-03-12 16:23:25.493648,2026-03-12 16:23:26.387993,0 days 00:00:00.894345,4.39593168874628,0.5067484957369444,49.476438740288216,51.32697157879207,4.300405669315023,5.1954347911197605,4.446414958753977,2.0180027014638015e-07,6.872725624104755e-17,1.2209147146466114e-18,4.187789165667718e-08,-14.044210425150215,8,,COMPLETE
468,0.013928306436935151,0.14765112390443808,2026-03-12 16:23:26.389987,2026-03-12 16:23:27.760133,0 days 00:00:01.370146,4.3167469150366875,0.5067484957369444,49.34162624127741,50.65773248686806,4.362478392556494,5.270636888891138,4.245815833423885,2.0180027014638015e-07,1.179930805069502e-18,4.845767715751589e-18,8.296641561373889e-07,-17.077083267395306,8,,COMPLETE
469,0.007701970083892787,0.07170490391061018,2026-03-12 16:23:27.761132,2026-03-12 16:23:29.112657,0 days 00:00:01.351525,4.469936324117428,0.5067484957369444,48.40830545410283,51.890915954402686,4.362478392556494,5.2534411527595015,4.2199399720778565,2e-07,2.1531558866857132e-18,9.99999999999999e-18,1.038753844698836e-08,-14.044210425150215,8,,COMPLETE
470,0.006742956364208536,0.055246223453313856,2026-03-12 16:23:29.114636,2026-03-12 16:23:30.051022,0 days 00:00:00.936386,4.39593168874628,0.5067484957369444,49.34162624127741,52.110388815636846,4.2145738032143925,5.345821549114372,4.3509178395727695,1.9918623071275753e-07,2.1531558866857132e-18,4.845767715751589e-18,1.038753844698836e-08,-16.265023557512162,8,,COMPLETE
471,0.008018236963196337,0.3565006610988552,2026-03-12 16:23:30.051778,2026-03-12 16:23:31.413826,0 days 00:00:01.362048,4.39593168874628,0.976804566887268,48.870736298559144,52.110388815636846,4.2145738032143925,5.2534411527595015,4.342646382747963,2.1077932191785209e-07,4.8456107309358685e-17,3.8743703523120767e-16,1.1213893826236842e-08,-15.785026195843301,8,,COMPLETE
