number,values_0,values_1,datetime_start,datetime_complete,duration,params_E_d_sh,params_G_frac,params_N_t_d,params_N_t_sh,params_W_L,params_W_R,params_W_R_sclc,params_d_sclc,params_l1_C_n_bulk,params_l1_k_dir,params_l1_mu_p,params_mu_e,system_attrs_NSGAIISampler:generation,system_attrs_fixed_params,state
356,0.010346835640079247,0.07228385701742335,2026-03-12 15:35:14.235259,2026-03-12 15:35:14.978881,0 days 00:00:00.743622,4.228569930482258,0.535231751893722,47.01161517998709,50.656872099270345,4.326565092716501,5.318620435194627,4.372782869484682,3.281233629740653e-07,2.0356059931971676e-16,9.99999999999999e-18,7.885876178579091e-08,-16.354444994345954,5,,COMPLETE
357,0.054562770149942215,0.052210184902631136,2026-03-12 15:35:14.979878,2026-03-12 15:35:15.809185,0 days 00:00:00.829307,4.3187809897769,0.5163190425246921,47.01161517998709,54.22834444682094,4.202816660393726,5.356143169780247,4.291065355114606,1.1168704792579186e-07,8.18872176355259e-15,2.486954667796461e-17,4.029444742022429e-07,-16.981103640181907,5,,COMPLETE
358,0.06770329722934851,0.09948338192782787,2026-03-12 15:35:15.810182,2026-03-12 15:35:16.559365,0 days 00:00:00.749183,4.228569930482258,0.5,46.11039362572452,50.656872099270345,4.362478392556494,5.230892279835164,4.268382415097915,1.7054548781657297e-07,9.999999999999965e-17,9.99999999999999e-18,4.88986241575205e-07,-16.354444994345954,5,,COMPLETE
359,0.011842505487721467,0.2161245726457836,2026-03-12 15:35:16.560361,2026-03-12 15:35:17.839686,0 days 00:00:01.279325,4.357228748364852,0.5,48.65472061613823,53.13106072585698,4.362478392556494,5.302335870519761,4.225220926667589,1.9369963358469942e-07,1.0684527493079727e-15,6.808458066660151e-18,5.614028141506017e-07,-16.981103640181907,6,,COMPLETE
360,0.02135202385701317,0.35012787666244666,2026-03-12 15:35:17.840683,2026-03-12 15:35:19.134210,0 days 00:00:01.293527,4.284616916561097,0.535231751893722,48.70657237839028,50.656872099270345,4.362478392556494,5.255675289226811,4.265808106916084,1.8145591772799374e-07,9.999999999999965e-17,2.6875754054609837e-15,2.3815563392967006e-07,-17.517436416971144,6,,COMPLETE
361,0.07562601541576738,0.21891925539593068,2026-03-12 15:35:19.135210,2026-03-12 15:35:20.393327,0 days 00:00:01.258117,4.396311813258762,0.6832166550481393,48.70657237839028,54.42186237732072,4.342526892502056,5.1773715848744635,4.231609097544104,2.3029640456168443e-07,3.2776557265015483e-15,3.289495542188883e-16,1.0320046303742027e-07,-15.96678246589367,6,,COMPLETE
362,,,2026-03-12 15:35:20.394323,2026-03-12 15:35:20.442037,0 days 00:00:00.047714,4.228569930482258,0.7202259668225552,46.240925722374335,51.50715982309353,4.242905645531689,5.276912625591107,4.360052100626563,1.9278142894669379e-07,7.78966338485797e-17,2.4212532143637174e-17,9.999999999999994e-08,-13.99528711693796,6,,PRUNED
363,0.007691302243086269,0.1223332176700181,2026-03-12 15:35:20.443055,2026-03-12 15:35:21.324283,0 days 00:00:00.881228,4.228569930482258,0.5987295757949643,47.262658150470834,53.71540247690643,4.247702280250982,5.237478358036659,4.291065355114606,3.427186425039953e-07,2.8118027892091575e-16,9.99999999999999e-18,1.4689659821412255e-08,-16.981103640181907,6,,COMPLETE
364,0.05799932087654912,0.1356377211632771,2026-03-12 15:35:21.325280,2026-03-12 15:35:22.147632,0 days 00:00:00.822352,4.417798140270275,0.535231751893722,47.83149355065549,50.656872099270345,4.335396210169529,5.216068964492535,4.360052100626563,3.281233629740653e-07,9.999999999999965e-17,9.99999999999999e-18,9.794500053354745e-07,-17.172803697377006,6,,COMPLETE
365,0.0048293697065598775,0.0406237510086723,2026-03-12 15:35:22.147632,2026-03-12 15:35:23.004693,0 days 00:00:00.857061,4.292780305837017,0.5163190425246921,48.65472061613823,54.22834444682094,4.202816660393726,5.356143169780247,4.291065355114606,1.9369963358469942e-07,2.8118027892091575e-16,2.486954667796461e-17,9.456003209154549e-08,-17.57941032056012,6,,COMPLETE
366,0.040774612792785256,0.08977681377248921,2026-03-12 15:35:23.006724,2026-03-12 15:35:24.488220,0 days 00:00:01.481496,4.442222719391272,0.5163190425246921,47.52545594770984,51.9289772233779,4.360366211594994,5.255675289226811,4.265808106916084,1.8145591772799374e-07,2.8118027892091575e-16,4.816576455490822e-18,9.456003209154549e-08,-16.981103640181907,6,,COMPLETE
367,0.026646548207225784,0.1435948581722472,2026-03-12 15:35:24.490224,2026-03-12 15:35:25.803012,0 days 00:00:01.312788,4.279244666841479,0.5987295757949643,47.52545594770984,53.71540247690643,4.242905645531689,5.15822501523692,4.291065355114606,2.1295752069339597e-07,2.8118027892091575e-16,2.4617692261389014e-17,9.794500053354745e-07,-16.981103640181907,6,,COMPLETE
368,0.02967646476280047,0.2834705929066542,2026-03-12 15:35:25.805006,2026-03-12 15:35:26.761949,0 days 00:00:00.956943,4.3187809897769,0.5,47.01161517998709,55.14255986327722,4.452052955642017,5.356143169780247,4.291065355114606,2.2313550974094518e-07,2.0356059931971676e-16,2.4212532143637174e-17,9.999999999999994e-08,-16.354444994345954,6,,COMPLETE
369,0.00843857652499543,0.06770558939470188,2026-03-12 15:35:26.762946,2026-03-12 15:35:27.912387,0 days 00:00:01.149441,4.228569930482258,0.535231751893722,47.01161517998709,50.656872099270345,4.326565092716501,5.356143169780247,4.372782869484682,3.281233629740653e-07,2.0356059931971676e-16,9.99999999999999e-18,4.029444742022429e-07,-16.981103640181907,6,,COMPLETE
370,0.025369207649257052,0.2856895163964698,2026-03-12 15:35:27.912387,2026-03-12 15:35:28.715302,0 days 00:00:00.802915,4.257812211942562,0.6715371955776317,46.11039362572452,55.18519713404567,4.335396210169529,5.356143169780247,4.291065355114606,1.947772361044112e-07,2.8118027892091575e-16,2.486954667796461e-17,9.456003209154549e-08,-16.981103640181907,6,,COMPLETE
371,0.00897193587375213,0.5387058861583207,2026-03-12 15:35:28.716299,2026-03-12 15:35:29.607301,0 days 00:00:00.891002,4.292780305837017,0.8616893876446436,49.108277437676094,54.22834444682094,4.3453770172354,5.160547801140458,4.291065355114606,1.947772361044112e-07,4.5837642173788804e-17,6.5977955413053135e-18,3.404206999039382e-07,-16.938306812090847,6,,COMPLETE
372,0.0241690527307842,0.11428638510594549,2026-03-12 15:35:29.608299,2026-03-12 15:35:30.534158,0 days 00:00:00.925859,4.357228748364852,0.5987295757949643,49.279936565151374,53.7125817908734,4.326565092716501,5.230892279835164,4.246110243628249,2.1295752069339597e-07,2.0356059931971676e-16,9.99999999999999e-18,7.102453792989689e-08,-16.354444994345954,6,,COMPLETE
373,0.010153880518042299,0.34820156364113214,2026-03-12 15:35:30.535155,2026-03-12 15:35:31.513985,0 days 00:00:00.978830,4.292780305837017,0.5163190425246921,49.279936565151374,52.48438043793066,4.393553740326797,5.356143169780247,4.291065355114606,1.8145591772799374e-07,1.7656369344784767e-18,7.648019728511568e-18,6.647776404106543e-07,-17.890112772348523,6,,COMPLETE
374,,,2026-03-12 15:35:31.514982,2026-03-12 15:35:31.585986,0 days 00:00:00.071004,4.406125642923549,0.9493412415234415,47.01161517998709,51.93028086214649,4.242905645531689,5.356143169780247,4.401600420368074,1.1168704792579186e-07,7.78966338485797e-17,2.486954667796461e-17,4.029444742022429e-07,-13.99528711693796,6,,PRUNED
375,0.022089210342137035,0.1773731837515491,2026-03-12 15:35:31.587057,2026-03-12 15:35:32.814882,0 days 00:00:01.227825,4.3187809897769,0.5987295757949643,48.5103985880253,53.71540247690643,4.242905645531689,5.27283597857285,4.392283534729892,2.1295752069339597e-07,3.003301427476209e-17,3.526211055207652e-16,9.794500053354745e-07,-15.96678246589367,6,,COMPLETE
376,0.05327744951380404,0.05038716378837835,2026-03-12 15:35:32.815886,2026-03-12 15:35:34.236926,0 days 00:00:01.421040,4.3187809897769,0.5163190425246921,47.52545594770984,54.22834444682094,4.242905645531689,5.160547801140458,4.291065355114606,1.1168704792579186e-07,8.522389566906526e-18,2.4212532143637174e-17,4.029444742022429e-07,-16.981103640181907,6,,COMPLETE
377,0.08401355354098144,2.2707387169686584,2026-03-12 15:35:34.238920,2026-03-12 15:35:35.444077,0 days 00:00:01.205157,4.296536232628637,0.505761128201279,48.40830545410283,54.970169524979404,4.499193651866046,5.35,4.406417600702706,1.9278142894669379e-07,8.050727498631122e-17,9.99999999999999e-18,4.88986241575205e-07,-17.805324603885836,6,,COMPLETE
378,0.028388100251442856,0.04939496019145277,2026-03-12 15:35:35.445073,2026-03-12 15:35:36.316634,0 days 00:00:00.871561,4.357228748364852,0.5,47.262658150470834,50.704651105656936,4.362478392556494,5.356143169780247,4.413955071163592,1.9369963358469942e-07,1.0684527493079727e-15,1.4956199838521692e-18,1.4108223554704215e-08,-16.354444994345954,6,,COMPLETE
379,0.035451248535534184,0.024580716617571906,2026-03-12 15:35:36.317629,2026-03-12 15:35:37.096516,0 days 00:00:00.778887,4.228569930482258,0.5,46.11039362572452,50.656872099270345,4.320370330475337,5.230892279835164,4.37093886036678,1.947772361044112e-07,1.1118085922600935e-16,6.5977955413053135e-18,1.6234645170885737e-07,-16.983290142110942,6,,COMPLETE
380,0.011318017047214909,0.23570432550606268,2026-03-12 15:35:37.096516,2026-03-12 15:35:37.804407,0 days 00:00:00.707891,4.228569930482258,0.5840340468029441,46.42200089601606,51.50715982309353,4.202816660393726,5.35,4.435037840139458,3.539425947320193e-07,8.050727498631122e-17,9.99999999999999e-18,4.029444742022429e-07,-16.069813769125698,6,,COMPLETE
381,0.04382022148921357,0.7964118822135522,2026-03-12 15:35:37.805404,2026-03-12 15:35:39.058616,0 days 00:00:01.253212,4.284616916561097,0.939760942479318,48.40830545410283,50.656872099270345,4.362478392556494,5.302896279638605,4.360052100626563,3.281233629740653e-07,9.999999999999965e-17,5.124404427312979e-18,6.647776404106543e-07,-17.556327846542462,6,,COMPLETE
382,,,2026-03-12 15:35:39.060609,2026-03-12 15:35:39.132550,0 days 00:00:00.071941,4.310983148803285,0.5163190425246921,49.94820494749364,51.22697145883807,4.242905645531689,5.2624951546999394,4.225220926667589,3.9473637531485525e-07,7.78966338485797e-17,2.4212532143637174e-17,9.794500053354745e-07,-13.99528711693796,6,,PRUNED
383,0.01607328758801934,0.7437748426950371,2026-03-12 15:35:39.133580,2026-03-12 15:35:40.635044,0 days 00:00:01.501464,4.284616916561097,0.939760942479318,49.108277437676094,54.22834444682094,4.277979064049125,5.235991536428084,4.265808106916084,2.253011297805258e-07,1.7656369344784767e-18,4.26451907900218e-18,6.647776404106543e-07,-17.556327846542462,6,,COMPLETE
384,0.039819725322193945,0.01788215489404064,2026-03-12 15:35:40.636040,2026-03-12 15:35:41.886807,0 days 00:00:01.250767,4.257812211942562,0.5163190425246921,47.52545594770984,55.18519713404567,4.360366211594994,5.318620435194627,4.291065355114606,1.947772361044112e-07,2.8118027892091575e-16,2.486954667796461e-17,7.885876178579091e-08,-16.354444994345954,6,,COMPLETE
385,0.012996743996241324,0.11377980760725549,2026-03-12 15:35:41.887805,2026-03-12 15:35:42.814687,0 days 00:00:00.926882,4.250394629902042,0.535231751893722,49.108277437676094,53.71540247690643,4.424704395954743,5.356143169780247,4.246110243628249,2.1295752069339597e-07,3.8864797225107605e-15,2.486954667796461e-17,1.4108223554704215e-08,-16.981103640181907,6,,COMPLETE
386,0.012286055766561024,0.044617509210639644,2026-03-12 15:35:42.815684,2026-03-12 15:35:43.559950,0 days 00:00:00.744266,4.363897427363334,0.5,46.240925722374335,50.656872099270345,4.362478392556494,5.276912625591107,4.37967316861651,3.9473637531485525e-07,7.78966338485797e-17,2.4212532143637174e-17,1.2636845991862524e-07,-16.151354095538732,6,,COMPLETE
387,0.01794194693558719,0.8795559540981458,2026-03-12 15:35:43.560956,2026-03-12 15:35:44.435642,0 days 00:00:00.874686,4.259159557192732,0.9638785550318066,49.108277437676094,55.14255986327722,4.247702280250982,5.302335870519761,4.205448755053453,1.7054548781657297e-07,2.0356059931971676e-16,5.124404427312979e-18,9.999999999999994e-08,-17.556327846542462,6,,COMPLETE
388,0.01399775625264055,0.0524914779939541,2026-03-12 15:35:44.436639,2026-03-12 15:35:45.443194,0 days 00:00:01.006555,4.296536232628637,0.535231751893722,48.65472061613823,53.71540247690643,4.335396210169529,5.35,4.406417600702706,2.1295752069339597e-07,3.8864797225107605e-15,2.513855911499944e-17,1.4108223554704215e-08,-16.354444994345954,6,,COMPLETE
389,,,2026-03-12 15:35:45.444190,2026-03-12 15:35:45.522730,0 days 00:00:00.078540,4.417798140270275,0.5,46.987312330798716,53.13106072585698,4.202816660393726,5.356143169780247,4.246110243628249,3.281233629740653e-07,2.9643030344420145e-15,2.0173038801124104e-17,1.4108223554704215e-08,-16.981103640181907,6,,PRUNED
390,0.029237344714854084,0.31728392775388475,2026-03-12 15:35:45.523737,2026-03-12 15:35:46.785642,0 days 00:00:01.261905,4.303801794729083,0.535231751893722,49.279936565151374,50.656872099270345,4.361475166398326,5.125736286496585,4.439812470306433,2.1295752069339597e-07,3.8864797225107605e-15,2.1955283715483104e-18,7.885876178579091e-08,-15.02755195765076,6,,COMPLETE
391,0.03901666818167694,0.037285598828381124,2026-03-12 15:35:46.786639,2026-03-12 15:35:48.135808,0 days 00:00:01.349169,4.250394629902042,0.5163190425246921,46.11039362572452,54.05025643304091,4.335396210169529,5.356143169780247,4.246110243628249,1.9369963358469942e-07,1.0684527493079727e-15,9.99999999999999e-18,1.4108223554704215e-08,-16.981103640181907,6,,COMPLETE
392,0.053991567927954794,0.10919422439166479,2026-03-12 15:35:48.136817,2026-03-12 15:35:48.932078,0 days 00:00:00.795261,4.228569930482258,0.5,48.40830545410283,50.656872099270345,4.362478392556494,5.35,4.380363941639306,3.281233629740653e-07,9.999999999999965e-17,9.99999999999999e-18,4.88986241575205e-07,-17.805324603885836,6,,COMPLETE
393,0.037189032948992264,0.176019355204776,2026-03-12 15:35:48.933075,2026-03-12 15:35:50.628424,0 days 00:00:01.695349,4.228569930482258,0.5,47.13297792394662,54.42186237732072,4.362478392556494,5.148470593576984,4.265808106916084,1.8145591772799374e-07,1.7656369344784767e-18,9.99999999999999e-18,6.647776404106543e-07,-17.100774688721234,6,,COMPLETE
394,0.012648286563380884,0.5394274115308445,2026-03-12 15:35:50.630420,2026-03-12 15:35:51.805365,0 days 00:00:01.174945,4.284616916561097,0.8616893876446436,49.71186683547153,55.14255986327722,4.247702280250982,5.148470593576984,4.37093886036678,1.5450092025349887e-07,1.1118085922600935e-16,5.124404427312979e-18,6.647776404106543e-07,-16.983290142110942,6,,COMPLETE
395,0.087566521024539,0.8323396076690255,2026-03-12 15:35:51.807358,2026-03-12 15:35:53.318252,0 days 00:00:01.510894,4.406125642923549,0.5840340468029441,48.40830545410283,54.60344436238412,4.371106537586851,5.35,4.401600420368074,1.9278142894669379e-07,7.78966338485797e-17,4.26451907900218e-18,4.88986241575205e-07,-16.354444994345954,6,,COMPLETE
396,0.05123792902791679,0.04815993798429407,2026-03-12 15:35:53.320243,2026-03-12 15:35:54.603808,0 days 00:00:01.283565,4.318520254510479,0.5163190425246921,49.279936565151374,54.22834444682094,4.202816660393726,5.356143169780247,4.291065355114606,1.1168704792579186e-07,8.18872176355259e-15,2.486954667796461e-17,2.1295998452733557e-07,-16.981103640181907,6,,COMPLETE
397,0.04820734903217225,0.24311215067534644,2026-03-12 15:35:54.605800,2026-03-12 15:35:56.066321,0 days 00:00:01.460521,4.250394629902042,0.535231751893722,46.34541339329376,53.71540247690643,4.362478392556494,5.15822501523692,4.342986729606545,3.281233629740653e-07,3.8864797225107605e-15,3.1755688563926773e-16,9.794500053354745e-07,-18.28000457060122,6,,COMPLETE
398,0.02690648695652062,0.11545880951838763,2026-03-12 15:35:56.068315,2026-03-12 15:35:56.864150,0 days 00:00:00.795835,4.264483437408266,0.5,48.40830545410283,53.11261916429354,4.362478392556494,5.182438439342875,4.360052100626563,2.3029640456168443e-07,6.0952760761306245e-15,9.99999999999999e-18,9.999999999999994e-08,-16.354444994345954,6,,COMPLETE
399,0.060690963255250974,0.07682580491937747,2026-03-12 15:35:56.865148,2026-03-12 15:35:57.959831,0 days 00:00:01.094683,4.259159557192732,0.535231751893722,46.42200089601606,55.14255986327722,4.247702280250982,5.1607700256613525,4.205448755053453,1.7054548781657297e-07,2.0356059931971676e-16,7.592950744930644e-17,5.471292264061826e-07,-16.354444994345954,6,,COMPLETE
400,0.03182305891682506,0.1792713165303749,2026-03-12 15:35:57.960829,2026-03-12 15:35:58.830365,0 days 00:00:00.869536,4.250394629902042,0.6117476775851822,49.108277437676094,50.656872099270345,4.335396210169529,5.160547801140458,4.324683706808625,3.0081245883232515e-07,8.522389566906526e-18,6.5977955413053135e-18,3.404206999039382e-07,-16.981103640181907,6,,COMPLETE
401,0.017359309752215082,0.2502618404131099,2026-03-12 15:35:58.831362,2026-03-12 15:36:00.079065,0 days 00:00:01.247703,4.250394629902042,0.535231751893722,48.40830545410283,53.71540247690643,4.446070159142713,5.356143169780247,4.347130444281818,2.1295752069339597e-07,9.999999999999965e-17,1.0907114907048805e-16,1.4108223554704215e-08,-16.981103640181907,6,,COMPLETE
402,0.06099368020023252,0.12516469580861314,2026-03-12 15:36:00.080012,2026-03-12 15:36:01.287342,0 days 00:00:01.207330,4.228569930482258,0.535231751893722,49.279936565151374,50.656872099270345,4.202816660393726,5.318620435194627,4.291065355114606,1.8145591772799374e-07,4.3455817429676704e-18,9.99999999999999e-18,7.885876178579091e-08,-16.354444994345954,6,,COMPLETE
403,0.00209565603765483,0.08202315606947595,2026-03-12 15:36:01.288339,2026-03-12 15:36:02.466386,0 days 00:00:01.178047,4.284616916561097,0.535231751893722,49.108277437676094,53.71540247690643,4.247702280250982,5.356143169780247,4.246110243628249,2.1295752069339597e-07,2.0356059931971676e-16,5.124404427312979e-18,1.4108223554704215e-08,-17.556327846542462,6,,COMPLETE
404,0.0952921722829428,0.35552927211738955,2026-03-12 15:36:02.467383,2026-03-12 15:36:03.431068,0 days 00:00:00.963685,4.387947033775686,0.9395181507468149,48.70657237839028,54.42186237732072,4.3453770172354,5.356143169780247,4.291065355114606,1.947772361044112e-07,3.8864797225107605e-15,3.1369646200443245e-15,9.456003209154549e-08,-17.517436416971144,6,,COMPLETE
405,0.01930588783424172,0.09192527358900283,2026-03-12 15:36:03.432065,2026-03-12 15:36:04.207820,0 days 00:00:00.775755,4.284616916561097,0.5,49.09194517196568,53.789701337548564,4.386510318440111,5.230892279835164,4.37093886036678,1.947772361044112e-07,2.0356059931971676e-16,9.99999999999999e-18,9.999999999999994e-08,-16.354444994345954,6,,COMPLETE
406,0.07306352499473737,0.07259313407243057,2026-03-12 15:36:04.208826,2026-03-12 15:36:04.951311,0 days 00:00:00.742485,4.228569930482258,0.535231751893722,46.240925722374335,50.656872099270345,4.325598824003464,5.318620435194627,4.360052100626563,1.5421089502766756e-07,2.0356059931971676e-16,9.99999999999999e-18,7.885876178579091e-08,-16.354444994345954,6,,COMPLETE
407,0.01069929443972054,0.13610628278657882,2026-03-12 15:36:04.952308,2026-03-12 15:36:05.953763,0 days 00:00:01.001455,4.228569930482258,0.5,46.42200089601606,51.50715982309353,4.326565092716501,5.35,4.200451410826986,3.3311677304472567e-07,2.0356059931971676e-16,5.660308436106258e-16,3.0579738814995305e-07,-16.56948848053072,6,,COMPLETE
408,0.0037094976958508383,0.26476507194214305,2026-03-12 15:36:05.954769,2026-03-12 15:36:07.351076,0 days 00:00:01.396307,4.292780305837017,0.6117476775851822,48.70657237839028,54.42186237732072,4.241403584483665,5.356143169780247,4.278877822217859,2.3029640456168443e-07,2.474850323886416e-18,6.5977955413053135e-18,2.3815563392967006e-07,-16.983290142110942,6,,COMPLETE
409,0.04140230641348553,0.1617415253119935,2026-03-12 15:36:07.353066,2026-03-12 15:36:08.978108,0 days 00:00:01.625042,4.318520254510479,0.6117476775851822,48.70657237839028,54.22834444682094,4.360366211594994,5.182438439342875,4.291065355114606,2.3029640456168443e-07,6.0952760761306245e-15,6.5977955413053135e-18,1.2636845991862524e-07,-17.556327846542462,6,,COMPLETE
410,,,2026-03-12 15:36:08.979101,2026-03-12 15:36:09.064871,0 days 00:00:00.085770,4.426973313245772,0.535231751893722,48.65472061613823,54.68133937285699,4.34278273909164,5.1773715848744635,4.281873419315782,2.1295752069339597e-07,3.003301427476209e-17,1.1178938662649474e-18,1.0320046303742027e-07,-16.981103640181907,6,,PRUNED
411,0.07775941964346524,0.34324764420768333,2026-03-12 15:36:09.066843,2026-03-12 15:36:10.295807,0 days 00:00:01.228964,4.318520254510479,0.6999789379023085,49.108277437676094,50.656872099270345,4.335396210169529,5.166164092313784,4.246110243628249,1.9369963358469942e-07,1.0684527493079727e-15,9.99999999999999e-18,4.029444742022429e-07,-15.364389232157752,6,,COMPLETE
412,0.009069354558185465,0.4213352850332025,2026-03-12 15:36:10.297807,2026-03-12 15:36:11.551538,0 days 00:00:01.253731,4.284616916561097,0.939760942479318,48.65472061613823,54.42186237732072,4.277979064049125,5.212247518575664,4.265808106916084,1.8145591772799374e-07,1.7656369344784767e-18,3.1369646200443245e-15,6.647776404106543e-07,-17.556327846542462,6,,COMPLETE
413,0.04081126565926578,0.05292343125155557,2026-03-12 15:36:11.552535,2026-03-12 15:36:12.286078,0 days 00:00:00.733543,4.318520254510479,0.5163190425246921,49.279936565151374,54.22834444682094,4.202816660393726,5.356143169780247,4.246110243628249,2.1295752069339597e-07,4.3455817429676704e-18,1.5907675113436742e-16,4.029444742022429e-07,-15.02755195765076,6,,COMPLETE
414,0.0077264932883103574,0.1616938984898735,2026-03-12 15:36:12.287075,2026-03-12 15:36:13.182964,0 days 00:00:00.895889,4.228569930482258,0.5,48.40830545410283,50.656872099270345,4.362478392556494,5.193340881013177,4.360052100626563,3.281233629740653e-07,9.999999999999965e-17,9.99999999999999e-18,1.6808866076821774e-08,-16.354444994345954,7,,COMPLETE
415,0.07711109754675506,0.228476836215738,2026-03-12 15:36:13.183961,2026-03-12 15:36:14.747751,0 days 00:00:01.563790,4.3967138254377165,0.5163190425246921,49.279936565151374,54.22834444682094,4.202816660393726,5.267618840240357,4.291065355114606,1.8145591772799374e-07,8.18872176355259e-15,2.486954667796461e-17,4.029444742022429e-07,-16.981103640181907,7,,COMPLETE
