number,values_0,values_1,datetime_start,datetime_complete,duration,params_E_d_sh,params_G_frac,params_N_t_d,params_N_t_sh,params_W_L,params_W_R,params_W_R_sclc,params_d_sclc,params_l1_C_n_bulk,params_l1_k_dir,params_l1_mu_p,params_mu_e,system_attrs_NSGAIISampler:generation,system_attrs_fixed_params,state
237,0.0838670306283786,0.2532639199370803,2026-03-12 15:33:17.758598,2026-03-12 15:33:18.505720,0 days 00:00:00.747122,4.257812211942562,0.5987295757949643,47.52545594770984,53.7125817908734,4.360366211594994,5.160547801140458,4.246110243628249,2.1295752069339597e-07,2.474850323886416e-18,1.5907675113436742e-16,3.404206999039382e-07,-15.02755195765076,3,,COMPLETE
238,,,2026-03-12 15:33:18.506725,2026-03-12 15:33:18.554473,0 days 00:00:00.047748,4.228569930482258,0.5398317065549143,46.240925722374335,51.93028086214649,4.247702280250982,5.35,4.401600420368074,5.224671230763257e-08,7.78966338485797e-17,4.816576455490822e-18,9.999999999999994e-08,-16.354444994345954,3,,PRUNED
239,,,2026-03-12 15:33:18.555470,2026-03-12 15:33:18.602567,0 days 00:00:00.047097,4.44748892604548,0.7757653428589522,47.29656243901622,55.21931452824264,4.360366211594994,5.2624951546999394,4.361248386136848,2.1972505988725316e-07,2.474850323886416e-18,5.155356851246427e-17,3.404206999039382e-07,-16.489261563488572,3,,PRUNED
240,,,2026-03-12 15:33:18.602567,2026-03-12 15:33:18.652848,0 days 00:00:00.050281,4.310983148803285,0.7757653428589522,47.29656243901622,54.39847183672054,4.34278273909164,5.2624951546999394,4.261166850970643,7.403677168817312e-08,3.003301427476209e-17,5.155356851246427e-17,1.564672522453346e-07,-15.96678246589367,3,,PRUNED
241,0.06080088703523267,0.40838249897733514,2026-03-12 15:33:18.652848,2026-03-12 15:33:20.148255,0 days 00:00:01.495407,4.381019652005528,0.651925561208058,47.83149355065549,53.11261916429354,4.352329735492592,5.182438439342875,4.46250624638463,1.7789077309585563e-07,6.0952760761306245e-15,3.1369646200443245e-15,1.2636845991862524e-07,-17.556327846542462,3,,COMPLETE
242,0.06423627356735542,0.2516358074130548,2026-03-12 15:33:20.149252,2026-03-12 15:33:21.457256,0 days 00:00:01.308004,4.264483437408266,0.5987295757949643,49.279936565151374,54.42186237732072,4.3453770172354,5.166164092313784,4.246110243628249,2.1295752069339597e-07,1.6097922617766752e-15,4.024286952045134e-18,7.102453792989689e-08,-15.02755195765076,3,,COMPLETE
243,0.019734715765821757,0.2172558114252567,2026-03-12 15:33:21.458254,2026-03-12 15:33:22.750266,0 days 00:00:01.292012,4.257812211942562,0.6117476775851822,47.01161517998709,54.22834444682094,4.360366211594994,5.356143169780247,4.291065355114606,2.2313550974094518e-07,4.4282624011357794e-17,6.5977955413053135e-18,4.029444742022429e-07,-16.981103640181907,3,,COMPLETE
244,,,2026-03-12 15:33:22.751263,2026-03-12 15:33:22.826015,0 days 00:00:00.074752,4.292780305837017,0.527602093425785,49.279936565151374,54.22834444682094,4.202816660393726,5.356143169780247,4.291065355114606,3.9859807982765077e-07,2.8118027892091575e-16,2.486954667796461e-17,9.456003209154549e-08,-16.981103640181907,3,,PRUNED
245,0.00753309884696332,0.655578970740666,2026-03-12 15:33:22.827012,2026-03-12 15:33:24.190061,0 days 00:00:01.363049,4.292780305837017,0.8616893876446436,49.108277437676094,52.48438043793066,4.393553740326797,5.166164092313784,4.291065355114606,1.8145591772799374e-07,1.7656369344784767e-18,7.648019728511568e-18,6.647776404106543e-07,-17.890112772348523,3,,COMPLETE
246,0.054434932670186995,0.20452985443762517,2026-03-12 15:33:24.191058,2026-03-12 15:33:24.956937,0 days 00:00:00.765879,4.292780305837017,0.5987295757949643,47.01161517998709,53.008720439677354,4.326565092716501,5.356143169780247,4.439812470306433,2.1295752069339597e-07,4.4282624011357794e-17,2.1955283715483104e-18,6.541204841175957e-08,-15.02755195765076,3,,COMPLETE
247,0.03176948620423235,0.2606581175320544,2026-03-12 15:33:24.957942,2026-03-12 15:33:25.856926,0 days 00:00:00.898984,4.264483437408266,0.6702380469938138,47.01161517998709,54.42186237732072,4.35282142410644,5.182438439342875,4.291345592192999,3.2149263793309725e-07,1.86127245399586e-16,3.289495542188883e-16,4.029444742022429e-07,-17.556327846542462,3,,COMPLETE
248,,,2026-03-12 15:33:25.857932,2026-03-12 15:33:25.905775,0 days 00:00:00.047843,4.368634534783388,0.5987295757949643,49.87059455362126,55.14255986327722,4.361475166398326,5.1759490624251905,4.439812470306433,2.1295752069339597e-07,1.6097922617766752e-15,4.508309431481663e-17,1.8743456780814755e-08,-18.378057119697786,3,,PRUNED
249,0.018039185921263294,0.3123351865364967,2026-03-12 15:33:25.906771,2026-03-12 15:33:26.859709,0 days 00:00:00.952938,4.316210508620942,0.939760942479318,49.22411713489616,53.11261916429354,4.352329735492592,5.182438439342875,4.268382415097915,2.3029640456168443e-07,6.0952760761306245e-15,2.2145213434379395e-15,1.2636845991862524e-07,-17.217784385840023,3,,COMPLETE
250,0.013541236988085922,0.17042419380746915,2026-03-12 15:33:26.860712,2026-03-12 15:33:28.137485,0 days 00:00:01.276773,4.296536232628637,0.5840340468029441,47.01161517998709,54.22834444682094,4.335396210169529,5.35,4.406417600702706,2.253011297805258e-07,2.1210315151918252e-16,4.26451907900218e-18,4.88986241575205e-07,-16.354444994345954,4,,COMPLETE
251,0.007338734891582561,0.6657467447681225,2026-03-12 15:33:28.139478,2026-03-12 15:33:29.772286,0 days 00:00:01.632808,4.284435008925724,0.8616893876446436,46.549339207990904,54.22834444682094,4.393553740326797,5.166164092313784,4.291065355114606,1.8145591772799374e-07,5.150175063310554e-15,6.5977955413053135e-18,6.647776404106543e-07,-17.890112772348523,4,,COMPLETE
252,0.020683257717232735,0.17691145075656922,2026-03-12 15:33:29.773292,2026-03-12 15:33:31.049045,0 days 00:00:01.275753,4.264483437408266,0.5,46.11039362572452,50.656872099270345,4.335396210169529,5.182438439342875,4.268382415097915,3.0081245883232515e-07,6.0952760761306245e-15,3.1755688563926773e-16,1.2636845991862524e-07,-16.488660897988765,4,,COMPLETE
253,,,2026-03-12 15:33:31.050051,2026-03-12 15:33:31.097648,0 days 00:00:00.047597,4.3187809897769,0.5163190425246921,47.01161517998709,53.7125817908734,4.395778897516945,5.125736286496585,4.291065355114606,1.1168704792579186e-07,2.8118027892091575e-16,1.5907675113436742e-16,4.029444742022429e-07,-15.02755195765076,4,,PRUNED
254,0.008805618455407059,0.4424487863647444,2026-03-12 15:33:31.098653,2026-03-12 15:33:31.895953,0 days 00:00:00.797300,4.310983148803285,0.7757653428589522,48.40830545410283,50.656872099270345,4.362478392556494,5.2624951546999394,4.352618383326757,3.281233629740653e-07,2.8118027892091575e-16,9.99999999999999e-18,9.999999999999994e-08,-16.354444994345954,4,,COMPLETE
255,0.07245162400081614,999.0,2026-03-12 15:33:31.896949,2026-03-12 15:33:32.899383,0 days 00:00:01.002434,4.292780305837017,0.5163190425246921,47.01161517998709,54.22834444682094,4.202816660393726,5.351931915995267,4.291065355114606,1.1168704792579186e-07,4.4282624011357794e-17,2.486954667796461e-17,4.029444742022429e-07,-16.981103640181907,4,,COMPLETE
256,0.01802018150397012,0.18829211824234396,2026-03-12 15:33:32.900379,2026-03-12 15:33:34.048425,0 days 00:00:01.148046,4.228569930482258,0.6117476775851822,47.52545594770984,50.656872099270345,4.360366211594994,5.35,4.37093886036678,2.2428563873101292e-07,9.999999999999965e-17,9.99999999999999e-18,9.999999999999994e-08,-16.983290142110942,4,,COMPLETE
257,0.06821291404874874,0.05102924160463718,2026-03-12 15:33:34.049422,2026-03-12 15:33:35.383481,0 days 00:00:01.334059,4.228569930482258,0.535231751893722,47.262658150470834,50.97125652127457,4.247702280250982,5.302335870519761,4.360052100626563,1.7054548781657297e-07,3.8864797225107605e-15,9.99999999999999e-18,1.4689659821412255e-08,-16.354444994345954,4,,COMPLETE
258,0.032134127311634154,0.105859307390652,2026-03-12 15:33:35.385474,2026-03-12 15:33:37.038531,0 days 00:00:01.653057,4.318520254510479,0.6117476775851822,49.71186683547153,54.90400755898573,4.277979064049125,5.148470593576984,4.316409055962633,1.5450092025349887e-07,1.7656369344784767e-18,5.124404427312979e-18,6.647776404106543e-07,-17.890112772348523,4,,COMPLETE
259,0.04812132044992169,0.8065779572432108,2026-03-12 15:33:37.040532,2026-03-12 15:33:38.273834,0 days 00:00:01.233302,4.264483437408266,0.9864550770593271,48.70657237839028,52.649569972698586,4.3453770172354,5.225727977915456,4.469566546340654,2.3029640456168443e-07,2.741279596179326e-16,2.6845074008129697e-16,2.3815563392967006e-07,-14.15501961424455,4,,COMPLETE
260,0.07732469194867941,0.2559252769359961,2026-03-12 15:33:38.273834,2026-03-12 15:33:39.290266,0 days 00:00:01.016432,4.426973313245772,0.6641676535676473,48.75183926551693,54.42186237732072,4.34278273909164,5.1773715848744635,4.392283534729892,2.1295752069339597e-07,3.8864797225107605e-15,2.1955283715483104e-18,4.029444742022429e-07,-15.02755195765076,4,,COMPLETE
261,0.04283957563703205,0.201566998681391,2026-03-12 15:33:39.291263,2026-03-12 15:33:40.174522,0 days 00:00:00.883259,4.292780305837017,0.6117476775851822,49.279936565151374,53.63665864420467,4.350247709448842,5.160547801140458,4.291065355114606,2.841072742367086e-07,2.474850323886416e-18,2.486954667796461e-17,3.3256061666401715e-08,-16.981103640181907,4,,COMPLETE
262,0.060136468273062675,0.38673492304177914,2026-03-12 15:33:40.174522,2026-03-12 15:33:41.576424,0 days 00:00:01.401902,4.466099191915466,0.8583766684184594,47.721479889927046,53.11261916429354,4.337079732396636,5.225727977915456,4.469566546340654,2.3029640456168443e-07,2.741279596179326e-16,3.1755688563926773e-16,1.0118027372177493e-08,-14.15501961424455,4,,COMPLETE
263,0.006282329311946592,0.061990261812551725,2026-03-12 15:33:41.577429,2026-03-12 15:33:43.113768,0 days 00:00:01.536339,4.284616916561097,0.535231751893722,49.108277437676094,55.14255986327722,4.247702280250982,5.148470593576984,4.265808106916084,1.8145591772799374e-07,2.0356059931971676e-16,5.124404427312979e-18,9.999999999999994e-08,-17.556327846542462,4,,COMPLETE
264,0.048118661664689796,0.07162142706522229,2026-03-12 15:33:43.114775,2026-03-12 15:33:44.102646,0 days 00:00:00.987871,4.292780305837017,0.5163190425246921,47.01161517998709,54.22834444682094,4.202816660393726,5.356143169780247,4.409804445908703,1.1168704792579186e-07,2.8118027892091575e-16,2.486954667796461e-17,4.029444742022429e-07,-16.981103640181907,4,,COMPLETE
265,0.017100549396661353,0.6177600388031788,2026-03-12 15:33:44.103634,2026-03-12 15:33:45.318700,0 days 00:00:01.215066,4.292780305837017,0.8616893876446436,47.560552032666344,52.48438043793066,4.326565092716501,5.278544502038049,4.291065355114606,1.7789077309585563e-07,6.01719992567316e-17,2.1955283715483104e-18,6.647776404106543e-07,-17.890112772348523,4,,COMPLETE
266,0.024200505899292117,0.1156788363634236,2026-03-12 15:33:45.319784,2026-03-12 15:33:46.579450,0 days 00:00:01.259666,4.318520254510479,0.6117476775851822,49.71186683547153,54.90400755898573,4.277979064049125,5.148470593576984,4.291065355114606,1.8145591772799374e-07,1.7656369344784767e-18,5.124404427312979e-18,4.029444742022429e-07,-16.981103640181907,4,,COMPLETE
267,0.031529747269388016,0.22687235588778656,2026-03-12 15:33:46.580447,2026-03-12 15:33:47.357582,0 days 00:00:00.777135,4.292780305837017,0.6117476775851822,48.44626631851116,54.970169524979404,4.360366211594994,5.35,4.278877822217859,1.9278142894669379e-07,2.474850323886416e-18,4.26451907900218e-18,3.404206999039382e-07,-15.940113596645144,4,,COMPLETE
268,0.07088757303300118,0.5091980639689658,2026-03-12 15:33:47.357582,2026-03-12 15:33:48.275831,0 days 00:00:00.918249,4.284616916561097,0.5163190425246921,46.240925722374335,51.93028086214649,4.450556251138029,5.148470593576984,4.316409055962633,3.9473637531485525e-07,1.7656369344784767e-18,5.124404427312979e-18,9.794500053354745e-07,-17.890112772348523,4,,COMPLETE
269,0.06454823444045,0.021467515280747727,2026-03-12 15:33:48.275831,2026-03-12 15:33:49.476996,0 days 00:00:01.201165,4.228569930482258,0.5,48.40830545410283,50.656872099270345,4.362478392556494,5.35,4.225220926667589,1.7054548781657297e-07,9.999999999999965e-17,4.816576455490822e-18,9.456003209154549e-08,-16.354444994345954,4,,COMPLETE
270,0.015340623402740047,0.2983138845263795,2026-03-12 15:33:49.478064,2026-03-12 15:33:50.892097,0 days 00:00:01.414033,4.357228748364852,0.5242141006494989,47.00606049878633,51.99003862839844,4.434995187022775,5.125736286496585,4.246110243628249,1.9369963358469942e-07,1.6097922617766752e-15,8.731608836763382e-17,2.337407282724923e-07,-16.687389818771216,4,,COMPLETE
271,0.031833604804222496,0.29083385627744696,2026-03-12 15:33:50.893107,2026-03-12 15:33:52.206730,0 days 00:00:01.313623,4.284616916561097,0.6641676535676473,49.108277437676094,54.68133937285699,4.34278273909164,5.148470593576984,4.392283534729892,1.8145591772799374e-07,1.7656369344784767e-18,1.1178938662649474e-18,1.0320046303742027e-07,-15.96678246589367,4,,COMPLETE
272,0.017679134451249603,0.3174489544496824,2026-03-12 15:33:52.207738,2026-03-12 15:33:52.971933,0 days 00:00:00.764195,4.228569930482258,0.6641676535676473,46.848036536775254,50.656872099270345,4.34278273909164,5.35,4.392283534729892,3.281233629740653e-07,9.999999999999965e-17,1.1178938662649474e-18,1.2463814629296062e-07,-15.96678246589367,4,,COMPLETE
273,0.015341808308377482,0.21822907350978635,2026-03-12 15:33:52.972930,2026-03-12 15:33:53.799637,0 days 00:00:00.826707,4.257812211942562,0.6117476775851822,47.52545594770984,55.18519713404567,4.360366211594994,5.356143169780247,4.37093886036678,1.947772361044112e-07,2.474850323886416e-18,6.5977955413053135e-18,3.404206999039382e-07,-16.983290142110942,4,,COMPLETE
274,0.037278949098977596,0.09578725255698405,2026-03-12 15:33:53.800634,2026-03-12 15:33:54.583655,0 days 00:00:00.783021,4.259159557192732,0.535231751893722,47.01161517998709,55.14255986327722,4.326565092716501,5.318620435194627,4.474821927775884,3.3311677304472567e-07,2.0356059931971676e-16,3.289495542188883e-16,7.885876178579091e-08,-16.354444994345954,4,,COMPLETE
275,0.08945308933704507,0.28803311513608915,2026-03-12 15:33:54.584652,2026-03-12 15:33:55.931983,0 days 00:00:01.347331,4.426973313245772,0.6641676535676473,48.75183926551693,52.34245392696886,4.362478392556494,5.1773715848744635,4.460711747942305,3.281233629740653e-07,3.003301427476209e-17,9.99999999999999e-18,1.6808866076821774e-08,-15.349340047243398,4,,COMPLETE
276,0.015072730167696145,0.07249936190087425,2026-03-12 15:33:55.932960,2026-03-12 15:33:57.151532,0 days 00:00:01.218572,4.228569930482258,0.5,48.44818111557356,55.26089455237851,4.362478392556494,5.35,4.360052100626563,3.281233629740653e-07,1e-16,1e-17,5.306907315528202e-07,-16.354444994345954,4,,COMPLETE
277,0.030369077595394266,0.3045650350066312,2026-03-12 15:33:57.152529,2026-03-12 15:33:58.507255,0 days 00:00:01.354726,4.264483437408266,0.939760942479318,47.560552032666344,51.83751387548479,4.326565092716501,5.375731761405355,4.265808106916084,1.8145591772799374e-07,1.86127245399586e-16,3.1369646200443245e-15,6.541204841175957e-08,-17.556327846542462,4,,COMPLETE
278,0.01971640676409903,0.1319910408445251,2026-03-12 15:33:58.508260,2026-03-12 15:33:59.348981,0 days 00:00:00.840721,4.228569930482258,0.5840340468029441,46.42200089601606,50.656872099270345,4.287929321391783,5.230892279835164,4.435037840139458,1.7054548781657297e-07,2.0356059931971676e-16,9.99999999999999e-18,4.88986241575205e-07,-17.805324603885836,4,,COMPLETE
279,0.04231720739052428,0.059157486046438106,2026-03-12 15:33:59.349977,2026-03-12 15:34:00.093350,0 days 00:00:00.743373,4.228569930482258,0.5,46.11039362572452,50.656872099270345,4.335396210169529,5.230892279835164,4.360052100626563,3.281233629740653e-07,9.999999999999965e-17,9.99999999999999e-18,9.999999999999994e-08,-15.364389232157752,4,,COMPLETE
280,0.04461687961004793,0.18630650777406876,2026-03-12 15:34:00.093350,2026-03-12 15:34:00.833278,0 days 00:00:00.739928,4.284616916561097,0.5987295757949643,47.01161517998709,54.42186237732072,4.361475166398326,5.392902526139961,4.439812470306433,2.1295752069339597e-07,1.7656369344784767e-18,7.648019728511568e-18,4.029444742022429e-07,-15.02755195765076,4,,COMPLETE
281,0.021386322279280303,0.0313126249403407,2026-03-12 15:34:00.834275,2026-03-12 15:34:01.891921,0 days 00:00:01.057646,4.257812211942562,0.5163190425246921,47.52545594770984,55.18519713404567,4.360366211594994,5.356143169780247,4.291065355114606,1.947772361044112e-07,2.8118027892091575e-16,2.486954667796461e-17,9.456003209154549e-08,-16.981103640181907,4,,COMPLETE
282,0.003255966827805485,0.048021116004350536,2026-03-12 15:34:01.893914,2026-03-12 15:34:03.181670,0 days 00:00:01.287756,4.318520254510479,0.5163190425246921,49.279936565151374,54.22834444682094,4.202816660393726,5.356143169780247,4.291065355114606,1.8145591772799374e-07,4.3455817429676704e-18,2.486954667796461e-17,4.029444742022429e-07,-16.981103640181907,4,,COMPLETE
283,0.09597032745631857,0.31636223039757205,2026-03-12 15:34:03.183617,2026-03-12 15:34:04.573062,0 days 00:00:01.389445,4.426973313245772,0.9856506061940908,46.42200089601606,55.14255986327722,4.34278273909164,5.1773715848744635,4.205448755053453,1.7054548781657297e-07,2.0356059931971676e-16,1.1178938662649474e-18,9.999999999999994e-08,-15.96678246589367,4,,COMPLETE
284,0.009622555872923764,0.6929785215078409,2026-03-12 15:34:04.574061,2026-03-12 15:34:05.756127,0 days 00:00:01.182066,4.284616916561097,0.939760942479318,50.42882368308196,52.08399514781642,4.2010946458970535,5.182438439342875,4.316409055962633,1.5450092025349887e-07,1.86127245399586e-16,7.648019728511568e-18,4.105491780287548e-08,-17.890112772348523,4,,COMPLETE
285,0.04138104439793576,0.303911042606365,2026-03-12 15:34:05.757125,2026-03-12 15:34:06.749186,0 days 00:00:00.992061,4.257812211942562,0.6117476775851822,47.01161517998709,54.22834444682094,4.360366211594994,5.356143169780247,4.291065355114606,1.7054548781657297e-07,2.0356059931971676e-16,6.870206101130335e-15,4.029444742022429e-07,-16.981103640181907,4,,COMPLETE
286,0.02403095750987246,0.08485625142693136,2026-03-12 15:34:06.750183,2026-03-12 15:34:07.507646,0 days 00:00:00.757463,4.259159557192732,0.535231751893722,47.01161517998709,54.22834444682094,4.300596817512803,5.356143169780247,4.291065355114606,2.2313550974094518e-07,2.0356059931971676e-16,3.289495542188883e-16,4.029444742022429e-07,-16.981103640181907,4,,COMPLETE
287,,,2026-03-12 15:34:07.508642,2026-03-12 15:34:07.556508,0 days 00:00:00.047866,4.426973313245772,0.6641676535676473,48.65472061613823,55.14255986327722,4.247702280250982,5.302335870519761,4.343577356913386,1.9369963358469942e-07,1.6097922617766752e-15,1.6914315425596245e-15,1.7979078272437646e-07,-15.96678246589367,4,,PRUNED
288,0.031290800350085676,0.055835043535710595,2026-03-12 15:34:07.557585,2026-03-12 15:34:08.411676,0 days 00:00:00.854091,4.250394629902042,0.535231751893722,46.34541339329376,53.71540247690643,4.242905645531689,5.15822501523692,4.225220926667589,2.1295752069339597e-07,3.8864797225107605e-15,2.4212532143637174e-17,9.794500053354745e-07,-17.172803697377006,4,,COMPLETE
289,0.058267351017116976,0.5134772662458985,2026-03-12 15:34:08.412669,2026-03-12 15:34:09.893223,0 days 00:00:01.480554,4.292780305837017,0.8616893876446436,49.108277437676094,55.14255986327722,4.247702280250982,5.166164092313784,4.205448755053453,1.2906270345816788e-07,1.7656369344784767e-18,7.592950744930644e-17,9.999999999999994e-08,-16.354444994345954,4,,COMPLETE
290,0.03407700841433499,0.19490791657300002,2026-03-12 15:34:09.895230,2026-03-12 15:34:11.277395,0 days 00:00:01.382165,4.330420353748488,0.5987295757949643,48.753327213573144,53.14354940103258,4.361475166398326,5.288300398455381,4.438264845139002,2.1295752069339597e-07,3.455995439146194e-18,4.080516363482832e-17,3.1800487251131473e-07,-17.172803697377006,4,,COMPLETE
291,,,2026-03-12 15:34:11.278417,2026-03-12 15:34:11.338912,0 days 00:00:00.060495,4.406125642923549,0.6697456521619858,46.240925722374335,54.42186237732072,4.35282142410644,5.182438439342875,4.265808106916084,1.8145591772799374e-07,7.78966338485797e-17,2.5608602646107305e-17,4.105491780287548e-08,-17.556327846542462,4,,PRUNED
292,0.015039958524174536,0.9131476701398268,2026-03-12 15:34:11.338912,2026-03-12 15:34:12.264684,0 days 00:00:00.925772,4.292780305837017,0.9652163143450065,47.560552032666344,55.14255986327722,4.326565092716501,5.375731761405355,4.358993559944961,1.7789077309585563e-07,3.8864797225107605e-15,2.1955283715483104e-18,6.541204841175957e-08,-16.687389818771216,4,,COMPLETE
293,0.02283161595118624,0.28911626958484576,2026-03-12 15:34:12.265650,2026-03-12 15:34:13.109837,0 days 00:00:00.844187,4.368634534783388,0.5987295757949643,47.52545594770984,53.008720439677354,4.242905645531689,5.125736286496585,4.439812470306433,2.1295752069339597e-07,3.8864797225107605e-15,2.4212532143637174e-17,6.541204841175957e-08,-15.02755195765076,4,,COMPLETE
294,0.029149527441248678,0.12097503723162449,2026-03-12 15:34:13.109837,2026-03-12 15:34:14.019462,0 days 00:00:00.909625,4.292780305837017,0.6117476775851822,50.001422592816105,54.42186237732072,4.277979064049125,5.148470593576984,4.37093886036678,1.8145591772799374e-07,1.7656369344784767e-18,6.5977955413053135e-18,3.404206999039382e-07,-17.556327846542462,4,,COMPLETE
295,0.028307578330760495,0.18704234537753897,2026-03-12 15:34:14.020460,2026-03-12 15:34:15.136519,0 days 00:00:01.116059,4.257812211942562,0.5987295757949643,47.01161517998709,53.008720439677354,4.361475166398326,5.356143169780247,4.291065355114606,2.1295752069339597e-07,3.8864797225107605e-15,2.1955283715483104e-18,6.541204841175957e-08,-16.981103640181907,4,,COMPLETE
296,0.008162309141132968,0.39176151178021235,2026-03-12 15:34:15.137516,2026-03-12 15:34:16.522702,0 days 00:00:01.385186,4.264483437408266,0.535231751893722,48.70657237839028,54.42186237732072,4.3453770172354,5.166164092313784,4.225220926667589,2.3029640456168443e-07,3.8864797225107605e-15,3.1369646200443245e-15,2.3815563392967006e-07,-17.517436416971144,4,,COMPLETE
