number,values_0,values_1,datetime_start,datetime_complete,duration,params_E_d_sh,params_G_frac,params_N_t_d,params_N_t_sh,params_W_L,params_W_R,params_W_R_sclc,params_d_sclc,params_l1_C_n_bulk,params_l1_k_dir,params_l1_mu_p,params_mu_e,system_attrs_NSGAIISampler:generation,system_attrs_fixed_params,state
59,0.054664514494471704,0.1787588422292146,2026-03-12 15:30:26.059532,2026-03-12 15:30:27.119164,0 days 00:00:01.059632,4.441358726162039,0.9067363784346045,48.753327213573144,52.93385994117502,4.200547350078947,5.171636044423279,4.431723905262154,1.285209022830851e-07,5.283768511986808e-16,4.080516363482832e-17,1.8743456780814755e-08,-17.172803697377006,0,,COMPLETE
60,,,2026-03-12 15:30:27.120169,2026-03-12 15:30:27.171275,0 days 00:00:00.051106,4.227777398867521,0.9105475995218166,50.35086724579441,50.72423116722745,4.334094278941245,5.204972222969471,4.209878741541755,5.333932171821436e-08,4.633436699421986e-16,2.4458182659511417e-17,2.542965074239231e-07,-14.124410744976586,0,,PRUNED
61,0.05328061833689219,0.5998416218157917,2026-03-12 15:30:27.172273,2026-03-12 15:30:28.086203,0 days 00:00:00.913930,4.460142697616901,0.9911586905043115,46.841194174994804,52.2914820046821,4.3025362260138635,5.268077712426739,4.409379267814933,2.26918771460164e-07,2.824776922876179e-16,2.165166703976576e-16,4.2786221621796277e-07,-15.348522663713572,0,,COMPLETE
62,,,2026-03-12 15:30:28.087193,2026-03-12 15:30:28.137116,0 days 00:00:00.049923,4.339128408124838,0.7437451652955218,46.53159509256282,51.161355262446676,4.46141536520538,5.389033622234883,4.317163632690407,1.2766345156383557e-07,8.478202459684511e-18,1.9258400856075332e-17,7.153985774788385e-07,-13.992880165908886,0,,PRUNED
63,0.04642602974076453,0.5208643438315707,2026-03-12 15:30:28.138106,2026-03-12 15:30:28.970292,0 days 00:00:00.832186,4.312435101052113,0.6827334407726376,46.29821173253397,51.24998060745003,4.402506073120511,5.385724663799609,4.494294739732007,2.6503502555788226e-07,4.830849482935457e-17,8.691757088935971e-15,8.909083197721365e-07,-13.8258320690668,0,,COMPLETE
64,0.09833818423949695,0.45082252365191366,2026-03-12 15:30:28.971288,2026-03-12 15:30:29.776048,0 days 00:00:00.804760,4.310983148803285,0.7757653428589522,47.29656243901622,55.21931452824264,4.32228206487573,5.2624951546999394,4.261166850970643,1.3659515579164445e-07,4.294164052219771e-18,5.155356851246427e-17,3.7875362267068565e-08,-14.19008931075918,0,,COMPLETE
65,0.06374488558150895,0.34998039911809525,2026-03-12 15:30:29.777044,2026-03-12 15:30:30.728690,0 days 00:00:00.951646,4.44408709893311,0.845453213291131,50.55268407958921,51.12495854724503,4.360377235356533,5.133956184349364,4.225220926667589,1.5297043781686854e-07,2.454658603729217e-17,7.175369861263973e-18,9.456003209154549e-08,-18.23179227689614,0,,COMPLETE
66,,,2026-03-12 15:30:30.729689,2026-03-12 15:30:30.776540,0 days 00:00:00.046851,4.402400132265613,0.9241162494894524,48.60453273469157,54.09581283452132,4.407177425465614,5.191452400360749,4.45784212861642,2.649169442703012e-07,1.509383229835595e-16,8.813224371302717e-16,9.381539515921608e-08,-16.69207040158946,0,,PRUNED
67,0.008648117998785907,0.4473678190389844,2026-03-12 15:30:30.776540,2026-03-12 15:30:31.951715,0 days 00:00:01.175175,4.466099191915466,0.8583766684184594,47.721479889927046,52.649569972698586,4.337079732396636,5.225727977915456,4.469566546340654,1.374163319273194e-07,2.741279596179326e-16,2.6845074008129697e-16,1.0118027372177493e-08,-14.15501961424455,0,,COMPLETE
68,0.07761358704236242,0.2515147257621625,2026-03-12 15:30:31.952712,2026-03-12 15:30:32.927097,0 days 00:00:00.974385,4.385094567884135,0.5616481831561277,47.23056610334627,54.527057000645776,4.406870051129405,5.229845396043536,4.284224714306691,7.259364454723318e-08,6.584100713512388e-15,2.224725435858766e-16,1.300497517412633e-07,-14.696428182020826,0,,COMPLETE
69,0.03617919464858695,0.28243012749679525,2026-03-12 15:30:32.927097,2026-03-12 15:30:33.857661,0 days 00:00:00.930564,4.30356940081419,0.9495645901518185,47.413249190159334,53.11261916429354,4.352329735492592,5.368791989102198,4.268382415097915,3.0081245883232515e-07,6.0952760761306245e-15,2.3755294038881758e-15,1.2636845991862524e-07,-17.805324603885836,0,,COMPLETE
70,0.05524200275681882,0.2275698544354568,2026-03-12 15:30:33.858658,2026-03-12 15:30:34.839828,0 days 00:00:00.981170,4.314287847267966,0.7467509444484495,48.137455979759935,51.87472010893082,4.235109805889552,5.179473971022935,4.437330649137826,5.24228069116756e-08,2.922114257964242e-16,4.423913609473423e-16,8.936196595358087e-08,-18.378057119697786,0,,COMPLETE
71,,,2026-03-12 15:30:34.840824,2026-03-12 15:30:34.891864,0 days 00:00:00.051040,4.406869902173711,0.8654511666076237,49.52439228256179,52.42421555552705,4.267169397502195,5.138043326411844,4.2501965642754085,3.758975127046844e-07,2.610795258198495e-16,1.2862115526088394e-17,4.2307668620562746e-07,-17.146184236057262,0,,PRUNED
72,0.07159761278520216,0.33247110009209635,2026-03-12 15:30:34.892861,2026-03-12 15:30:35.992625,0 days 00:00:01.099764,4.323539560783878,0.9690021189576423,49.70094803129214,53.06488015264666,4.291813742072625,5.120809210775364,4.314962287275997,2.459804739087696e-07,4.2230232440001606e-15,3.8152614113771676e-16,6.618929720701259e-08,-17.975990761028065,0,,COMPLETE
73,,,2026-03-12 15:30:35.993631,2026-03-12 15:30:36.042271,0 days 00:00:00.048640,4.460142697616901,0.9237136727654057,46.71418768059161,52.2914820046821,4.3025362260138635,5.268077712426739,4.409379267814933,2.565283380181051e-07,3.2563493493603243e-18,2.165166703976576e-16,4.2786221621796277e-07,-16.760805922713327,1,,PRUNED
74,0.06251170193831602,0.17024971230666192,2026-03-12 15:30:36.042271,2026-03-12 15:30:36.990031,0 days 00:00:00.947760,4.368634534783388,0.5987295757949643,49.279936565151374,52.2914820046821,4.3025362260138635,5.343019976252168,4.409379267814933,2.1295752069339597e-07,2.824776922876179e-16,2.1955283715483104e-18,6.541204841175957e-08,-18.024314570456898,1,,COMPLETE
75,0.06777710479006889,0.23277890699914874,2026-03-12 15:30:36.991040,2026-03-12 15:30:38.078259,0 days 00:00:01.087219,4.316493550032467,0.7296339710704374,46.544942644035075,53.01624293666206,4.233468208184926,5.171948711112801,4.485177745958739,2.3368663258387716e-07,5.240554426906335e-17,4.581360820582676e-16,1.9581384931855415e-07,-18.074192919531523,1,,COMPLETE
76,0.0555931994188844,0.10792367052974088,2026-03-12 15:30:38.079264,2026-03-12 15:30:38.968306,0 days 00:00:00.889042,4.28840553973241,0.5,48.40830545410283,50.656872099270345,4.362478392556494,5.193340881013177,4.360052100626563,3.281233629740653e-07,9.999999999999965e-17,9.99999999999999e-18,9.999999999999994e-08,-17.953790736981865,1,,COMPLETE
77,,,2026-03-12 15:30:38.969303,2026-03-12 15:30:39.017180,0 days 00:00:00.047877,4.471529931615603,0.7829249375288032,49.108277437676094,50.751055199902275,4.2931596526256905,5.166164092313784,4.265808106916084,7.679534777368598e-08,1.86127245399586e-16,3.1369646200443245e-15,1.7315583202142895e-08,-17.01422311852888,1,,PRUNED
78,0.030358649904586105,0.8006541458034193,2026-03-12 15:30:39.018185,2026-03-12 15:30:39.849098,0 days 00:00:00.830913,4.24385109047471,0.9380774386879276,46.70061631357263,51.710648820737504,4.247581537343065,5.189264690427389,4.435734149082731,3.833998165517972e-07,7.1623015240061e-17,1.0268407657628398e-18,2.1674034243788678e-07,-16.842440146491814,1,,COMPLETE
79,0.018974595380920282,0.4201348165105957,2026-03-12 15:30:39.850094,2026-03-12 15:30:40.761363,0 days 00:00:00.911269,4.292780305837017,0.8284838844834677,47.01161517998709,53.779090398369455,4.326565092716501,5.160547801140458,4.291065355114606,1.947772361044112e-07,4.4282624011357794e-17,3.289495542188883e-16,3.404206999039382e-07,-17.217784385840023,1,,COMPLETE
80,0.04420875060472379,0.8228645880707189,2026-03-12 15:30:40.762369,2026-03-12 15:30:41.688041,0 days 00:00:00.925672,4.30356940081419,0.9495645901518185,46.2002391914074,53.11261916429354,4.352329735492592,5.368791989102198,4.397934581628133,3.1047664318325834e-07,3.003301427476209e-17,1.1178938662649474e-18,1.2636845991862524e-07,-17.805324603885836,1,,COMPLETE
81,0.013590596501969072,0.47009292740190256,2026-03-12 15:30:41.688041,2026-03-12 15:30:42.518696,0 days 00:00:00.830655,4.257812211942562,0.6117476775851822,48.87006117861534,52.986606350161296,4.360366211594994,5.228164689585648,4.214939066820457,2.634320265583505e-07,2.474850323886416e-18,4.227083116000958e-15,3.633757385648171e-08,-16.382135027707015,1,,COMPLETE
82,0.010089436533679608,0.3292836109522428,2026-03-12 15:30:42.519692,2026-03-12 15:30:43.476778,0 days 00:00:00.957086,4.264483437408266,0.9864550770593271,48.70657237839028,54.42186237732072,4.3453770172354,5.166164092313784,4.265808106916084,2.3029640456168443e-07,2.0634571684848917e-16,3.1369646200443245e-15,2.3815563392967006e-07,-17.556327846542462,1,,COMPLETE
83,0.07376582453406268,0.3919900168711295,2026-03-12 15:30:43.476778,2026-03-12 15:30:44.286056,0 days 00:00:00.809278,4.407854867371228,0.6163029206688533,46.96302668227027,50.748069499228485,4.38908224250724,5.312654700305022,4.415655538418547,7.147959440771056e-08,3.6423641852713795e-16,1.5921430154878597e-16,8.379052613016902e-07,-16.12018449064287,1,,COMPLETE
84,0.06827949243696285,0.11997778604574146,2026-03-12 15:30:44.286056,2026-03-12 15:30:45.044023,0 days 00:00:00.757967,4.259159557192732,0.535231751893722,46.42200089601606,53.18805421401161,4.202816660393726,5.318620435194627,4.257669527091222,1.7054548781657297e-07,2.0356059931971676e-16,2.486954667796461e-17,4.494668554278202e-07,-16.586732270443097,1,,COMPLETE
85,0.06967133756834622,0.07665023614661663,2026-03-12 15:30:45.045019,2026-03-12 15:30:45.912789,0 days 00:00:00.867770,4.259159557192732,0.535231751893722,46.42200089601606,55.14255986327722,4.247702280250982,5.302335870519761,4.205448755053453,1.7054548781657297e-07,2.0356059931971676e-16,4.816576455490822e-18,1.4108223554704215e-08,-16.0497519466375,1,,COMPLETE
86,0.015341808308377482,0.2098683192773632,2026-03-12 15:30:45.913745,2026-03-12 15:30:46.773299,0 days 00:00:00.859554,4.257812211942562,0.6117476775851822,47.52545594770984,55.18519713404567,4.360366211594994,5.160547801140458,4.37093886036678,1.947772361044112e-07,2.474850323886416e-18,6.5977955413053135e-18,3.404206999039382e-07,-16.983290142110942,1,,COMPLETE
87,0.07023313761481666,0.27963114740489314,2026-03-12 15:30:46.774308,2026-03-12 15:30:47.787690,0 days 00:00:01.013382,4.415393274875806,0.5163190425246921,48.40830545410283,53.18805421401161,4.362478392556494,5.134100329542739,4.257669527091222,2.1972505988725316e-07,6.359857663921746e-18,2.486954667796461e-17,9.999999999999994e-08,-16.586732270443097,1,,COMPLETE
88,0.06768725802164338,0.11021529160068681,2026-03-12 15:30:47.788688,2026-03-12 15:30:48.788453,0 days 00:00:00.999765,4.417798140270275,0.651925561208058,47.83149355065549,54.8883831186306,4.350247709448842,5.375731761405355,4.360052100626563,1.7789077309585563e-07,9.999999999999965e-17,2.9974280346173845e-18,1.6808866076821774e-08,-15.349340047243398,1,,COMPLETE
89,,,2026-03-12 15:30:48.789451,2026-03-12 15:30:48.846273,0 days 00:00:00.056822,4.426973313245772,0.6641676535676473,48.75183926551693,54.68133937285699,4.326565092716501,5.356143169780247,4.291997168847697,2.2313550974094518e-07,3.003301427476209e-17,3.289495542188883e-16,4.029444742022429e-07,-16.807809702754913,1,,PRUNED
90,,,2026-03-12 15:30:48.846273,2026-03-12 15:30:48.896105,0 days 00:00:00.049832,4.276012506398862,0.6739445672588056,47.18347128996129,51.72154965114012,4.447845340190367,5.280106559180401,4.292664818311111,5.343183933627764e-08,1.2546132225602527e-15,2.3807956639220682e-18,2.0883656009353687e-07,-15.695579594959794,1,,PRUNED
91,0.03413826187653968,0.37260199865097576,2026-03-12 15:30:48.896105,2026-03-12 15:30:49.721139,0 days 00:00:00.825034,4.330420353748488,0.8282244635491318,46.05741508467798,53.14354940103258,4.447845340190367,5.288300398455381,4.214939066820457,1.8579944851391685e-07,4.134857216976119e-17,4.227083116000958e-15,1.1012256166709031e-07,-15.695579594959794,1,,COMPLETE
92,,,2026-03-12 15:30:49.722136,2026-03-12 15:30:49.767668,0 days 00:00:00.045532,4.471529931615603,0.651925561208058,49.108277437676094,54.8883831186306,4.3453770172354,5.375731761405355,4.350891296463297,1.7789077309585563e-07,1.86127245399586e-16,2.9974280346173845e-18,4.105491780287548e-08,-15.349340047243398,1,,PRUNED
93,0.019299505591690486,0.5732177270147668,2026-03-12 15:30:49.768658,2026-03-12 15:30:50.700275,0 days 00:00:00.931617,4.228569930482258,0.8284838844834677,47.52545594770984,50.656872099270345,4.359081992580058,5.35,4.360052100626563,3.281233629740653e-07,4.650713866591025e-18,2.8627002801099877e-18,2.2686327672288456e-08,-17.217784385840023,1,,COMPLETE
94,0.0034425066643055855,0.4366896296228982,2026-03-12 15:30:50.701271,2026-03-12 15:30:51.640098,0 days 00:00:00.938827,4.264483437408266,0.939760942479318,48.70657237839028,53.11261916429354,4.352329735492592,5.182438439342875,4.268382415097915,2.3029640456168443e-07,6.0952760761306245e-15,3.1755688563926773e-16,1.2636845991862524e-07,-17.556327846542462,1,,COMPLETE
95,,,2026-03-12 15:30:51.641084,2026-03-12 15:30:51.692004,0 days 00:00:00.050920,4.426973313245772,0.6641676535676473,49.622026034578774,54.68133937285699,4.34278273909164,5.2405283191862,4.257669527091222,2.1972505988725316e-07,2.8118027892091575e-16,1.1178938662649474e-18,1.0320046303742027e-07,-16.586732270443097,1,,PRUNED
96,0.02243402870967845,0.322367501273571,2026-03-12 15:30:51.693000,2026-03-12 15:30:52.698153,0 days 00:00:01.005153,4.357228748364852,0.7467509444484495,49.87059455362126,55.14255986327722,4.235109805889552,5.179473971022935,4.246110243628249,5.24228069116756e-08,1.6097922617766752e-15,1.5907675113436742e-16,8.936196595358087e-08,-18.378057119697786,1,,COMPLETE
97,0.07623666919696384,0.3035936643465394,2026-03-12 15:30:52.699150,2026-03-12 15:30:53.650793,0 days 00:00:00.951643,4.336453731713498,0.7691278212780444,47.511831710238546,54.30786039772569,4.319144382317792,5.30556977001664,4.291065355114606,2.444428902904231e-07,1.2404548660941759e-15,2.8466980952233378e-15,4.029444742022429e-07,-18.262297577264054,1,,COMPLETE
98,,,2026-03-12 15:30:53.651800,2026-03-12 15:30:53.705613,0 days 00:00:00.053813,4.445466143045502,0.8284838844834677,47.52545594770984,55.18519713404567,4.359081992580058,5.24814095450191,4.3310571241005364,2.791758412584316e-07,5.052884609393477e-16,2.8627002801099877e-18,4.222267658134326e-07,-17.217784385840023,1,,PRUNED
99,,,2026-03-12 15:30:53.705613,2026-03-12 15:30:53.754449,0 days 00:00:00.048836,4.407854867371228,0.5163190425246921,46.240925722374335,50.748069499228485,4.202816660393726,5.312654700305022,4.230223178582534,7.147959440771056e-08,3.6423641852713795e-16,2.486954667796461e-17,8.379052613016902e-07,-16.12018449064287,1,,PRUNED
100,0.05328061833689219,0.5632505706981564,2026-03-12 15:30:53.755446,2026-03-12 15:30:54.729786,0 days 00:00:00.974340,4.460142697616901,0.9911586905043115,46.841194174994804,52.2914820046821,4.3025362260138635,5.268077712426739,4.409379267814933,2.26918771460164e-07,2.824776922876179e-16,3.829875750165865e-16,4.2786221621796277e-07,-15.348522663713572,1,,COMPLETE
101,0.07685088108898662,0.27054699764679196,2026-03-12 15:30:54.730780,2026-03-12 15:30:55.736074,0 days 00:00:01.005294,4.3783461975487885,0.845453213291131,50.55268407958921,51.72154965114012,4.360377235356533,5.280106559180401,4.292664818311111,5.343183933627764e-08,2.454658603729217e-17,1.271571397081361e-15,9.456003209154549e-08,-18.128386882811142,1,,COMPLETE
102,0.07159761278520216,0.33247110009209635,2026-03-12 15:30:55.737070,2026-03-12 15:30:56.668239,0 days 00:00:00.931169,4.323539560783878,0.9690021189576423,49.70094803129214,53.06488015264666,4.291813742072625,5.120809210775364,4.314962287275997,2.459804739087696e-07,4.2230232440001606e-15,3.8152614113771676e-16,6.618929720701259e-08,-17.975990761028065,1,,COMPLETE
103,0.06807408753674869,0.4236151730432231,2026-03-12 15:30:56.669236,2026-03-12 15:30:58.002619,0 days 00:00:01.333383,4.305082496057632,0.9388256852682206,47.72230910395954,54.36660982518288,4.336961591256048,5.269051483126754,4.4061240672013575,2.556108052012465e-07,5.762526319531389e-16,1.5028612599752104e-17,8.718001444446442e-08,-18.394520104132084,1,,COMPLETE
104,,,2026-03-12 15:30:58.004612,2026-03-12 15:30:58.079363,0 days 00:00:00.074751,4.44408709893311,0.9380774386879276,50.55268407958921,51.710648820737504,4.473793329330641,5.133956184349364,4.225220926667589,3.833998165517972e-07,7.1623015240061e-17,6.793990541131266e-16,2.1674034243788678e-07,-16.842440146491814,1,,PRUNED
105,0.08364442608743333,0.5695572807614195,2026-03-12 15:30:58.080359,2026-03-12 15:30:59.337476,0 days 00:00:01.257117,4.2787868121300665,0.8714743670308174,47.3002549885124,54.527057000645776,4.406870051129405,5.283895021374963,4.284224714306691,1.780402645197721e-07,1.6749700088162512e-17,2.224725435858766e-16,1.300497517412633e-07,-14.696428182020826,1,,COMPLETE
106,0.03925379550718272,0.3242725193413505,2026-03-12 15:30:59.338472,2026-03-12 15:31:00.916212,0 days 00:00:01.577740,4.284616916561097,0.6279739558630202,47.0345350612403,54.90400755898573,4.277979064049125,5.161443754115989,4.316409055962633,2.634320265583505e-07,1.7656369344784767e-18,4.227083116000958e-15,4.0684832001525455e-07,-17.890112772348523,1,,COMPLETE
107,0.049077923189387106,0.440372862908786,2026-03-12 15:31:00.916212,2026-03-12 15:31:01.835192,0 days 00:00:00.918980,4.305082496057632,0.5242141006494989,48.65472061613823,55.14255986327722,4.247702280250982,5.202996387935306,4.499760974643125,1.9369963358469942e-07,1.6097922617766752e-15,6.863804993360733e-16,1.4108223554704215e-08,-16.687389818771216,1,,COMPLETE
108,,,2026-03-12 15:31:01.836279,2026-03-12 15:31:01.883224,0 days 00:00:00.046945,4.406113896372,0.7617575470041136,47.511831710238546,54.16533999342679,4.319144382317792,5.193340881013177,4.372145052832107,2.444428902904231e-07,1.2404548660941759e-15,9.394651317220732e-17,1.3030096597309032e-07,-18.262297577264054,1,,PRUNED
109,0.033771507761712845,0.4277423037147632,2026-03-12 15:31:01.884220,2026-03-12 15:31:02.799737,0 days 00:00:00.915517,4.310983148803285,0.7757653428589522,50.328522630106605,55.21931452824264,4.32228206487573,5.2624951546999394,4.386767667588398,1.3659515579164445e-07,4.294164052219771e-18,5.155356851246427e-17,3.3256061666401715e-08,-15.349340047243398,1,,COMPLETE
110,0.01520258560197162,0.26792342591800367,2026-03-12 15:31:02.800734,2026-03-12 15:31:04.197794,0 days 00:00:01.397060,4.292780305837017,0.6702380469938138,49.108277437676094,54.22834444682094,4.3453770172354,5.166164092313784,4.291065355114606,1.8145591772799374e-07,4.181460910182205e-17,3.1369646200443245e-15,4.029444742022429e-07,-16.981103640181907,1,,COMPLETE
111,0.06922078924126132,0.3273447562493081,2026-03-12 15:31:04.198790,2026-03-12 15:31:05.425675,0 days 00:00:01.226885,4.357228748364852,0.5242141006494989,49.108277437676094,51.983998761948314,4.247702280250982,5.302335870519761,4.205448755053453,1.9369963358469942e-07,1.86127245399586e-16,3.1369646200443245e-15,4.105491780287548e-08,-15.155518018191412,1,,COMPLETE
112,0.008850137977626188,0.4726098942248704,2026-03-12 15:31:05.427668,2026-03-12 15:31:07.180978,0 days 00:00:01.753310,4.264483437408266,0.939760942479318,49.108277437676094,54.42186237732072,4.35282142410644,5.182438439342875,4.265808106916084,1.8145591772799374e-07,1.86127245399586e-16,3.1369646200443245e-15,4.105491780287548e-08,-17.556327846542462,1,,COMPLETE
113,0.07259432628462321,0.440608302890122,2026-03-12 15:31:07.181975,2026-03-12 15:31:08.795306,0 days 00:00:01.613331,4.357228748364852,0.5242141006494989,48.65472061613823,55.14255986327722,4.359081992580058,5.302335870519761,4.205448755053453,1.9369963358469942e-07,1.6097922617766752e-15,4.816576455490822e-18,3.404206999039382e-07,-17.217784385840023,1,,COMPLETE
114,0.06240891474110114,0.768625352888029,2026-03-12 15:31:08.796304,2026-03-12 15:31:09.785375,0 days 00:00:00.989071,4.261522221404741,0.7205038840305023,47.515827673050275,51.75736187999241,4.451420465556403,5.226028779518765,4.418498059948942,2.3796508673525622e-07,6.370903800777352e-17,5.17009288296052e-18,4.0817408489691665e-07,-18.050777103287064,1,,COMPLETE
115,0.007193450263851318,0.2944812110714423,2026-03-12 15:31:09.786372,2026-03-12 15:31:10.636586,0 days 00:00:00.850214,4.368634534783388,0.5987295757949643,49.279936565151374,53.008720439677354,4.361475166398326,5.125736286496585,4.439812470306433,2.1295752069339597e-07,3.8864797225107605e-15,2.1955283715483104e-18,6.541204841175957e-08,-15.02755195765076,1,,COMPLETE
116,0.052346404358319235,0.1952195925032324,2026-03-12 15:31:10.637628,2026-03-12 15:31:11.749931,0 days 00:00:01.112303,4.368634534783388,0.5987295757949643,48.753327213573144,52.93385994117502,4.361475166398326,5.1759490624251905,4.439812470306433,2.1295752069339597e-07,3.455995439146194e-18,4.080516363482832e-17,1.8743456780814755e-08,-17.172803697377006,1,,COMPLETE
117,0.06542727254114968,0.2751247001790352,2026-03-12 15:31:11.749931,2026-03-12 15:31:13.412530,0 days 00:00:01.662599,4.441358726162039,0.8427502995486209,50.48645791965153,54.36660982518288,4.200547350078947,5.171636044423279,4.431723905262154,8.393940229479184e-08,5.283768511986808e-16,4.080516363482832e-17,7.020620293701321e-08,-17.172803697377006,1,,COMPLETE
118,0.08082862969307927,0.17984443927923302,2026-03-12 15:31:13.414522,2026-03-12 15:31:14.928432,0 days 00:00:01.513910,4.336453731713498,0.7691278212780444,47.511831710238546,54.30786039772569,4.319144382317792,5.30556977001664,4.394338839582082,2.444428902904231e-07,1.2404548660941759e-15,2.335880481307202e-17,1.3030096597309032e-07,-18.262297577264054,1,,COMPLETE
