number,values_0,values_1,datetime_start,datetime_complete,duration,params_E_d_sh,params_G_frac,params_N_t_d,params_N_t_sh,params_W_L,params_W_R,params_W_R_sclc,params_d_sclc,params_l1_C_n_bulk,params_l1_k_dir,params_l1_mu_p,params_mu_e,system_attrs_NSGAIISampler:generation,system_attrs_fixed_params,state
297,0.0075723025252061186,0.16544527063351283,2026-03-12 15:34:16.523700,2026-03-12 15:34:17.898302,0 days 00:00:01.374602,4.3187809897769,0.5987295757949643,47.52545594770984,53.71540247690643,4.242905645531689,5.237478358036659,4.291065355114606,2.1295752069339597e-07,2.8118027892091575e-16,2.4212532143637174e-17,9.794500053354745e-07,-16.981103640181907,4,,COMPLETE
298,0.00559869446978701,0.03751091939964704,2026-03-12 15:34:17.899350,2026-03-12 15:34:18.964170,0 days 00:00:01.064820,4.357228748364852,0.5163190425246921,48.65472061613823,53.13106072585698,4.202816660393726,5.356143169780247,4.246110243628249,1.9369963358469942e-07,1.0684527493079727e-15,2.486954667796461e-17,1.4108223554704215e-08,-16.981103640181907,4,,COMPLETE
299,0.028120903756152605,0.20066297834265093,2026-03-12 15:34:18.965167,2026-03-12 15:34:19.797837,0 days 00:00:00.832670,4.228569930482258,0.6009584361010895,48.40830545410283,50.656872099270345,4.431542276956853,5.35,4.360052100626563,3.281233629740653e-07,9.999999999999965e-17,9.99999999999999e-18,1.2463814629296062e-07,-16.354444994345954,4,,COMPLETE
300,0.06834713641446476,0.3088886732356591,2026-03-12 15:34:19.798834,2026-03-12 15:34:20.991134,0 days 00:00:01.192300,4.466099191915466,0.8583766684184594,47.721479889927046,52.649569972698586,4.360366211594994,5.160547801140458,4.37093886036678,1.374163319273194e-07,2.474850323886416e-18,2.6845074008129697e-16,1.0118027372177493e-08,-16.983290142110942,4,,COMPLETE
301,0.03915894186466938,0.3431815561414376,2026-03-12 15:34:20.992087,2026-03-12 15:34:21.853174,0 days 00:00:00.861087,4.264483437408266,0.535231751893722,46.42200089601606,55.14255986327722,4.237160263086614,5.182438439342875,4.268382415097915,2.3029640456168443e-07,6.0952760761306245e-15,3.1755688563926773e-16,1.4108223554704215e-08,-16.0497519466375,4,,COMPLETE
302,0.03200224925062169,0.10906791456946067,2026-03-12 15:34:21.854204,2026-03-12 15:34:22.743728,0 days 00:00:00.889524,4.313811967555029,0.535231751893722,47.01161517998709,52.649569972698586,4.326565092716501,5.234061327345249,4.474821927775884,1.374163319273194e-07,2.741279596179326e-16,3.289495542188883e-16,4.029444742022429e-07,-16.981103640181907,4,,COMPLETE
303,,,2026-03-12 15:34:22.745728,2026-03-12 15:34:22.824460,0 days 00:00:00.078732,4.259159557192732,0.535231751893722,49.71186683547153,55.14255986327722,4.326565092716501,5.148470593576984,4.22832056008746,3.3311677304472567e-07,6.959964105266251e-17,3.289495542188883e-16,6.647776404106543e-07,-17.890112772348523,5,,PRUNED
304,0.024575375340219315,0.2313555520961025,2026-03-12 15:34:22.825464,2026-03-12 15:34:24.088743,0 days 00:00:01.263279,4.292780305837017,0.5840340468029441,46.11039362572452,54.22834444682094,4.202816660393726,5.356143169780247,4.291065355114606,1.9278142894669379e-07,2.1210315151918252e-16,4.26451907900218e-18,4.88986241575205e-07,-16.981103640181907,5,,COMPLETE
305,,,2026-03-12 15:34:24.090737,2026-03-12 15:34:24.163493,0 days 00:00:00.072756,4.426063421555141,0.6117476775851822,49.108277437676094,54.22834444682094,4.353588176869492,5.166164092313784,4.291065355114606,1.8145591772799374e-07,2.474850323886416e-18,6.5977955413053135e-18,4.029444742022429e-07,-16.981103640181907,5,,PRUNED
306,,,2026-03-12 15:34:24.164490,2026-03-12 15:34:24.247218,0 days 00:00:00.082728,4.466099191915466,0.8583766684184594,49.108277437676094,52.48438043793066,4.393553740326797,5.166164092313784,4.291065355114606,1.8145591772799374e-07,2.741279596179326e-16,7.648019728511568e-18,1.0118027372177493e-08,-17.890112772348523,5,,PRUNED
307,0.050655031130449814,0.06679257455572714,2026-03-12 15:34:24.248211,2026-03-12 15:34:25.461929,0 days 00:00:01.213718,4.228569930482258,0.5163190425246921,49.279936565151374,50.656872099270345,4.202816660393726,5.356143169780247,4.291065355114606,3.281233629740653e-07,2.387102667569454e-16,2.486954667796461e-17,9.456003209154549e-08,-16.981103640181907,5,,COMPLETE
308,0.07102635145332913,0.5374028769653203,2026-03-12 15:34:25.463923,2026-03-12 15:34:26.819156,0 days 00:00:01.355233,4.368634534783388,0.8616893876446436,46.549339207990904,53.008720439677354,4.393553740326797,5.125736286496585,4.291065355114606,2.6192176254735125e-07,3.8864797225107605e-15,2.1955283715483104e-18,6.647776404106543e-07,-17.890112772348523,5,,COMPLETE
309,0.02922307645087398,0.16725766644947607,2026-03-12 15:34:26.820153,2026-03-12 15:34:27.478563,0 days 00:00:00.658410,4.294386897832039,0.535231751893722,49.108277437676094,54.22834444682094,4.3453770172354,5.15822501523692,4.225220926667589,2.1295752069339597e-07,3.2000683144447327e-16,2.4212532143637174e-17,9.794500053354745e-07,-15.941817844090718,5,,COMPLETE
310,0.00450700010922643,0.32380830409397526,2026-03-12 15:34:27.479560,2026-03-12 15:34:28.353115,0 days 00:00:00.873555,4.357228748364852,0.5987295757949643,49.279936565151374,53.7125817908734,4.418921201081954,5.125736286496585,4.246110243628249,2.1295752069339597e-07,1.6097922617766752e-15,1.5907675113436742e-16,7.102453792989689e-08,-15.02755195765076,5,,COMPLETE
311,0.019365773230399362,0.16360871753468206,2026-03-12 15:34:28.354079,2026-03-12 15:34:29.624843,0 days 00:00:01.270764,4.228569930482258,0.5,48.44818111557356,54.90400755898573,4.362478392556494,5.298630937787494,4.316409055962633,1.5450092025349887e-07,1.7656369344784767e-18,5.124404427312979e-18,6.647776404106543e-07,-17.890112772348523,5,,COMPLETE
312,0.09191219272977236,0.03891929505186229,2026-03-12 15:34:29.626843,2026-03-12 15:34:30.925336,0 days 00:00:01.298493,4.228569930482258,0.5163190425246921,46.11039362572452,50.656872099270345,4.335396210169529,5.375673716464397,4.246110243628249,1.9369963358469942e-07,1.0684527493079727e-15,9.99999999999999e-18,1.4108223554704215e-08,-15.364389232157752,5,,COMPLETE
313,0.036057299593979346,0.20304244454067166,2026-03-12 15:34:30.926339,2026-03-12 15:34:32.174021,0 days 00:00:01.247682,4.257812211942562,0.6117476775851822,47.52545594770984,51.82335472147451,4.360366211594994,5.356143169780247,4.291065355114606,1.947772361044112e-07,2.474850323886416e-18,6.5977955413053135e-18,3.404206999039382e-07,-16.981103640181907,5,,COMPLETE
314,0.01472091519862408,0.18301634667621097,2026-03-12 15:34:32.175020,2026-03-12 15:34:33.303742,0 days 00:00:01.128722,4.292780305837017,0.6117476775851822,49.108277437676094,54.22834444682094,4.3453770172354,5.160547801140458,4.37093886036678,1.947772361044112e-07,2.1210315151918252e-16,6.5977955413053135e-18,3.404206999039382e-07,-17.50724025993416,5,,COMPLETE
315,0.02756740669456795,0.20777457938599614,2026-03-12 15:34:33.303742,2026-03-12 15:34:34.132388,0 days 00:00:00.828646,4.25336722931987,0.6117476775851822,49.108277437676094,54.22834444682094,4.360366211594994,5.166164092313784,4.291065355114606,1.8145591772799374e-07,2.474850323886416e-18,1.7769061173152726e-17,4.029444742022429e-07,-16.981103640181907,5,,COMPLETE
316,0.08295148369323564,0.5648455475865447,2026-03-12 15:34:34.133381,2026-03-12 15:34:35.106970,0 days 00:00:00.973589,4.284616916561097,0.535231751893722,49.108277437676094,55.14255986327722,4.4949012861118565,5.148470593576984,4.406417600702706,1.9278142894669379e-07,2.1210315151918252e-16,5.124404427312979e-18,3.8163734275033605e-07,-17.556327846542462,5,,COMPLETE
317,0.06895200730381955,0.02746371383705153,2026-03-12 15:34:35.106970,2026-03-12 15:34:36.036496,0 days 00:00:00.929526,4.228569930482258,0.5,46.240925722374335,50.656872099270345,4.242905645531689,5.276912625591107,4.360052100626563,3.9473637531485525e-07,7.78966338485797e-17,2.4212532143637174e-17,9.999999999999994e-08,-13.99528711693796,5,,COMPLETE
318,0.0296877862996228,0.12777149356693318,2026-03-12 15:34:36.038489,2026-03-12 15:34:37.394771,0 days 00:00:01.356282,4.296536232628637,0.5163190425246921,48.40830545410283,54.970169524979404,4.356484326064146,5.35,4.406417600702706,1.1168704792579186e-07,2.8118027892091575e-16,2.486954667796461e-17,4.029444742022429e-07,-16.981103640181907,5,,COMPLETE
319,0.023684561439228813,0.3227758282306557,2026-03-12 15:34:37.395769,2026-03-12 15:34:38.891656,0 days 00:00:01.495887,4.3187809897769,0.5163190425246921,48.70657237839028,54.22834444682094,4.3453770172354,5.166164092313784,4.291065355114606,2.3029640456168443e-07,2.8118027892091575e-16,3.1369646200443245e-15,4.029444742022429e-07,-16.981103640181907,5,,COMPLETE
320,0.01689517006766596,0.15176278558865594,2026-03-12 15:34:38.893680,2026-03-12 15:34:39.954783,0 days 00:00:01.061103,4.228569930482258,0.5840340468029441,46.42200089601606,51.50715982309353,4.335396210169529,5.35,4.435037840139458,1.9278142894669379e-07,8.050727498631122e-17,9.99999999999999e-18,4.88986241575205e-07,-17.805324603885836,5,,COMPLETE
321,0.009150278697034057,0.18729137701954288,2026-03-12 15:34:39.955780,2026-03-12 15:34:40.797845,0 days 00:00:00.842065,4.3187809897769,0.5987295757949643,47.01161517998709,54.22834444682094,4.242905645531689,5.356143169780247,4.291065355114606,2.2313550974094518e-07,2.0356059931971676e-16,2.4212532143637174e-17,4.029444742022429e-07,-16.981103640181907,5,,COMPLETE
322,0.040814923822003135,0.16411571960369883,2026-03-12 15:34:40.798841,2026-03-12 15:34:41.550166,0 days 00:00:00.751325,4.296536232628637,0.5840340468029441,47.262658150470834,50.656872099270345,4.362478392556494,5.35,4.325690215652987,2.253011297805258e-07,2.1210315151918252e-16,9.99999999999999e-18,4.88986241575205e-07,-16.354444994345954,5,,COMPLETE
323,,,2026-03-12 15:34:41.551161,2026-03-12 15:34:41.598089,0 days 00:00:00.046928,4.406125642923549,0.5840340468029441,49.00871139129052,54.970169524979404,4.242905645531689,5.35,4.406417600702706,1.9442921803172885e-07,7.78966338485797e-17,4.26451907900218e-18,9.794500053354745e-07,-18.110236966656238,5,,PRUNED
324,0.014310726594296998,0.15316212286166098,2026-03-12 15:34:41.599156,2026-03-12 15:34:42.435117,0 days 00:00:00.835961,4.278615173167578,0.535231751893722,48.70657237839028,54.42186237732072,4.3453770172354,5.318620435194627,4.231609097544104,2.3029640456168443e-07,3.2776557265015483e-15,3.289495542188883e-16,2.3815563392967006e-07,-17.517436416971144,5,,COMPLETE
325,0.01944793440862776,0.1823343334282647,2026-03-12 15:34:42.436945,2026-03-12 15:34:43.197124,0 days 00:00:00.760179,4.284616916561097,0.5,49.108277437676094,50.656872099270345,4.247702280250982,5.246566262336192,4.265808106916084,3.281233629740653e-07,2.8790021054550044e-15,6.32943899715116e-16,9.999999999999994e-08,-16.354444994345954,5,,COMPLETE
326,0.006925785041842181,0.10751841148845762,2026-03-12 15:34:43.198121,2026-03-12 15:34:44.370687,0 days 00:00:01.172566,4.250394629902042,0.535231751893722,46.11039362572452,50.656872099270345,4.335396210169529,5.216068964492535,4.225220926667589,3.0081245883232515e-07,3.8864797225107605e-15,2.4212532143637174e-17,9.794500053354745e-07,-17.172803697377006,5,,COMPLETE
327,0.01860380848489056,0.12412974696402929,2026-03-12 15:34:44.371683,2026-03-12 15:34:45.765856,0 days 00:00:01.394173,4.257812211942562,0.5163190425246921,47.52545594770984,55.18519713404567,4.360366211594994,5.160547801140458,4.343339940029119,1.947772361044112e-07,2.474850323886416e-18,2.486954667796461e-17,9.456003209154549e-08,-16.983290142110942,5,,COMPLETE
328,0.05497148709535304,0.08674155185003231,2026-03-12 15:34:45.766854,2026-03-12 15:34:47.030263,0 days 00:00:01.263409,4.318520254510479,0.5840340468029441,49.39114371956825,54.22834444682094,4.277979064049125,5.35,4.406417600702706,1.8145591772799374e-07,1.7656369344784767e-18,5.124404427312979e-18,4.029444742022429e-07,-18.33040866899638,5,,COMPLETE
329,0.022511985942857412,0.11794088398651478,2026-03-12 15:34:47.030263,2026-03-12 15:34:47.873776,0 days 00:00:00.843513,4.284616916561097,0.5840340468029441,49.108277437676094,55.14255986327722,4.247702280250982,5.148470593576984,4.265808106916084,1.9278142894669379e-07,2.0356059931971676e-16,5.124404427312979e-18,4.88986241575205e-07,-16.354444994345954,5,,COMPLETE
330,0.02043128949779046,0.26669926223085794,2026-03-12 15:34:47.874773,2026-03-12 15:34:48.720388,0 days 00:00:00.845615,4.264483437408266,0.535231751893722,48.70657237839028,54.42186237732072,4.277979064049125,5.166164092313784,4.225220926667589,1.8145591772799374e-07,3.8864797225107605e-15,3.1369646200443245e-15,6.647776404106543e-07,-17.517436416971144,5,,COMPLETE
331,0.019569785084241276,0.18396080380858323,2026-03-12 15:34:48.720388,2026-03-12 15:34:49.498394,0 days 00:00:00.778006,4.228569930482258,0.6117476775851822,47.52545594770984,50.656872099270345,4.362478392556494,5.35,4.360052100626563,2.2428563873101292e-07,9.999999999999965e-17,9.99999999999999e-18,1.2463814629296062e-07,-16.983290142110942,5,,COMPLETE
332,,,2026-03-12 15:34:49.499391,2026-03-12 15:34:49.543935,0 days 00:00:00.044544,4.259159557192732,0.535231751893722,46.42200089601606,51.41065346010254,4.247702280250982,5.302335870519761,4.205448755053453,6.314835392211028e-08,2.0356059931971676e-16,2.2161671185420263e-16,9.999999999999994e-08,-16.354444994345954,5,,PRUNED
333,0.005243398711034117,0.022899168239077262,2026-03-12 15:34:49.544996,2026-03-12 15:34:50.744595,0 days 00:00:01.199599,4.380737423445974,0.5,46.42200089601606,50.656872099270345,4.362478392556494,5.302335870519761,4.225220926667589,3.281233629740653e-07,3.8864797225107605e-15,9.99999999999999e-18,9.456003209154549e-08,-16.354444994345954,5,,COMPLETE
334,0.04202447835827042,0.03168885577210783,2026-03-12 15:34:50.745593,2026-03-12 15:34:52.049217,0 days 00:00:01.303624,4.259159557192732,0.5,49.09194517196568,55.14255986327722,4.326565092716501,5.230892279835164,4.200451410826986,3.3311677304472567e-07,2.0356059931971676e-16,9.99999999999999e-18,9.999999999999994e-08,-16.354444994345954,5,,COMPLETE
335,0.04600399939326112,0.3661887385640209,2026-03-12 15:34:52.050169,2026-03-12 15:34:53.647940,0 days 00:00:01.597771,4.357228748364852,0.5242141006494989,48.65472061613823,55.18519713404567,4.360366211594994,5.302335870519761,4.278877822217859,1.6924107588668235e-07,1.6097922617766752e-15,6.5977955413053135e-18,3.404206999039382e-07,-16.687389818771216,5,,COMPLETE
336,0.007836643395212619,0.20128567165659603,2026-03-12 15:34:53.648963,2026-03-12 15:34:54.475803,0 days 00:00:00.826840,4.292780305837017,0.6117476775851822,48.70657237839028,54.42186237732072,4.3453770172354,5.356143169780247,4.278877822217859,2.3029640456168443e-07,2.474850323886416e-18,6.5977955413053135e-18,2.3815563392967006e-07,-16.983290142110942,5,,COMPLETE
337,0.029318443014485798,0.05366143430256106,2026-03-12 15:34:54.475803,2026-03-12 15:34:55.282577,0 days 00:00:00.806774,4.250394629902042,0.535231751893722,48.65472061613823,53.71540247690643,4.242905645531689,5.356143169780247,4.246110243628249,2.1295752069339597e-07,3.8864797225107605e-15,2.486954667796461e-17,1.4108223554704215e-08,-16.981103640181907,5,,COMPLETE
338,0.01640510077831131,0.3337257658592162,2026-03-12 15:34:55.283571,2026-03-12 15:34:56.142449,0 days 00:00:00.858878,4.259159557192732,0.8328221133616844,47.01161517998709,55.14255986327722,4.326565092716501,5.318620435194627,4.474821927775884,3.281233629740653e-07,2.0356059931971676e-16,3.289495542188883e-16,1.6808866076821774e-08,-15.349340047243398,5,,COMPLETE
339,0.062472690759055295,0.038036292350831606,2026-03-12 15:34:56.143445,2026-03-12 15:34:57.036354,0 days 00:00:00.892909,4.310983148803285,0.5,48.40830545410283,50.656872099270345,4.362478392556494,5.2624951546999394,4.225220926667589,1.7054548781657297e-07,9.999999999999965e-17,4.816576455490822e-18,9.999999999999994e-08,-16.354444994345954,5,,COMPLETE
340,0.01121023729871334,0.24493918324983782,2026-03-12 15:34:57.037345,2026-03-12 15:34:58.459906,0 days 00:00:01.422561,4.292780305837017,0.6117476775851822,47.52545594770984,55.18519713404567,4.360366211594994,5.356143169780247,4.278877822217859,1.6924107588668235e-07,2.474850323886416e-18,6.5977955413053135e-18,3.404206999039382e-07,-16.983290142110942,5,,COMPLETE
341,0.004632690306862926,0.12812145819321116,2026-03-12 15:34:58.460980,2026-03-12 15:34:59.725343,0 days 00:00:01.264363,4.363897427363334,0.5,47.262658150470834,50.704651105656936,4.362478392556494,5.35,4.360052100626563,3.281233629740653e-07,9.871728036109132e-18,3.1755688563926773e-16,1.2636845991862524e-07,-16.354444994345954,5,,COMPLETE
342,,,2026-03-12 15:34:59.725343,2026-03-12 15:34:59.772187,0 days 00:00:00.046844,4.3187809897769,0.5987295757949643,47.52545594770984,51.91791736290868,4.242905645531689,5.356143169780247,4.291065355114606,2.1295752069339597e-07,2.8118027892091575e-16,2.486954667796461e-17,4.029444742022429e-07,-14.056102410181996,5,,PRUNED
343,0.013373624828553261,0.17671043866758343,2026-03-12 15:34:59.773191,2026-03-12 15:35:00.659975,0 days 00:00:00.886784,4.318520254510479,0.6117476775851822,48.40830545410283,54.90400755898573,4.277979064049125,5.35,4.360052100626563,1.8145591772799374e-07,9.999999999999965e-17,9.99999999999999e-18,4.029444742022429e-07,-16.981103640181907,5,,COMPLETE
344,0.08010648273581736,0.1315048317311417,2026-03-12 15:35:00.660971,2026-03-12 15:35:01.383805,0 days 00:00:00.722834,4.228569930482258,0.5163190425246921,46.240925722374335,50.656872099270345,4.362478392556494,5.276912625591107,4.360052100626563,3.281233629740653e-07,7.78966338485797e-17,2.4212532143637174e-17,9.794500053354745e-07,-13.99528711693796,5,,COMPLETE
345,0.01121023729871334,0.24493918324983782,2026-03-12 15:35:01.384802,2026-03-12 15:35:02.266093,0 days 00:00:00.881291,4.292780305837017,0.6117476775851822,47.52545594770984,55.18519713404567,4.360366211594994,5.356143169780247,4.278877822217859,1.6924107588668235e-07,2.474850323886416e-18,6.5977955413053135e-18,3.404206999039382e-07,-16.983290142110942,5,,COMPLETE
346,0.09634705629887796,0.057033006698262834,2026-03-12 15:35:02.267090,2026-03-12 15:35:03.511540,0 days 00:00:01.244450,4.318520254510479,0.5163190425246921,49.279936565151374,54.22834444682094,4.202816660393726,5.230892279835164,4.291065355114606,3.0081245883232515e-07,6.0952760761306245e-15,9.99999999999999e-18,4.88986241575205e-07,-17.805324603885836,5,,COMPLETE
347,0.022593939580665683,0.20754819427823065,2026-03-12 15:35:03.513534,2026-03-12 15:35:04.883264,0 days 00:00:01.369730,4.257812211942562,0.6117476775851822,47.52545594770984,54.22834444682094,4.360366211594994,5.160547801140458,4.37093886036678,1.947772361044112e-07,2.474850323886416e-18,6.5977955413053135e-18,3.404206999039382e-07,-16.981103640181907,5,,COMPLETE
348,0.02938075806899763,0.05361478304764991,2026-03-12 15:35:04.885259,2026-03-12 15:35:06.050696,0 days 00:00:01.165437,4.284616916561097,0.535231751893722,50.32772674666329,50.656872099270345,4.362478392556494,5.255675289226811,4.265808106916084,1.8145591772799374e-07,9.999999999999965e-17,4.816576455490822e-18,9.999999999999994e-08,-17.556327846542462,5,,COMPLETE
349,0.06327682454463643,0.11116692671250442,2026-03-12 15:35:06.051693,2026-03-12 15:35:06.823818,0 days 00:00:00.772125,4.357228748364852,0.535231751893722,48.65472061613823,50.97125652127457,4.247702280250982,5.356143169780247,4.246110243628249,1.7054548781657297e-07,3.8864797225107605e-15,2.486954667796461e-17,2.8714301584515586e-07,-16.354444994345954,5,,COMPLETE
350,0.05327744951380404,0.04077507169185608,2026-03-12 15:35:06.823818,2026-03-12 15:35:07.981165,0 days 00:00:01.157347,4.3187809897769,0.5163190425246921,47.52545594770984,54.22834444682094,4.242905645531689,5.356143169780247,4.291065355114606,1.1168704792579186e-07,1.2937331633660905e-17,2.4212532143637174e-17,4.029444742022429e-07,-16.981103640181907,5,,COMPLETE
351,0.05799050604400988,0.07936566425917112,2026-03-12 15:35:07.981165,2026-03-12 15:35:09.332021,0 days 00:00:01.350856,4.357228748364852,0.6117476775851822,48.65472061613823,55.14255986327722,4.247702280250982,5.160547801140458,4.37093886036678,1.9369963358469942e-07,2.474850323886416e-18,6.5977955413053135e-18,4.869273458755625e-08,-16.687389818771216,5,,COMPLETE
352,0.027516215606670957,0.21863176085284186,2026-03-12 15:35:09.333025,2026-03-12 15:35:10.602828,0 days 00:00:01.269803,4.257812211942562,0.6117476775851822,47.52545594770984,55.18519713404567,4.360366211594994,5.160547801140458,4.474821927775884,1.947772361044112e-07,2.474850323886416e-18,3.289495542188883e-16,3.404206999039382e-07,-16.983290142110942,5,,COMPLETE
353,0.007947705511050753,0.060258304123761826,2026-03-12 15:35:10.603825,2026-03-12 15:35:11.838823,0 days 00:00:01.234998,4.284616916561097,0.535231751893722,47.52545594770984,55.14255986327722,4.247702280250982,5.148470593576984,4.37093886036678,1.947772361044112e-07,1.1118085922600935e-16,6.5977955413053135e-18,3.404206999039382e-07,-16.983290142110942,5,,COMPLETE
354,0.017462470184252087,0.21800344103716715,2026-03-12 15:35:11.839830,2026-03-12 15:35:13.069500,0 days 00:00:01.229670,4.406125642923549,0.5,46.240925722374335,51.93028086214649,4.335396210169529,5.182438439342875,4.443830107273063,3.0081245883232515e-07,6.0952760761306245e-15,3.1755688563926773e-16,9.794500053354745e-07,-13.99528711693796,5,,COMPLETE
355,0.004883936207326864,0.337607600344995,2026-03-12 15:35:13.070497,2026-03-12 15:35:14.234263,0 days 00:00:01.163766,4.314686851595419,0.5163190425246921,48.65472061613823,54.42186237732072,4.202816660393726,5.166164092313784,4.246110243628249,1.9369963358469942e-07,2.0634571684848917e-16,3.1369646200443245e-15,2.3815563392967006e-07,-16.981103640181907,5,,COMPLETE
