number,values_0,values_1,datetime_start,datetime_complete,duration,params_E_d_sh,params_G_frac,params_N_t_d,params_N_t_sh,params_W_L,params_W_R,params_W_R_sclc,params_d_sclc,params_l1_C_n_bulk,params_l1_k_dir,params_l1_mu_p,params_mu_e,system_attrs_NSGAIISampler:generation,system_attrs_fixed_params,state
416,0.05327744951380404,0.12722428869893168,2026-03-12 15:36:14.748745,2026-03-12 15:36:16.496137,0 days 00:00:01.747392,4.3187809897769,0.5987295757949643,47.52545594770984,54.22834444682094,4.242905645531689,5.237478358036659,4.291065355114606,1.1168704792579186e-07,2.8118027892091575e-16,2.4212532143637174e-17,1.4689659821412255e-08,-16.981103640181907,7,,COMPLETE
417,0.01259774378926714,0.15921098360600427,2026-03-12 15:36:16.497143,2026-03-12 15:36:18.024883,0 days 00:00:01.527740,4.257812211942562,0.535231751893722,47.52545594770984,55.14255986327722,4.360366211594994,5.148470593576984,4.37093886036678,1.947772361044112e-07,2.8118027892091575e-16,5.66078690395774e-18,3.404206999039382e-07,-17.94879883419239,7,,COMPLETE
418,0.020983581796135194,0.049272516291907396,2026-03-12 15:36:18.025880,2026-03-12 15:36:18.968335,0 days 00:00:00.942455,4.284616916561097,0.5163190425246921,49.108277437676094,54.31342257958331,4.247702280250982,5.148470593576984,4.246110243628249,1.8930167475074734e-07,2.0356059931971676e-16,5.124404427312979e-18,9.999999999999994e-08,-16.981103640181907,7,,COMPLETE
419,0.004625781806127437,0.12618944879031074,2026-03-12 15:36:18.969333,2026-03-12 15:36:20.052345,0 days 00:00:01.083012,4.3187809897769,0.5,47.52545594770984,50.704651105656936,4.362478392556494,5.35,4.360052100626563,3.281233629740653e-07,1.2937331633660905e-17,3.1755688563926773e-16,1.2636845991862524e-07,-16.354444994345954,7,,COMPLETE
420,0.008864375386125304,0.04441869597577255,2026-03-12 15:36:20.054338,2026-03-12 15:36:21.526279,0 days 00:00:01.471941,4.284616916561097,0.535231751893722,49.108277437676094,55.14255986327722,4.326565092716501,5.230892279835164,4.246110243628249,2.1295752069339597e-07,2.0356059931971676e-16,9.99999999999999e-18,9.999999999999994e-08,-16.354444994345954,7,,COMPLETE
421,0.002906464746120688,0.1799706561215582,2026-03-12 15:36:21.527276,2026-03-12 15:36:22.820122,0 days 00:00:01.292846,4.417798140270275,0.5,47.24208837292265,50.656872099270345,4.362478392556494,5.193340881013177,4.360052100626563,3.281233629740653e-07,9.999999999999965e-17,9.99999999999999e-18,1.6808866076821774e-08,-15.349340047243398,7,,COMPLETE
422,0.0348652023583275,0.5800618001592334,2026-03-12 15:36:22.821119,2026-03-12 15:36:23.985024,0 days 00:00:01.163905,4.228569930482258,0.8381026153952672,46.11039362572452,51.93779518382684,4.320370330475337,5.230892279835164,4.37093886036678,1.947772361044112e-07,1.1118085922600935e-16,6.5977955413053135e-18,1.6234645170885737e-07,-16.983290142110942,7,,COMPLETE
423,0.03031576508602755,0.0967831477084056,2026-03-12 15:36:23.986022,2026-03-12 15:36:25.239148,0 days 00:00:01.253126,4.228569930482258,0.5,46.11039362572452,54.22834444682094,4.202816660393726,5.356143169780247,4.291065355114606,3.281233629740653e-07,9.999999999999965e-17,2.2540788971178467e-16,4.029444742022429e-07,-17.988720733377345,7,,COMPLETE
424,0.09490813860469946,0.12935970135055802,2026-03-12 15:36:25.240152,2026-03-12 15:36:26.511912,0 days 00:00:01.271760,4.3187809897769,0.5163190425246921,47.262658150470834,50.704651105656936,4.362478392556494,5.196306625877192,4.291065355114606,1.1168704792579186e-07,9.871728036109132e-18,3.1755688563926773e-16,4.029444742022429e-07,-16.354444994345954,7,,COMPLETE
425,0.08099533989445973,0.6189414149259365,2026-03-12 15:36:26.512909,2026-03-12 15:36:27.724130,0 days 00:00:01.211221,4.3187809897769,0.8943492491001641,48.65472061613823,53.71540247690643,4.242905645531689,5.35,4.291065355114606,1.1168704792579186e-07,3.8864797225107605e-15,2.4212532143637174e-17,1.4108223554704215e-08,-16.354444994345954,7,,COMPLETE
426,0.014645130496878593,0.06808607394638273,2026-03-12 15:36:27.724130,2026-03-12 15:36:28.685935,0 days 00:00:00.961805,4.3187809897769,0.5163190425246921,47.52545594770984,54.22834444682094,4.242905645531689,5.160547801140458,4.291065355114606,1.9369963358469942e-07,2.8118027892091575e-16,2.4212532143637174e-17,4.029444742022429e-07,-17.57941032056012,7,,COMPLETE
427,0.03175650417080498,0.1009458239382569,2026-03-12 15:36:28.686932,2026-03-12 15:36:29.547477,0 days 00:00:00.860545,4.284616916561097,0.535231751893722,47.52545594770984,50.656872099270345,4.326565092716501,5.148470593576984,4.372782869484682,1.947772361044112e-07,2.0356059931971676e-16,6.5977955413053135e-18,3.404206999039382e-07,-16.981103640181907,7,,COMPLETE
428,0.009355776557441782,0.044897721217165606,2026-03-12 15:36:29.548474,2026-03-12 15:36:30.773477,0 days 00:00:01.225003,4.228569930482258,0.5,46.240925722374335,50.656872099270345,4.362478392556494,5.276912625591107,4.37967316861651,3.281233629740653e-07,9.999999999999965e-17,2.4212532143637174e-17,1.2463814629296062e-07,-16.354444994345954,7,,COMPLETE
429,0.02747490565025778,0.08514115724880914,2026-03-12 15:36:30.774475,2026-03-12 15:36:32.063458,0 days 00:00:01.288983,4.286077060762436,0.5163190425246921,48.65472061613823,53.13106072585698,4.422567314259704,5.356143169780247,4.246110243628249,1.9369963358469942e-07,9.999999999999965e-17,2.486954667796461e-17,9.456003209154549e-08,-16.354444994345954,7,,COMPLETE
430,0.033001312395041955,0.13686505699424453,2026-03-12 15:36:32.064466,2026-03-12 15:36:33.482135,0 days 00:00:01.417669,4.417798140270275,0.5,47.262658150470834,50.704651105656936,4.362478392556494,5.193340881013177,4.360052100626563,3.281233629740653e-07,9.871728036109132e-18,9.99999999999999e-18,1.6808866076821774e-08,-16.354444994345954,7,,COMPLETE
431,0.046542311280378494,0.2073062141168725,2026-03-12 15:36:33.483180,2026-03-12 15:36:34.221700,0 days 00:00:00.738520,4.292780305837017,0.6117476775851822,48.70657237839028,54.42186237732072,4.3453770172354,5.356143169780247,4.278877822217859,2.3029640456168443e-07,2.474850323886416e-18,6.5977955413053135e-18,2.3815563392967006e-07,-15.132856598656371,7,,COMPLETE
432,0.04163635742171592,0.01842481848720005,2026-03-12 15:36:34.222697,2026-03-12 15:36:34.991733,0 days 00:00:00.769036,4.257812211942562,0.5163190425246921,47.52545594770984,55.18519713404567,4.360366211594994,5.318620435194627,4.291065355114606,1.947772361044112e-07,2.8118027892091575e-16,2.486954667796461e-17,9.456003209154549e-08,-16.292715704931823,7,,COMPLETE
433,0.030298714387643973,0.4214909400457659,2026-03-12 15:36:34.992730,2026-03-12 15:36:35.760252,0 days 00:00:00.767522,4.284616916561097,0.5,49.108277437676094,50.656872099270345,4.247702280250982,5.35,4.360052100626563,3.281233629740653e-07,9.999999999999965e-17,1.0217500713193918e-15,1.4108223554704215e-08,-16.365091168843357,7,,COMPLETE
434,0.029318443014485798,0.05366143430256106,2026-03-12 15:36:35.761214,2026-03-12 15:36:36.676875,0 days 00:00:00.915661,4.250394629902042,0.535231751893722,48.65472061613823,53.71540247690643,4.242905645531689,5.356143169780247,4.246110243628249,2.1295752069339597e-07,3.8864797225107605e-15,2.486954667796461e-17,1.4108223554704215e-08,-16.981103640181907,7,,COMPLETE
435,0.09573057275228423,0.3428923848289691,2026-03-12 15:36:36.677873,2026-03-12 15:36:38.110699,0 days 00:00:01.432826,4.314686851595419,0.5163190425246921,48.65472061613823,54.42186237732072,4.202816660393726,5.157393184385014,4.291065355114606,6.951681909819301e-08,2.0634571684848917e-16,3.1369646200443245e-15,2.3815563392967006e-07,-16.981103640181907,7,,COMPLETE
436,0.044571926106229044,0.027081468682932708,2026-03-12 15:36:38.112693,2026-03-12 15:36:39.412374,0 days 00:00:01.299681,4.250394629902042,0.5163190425246921,46.11039362572452,50.656872099270345,4.335396210169529,5.356143169780247,4.225220926667589,1.9369963358469942e-07,3.8864797225107605e-15,9.99999999999999e-18,3.0692356921666836e-08,-16.981103640181907,7,,COMPLETE
437,0.021393717306033556,0.05139786002972344,2026-03-12 15:36:39.414367,2026-03-12 15:36:40.572288,0 days 00:00:01.157921,4.3187809897769,0.5163190425246921,48.65472061613823,53.13106072585698,4.242905645531689,5.356143169780247,4.246110243628249,1.9369963358469942e-07,2.8118027892091575e-16,2.4212532143637174e-17,9.794500053354745e-07,-16.981103640181907,7,,COMPLETE
438,0.012181820841966848,0.10602111394921064,2026-03-12 15:36:40.573286,2026-03-12 15:36:41.400341,0 days 00:00:00.827055,4.257812211942562,0.5,47.52545594770984,55.18519713404567,4.395883856108391,5.230892279835164,4.200451410826986,3.3311677304472567e-07,2.0356059931971676e-16,9.99999999999999e-18,9.999999999999994e-08,-16.354444994345954,7,,COMPLETE
439,0.015623326452396868,0.11392749591017177,2026-03-12 15:36:41.401338,2026-03-12 15:36:42.550664,0 days 00:00:01.149326,4.284616916561097,0.535231751893722,49.71186683547153,53.71540247690643,4.277979064049125,5.35,4.406417600702706,2.1295752069339597e-07,1.7656369344784767e-18,5.124404427312979e-18,2.5100495966962666e-07,-16.354444994345954,7,,COMPLETE
440,0.07858353785086308,0.655578970740666,2026-03-12 15:36:42.551660,2026-03-12 15:36:43.490605,0 days 00:00:00.938945,4.292780305837017,0.8616893876446436,49.108277437676094,52.48438043793066,4.393553740326797,5.166164092313784,4.291065355114606,3.103459317821742e-07,1.7656369344784767e-18,7.648019728511568e-18,6.647776404106543e-07,-17.890112772348523,7,,COMPLETE
441,0.05774594260505397,0.06061160959226873,2026-03-12 15:36:43.491609,2026-03-12 15:36:44.805667,0 days 00:00:01.314058,4.228569930482258,0.535231751893722,47.262658150470834,53.13106072585698,4.247702280250982,5.302335870519761,4.246110243628249,1.7054548781657297e-07,3.8864797225107605e-15,2.486954667796461e-17,1.4689659821412255e-08,-16.981103640181907,7,,COMPLETE
442,0.038774218850063415,0.2151650290679652,2026-03-12 15:36:44.806664,2026-03-12 15:36:46.569892,0 days 00:00:01.763228,4.318520254510479,0.5163190425246921,49.108277437676094,54.22834444682094,4.247702280250982,5.148470593576984,4.291065355114606,1.8145591772799374e-07,8.18872176355259e-15,2.486954667796461e-17,2.7862029273755133e-08,-18.370848196503964,7,,COMPLETE
443,0.016094433119855513,0.11390895844026958,2026-03-12 15:36:46.570896,2026-03-12 15:36:47.748838,0 days 00:00:01.177942,4.284616916561097,0.535231751893722,49.108277437676094,53.71540247690643,4.247702280250982,5.356143169780247,4.246110243628249,1.8145591772799374e-07,2.0356059931971676e-16,5.124404427312979e-18,9.999999999999994e-08,-17.556327846542462,7,,COMPLETE
444,0.03390405315651772,0.14113402133223124,2026-03-12 15:36:47.749835,2026-03-12 15:36:48.557586,0 days 00:00:00.807751,4.228569930482258,0.535231751893722,48.40830545410283,52.37608528328336,4.362478392556494,5.148470593576984,4.225220926667589,1.947772361044112e-07,1.1118085922600935e-16,4.816576455490822e-18,3.404206999039382e-07,-16.983290142110942,7,,COMPLETE
445,,,2026-03-12 15:36:48.557586,2026-03-12 15:36:48.605046,0 days 00:00:00.047460,4.3187809897769,0.5,47.262658150470834,50.656872099270345,4.242905645531689,5.356143169780247,4.360052100626563,1.1168704792579186e-07,1.2937331633660905e-17,2.4212532143637174e-17,1.2463814629296062e-07,-15.791286109628935,7,,PRUNED
446,0.06456113768867214,0.10794944438532802,2026-03-12 15:36:48.606051,2026-03-12 15:36:49.358949,0 days 00:00:00.752898,4.406125642923549,0.5163190425246921,49.108277437676094,51.93028086214649,4.228071374693113,5.166164092313784,4.401600420368074,1.8145591772799374e-07,2.474850323886416e-18,6.5977955413053135e-18,9.794500053354745e-07,-13.99528711693796,7,,COMPLETE
447,0.052472351926903756,0.04989578610575366,2026-03-12 15:36:49.359946,2026-03-12 15:36:50.211699,0 days 00:00:00.851753,4.296536232628637,0.535231751893722,48.62004874562181,53.71540247690643,4.335396210169529,5.35,4.406417600702706,2.1295752069339597e-07,1.2895772070584037e-17,2.513855911499944e-17,1.4108223554704215e-08,-15.02755195765076,7,,COMPLETE
448,0.03706317493204637,0.13174972712123756,2026-03-12 15:36:50.212695,2026-03-12 15:36:51.311655,0 days 00:00:01.098960,4.292780305837017,0.5667162491505351,48.70657237839028,54.42186237732072,4.362478392556494,5.35,4.278877822217859,3.281233629740653e-07,2.474850323886416e-18,3.1755688563926773e-16,1.2636845991862524e-07,-16.440121439348893,7,,COMPLETE
449,0.0062139599269500695,0.6554014896702012,2026-03-12 15:36:51.312661,2026-03-12 15:36:52.808343,0 days 00:00:01.495682,4.292780305837017,0.8616893876446436,49.108277437676094,52.48438043793066,4.393553740326797,5.166164092313784,4.291065355114606,1.8145591772799374e-07,1.7656369344784767e-18,7.648019728511568e-18,6.647776404106543e-07,-17.833207273335443,7,,COMPLETE
450,,,2026-03-12 15:36:52.810336,2026-03-12 15:36:52.882087,0 days 00:00:00.071751,4.228569930482258,0.7996522282913806,47.01161517998709,53.71540247690643,4.326565092716501,5.15822501523692,4.372782869484682,5.7633740301909126e-08,2.0356059931971676e-16,2.4212532143637174e-17,7.885876178579091e-08,-17.172803697377006,7,,PRUNED
451,0.020374181821806284,0.03669243725828538,2026-03-12 15:36:52.883052,2026-03-12 15:36:54.162725,0 days 00:00:01.279673,4.284616916561097,0.5,46.240925722374335,54.42186237732072,4.362478392556494,5.276912625591107,4.37967316861651,3.9473637531485525e-07,1.7656369344784767e-18,5.124404427312979e-18,1.2636845991862524e-07,-16.151354095538732,7,,COMPLETE
452,0.044819864151845225,0.20370003781684798,2026-03-12 15:36:54.163722,2026-03-12 15:36:55.221311,0 days 00:00:01.057589,4.284616916561097,0.5163190425246921,50.32772674666329,54.669852119357,4.202816660393726,5.356143169780247,4.265808106916084,1.9369963358469942e-07,2.8118027892091575e-16,4.32667565386762e-16,9.999999999999994e-08,-17.556327846542462,7,,COMPLETE
453,0.03554913267203042,0.020515158591085353,2026-03-12 15:36:55.222309,2026-03-12 15:36:56.016547,0 days 00:00:00.794238,4.257812211942562,0.5163190425246921,47.52545594770984,55.18519713404567,4.360366211594994,5.318620435194627,4.401600420368074,3.9473637531485525e-07,7.78966338485797e-17,1.703393690435852e-17,7.885876178579091e-08,-13.99528711693796,7,,COMPLETE
454,0.008900779501607746,0.017304688286510852,2026-03-12 15:36:56.017544,2026-03-12 15:36:56.764340,0 days 00:00:00.746796,4.228569930482258,0.5,47.262658150470834,50.656872099270345,4.362478392556494,5.35,4.343441082818381,3.281233629740653e-07,1e-16,1e-17,1.2463814629296062e-07,-16.354444994345954,7,,COMPLETE
455,0.015925910822267755,0.038139134266041146,2026-03-12 15:36:56.765337,2026-03-12 15:36:57.559451,0 days 00:00:00.794114,4.357228748364852,0.5,48.40830545410283,50.704651105656936,4.362478392556494,5.2624951546999394,4.413955071163592,2.1498568373935344e-07,1.0684527493079727e-15,4.816576455490822e-18,9.999999999999994e-08,-16.354444994345954,7,,COMPLETE
456,0.011571896952584874,0.5803275562084432,2026-03-12 15:36:57.561444,2026-03-12 15:36:59.006599,0 days 00:00:01.445155,4.228569930482258,0.8616893876446436,48.40830545410283,54.22834444682094,4.393553740326797,5.35,4.291065355114606,1.7054548781657297e-07,9.999999999999965e-17,4.816576455490822e-18,9.456003209154549e-08,-17.890112772348523,7,,COMPLETE
457,0.008972594783838292,0.14993093324442475,2026-03-12 15:36:59.008600,2026-03-12 15:37:00.129414,0 days 00:00:01.120814,4.228569930482258,0.5987295757949643,47.01161517998709,50.656872099270345,4.247702280250982,5.318620435194627,4.372782869484682,3.427186425039953e-07,2.0356059931971676e-16,9.99999999999999e-18,1.4689659821412255e-08,-16.354444994345954,7,,COMPLETE
458,0.03731265587568578,0.021602666679235744,2026-03-12 15:37:00.131414,2026-03-12 15:37:01.356675,0 days 00:00:01.225261,4.257812211942562,0.5163190425246921,47.52545594770984,53.13106072585698,4.360366211594994,5.356143169780247,4.246110243628249,1.9369963358469942e-07,1.0684527493079727e-15,2.486954667796461e-17,9.456003209154549e-08,-16.941344352380582,7,,COMPLETE
459,0.021817708002412835,0.06983258811292867,2026-03-12 15:37:01.358668,2026-03-12 15:37:02.770086,0 days 00:00:01.411418,4.228569930482258,0.535231751893722,47.262658150470834,52.135560734369854,4.247702280250982,5.35,4.246110243628249,2.1295752069339597e-07,3.1021276785337686e-16,5.124404427312979e-18,1.4108223554704215e-08,-17.556327846542462,7,,COMPLETE
460,0.03392818348933487,0.03565396626775191,2026-03-12 15:37:02.772078,2026-03-12 15:37:03.646777,0 days 00:00:00.874699,4.250394629902042,0.5163190425246921,46.11039362572452,54.67018854701065,4.335396210169529,5.356143169780247,4.291065355114606,1.9369963358469942e-07,1.0684527493079727e-15,9.99999999999999e-18,1.4108223554704215e-08,-16.981103640181907,7,,COMPLETE
461,0.05747344492563061,0.061473023203933934,2026-03-12 15:37:03.647773,2026-03-12 15:37:04.546143,0 days 00:00:00.898370,4.228569930482258,0.5,48.50877611440715,50.656872099270345,4.362478392556494,5.35,4.291065355114606,1.437411732293601e-07,2.8118027892091575e-16,9.99999999999999e-18,1.4689659821412255e-08,-16.981103640181907,7,,COMPLETE
462,0.011922629610146658,0.22196464176946598,2026-03-12 15:37:04.547139,2026-03-12 15:37:06.061512,0 days 00:00:01.514373,4.318520254510479,0.6117476775851822,49.20185419135302,54.22834444682094,4.360366211594994,5.166164092313784,4.37967316861651,1.8145591772799374e-07,2.474850323886416e-18,2.4212532143637174e-17,4.029444742022429e-07,-16.981103640181907,7,,COMPLETE
463,0.05461497832124968,0.1124822821153967,2026-03-12 15:37:06.062501,2026-03-12 15:37:07.303229,0 days 00:00:01.240728,4.318520254510479,0.5,49.279936565151374,50.656872099270345,4.362478392556494,5.356143169780247,4.246110243628249,1.7054548781657297e-07,9.999999999999965e-17,1.5907675113436742e-16,4.029444742022429e-07,-16.354444994345954,7,,COMPLETE
464,0.07287979367721723,0.04451521531479786,2026-03-12 15:37:07.304225,2026-03-12 15:37:08.617231,0 days 00:00:01.313006,4.390067719057467,0.5,46.11039362572452,50.656872099270345,4.335396210169529,5.375673716464397,4.360052100626563,1.8083432417888846e-07,9.999999999999965e-17,9.99999999999999e-18,1.4108223554704215e-08,-15.349340047243398,7,,COMPLETE
465,0.09229634350797801,0.6616016838616513,2026-03-12 15:37:08.618227,2026-03-12 15:37:09.266262,0 days 00:00:00.648035,4.292780305837017,0.8616893876446436,49.108277437676094,52.48438043793066,4.393553740326797,5.166164092313784,4.291065355114606,1.8145591772799374e-07,1.7656369344784767e-18,7.648019728511568e-18,6.647776404106543e-07,-14.499194428289007,7,,COMPLETE
466,0.02776146416670773,0.09895204643566428,2026-03-12 15:37:09.267259,2026-03-12 15:37:10.263368,0 days 00:00:00.996109,4.306266208473635,0.5,49.108277437676094,55.14255986327722,4.247702280250982,5.148470593576984,4.343441082818381,1.8145591772799374e-07,9.999999999999965e-17,5.124404427312979e-18,9.999999999999994e-08,-17.556327846542462,8,,COMPLETE
467,0.04907423383835745,0.16138261958173913,2026-03-12 15:37:10.264365,2026-03-12 15:37:11.228323,0 days 00:00:00.963958,4.228569930482258,0.5,47.24208837292265,50.656872099270345,4.362478392556494,5.193340881013177,4.37967316861651,3.281233629740653e-07,9.999999999999965e-17,9.99999999999999e-18,1.2463814629296062e-07,-14.857594998917278,8,,COMPLETE
468,0.014696926125904364,0.18914695628560949,2026-03-12 15:37:11.230317,2026-03-12 15:37:12.555368,0 days 00:00:01.325051,4.264483437408266,0.6117476775851822,49.108277437676094,53.11261916429354,4.352329735492592,5.160547801140458,4.37093886036678,1.947772361044112e-07,6.0952760761306245e-15,6.5977955413053135e-18,1.2636845991862524e-07,-16.981103640181907,8,,COMPLETE
469,0.03283182745565194,0.38556845589949956,2026-03-12 15:37:12.556376,2026-03-12 15:37:14.031468,0 days 00:00:01.475092,4.314686851595419,0.5,48.40830545410283,54.42186237732072,4.362478392556494,5.166164092313784,4.456844424792795,1.9369963358469942e-07,9.999999999999965e-17,3.1369646200443245e-15,2.3815563392967006e-07,-16.981103640181907,8,,COMPLETE
470,0.003287845776217026,0.16802843329288958,2026-03-12 15:37:14.032466,2026-03-12 15:37:15.152192,0 days 00:00:01.119726,4.284616916561097,0.535231751893722,49.108277437676094,54.22834444682094,4.3453770172354,5.356143169780247,4.246110243628249,1.947772361044112e-07,2.0356059931971676e-16,1.5013871598809448e-16,3.3247080345611405e-08,-17.556327846542462,8,,COMPLETE
471,,,2026-03-12 15:37:15.153189,2026-03-12 15:37:15.208524,0 days 00:00:00.055335,4.250394629902042,0.5163190425246921,46.11039362572452,54.05025643304091,4.335396210169529,5.356143169780247,4.225220926667589,8.191056314295555e-08,1.0684527493079727e-15,9.99999999999999e-18,3.0692356921666836e-08,-14.911227912614269,8,,PRUNED
472,0.00559869446978701,0.27520002298259816,2026-03-12 15:37:15.209521,2026-03-12 15:37:16.315926,0 days 00:00:01.106405,4.357228748364852,0.6353723114569747,48.65472061613823,53.13106072585698,4.202816660393726,5.356143169780247,4.246110243628249,1.9369963358469942e-07,1.0684527493079727e-15,5.125883564015138e-16,1.4108223554704215e-08,-16.981103640181907,8,,COMPLETE
473,0.015501555989948923,0.15588340413439924,2026-03-12 15:37:16.316931,2026-03-12 15:37:17.258012,0 days 00:00:00.941081,4.284616916561097,0.5618219614015272,49.108277437676094,53.71540247690643,4.247702280250982,5.356143169780247,4.265808106916084,1.8145591772799374e-07,1.7656369344784767e-18,5.124404427312979e-18,6.647776404106543e-07,-17.556327846542462,8,,COMPLETE
474,0.04007958276612382,0.07166256824605301,2026-03-12 15:37:17.260005,2026-03-12 15:37:18.248374,0 days 00:00:00.988369,4.363897427363334,0.5163190425246921,48.32342096922101,50.656872099270345,4.202816660393726,5.356143169780247,4.291065355114606,1.8145591772799374e-07,7.78966338485797e-17,2.4212532143637174e-17,1.2636845991862524e-07,-16.981103640181907,8,,COMPLETE
475,0.03713766184679808,0.024843529533133343,2026-03-12 15:37:18.249457,2026-03-12 15:37:19.291574,0 days 00:00:01.042117,4.250394629902042,0.5163190425246921,47.01161517998709,50.656872099270345,4.372616938305227,5.356143169780247,4.225220926667589,1.9369963358469942e-07,3.8864797225107605e-15,9.99999999999999e-18,3.0692356921666836e-08,-16.981103640181907,8,,COMPLETE
