number,values_0,values_1,datetime_start,datetime_complete,duration,params_E_d_sh,params_G_frac,params_N_t_d,params_N_t_sh,params_W_L,params_W_R,params_W_R_sclc,params_d_sclc,params_l1_C_n_bulk,params_l1_k_dir,params_l1_mu_p,params_mu_e,system_attrs_NSGAIISampler:generation,system_attrs_fixed_params,state
476,0.036041551031253234,0.20953033602759866,2026-03-12 15:37:19.292569,2026-03-12 15:37:20.292696,0 days 00:00:01.000127,4.292780305837017,0.6117476775851822,49.108277437676094,50.656872099270345,4.3453770172354,5.160547801140458,4.343441082818381,3.281233629740653e-07,8.522389566906526e-18,6.5977955413053135e-18,6.372335126583619e-07,-16.354444994345954,8,,COMPLETE
477,0.024047483270906073,0.061990261812551725,2026-03-12 15:37:20.294661,2026-03-12 15:37:21.797788,0 days 00:00:01.503127,4.284616916561097,0.535231751893722,49.108277437676094,55.14255986327722,4.247702280250982,5.148470593576984,4.265808106916084,2.1295752069339597e-07,2.0356059931971676e-16,5.124404427312979e-18,9.999999999999994e-08,-17.556327846542462,8,,COMPLETE
478,,,2026-03-12 15:37:21.799779,2026-03-12 15:37:21.883500,0 days 00:00:00.083721,4.362919469389268,0.5163190425246921,49.773785679662986,50.656872099270345,4.360366211594994,5.2624951546999394,4.401600420368074,3.9473637531485525e-07,7.78966338485797e-17,4.816576455490822e-18,9.999999999999994e-08,-13.99528711693796,8,,PRUNED
479,0.05227460715231681,0.03751815618898005,2026-03-12 15:37:21.884497,2026-03-12 15:37:23.040654,0 days 00:00:01.156157,4.250394629902042,0.5163190425246921,46.11039362572452,54.05025643304091,4.335396210169529,5.356143169780247,4.347038603509978,1.9369963358469942e-07,2.0356059931971676e-16,9.99999999999999e-18,1.4108223554704215e-08,-16.354444994345954,8,,COMPLETE
480,0.04426471097522274,0.06892294351850643,2026-03-12 15:37:23.041660,2026-03-12 15:37:23.749940,0 days 00:00:00.708280,4.284616916561097,0.5163190425246921,49.108277437676094,54.31342257958331,4.247702280250982,5.148470593576984,4.343441082818381,3.281233629740653e-07,2.0356059931971676e-16,9.99999999999999e-18,9.999999999999994e-08,-16.354444994345954,8,,COMPLETE
481,0.0048293697065598775,0.04648431786875024,2026-03-12 15:37:23.749940,2026-03-12 15:37:24.836572,0 days 00:00:01.086632,4.292780305837017,0.5163190425246921,48.65472061613823,54.22834444682094,4.202816660393726,5.148470593576984,4.291065355114606,1.9369963358469942e-07,1.7656369344784767e-18,5.124404427312979e-18,2.3409952335118383e-07,-17.57941032056012,8,,COMPLETE
482,0.036273302486501326,0.022968357350603878,2026-03-12 15:37:24.837568,2026-03-12 15:37:25.920141,0 days 00:00:01.082573,4.401882959093936,0.5163190425246921,47.52545594770984,50.656872099270345,4.360366211594994,5.302335870519761,4.225220926667589,1.9369963358469942e-07,3.8864797225107605e-15,2.486954667796461e-17,9.456003209154549e-08,-16.354444994345954,8,,COMPLETE
483,,,2026-03-12 15:37:25.921138,2026-03-12 15:37:25.995982,0 days 00:00:00.074844,4.357228748364852,0.5,49.279936565151374,53.7125817908734,4.362478392556494,5.125736286496585,4.343441082818381,3.281233629740653e-07,1.6097922617766752e-15,1.5907675113436742e-16,7.102453792989689e-08,-16.354444994345954,8,,PRUNED
484,0.020374181821806284,0.03669243725828538,2026-03-12 15:37:25.997976,2026-03-12 15:37:27.101920,0 days 00:00:01.103944,4.284616916561097,0.5,46.240925722374335,54.42186237732072,4.362478392556494,5.276912625591107,4.37967316861651,3.9473637531485525e-07,1.7656369344784767e-18,5.124404427312979e-18,1.2636845991862524e-07,-16.151354095538732,8,,COMPLETE
485,0.010396814069999599,0.030654166085651722,2026-03-12 15:37:27.102917,2026-03-12 15:37:28.149165,0 days 00:00:01.046248,4.257812211942562,0.5,47.52545594770984,55.18519713404567,4.360366211594994,5.318620435194627,4.37967316861651,3.281233629740653e-07,9.999999999999965e-17,2.4212532143637174e-17,1.2463814629296062e-07,-16.292715704931823,8,,COMPLETE
486,0.09524172439013007,0.2668880517591872,2026-03-12 15:37:28.151165,2026-03-12 15:37:29.430891,0 days 00:00:01.279726,4.292780305837017,0.6117476775851822,47.52545594770984,53.68876898697451,4.241403584483665,5.356143169780247,4.246110243628249,2.3029640456168443e-07,2.474850323886416e-18,2.486954667796461e-17,1.5846252422740037e-07,-14.264198683887182,8,,COMPLETE
487,0.052630945998190154,0.07466217831203457,2026-03-12 15:37:29.432884,2026-03-12 15:37:30.403663,0 days 00:00:00.970779,4.257812211942562,0.5163190425246921,48.30119658885027,55.18519713404567,4.202816660393726,5.318620435194627,4.291065355114606,1.8145591772799374e-07,4.3455817429676704e-18,2.486954667796461e-17,9.456003209154549e-08,-16.292715704931823,8,,COMPLETE
488,0.07428065241973672,0.018525897978991422,2026-03-12 15:37:30.403663,2026-03-12 15:37:31.547695,0 days 00:00:01.144032,4.228569930482258,0.5,47.52545594770984,55.18519713404567,4.282553223452093,5.318620435194627,4.343441082818381,3.281233629740653e-07,7.78966338485797e-17,1.703393690435852e-17,7.885876178579091e-08,-13.99528711693796,8,,COMPLETE
489,0.03509275292741737,0.09985764900271449,2026-03-12 15:37:31.549696,2026-03-12 15:37:32.844930,0 days 00:00:01.295234,4.357228748364852,0.5,46.166764057474396,50.704651105656936,4.362478392556494,5.193340881013177,4.360052100626563,2.1498568373935344e-07,1.0684527493079727e-15,4.816576455490822e-18,9.999999999999994e-08,-16.354444994345954,8,,COMPLETE
490,0.058820716717008774,0.09811114190999627,2026-03-12 15:37:32.845927,2026-03-12 15:37:34.152250,0 days 00:00:01.306323,4.363897427363334,0.5,48.41667902349135,50.656872099270345,4.412098169114536,5.276912625591107,4.37967316861651,3.9473637531485525e-07,9.999999999999965e-17,9.99999999999999e-18,9.999999999999994e-08,-16.354444994345954,8,,COMPLETE
491,0.018360195910748403,0.2068151669619986,2026-03-12 15:37:34.153247,2026-03-12 15:37:35.383336,0 days 00:00:01.230089,4.292780305837017,0.6117476775851822,48.70657237839028,50.656872099270345,4.326565092716501,5.356143169780247,4.278877822217859,2.3029640456168443e-07,2.0356059931971676e-16,9.99999999999999e-18,4.029444742022429e-07,-16.983290142110942,8,,COMPLETE
492,0.019410609228237688,0.8092319784833287,2026-03-12 15:37:35.384296,2026-03-12 15:37:36.743600,0 days 00:00:01.359304,4.3187809897769,0.5987295757949643,47.262658150470834,50.656872099270345,4.447664180025392,5.237478358036659,4.360052100626563,2.5426252081629665e-07,2.8118027892091575e-16,2.4212532143637174e-17,9.794500053354745e-07,-16.981103640181907,8,,COMPLETE
493,0.07323065650261427,0.057546703555603894,2026-03-12 15:37:36.745593,2026-03-12 15:37:37.713167,0 days 00:00:00.967574,4.356934911161589,0.5163190425246921,50.476349053247866,54.22834444682094,4.202816660393726,5.356143169780247,4.291065355114606,1.8145591772799374e-07,2.474850323886416e-18,6.5977955413053135e-18,9.456003209154549e-08,-16.981103640181907,8,,COMPLETE
494,,,2026-03-12 15:37:37.714164,2026-03-12 15:37:37.765991,0 days 00:00:00.051827,4.406125642923549,0.8616893876446436,48.94805142892278,54.90400755898573,4.277979064049125,5.276912625591107,4.401600420368074,3.9473637531485525e-07,1.7656369344784767e-18,2.4212532143637174e-17,9.794500053354745e-07,-13.99528711693796,8,,PRUNED
495,,,2026-03-12 15:37:37.766989,2026-03-12 15:37:37.813056,0 days 00:00:00.046067,4.357228748364852,0.5,48.40830545410283,55.14462149221072,4.335396210169529,5.356143169780247,4.477126758020783,2.9020077856424354e-07,1.0684527493079727e-15,9.99999999999999e-18,1.4108223554704215e-08,-16.354444994345954,8,,PRUNED
496,0.005945050288644627,0.029559435213758964,2026-03-12 15:37:37.814052,2026-03-12 15:37:38.537611,0 days 00:00:00.723559,4.3187809897769,0.5,46.240925722374335,50.704651105656936,4.362478392556494,5.35,4.360052100626563,3.9473637531485525e-07,1.2937331633660905e-17,3.6695944158864944e-17,1.2636845991862524e-07,-16.151354095538732,8,,COMPLETE
497,0.03073341280656816,0.09457903152699705,2026-03-12 15:37:38.538751,2026-03-12 15:37:40.012124,0 days 00:00:01.473373,4.228569930482258,0.5,49.40227343643372,50.656872099270345,4.362478392556494,5.230892279835164,4.37093886036678,1.947772361044112e-07,9.999999999999965e-17,6.5977955413053135e-18,1.2463814629296062e-07,-18.30465948792046,8,,COMPLETE
498,0.057868107532693974,0.09541674060656427,2026-03-12 15:37:40.013119,2026-03-12 15:37:41.231357,0 days 00:00:01.218238,4.292780305837017,0.5163190425246921,48.70657237839028,54.42186237732072,4.202816660393726,5.356143169780247,4.246110243628249,1.9369963358469942e-07,1.0684527493079727e-15,2.486954667796461e-17,2.3815563392967006e-07,-15.561248206347914,8,,COMPLETE
499,0.06425630500739923,0.09274127533998691,2026-03-12 15:37:41.232358,2026-03-12 15:37:42.670561,0 days 00:00:01.438203,4.357228748364852,0.5,49.108277437676094,54.31342257958331,4.247702280250982,5.356143169780247,4.413955071163592,1.9369963358469942e-07,1.0684527493079727e-15,5.124404427312979e-18,9.999999999999994e-08,-17.399871645944643,8,,COMPLETE
