number,values_0,values_1,datetime_start,datetime_complete,duration,params_E_d_sh,params_G_frac,params_N_t_d,params_N_t_sh,params_W_L,params_W_R,params_W_R_sclc,params_d_sclc,params_l1_C_n_bulk,params_l1_k_dir,params_l1_mu_p,params_mu_e,system_attrs_NSGAIISampler:generation,system_attrs_fixed_params,state
407,0.09727036946127002,0.21221148773130757,2026-03-13 14:24:22.441642,2026-03-13 14:24:23.689476,0 days 00:00:01.247834,4.237703727230875,0.5753742744082173,50.45922286887325,52.032547134490066,4.220162708512638,5.337412250991539,4.363634271433866,2.2178886232032997e-07,2.0837561177163707e-18,1.2250161230223533e-18,8.532855383389632e-08,-17.252710446890994,7.0,,COMPLETE
408,0.016482477339596447,0.06581172415199478,2026-03-13 14:24:23.690515,2026-03-13 14:24:24.924058,0 days 00:00:01.233543,4.32960117124434,0.5106951202734036,49.04443740921908,53.77968348671539,4.409426741547165,5.321666791594238,4.473205664142873,2.2707375112614556e-07,1.717025073124929e-18,2.072545486690025e-17,1.4053415907446959e-08,-14.859764832244352,7.0,,COMPLETE
409,0.026377733284689325,0.1450283704436763,2026-03-13 14:24:24.925054,2026-03-13 14:24:26.223625,0 days 00:00:01.298571,4.238937524942459,0.6346466895928747,48.648446743476086,52.032547134490066,4.235773881948437,5.309569674642281,4.388794319201829,2.2479684147433994e-07,7.397892646897899e-17,6.145980314588759e-17,1.0485622766625195e-08,-16.498960439677763,7.0,,COMPLETE
410,0.020925299162846273,0.029594347601186777,2026-03-13 14:24:26.224590,2026-03-13 14:24:27.335856,0 days 00:00:01.111266,4.237703727230875,0.5106951202734036,49.04005287971562,52.032547134490066,4.392642422738849,5.321999480373797,4.473205664142873,2.2707375112614556e-07,1.15044029812482e-17,2.072545486690025e-17,8.532855383389632e-08,-14.859764832244352,7.0,,COMPLETE
411,0.058396689708091046,0.2666789333432752,2026-03-13 14:24:27.336852,2026-03-13 14:24:29.008267,0 days 00:00:01.671415,4.347953767495517,0.6857386922972275,49.566187230336375,54.80598813890608,4.360767574529621,5.174015047663524,4.250041299466986,2.2764546058744639e-07,3.021562203926575e-17,2.072545486690025e-17,1.4053415907446959e-08,-16.16717576168172,7.0,,COMPLETE
412,0.08221260599865202,0.06606354929272812,2026-03-13 14:24:29.009264,2026-03-13 14:24:30.533173,0 days 00:00:01.523909,4.448400473629102,0.5950038777315935,47.265215516686126,54.80598813890608,4.286443400775144,5.321666791594238,4.287657528305623,2.2707375112614556e-07,7.397892646897899e-17,3.452921741015809e-17,3.006660815872911e-08,-14.090722850497169,7.0,,COMPLETE
413,0.04895694066165426,0.013489799160161913,2026-03-13 14:24:30.535163,2026-03-13 14:24:31.655630,0 days 00:00:01.120467,4.332387581879288,0.5106951202734036,49.04443740921908,52.0412453223508,4.3731882668359265,5.309569674642281,4.473205664142873,2.2750507926492135e-07,1.717025073124929e-18,3.056384864149625e-18,8.532855383389632e-08,-16.809983826520153,7.0,,COMPLETE
414,0.06023766125144605,0.031901835610556706,2026-03-13 14:24:31.656667,2026-03-13 14:24:32.839618,0 days 00:00:01.182951,4.274975199906851,0.5106951202734036,49.04443740921908,54.249911914547816,4.2134061008785455,5.298443647573656,4.250768015984178,2.2707375112614556e-07,1.717025073124929e-18,2.072545486690025e-17,1.4053415907446959e-08,-15.182557029642796,7.0,,COMPLETE
415,0.018384834771238992,0.21649468794991428,2026-03-13 14:24:32.840651,2026-03-13 14:24:34.116342,0 days 00:00:01.275691,4.377095641662749,0.5847907896441451,47.08235867349342,53.15021694881099,4.432678840492727,5.321666791594238,4.473205664142873,2.2707375112614556e-07,1.493168424411712e-17,1.0902276043569719e-15,8.512077385523644e-08,-14.079005147559124,7.0,,COMPLETE
416,0.029978527388184767,0.031834462352842825,2026-03-13 14:24:34.117338,2026-03-13 14:24:35.348226,0 days 00:00:01.230888,4.250376744593491,0.5106951202734036,49.04443740921908,53.95172109070634,4.283259775750731,5.322186948538226,4.473205664142873,2.2707375112614556e-07,1.717025073124929e-18,2.072545486690025e-17,1.4053415907446959e-08,-14.859764832244352,7.0,,COMPLETE
417,0.013656907042551333,0.4205807555254909,2026-03-13 14:24:35.349223,2026-03-13 14:24:36.704609,0 days 00:00:01.355386,4.271801143692142,0.884094196412939,48.19933518312503,52.31705880998593,4.3731882668359265,5.111103825221829,4.388794319201829,2.242208734703085e-07,9.13524948448428e-17,1.4009448065309748e-16,5.233636113483758e-08,-17.64411014563222,7.0,,COMPLETE
418,0.0379363122944028,0.07160012274596159,2026-03-13 14:24:36.705602,2026-03-13 14:24:37.810909,0 days 00:00:01.105307,4.377095641662749,0.5106951202734036,49.04443740921908,52.032547134490066,4.360767574529621,5.321666791594238,4.250768015984178,2.2707375112614556e-07,7.397892646897899e-17,3.2318094935188675e-16,7.574143858387278e-08,-14.859764832244352,7.0,,COMPLETE
419,0.04891371650457677,0.2052341748651089,2026-03-13 14:24:37.811919,2026-03-13 14:24:39.117546,0 days 00:00:01.305627,4.294882133224111,0.5950038777315935,49.04443740921908,53.77968348671539,4.392642422738849,5.220906809370089,4.317097184677713,2.2707375112614556e-07,3.021562203926575e-17,2.072545486690025e-17,1.4053415907446959e-08,-14.859764832244352,7.0,,COMPLETE
420,0.05698943446128976,0.3630387040039305,2026-03-13 14:24:39.119538,2026-03-13 14:24:40.998260,0 days 00:00:01.878722,4.442387090180626,0.5315816358103393,47.265215516686126,53.95172109070634,4.49411423647972,5.250992031422222,4.287657528305623,2.2662666991591022e-07,1.4584988865787284e-17,2.072545486690025e-17,3.006660815872911e-08,-14.090722850497169,7.0,,COMPLETE
421,0.0222466404707194,0.05826741347582133,2026-03-13 14:24:40.999317,2026-03-13 14:24:42.385627,0 days 00:00:01.386310,4.377095641662749,0.5106951202734036,48.42243283872129,53.83416376659828,4.392642422738849,5.336965836447212,4.473205664142873,2.2707375112614556e-07,7.397892646897899e-17,2.6446153901122447e-18,7.574143858387278e-08,-14.859764832244352,7.0,,COMPLETE
422,0.029596335721545373,0.2319160715452113,2026-03-13 14:24:42.386621,2026-03-13 14:24:43.709203,0 days 00:00:01.322582,4.294882133224111,0.6857386922972275,48.19933518312503,54.97422393623199,4.235773881948437,5.162449515958634,4.388794319201829,2.2764546058744639e-07,7.397892646897899e-17,2.5903796101824287e-17,3.4959876745546167e-07,-17.408575221926586,7.0,,COMPLETE
423,0.0431642816931791,0.027580240714045353,2026-03-13 14:24:43.710200,2026-03-13 14:24:44.923264,0 days 00:00:01.213064,4.377095641662749,0.5106951202734036,48.648446743476086,52.032547134490066,4.36856846047204,5.309569674642281,4.216054872444943,2.2707375112614556e-07,5.608820860373278e-17,3.056384864149625e-18,1.4053415907446959e-08,-14.859764832244352,7.0,,COMPLETE
424,0.04907347023704317,0.04234791083637401,2026-03-13 14:24:44.924260,2026-03-13 14:24:46.026579,0 days 00:00:01.102319,4.250376744593491,0.5106951202734036,46.45244472773796,52.032547134490066,4.283259775750731,5.321666791594238,4.473205664142873,2.2707375112614556e-07,8.78250002473033e-16,2.072545486690025e-17,1.1638651542499089e-07,-14.859764832244352,7.0,,COMPLETE
425,0.07670022175295545,0.09721419040143663,2026-03-13 14:24:46.029568,2026-03-13 14:24:47.534539,0 days 00:00:01.504971,4.448400473629102,0.5106951202734036,48.43380150301102,54.249911914547816,4.354675261707686,5.321666791594238,4.250768015984178,2.2707375112614556e-07,1.4115858659619912e-17,2.072545486690025e-17,1.4053415907446959e-08,-14.324366371803391,7.0,,COMPLETE
426,0.011835886539466805,0.05767832286876876,2026-03-13 14:24:47.535535,2026-03-13 14:24:48.782413,0 days 00:00:01.246878,4.347953767495517,0.5106951202734036,47.30908824307863,54.249911914547816,4.409426741547165,5.321666791594238,4.392896796875627,2.2707375112614556e-07,1.4115858659619912e-17,2.072545486690025e-17,1.4053415907446959e-08,-14.859764832244352,7.0,,COMPLETE
427,0.023114725905416713,0.04520861018903718,2026-03-13 14:24:48.783445,2026-03-13 14:24:49.981371,0 days 00:00:01.197926,4.332387581879288,0.5106951202734036,48.43380150301102,53.95172109070634,4.312934237288879,5.321666791594238,4.250768015984178,2.2351689390474272e-07,7.00612171429086e-16,4.8950497767032056e-17,1.4053415907446959e-08,-15.489308319964325,8.0,,COMPLETE
428,0.021813715587839864,0.08037628914345514,2026-03-13 14:24:49.982361,2026-03-13 14:24:51.378695,0 days 00:00:01.396334,4.332387581879288,0.5608661894331597,48.85755690889277,53.95172109070634,4.283259775750731,5.309569674642281,4.306372540460056,2.2662666991591022e-07,8.78250002473033e-16,3.452921741015809e-17,1.410984513481106e-08,-16.809983826520153,8.0,,COMPLETE
429,0.05619835024752958,0.6198133193309612,2026-03-13 14:24:51.379691,2026-03-13 14:24:52.484002,0 days 00:00:01.104311,4.32960117124434,0.884094196412939,49.04443740921908,52.31705880998593,4.3731882668359265,5.3835682928829796,4.305012750721998,2.2591530943973414e-07,1.0419486978953702e-17,1.4009448065309748e-16,8.443082469340957e-08,-14.859764832244352,8.0,,COMPLETE
430,0.08001518615386723,0.28553098914948327,2026-03-13 14:24:52.484998,2026-03-13 14:24:53.682047,0 days 00:00:01.197049,4.347953767495517,0.5608661894331597,49.81935888476606,53.95172109070634,4.435925348772847,5.321666791594238,4.473205664142873,2.2662666991591022e-07,9.793862344690635e-16,2.072545486690025e-17,1.697644638636986e-07,-15.273749376365156,8.0,,COMPLETE
431,0.05637637311826926,0.18161083471673745,2026-03-13 14:24:53.682997,2026-03-13 14:24:54.653752,0 days 00:00:00.970755,4.237703727230875,0.5950038777315935,49.04443740921908,54.80598813890608,4.3731882668359265,5.229436970076094,4.250768015984178,2.2707375112614556e-07,7.948762764377258e-16,3.452921741015809e-17,3.5438043213368706e-07,-15.182557029642796,8.0,,COMPLETE
432,0.046664017972734895,0.01929161386701145,2026-03-13 14:24:54.654748,2026-03-13 14:24:55.963380,0 days 00:00:01.308632,4.347953767495517,0.5106951202734036,50.02865873002069,54.249911914547816,4.360767574529621,5.351699013638463,4.3317245664914115,2.2750507926492135e-07,4.3991052089599925e-16,2.072545486690025e-17,1.410984513481106e-08,-15.182557029642796,8.0,,COMPLETE
433,,,2026-03-13 14:24:55.964372,2026-03-13 14:24:56.031150,0 days 00:00:00.066778,4.271801143692142,0.884094196412939,48.19933518312503,52.31705880998593,4.286443400775144,5.321666791594238,4.287657528305623,2.2707375112614556e-07,9.13524948448428e-17,1.4009448065309748e-16,1.7113281620728312e-07,-14.090722850497169,8.0,,PRUNED
434,0.0649581584406623,0.07479297798821902,2026-03-13 14:24:56.032182,2026-03-13 14:24:57.179314,0 days 00:00:01.147132,4.254376578210815,0.5106951202734036,47.23118774410969,52.0412453223508,4.392642422738849,5.321666791594238,4.3317245664914115,2.2707375112614556e-07,1.6239730876167345e-15,2.072545486690025e-17,1.4053415907446959e-08,-15.273749376365156,8.0,,COMPLETE
435,0.014275623859413094,0.6152185442788668,2026-03-13 14:24:57.180313,2026-03-13 14:24:58.427147,0 days 00:00:01.246834,4.271801143692142,0.884094196412939,48.648446743476086,52.032547134490066,4.235773881948437,5.111103825221829,4.216054872444943,2.242208734703085e-07,7.397892646897899e-17,3.056384864149625e-18,5.233636113483758e-08,-17.408575221926586,8.0,,COMPLETE
436,0.0247272818282305,0.2957572307195162,2026-03-13 14:24:58.428143,2026-03-13 14:24:59.584282,0 days 00:00:01.156139,4.237703727230875,0.6857386922972275,49.566187230336375,54.80598813890608,4.2603134983554645,5.174015047663524,4.250041299466986,2.2707375112614556e-07,7.948762764377258e-16,2.072545486690025e-17,8.532855383389632e-08,-16.16717576168172,8.0,,COMPLETE
437,0.015896710274586924,0.034484213199661176,2026-03-13 14:24:59.585278,2026-03-13 14:25:00.895962,0 days 00:00:01.310684,4.377095641662749,0.5106951202734036,48.42243283872129,54.23072187472266,4.2867133595139615,5.321666791594238,4.392896796875627,2.2707375112614556e-07,6.007923663554234e-15,2.5171130216911703e-17,7.574143858387278e-08,-14.859764832244352,8.0,,COMPLETE
438,0.010535127485317194,0.01919687111091562,2026-03-13 14:25:00.896894,2026-03-13 14:25:01.957358,0 days 00:00:01.060464,4.352625527120863,0.5106951202734036,48.42243283872129,53.77968348671539,4.350623479418546,5.321666791594238,4.473205664142873,2.2411708081019545e-07,2.32101653644885e-15,2.6446153901122447e-18,7.574143858387278e-08,-14.859764832244352,8.0,,COMPLETE
439,0.052684414341909735,0.20952959221321565,2026-03-13 14:25:01.958346,2026-03-13 14:25:03.365944,0 days 00:00:01.407598,4.377095641662749,0.6346466895928747,48.648446743476086,53.77968348671539,4.392642422738849,5.309569674642281,4.236400408951432,2.2739617219685868e-07,5.608820860373278e-17,2.6446153901122447e-18,7.574143858387278e-08,-16.498960439677763,8.0,,COMPLETE
440,0.04398629999422038,0.18025827222321833,2026-03-13 14:25:03.366940,2026-03-13 14:25:04.824072,0 days 00:00:01.457132,4.390551343079706,0.5106951202734036,48.09316863616243,54.80598813890608,4.312934237288879,5.144947667315604,4.363634271433866,2.2662666991591022e-07,7.634190024685275e-17,3.452921741015809e-17,1.9794170086878386e-07,-14.859764832244352,8.0,,COMPLETE
441,0.03495278914580085,0.02497052431030769,2026-03-13 14:25:04.825068,2026-03-13 14:25:05.858615,0 days 00:00:01.033547,4.250376744593491,0.5106951202734036,46.87810718670051,53.95172109070634,4.312934237288879,5.321666791594238,4.473205664142873,2.2662666991591022e-07,8.78250002473033e-16,2.072545486690025e-17,6.314942761729186e-08,-15.489308319964325,8.0,,COMPLETE
442,0.04238442169376653,0.3040759576422568,2026-03-13 14:25:05.859612,2026-03-13 14:25:07.006719,0 days 00:00:01.147107,4.377095641662749,0.6346466895928747,48.648446743476086,52.032547134490066,4.36856846047204,5.309569674642281,4.473205664142873,2.2707375112614556e-07,5.608820860373278e-17,3.056384864149625e-18,4.5130687945419097e-07,-16.498960439677763,8.0,,COMPLETE
443,0.0700294853862542,0.3261466564836727,2026-03-13 14:25:07.006719,2026-03-13 14:25:08.120000,0 days 00:00:01.113281,4.352625527120863,0.5106951202734036,47.265215516686126,52.032547134490066,4.34282153462618,5.321666791594238,4.236400408951432,2.2321274382159795e-07,5.608820860373278e-17,1.3650877281685064e-15,1.4053415907446959e-08,-14.859764832244352,8.0,,COMPLETE
444,0.008778221874859098,0.4754185982780954,2026-03-13 14:25:08.120997,2026-03-13 14:25:09.432614,0 days 00:00:01.311617,4.271801143692142,0.5106951202734036,48.19933518312503,54.249911914547816,4.360767574529621,5.111103825221829,4.250768015984178,2.2591530943973414e-07,1.717025073124929e-18,1.4009448065309748e-16,1.4053415907446959e-08,-17.64411014563222,8.0,,COMPLETE
445,0.055091988879798055,0.15415947099227847,2026-03-13 14:25:09.433610,2026-03-13 14:25:10.937253,0 days 00:00:01.503643,4.448400473629102,0.5106951202734036,47.265215516686126,53.77968348671539,4.350623479418546,5.321666791594238,4.437084257821986,2.2707375112614556e-07,7.397892646897899e-17,3.379012774525395e-16,3.006660815872911e-08,-14.090722850497169,8.0,,COMPLETE
446,0.021351954993394446,0.06622362870869102,2026-03-13 14:25:10.937253,2026-03-13 14:25:12.117311,0 days 00:00:01.180058,4.32960117124434,0.5106951202734036,48.09316863616243,54.80598813890608,4.260824060674118,5.321666791594238,4.363634271433866,2.2662666991591022e-07,7.634190024685275e-17,2.4404923719021065e-18,1.2391061533672008e-08,-14.859764832244352,8.0,,COMPLETE
447,0.05122100240542756,0.0712946601929279,2026-03-13 14:25:12.118317,2026-03-13 14:25:13.413978,0 days 00:00:01.295661,4.377095641662749,0.5106951202734036,48.42243283872129,53.77968348671539,4.2867133595139615,5.321666791594238,4.2074574139969645,2.2662666991591022e-07,7.634190024685275e-17,2.5171130216911703e-17,7.574143858387278e-08,-16.699670524665837,8.0,,COMPLETE
448,0.04711238367682161,0.012954051202078857,2026-03-13 14:25:13.414976,2026-03-13 14:25:14.417958,0 days 00:00:01.002982,4.237703727230875,0.5106951202734036,46.178571556169246,52.032547134490066,4.350623479418546,5.321999480373797,4.473205664142873,2.2411708081019545e-07,1.15044029812482e-17,1.0996568337083842e-17,8.532855383389632e-08,-14.859764832244352,8.0,,COMPLETE
449,0.008549576741452482,0.646596659116262,2026-03-13 14:25:14.418954,2026-03-13 14:25:15.403661,0 days 00:00:00.984707,4.332387581879288,0.924823629563875,48.42243283872129,52.0412453223508,4.392642422738849,5.207499172264263,4.236400408951432,2.2707375112614556e-07,1.6239730876167345e-15,2.6446153901122447e-18,7.574143858387278e-08,-16.809983826520153,8.0,,COMPLETE
450,0.01625060302700506,0.02362916630899468,2026-03-13 14:25:15.404658,2026-03-13 14:25:16.105320,0 days 00:00:00.700662,4.377095641662749,0.5106951202734036,49.04005287971562,52.032547134490066,4.392642422738849,5.336965836447212,4.473205664142873,2.2707375112614556e-07,7.397892646897899e-17,2.6446153901122447e-18,7.574143858387278e-08,-14.859764832244352,8.0,,COMPLETE
451,0.042644507284601285,0.06846762035893003,2026-03-13 14:25:16.106316,2026-03-13 14:25:16.955003,0 days 00:00:00.848687,4.377095641662749,0.5106951202734036,48.43380150301102,52.032547134490066,4.392642422738849,5.321666791594238,4.473205664142873,2.2707375112614556e-07,8.596089842161507e-15,2.072545486690025e-17,1.4053415907446959e-08,-16.507498858542796,8.0,,COMPLETE
452,0.07251107942856337,0.06683253159573929,2026-03-13 14:25:16.956001,2026-03-13 14:25:17.941705,0 days 00:00:00.985704,4.347953767495517,0.5106951202734036,49.04443740921908,53.95172109070634,4.312934237288879,5.321666791594238,4.363634271433866,2.2707375112614556e-07,8.78250002473033e-16,3.056384864149625e-18,2.6603547877343147e-08,-17.81137516246892,8.0,,COMPLETE
453,0.0056822860255489735,0.47361427435168135,2026-03-13 14:25:17.943699,2026-03-13 14:25:18.815786,0 days 00:00:00.872087,4.294882133224111,0.884094196412939,48.09316863616243,52.31705880998593,4.3731882668359265,5.217417323189334,4.305012750721998,2.27730881524786e-07,9.13524948448428e-17,1.4009448065309748e-16,1.7113281620728312e-07,-17.64411014563222,8.0,,COMPLETE
454,0.016823431999972896,0.02982620672730206,2026-03-13 14:25:18.816783,2026-03-13 14:25:19.606496,0 days 00:00:00.789713,4.332387581879288,0.5106951202734036,48.06984882202422,54.0701728435742,4.360767574529621,5.337412250991539,4.473205664142873,2.2707375112614556e-07,1.717025073124929e-18,2.072545486690025e-17,1.4053415907446959e-08,-14.859764832244352,8.0,,COMPLETE
455,0.09766208608897849,0.23788339259746405,2026-03-13 14:25:19.607490,2026-03-13 14:25:20.524428,0 days 00:00:00.916938,4.448400473629102,0.5106951202734036,47.265215516686126,54.0701728435742,4.3731882668359265,5.321666791594238,4.473205664142873,2.2232861506282572e-07,1.717025073124929e-18,2.072545486690025e-17,3.006660815872911e-08,-15.228841230970177,8.0,,COMPLETE
456,0.09624983750646258,0.0494986324653877,2026-03-13 14:25:20.524428,2026-03-13 14:25:21.542416,0 days 00:00:01.017988,4.332387581879288,0.5106951202734036,50.02865873002069,53.95172109070634,4.312934237288879,5.309569674642281,4.363634271433866,2.2069984256864516e-07,4.3991052089599925e-16,3.056384864149625e-18,6.314942761729186e-08,-17.81137516246892,8.0,,COMPLETE
457,0.04274141424507225,0.7323481544231367,2026-03-13 14:25:21.543412,2026-03-13 14:25:22.349574,0 days 00:00:00.806162,4.377095641662749,0.5106951202734036,48.19933518312503,52.17920392258588,4.237632023461455,5.111103825221829,4.463521591654173,2.2591530943973414e-07,7.397892646897899e-17,2.072545486690025e-17,3.006660815872911e-08,-14.090722850497169,8.0,,COMPLETE
458,0.05866547879517952,0.14197567006990144,2026-03-13 14:25:22.349574,2026-03-13 14:25:23.153889,0 days 00:00:00.804315,4.32960117124434,0.5106951202734036,48.09316863616243,52.31705880998593,4.409426741547165,5.321666791594238,4.305012750721998,2.2591530943973414e-07,9.13524948448428e-17,1.4009448065309748e-16,1.4053415907446959e-08,-14.859764832244352,8.0,,COMPLETE
459,0.025764653542512284,0.018193704396962062,2026-03-13 14:25:23.154883,2026-03-13 14:25:24.039927,0 days 00:00:00.885044,4.32960117124434,0.5106951202734036,48.43380150301102,52.032547134490066,4.312934237288879,5.321666791594238,4.473205664142873,2.2351689390474272e-07,7.634190024685275e-17,2.072545486690025e-17,3.006660815872911e-08,-15.489308319964325,8.0,,COMPLETE
460,0.011502458011921802,0.05378940761604958,2026-03-13 14:25:24.040923,2026-03-13 14:25:24.739589,0 days 00:00:00.698666,4.294882133224111,0.5106951202734036,49.566187230336375,53.95172109070634,4.2603134983554645,5.321666791594238,4.250041299466986,2.2662666991591022e-07,3.021562203926575e-17,2.072545486690025e-17,3.4959876745546167e-07,-16.16717576168172,8.0,,COMPLETE
461,,,2026-03-13 14:25:24.739589,2026-03-13 14:25:24.786943,0 days 00:00:00.047354,4.332387581879288,0.5106951202734036,50.02865873002069,52.0412453223508,4.3731882668359265,5.337412250991539,4.473205664142873,2.222156980892888e-07,7.948762764377258e-16,2.072545486690025e-17,1.410984513481106e-08,-16.809983826520153,8.0,,PRUNED
462,0.0277401326481086,0.03187499318108383,2026-03-13 14:25:24.787940,2026-03-13 14:25:25.683945,0 days 00:00:00.896005,4.448400473629102,0.5106951202734036,47.265215516686126,52.032547134490066,4.286443400775144,5.321666791594238,4.473205664142873,2.2707375112614556e-07,7.397892646897899e-17,2.072545486690025e-17,1.4053415907446959e-08,-14.859764832244352,8.0,,COMPLETE
463,0.03605352462062263,0.08285642934021044,2026-03-13 14:25:25.683945,2026-03-13 14:25:26.628365,0 days 00:00:00.944420,4.377095641662749,0.5106951202734036,49.37555560952429,54.80598813890608,4.293717796940643,5.207499172264263,4.2074574139969645,2.2662666991591022e-07,2.32101653644885e-15,2.5171130216911703e-17,1.2391061533672008e-08,-14.692860865153676,8.0,,COMPLETE
464,0.015925599575340694,0.050069578544374396,2026-03-13 14:25:26.629362,2026-03-13 14:25:27.457436,0 days 00:00:00.828074,4.347953767495517,0.5106951202734036,49.04443740921908,55.035178139126,4.409426741547165,5.321666791594238,4.250768015984178,2.2707375112614556e-07,1.717025073124929e-18,2.072545486690025e-17,1.4053415907446959e-08,-14.859764832244352,8.0,,COMPLETE
