number,values_0,values_1,datetime_start,datetime_complete,duration,params_E_d_sh,params_G_frac,params_N_t_d,params_N_t_sh,params_W_L,params_W_R,params_W_R_sclc,params_d_sclc,params_l1_C_n_bulk,params_l1_k_dir,params_l1_mu_p,params_mu_e,system_attrs_NSGAIISampler:generation,system_attrs_fixed_params,state
349,0.06280616890891379,0.07328995389303702,2026-03-13 14:23:20.337319,2026-03-13 14:23:21.048942,0 days 00:00:00.711623,4.332387581879288,0.5106951202734036,47.23118774410969,52.032547134490066,4.220162708512638,5.321666791594238,4.3317245664914115,2.2178886232032997e-07,4.3991052089599925e-16,2.5171130216911703e-17,3.3279504719561304e-07,-15.489308319964325,6.0,,COMPLETE
350,0.005644079219649768,0.4358223655740596,2026-03-13 14:23:21.049938,2026-03-13 14:23:21.837189,0 days 00:00:00.787251,4.377095641662749,0.5106951202734036,49.452841263160565,53.77968348671539,4.392642422738849,5.111103825221829,4.21091413817767,2.242208734703085e-07,7.397892646897899e-17,4.836135326547905e-15,5.233636113483758e-08,-14.090722850497169,6.0,,COMPLETE
351,0.00208986645571754,0.40333098463324957,2026-03-13 14:23:21.837189,2026-03-13 14:23:22.666428,0 days 00:00:00.829239,4.294882133224111,0.6857386922972275,49.04443740921908,54.80598813890608,4.3731882668359265,5.174015047663524,4.250041299466986,2.2764546058744639e-07,1.9866108416631206e-16,7.579715338996435e-15,8.532855383389632e-08,-16.16717576168172,6.0,,COMPLETE
352,0.007975303649101796,0.12262196848276202,2026-03-13 14:23:22.668420,2026-03-13 14:23:23.524559,0 days 00:00:00.856139,4.377095641662749,0.5847907896441451,47.08235867349342,53.15021694881099,4.34282153462618,5.344442093395137,4.236400408951432,2.2321274382159795e-07,1.493168424411712e-17,2.5171130216911703e-17,1.4053415907446959e-08,-15.489308319964325,6.0,,COMPLETE
353,0.001372881446242449,0.022875181771071538,2026-03-13 14:23:23.525556,2026-03-13 14:23:24.345178,0 days 00:00:00.819622,4.347953767495517,0.5106951202734036,49.04443740921908,54.249911914547816,4.360767574529621,5.321666791594238,4.250768015984178,2.2707375112614556e-07,1.717025073124929e-18,2.072545486690025e-17,1.4053415907446959e-08,-15.182557029642796,6.0,,COMPLETE
354,0.02377850550904152,0.0955110269538097,2026-03-13 14:23:24.346175,2026-03-13 14:23:25.101651,0 days 00:00:00.755476,4.32960117124434,0.5106951202734036,48.66803191615035,53.95172109070634,4.312934237288879,5.174015047663524,4.363634271433866,2.2187899424940822e-07,2.393797909842539e-15,2.072545486690025e-17,5.581497394535317e-07,-15.340682280806007,6.0,,COMPLETE
355,0.014937151217625611,0.48634272285055535,2026-03-13 14:23:25.102648,2026-03-13 14:23:25.902973,0 days 00:00:00.800325,4.32960117124434,0.5106951202734036,49.04443740921908,54.296799711884006,4.392642422738849,5.111103825221829,4.388794319201829,2.242208734703085e-07,1.717025073124929e-18,4.836135326547905e-15,5.233636113483758e-08,-14.859764832244352,6.0,,COMPLETE
356,0.009886207146181117,0.6657863060847098,2026-03-13 14:23:25.902973,2026-03-13 14:23:26.810939,0 days 00:00:00.907966,4.3582699658085735,0.9482278953914154,47.265215516686126,53.77968348671539,4.392642422738849,5.321666791594238,4.473205664142873,2.2707375112614556e-07,7.397892646897899e-17,2.072545486690025e-17,1.4053415907446959e-08,-14.859764832244352,6.0,,COMPLETE
357,0.04138150526048773,0.1406266204561082,2026-03-13 14:23:26.811936,2026-03-13 14:23:27.684022,0 days 00:00:00.872086,4.250376744593491,0.5106951202734036,46.87810718670051,53.95172109070634,4.392642422738849,5.272013359586602,4.473205664142873,2.2707375112614556e-07,7.397892646897899e-17,2.072545486690025e-17,1.4053415907446959e-08,-17.335604151641107,6.0,,COMPLETE
358,0.013384372182560724,0.27243220712789845,2026-03-13 14:23:27.685018,2026-03-13 14:23:28.625875,0 days 00:00:00.940857,4.271801143692142,0.6217047202623949,48.09316863616243,52.31705880998593,4.3731882668359265,5.111103825221829,4.388794319201829,2.2591530943973414e-07,7.397892646897899e-17,1.4009448065309748e-16,1.7113281620728312e-07,-17.64411014563222,6.0,,COMPLETE
359,0.010666864342200471,0.09031515643825254,2026-03-13 14:23:28.626873,2026-03-13 14:23:29.436695,0 days 00:00:00.809822,4.377095641662749,0.5608661894331597,49.04443740921908,53.95172109070634,4.283259775750731,5.250992031422222,4.306372540460056,2.2662666991591022e-07,8.78250002473033e-16,3.452921741015809e-17,3.3279504719561304e-07,-14.859764832244352,6.0,,COMPLETE
360,0.015343730961473062,0.11394675567081433,2026-03-13 14:23:29.436695,2026-03-13 14:23:30.172237,0 days 00:00:00.735542,4.377095641662749,0.5106951202734036,48.43380150301102,52.032547134490066,4.392642422738849,5.321666791594238,4.473205664142873,2.2707375112614556e-07,1.717025073124929e-18,2.072545486690025e-17,3.3279504719561304e-07,-14.859764832244352,6.0,,COMPLETE
361,0.06957872786422672,0.02952320275056839,2026-03-13 14:23:30.172237,2026-03-13 14:23:30.874890,0 days 00:00:00.702653,4.377095641662749,0.5106951202734036,49.452841263160565,51.50515690226867,4.312934237288879,5.321666791594238,4.220796045080952,2.2351689390474272e-07,7.634190024685275e-17,3.452921741015809e-17,1.9794170086878386e-07,-14.090722850497169,6.0,,COMPLETE
362,0.015441614649064886,0.022955175146244722,2026-03-13 14:23:30.875887,2026-03-13 14:23:31.633355,0 days 00:00:00.757468,4.377095641662749,0.5106951202734036,48.42243283872129,52.032547134490066,4.392642422738849,5.336965836447212,4.473205664142873,2.2707375112614556e-07,7.397892646897899e-17,2.6446153901122447e-18,7.574143858387278e-08,-14.859764832244352,6.0,,COMPLETE
363,0.013169935274752074,0.16821588542856694,2026-03-13 14:23:31.634352,2026-03-13 14:23:32.402784,0 days 00:00:00.768432,4.294882133224111,0.5950038777315935,47.85509808480937,54.80598813890608,4.312934237288879,5.309569674642281,4.363634271433866,2.2662666991591022e-07,3.021562203926575e-17,3.452921741015809e-17,3.4959876745546167e-07,-16.16717576168172,6.0,,COMPLETE
364,0.08339299352569192,0.5721514823896253,2026-03-13 14:23:32.402784,2026-03-13 14:23:33.355601,0 days 00:00:00.952817,4.377095641662749,0.884094196412939,49.04443740921908,52.032547134490066,4.409426741547165,5.111103825221829,4.473205664142873,2.242208734703085e-07,7.397892646897899e-17,2.072545486690025e-17,3.3279504719561304e-07,-17.408575221926586,6.0,,COMPLETE
365,0.01400774814404625,0.45814480788768397,2026-03-13 14:23:33.356598,2026-03-13 14:23:34.307421,0 days 00:00:00.950823,4.32960117124434,0.8603482781626652,49.04443740921908,52.032547134490066,4.36856846047204,5.309569674642281,4.216054872444943,2.2707375112614556e-07,5.608820860373278e-17,2.072545486690025e-17,1.4053415907446959e-08,-16.498960439677763,6.0,,COMPLETE
366,0.032382378265917236,0.10135672400191308,2026-03-13 14:23:34.310411,2026-03-13 14:23:35.154590,0 days 00:00:00.844179,4.332387581879288,0.5675391949146927,47.08235867349342,53.15021694881099,4.4138032218405,5.309569674642281,4.473205664142873,2.2244313898050774e-07,1.493168424411712e-17,2.072545486690025e-17,1.4053415907446959e-08,-14.475936851061117,6.0,,COMPLETE
367,0.010337015507680644,0.5591745845384279,2026-03-13 14:23:35.155587,2026-03-13 14:23:36.060450,0 days 00:00:00.904863,4.32960117124434,0.933624358898665,47.80264298515078,53.95172109070634,4.222295654528478,5.174015047663524,4.3317245664914115,2.2013326301391093e-07,7.634190024685275e-17,3.452921741015809e-17,1.410984513481106e-08,-16.165925448654548,6.0,,COMPLETE
368,0.019477351594132632,0.06969572461841621,2026-03-13 14:23:36.061446,2026-03-13 14:23:36.798043,0 days 00:00:00.736597,4.286467340084416,0.5101125378287036,49.83203058460157,53.95172109070634,4.312934237288879,5.174015047663524,4.363634271433866,2.2187899424940822e-07,7.634190024685275e-17,3.056384864149625e-18,5.581497394535317e-07,-16.385120781987155,6.0,,COMPLETE
369,0.032600674049070216,0.04662274412561936,2026-03-13 14:23:36.799040,2026-03-13 14:23:37.540562,0 days 00:00:00.741522,4.377095641662749,0.5106951202734036,49.566187230336375,52.032547134490066,4.2603134983554645,5.321666791594238,4.250041299466986,2.2707375112614556e-07,8.379448646197936e-15,5.3244792190746215e-17,3.4959876745546167e-07,-14.859764832244352,6.0,,COMPLETE
370,0.05390212262285271,0.09376771734822295,2026-03-13 14:23:37.540562,2026-03-13 14:23:38.355788,0 days 00:00:00.815226,4.422216304091311,0.5608661894331597,47.08235867349342,52.18407381132146,4.220162708512638,5.321666791594238,4.363634271433866,2.2272747122303592e-07,2.0837561177163707e-18,1.285728357244124e-16,3.3279504719561304e-07,-17.02151161150682,6.0,,COMPLETE
371,0.019496257620336504,0.16034406884423472,2026-03-13 14:23:38.356785,2026-03-13 14:23:39.250798,0 days 00:00:00.894013,4.377095641662749,0.5101125378287036,49.83203058460157,52.032547134490066,4.312934237288879,5.174015047663524,4.236400408951432,2.2321274382159795e-07,7.634190024685275e-17,3.452921741015809e-17,1.4053415907446959e-08,-16.23531448688377,6.0,,COMPLETE
372,0.022416602391939086,0.21064260797544576,2026-03-13 14:23:39.250798,2026-03-13 14:23:40.317234,0 days 00:00:01.066436,4.390780637301653,0.5753742744082173,48.572813039017916,52.04023940951875,4.375240609124928,5.332318103858704,4.363634271433866,2.2189379798499581e-07,1.5172039142380862e-16,9.195119928823351e-16,8.512077385523644e-08,-16.581210525252665,6.0,,COMPLETE
373,0.02009930826361034,0.029237762422218108,2026-03-13 14:23:40.318231,2026-03-13 14:23:41.500373,0 days 00:00:01.182142,4.32960117124434,0.5101125378287036,48.09316863616243,54.80598813890608,4.312934237288879,5.321666791594238,4.363634271433866,2.2662666991591022e-07,7.634190024685275e-17,3.452921741015809e-17,1.2391061533672008e-08,-14.859764832244352,6.0,,COMPLETE
374,0.03228130195510726,0.1094638779248241,2026-03-13 14:23:41.501399,2026-03-13 14:23:42.628589,0 days 00:00:01.127190,4.254376578210815,0.5106951202734036,48.09316863616243,53.70800227949009,4.392642422738849,5.229436970076094,4.473205664142873,2.2662666991591022e-07,3.021562203926575e-17,3.452921741015809e-17,8.512077385523644e-08,-14.859764832244352,6.0,,COMPLETE
375,0.0642318487297649,0.3667780913018635,2026-03-13 14:23:42.629609,2026-03-13 14:23:44.384769,0 days 00:00:01.755160,4.390780637301653,0.5753742744082173,48.19933518312503,53.77968348671539,4.259150283056961,5.111103825221829,4.363634271433866,2.2662666991591022e-07,1.5172039142380862e-16,9.195119928823351e-16,5.233636113483758e-08,-16.581210525252665,6.0,,COMPLETE
376,0.009292797252976525,0.04756925434547459,2026-03-13 14:23:44.386781,2026-03-13 14:23:45.739199,0 days 00:00:01.352418,4.377095641662749,0.5106951202734036,48.42243283872129,53.77968348671539,4.2867133595139615,5.207499172264263,4.2074574139969645,2.2351689390474272e-07,2.32101653644885e-15,2.5171130216911703e-17,7.574143858387278e-08,-14.692860865153676,7.0,,COMPLETE
377,0.09657210173682963,0.15069162135780229,2026-03-13 14:23:45.740236,2026-03-13 14:23:47.316988,0 days 00:00:01.576752,4.439724319908568,0.5106951202734036,49.04443740921908,54.249911914547816,4.283259775750731,5.321666791594238,4.250768015984178,2.2662666991591022e-07,8.78250002473033e-16,2.072545486690025e-17,1.4053415907446959e-08,-15.182557029642796,7.0,,COMPLETE
378,0.058501420482550484,0.009177013200966136,2026-03-13 14:23:47.317975,2026-03-13 14:23:48.404290,0 days 00:00:01.086315,4.237703727230875,0.5106951202734036,49.04443740921908,54.249911914547816,4.3731882668359265,5.337412250991539,4.250768015984178,2.2707375112614556e-07,7.948762764377258e-16,2.072545486690025e-17,8.532855383389632e-08,-15.182557029642796,7.0,,COMPLETE
379,0.030791314234151948,0.33011243478704333,2026-03-13 14:23:48.405291,2026-03-13 14:23:49.611283,0 days 00:00:01.205992,4.362588662845735,0.5106951202734036,49.566187230336375,54.80598813890608,4.2603134983554645,5.336965836447212,4.250041299466986,2.2707375112614556e-07,7.397892646897899e-17,7.579715338996435e-15,3.4959876745546167e-07,-14.859764832244352,7.0,,COMPLETE
380,0.026350568407088173,0.08999709573212764,2026-03-13 14:23:49.613301,2026-03-13 14:23:50.990652,0 days 00:00:01.377351,4.347953767495517,0.5608661894331597,49.04443740921908,54.249911914547816,4.283259775750731,5.321666791594238,4.250768015984178,2.2321274382159795e-07,1.717025073124929e-18,2.072545486690025e-17,1.4053415907446959e-08,-16.23531448688377,7.0,,COMPLETE
381,0.04735563517628659,0.07845683590886567,2026-03-13 14:23:50.991649,2026-03-13 14:23:52.071045,0 days 00:00:01.079396,4.352625527120863,0.5106951202734036,48.42243283872129,53.77968348671539,4.350623479418546,5.229450669274026,4.287657528305623,2.2321274382159795e-07,7.397892646897899e-17,2.6446153901122447e-18,7.574143858387278e-08,-14.090722850497169,7.0,,COMPLETE
382,0.005469568993080643,0.3441761211615234,2026-03-13 14:23:52.072036,2026-03-13 14:23:53.415548,0 days 00:00:01.343512,4.347953767495517,0.884094196412939,48.19933518312503,54.249911914547816,4.360767574529621,5.321666791594238,4.388794319201829,2.242208734703085e-07,7.397892646897899e-17,4.836135326547905e-15,5.233636113483758e-08,-15.182557029642796,7.0,,COMPLETE
383,0.0608293068770731,0.23610416205850548,2026-03-13 14:23:53.416548,2026-03-13 14:23:54.680333,0 days 00:00:01.263785,4.250376744593491,0.5526972644320621,49.197640079172636,53.95172109070634,4.457144677272878,5.250992031422222,4.306372540460056,2.2662666991591022e-07,8.78250002473033e-16,3.452921741015809e-17,6.314942761729186e-08,-17.77262889404089,7.0,,COMPLETE
384,0.010489170510653362,0.1853486236665463,2026-03-13 14:23:54.682317,2026-03-13 14:23:55.892285,0 days 00:00:01.209968,4.32960117124434,0.5106951202734036,49.452841263160565,54.80598813890608,4.409426741547165,5.220169325204358,4.392896796875627,2.2662666991591022e-07,7.634190024685275e-17,2.072545486690025e-17,1.9794170086878386e-07,-14.090722850497169,7.0,,COMPLETE
385,0.05845754770253763,0.39021521059235387,2026-03-13 14:23:55.893311,2026-03-13 14:23:56.959705,0 days 00:00:01.066394,4.294882133224111,0.5106951202734036,49.04443740921908,53.57738140742244,4.3731882668359265,5.187038888668513,4.250041299466986,2.2707375112614556e-07,1.717025073124929e-18,7.579715338996435e-15,8.532855383389632e-08,-14.859764832244352,7.0,,COMPLETE
386,0.05125839433769283,0.07945218511441919,2026-03-13 14:23:56.960708,2026-03-13 14:23:58.312249,0 days 00:00:01.351541,4.32960117124434,0.5608661894331597,49.04443740921908,53.77968348671539,4.409426741547165,5.321666791594238,4.473205664142873,2.2321274382159795e-07,1.3978533614519046e-15,2.6446153901122447e-18,1.4053415907446959e-08,-16.355187366097113,7.0,,COMPLETE
387,0.03681210446889647,0.05336647018495546,2026-03-13 14:23:58.313189,2026-03-13 14:23:59.311850,0 days 00:00:00.998661,4.254376578210815,0.5106951202734036,48.66803191615035,53.95172109070634,4.256189459422485,5.321666791594238,4.473205664142873,2.2707375112614556e-07,7.397892646897899e-17,2.072545486690025e-17,8.512077385523644e-08,-14.859764832244352,7.0,,COMPLETE
388,0.011644882348298058,0.1115969292003732,2026-03-13 14:23:59.312842,2026-03-13 14:24:00.696230,0 days 00:00:01.383388,4.347953767495517,0.5608661894331597,48.27125613305775,52.18407381132146,4.435925348772847,5.305199819114345,4.473205664142873,2.2707375112614556e-07,9.793862344690635e-16,2.072545486690025e-17,1.4053415907446959e-08,-15.273749376365156,7.0,,COMPLETE
389,0.05137660154873022,0.2810016014110803,2026-03-13 14:24:00.697222,2026-03-13 14:24:01.850374,0 days 00:00:01.153152,4.271801143692142,0.5106951202734036,49.452841263160565,53.77968348671539,4.392642422738849,5.366844604840034,4.388794319201829,2.2683892724787383e-07,7.397892646897899e-17,4.836135326547905e-15,5.233636113483758e-08,-14.090722850497169,7.0,,COMPLETE
390,0.06581885263324647,0.12247394748389684,2026-03-13 14:24:01.851427,2026-03-13 14:24:03.364338,0 days 00:00:01.512911,4.32960117124434,0.5106951202734036,48.19933518312503,53.77968348671539,4.392642422738849,5.321666791594238,4.473205664142873,2.2707375112614556e-07,1.717025073124929e-18,2.072545486690025e-17,1.4053415907446959e-08,-17.408575221926586,7.0,,COMPLETE
391,0.08717178087356883,0.09177223534786219,2026-03-13 14:24:03.365365,2026-03-13 14:24:04.648022,0 days 00:00:01.282657,4.332387581879288,0.5106951202734036,49.04443740921908,53.95172109070634,4.312934237288879,5.321666791594238,4.473205664142873,2.2351689390474272e-07,1.717025073124929e-18,2.072545486690025e-17,8.532855383389632e-08,-17.83231737227166,7.0,,COMPLETE
392,0.06488720865937407,0.49969421389193003,2026-03-13 14:24:04.649017,2026-03-13 14:24:05.782232,0 days 00:00:01.133215,4.332387581879288,0.5106951202734036,48.43380150301102,53.95172109070634,4.312934237288879,5.111103825221829,4.21091413817767,2.2351689390474272e-07,7.397892646897899e-17,4.836135326547905e-15,8.512077385523644e-08,-14.090722850497169,7.0,,COMPLETE
393,0.014246985598179353,0.21272892913764813,2026-03-13 14:24:05.783227,2026-03-13 14:24:06.968266,0 days 00:00:01.185039,4.294882133224111,0.5950038777315935,49.6034628354613,54.80598813890608,4.3731882668359265,5.174015047663524,4.250041299466986,2.2662666991591022e-07,3.021562203926575e-17,3.452921741015809e-17,3.4959876745546167e-07,-16.16717576168172,7.0,,COMPLETE
394,0.019278655293432975,0.10847518340832574,2026-03-13 14:24:06.969262,2026-03-13 14:24:08.361610,0 days 00:00:01.392348,4.377095641662749,0.5847907896441451,48.43380150301102,52.032547134490066,4.34282153462618,5.344442093395137,4.473205664142873,2.2780140885861479e-07,5.608820860373278e-17,2.072545486690025e-17,1.4053415907446959e-08,-14.859764832244352,7.0,,COMPLETE
395,0.09502898441789513,0.7170131916496267,2026-03-13 14:24:08.361610,2026-03-13 14:24:09.652297,0 days 00:00:01.290687,4.332387581879288,0.9948642986894038,47.265215516686126,52.0412453223508,4.360767574529621,5.309569674642281,4.3317245664914115,2.2707375112614556e-07,7.397892646897899e-17,3.056384864149625e-18,1.410984513481106e-08,-14.090722850497169,7.0,,COMPLETE
396,0.033521951504983424,0.17414956686421507,2026-03-13 14:24:09.653298,2026-03-13 14:24:10.774609,0 days 00:00:01.121311,4.352625527120863,0.5847907896441451,48.42243283872129,51.357522197892216,4.34282153462618,5.344442093395137,4.236400408951432,2.2321274382159795e-07,5.608820860373278e-17,2.6446153901122447e-18,7.574143858387278e-08,-16.23531448688377,7.0,,COMPLETE
397,0.014978233328013768,0.025435776371889093,2026-03-13 14:24:10.775599,2026-03-13 14:24:12.028425,0 days 00:00:01.252826,4.332387581879288,0.5106951202734036,49.04443740921908,54.249911914547816,4.360767574529621,5.337412250991539,4.473205664142873,2.2707375112614556e-07,1.717025073124929e-18,2.072545486690025e-17,1.4053415907446959e-08,-14.859764832244352,7.0,,COMPLETE
398,0.04559682793047199,0.07783213779415706,2026-03-13 14:24:12.029357,2026-03-13 14:24:13.124753,0 days 00:00:01.095396,4.237703727230875,0.5106951202734036,49.04443740921908,51.50515690226867,4.312934237288879,5.275627492562608,4.473205664142873,2.2707375112614556e-07,7.634190024685275e-17,3.996162169624616e-16,3.883311071975588e-07,-14.090722850497169,7.0,,COMPLETE
399,0.017045286426564388,0.6770159567703878,2026-03-13 14:24:13.125736,2026-03-13 14:24:14.581830,0 days 00:00:01.456094,4.352625527120863,0.884094196412939,48.42243283872129,53.77968348671539,4.235773881948437,5.207499172264263,4.388794319201829,2.2321274382159795e-07,7.397892646897899e-17,2.6446153901122447e-18,7.574143858387278e-08,-16.23531448688377,7.0,,COMPLETE
400,0.012429242333415334,0.03319103030838427,2026-03-13 14:24:14.583828,2026-03-13 14:24:15.787800,0 days 00:00:01.203972,4.332387581879288,0.5106951202734036,48.79679365976144,54.0701728435742,4.3731882668359265,5.337412250991539,4.473205664142873,2.2707375112614556e-07,1.717025073124929e-18,2.072545486690025e-17,1.4053415907446959e-08,-14.859764832244352,7.0,,COMPLETE
401,0.022446831350485624,0.10122347387998867,2026-03-13 14:24:15.788797,2026-03-13 14:24:16.950911,0 days 00:00:01.162114,4.332387581879288,0.5106951202734036,48.43380150301102,52.032547134490066,4.392642422738849,5.321666791594238,4.383580860091916,2.2351689390474272e-07,7.634190024685275e-17,3.452921741015809e-17,5.665169353732503e-08,-17.491547185008994,7.0,,COMPLETE
402,0.03511292740401978,0.49917887854244425,2026-03-13 14:24:16.951910,2026-03-13 14:24:18.103102,0 days 00:00:01.151192,4.238707768335963,0.7937474581212444,48.66803191615035,52.032547134490066,4.3493205879641526,5.321666791594238,4.473205664142873,2.2707375112614556e-07,7.397892646897899e-17,2.072545486690025e-17,8.532855383389632e-08,-16.809983826520153,7.0,,COMPLETE
403,0.0690437564413032,0.4342173333747952,2026-03-13 14:24:18.104106,2026-03-13 14:24:19.766552,0 days 00:00:01.662446,4.377095641662749,0.6857386922972275,48.42243283872129,54.80598813890608,4.368852181027008,5.174015047663524,4.236400408951432,2.2764546058744639e-07,2.32101653644885e-15,7.579715338996435e-15,7.574143858387278e-08,-16.16717576168172,7.0,,COMPLETE
404,,,2026-03-13 14:24:19.767547,2026-03-13 14:24:19.837268,0 days 00:00:00.069721,4.390780637301653,0.5608661894331597,49.197640079172636,53.95172109070634,4.283259775750731,5.332318103858704,4.306372540460056,2.2662666991591022e-07,8.78250002473033e-16,3.452921741015809e-17,8.512077385523644e-08,-17.335604151641107,7.0,,PRUNED
405,0.051787789916827205,0.023902158105595497,2026-03-13 14:24:19.838264,2026-03-13 14:24:21.130143,0 days 00:00:01.291879,4.332387581879288,0.5106951202734036,50.02865873002069,52.0412453223508,4.360767574529621,5.309569674642281,4.3317245664914115,2.2750507926492135e-07,4.3991052089599925e-16,3.056384864149625e-18,1.410984513481106e-08,-16.809983826520153,7.0,,COMPLETE
406,0.04738554825627393,0.1349872096012598,2026-03-13 14:24:21.131145,2026-03-13 14:24:22.440647,0 days 00:00:01.309502,4.352625527120863,0.5608661894331597,47.67625883169599,53.95172109070634,4.435925348772847,5.305199819114345,4.473205664142873,2.2543659187032054e-07,8.78250002473033e-16,2.072545486690025e-17,1.4053415907446959e-08,-16.23531448688377,7.0,,COMPLETE
