number,values_0,values_1,datetime_start,datetime_complete,duration,params_E_d_sh,params_G_frac,params_N_t_d,params_N_t_sh,params_W_L,params_W_R,params_W_R_sclc,params_d_sclc,params_l1_C_n_bulk,params_l1_k_dir,params_l1_mu_p,params_mu_e,system_attrs_NSGAIISampler:generation,system_attrs_fixed_params,state
291,0.015174920202093324,0.171589420088032,2026-03-13 14:22:32.649081,2026-03-13 14:22:33.724967,0 days 00:00:01.075886,4.332387581879288,0.5106951202734036,47.08235867349342,53.15021694881099,4.4138032218405,5.309569674642281,4.473205664142873,2.2244313898050774e-07,1.493168424411712e-17,2.5171130216911703e-17,3.3279504719561304e-07,-15.489308319964325,5.0,,COMPLETE
292,0.05328659618936964,0.38259790637624935,2026-03-13 14:22:33.725964,2026-03-13 14:22:34.827162,0 days 00:00:01.101198,4.377095641662749,0.5106951202734036,49.83203058460157,52.032547134490066,4.392642422738849,5.321666791594238,4.473205664142873,2.2707375112614556e-07,7.634190024685275e-17,6.723724075635884e-15,5.581497394535317e-07,-14.859764832244352,5.0,,COMPLETE
293,0.039981989419278066,0.5561144334258912,2026-03-13 14:22:34.828228,2026-03-13 14:22:35.986460,0 days 00:00:01.158232,4.254376578210815,0.884094196412939,48.09316863616243,53.95172109070634,4.3731882668359265,5.174015047663524,4.20984943049793,2.2704179614744758e-07,9.13524948448428e-17,1.4009448065309748e-16,1.7113281620728312e-07,-16.165925448654548,5.0,,COMPLETE
294,0.032203316296486546,0.1582015599777137,2026-03-13 14:22:35.987456,2026-03-13 14:22:37.195166,0 days 00:00:01.207710,4.294882133224111,0.5106951202734036,48.66803191615035,54.80598813890608,4.392642422738849,5.321666791594238,4.473205664142873,2.2662666991591022e-07,3.021562203926575e-17,3.452921741015809e-17,3.4959876745546167e-07,-16.16717576168172,5.0,,COMPLETE
295,0.09364363034518881,0.1527991148750751,2026-03-13 14:22:37.195166,2026-03-13 14:22:38.541414,0 days 00:00:01.346248,4.390780637301653,0.6954170343293953,48.66803191615035,53.95172109070634,4.3493205879641526,5.250992031422222,4.473205664142873,2.2662666991591022e-07,4.937900326636924e-15,3.452921741015809e-17,6.314942761729186e-08,-16.809983826520153,5.0,,COMPLETE
296,0.042927998464943766,0.09927344013404926,2026-03-13 14:22:38.542411,2026-03-13 14:22:39.614252,0 days 00:00:01.071841,4.2379825593921,0.5847907896441451,48.43380150301102,51.06777614815537,4.34282153462618,5.321666791594238,4.296644197591455,2.2741504798029612e-07,7.397892646897899e-17,2.072545486690025e-17,1.4053415907446959e-08,-16.23531448688377,5.0,,COMPLETE
297,0.015300735023092545,0.02075210754858031,2026-03-13 14:22:39.615247,2026-03-13 14:22:40.385036,0 days 00:00:00.769789,4.332387581879288,0.5106951202734036,49.04443740921908,54.0701728435742,4.3731882668359265,5.337412250991539,4.473205664142873,2.2707375112614556e-07,1.717025073124929e-18,2.072545486690025e-17,8.532855383389632e-08,-14.859764832244352,5.0,,COMPLETE
298,0.015384239810482337,0.11123186789637056,2026-03-13 14:22:40.386033,2026-03-13 14:22:41.247156,0 days 00:00:00.861123,4.390780637301653,0.5608661894331597,47.67625883169599,52.18407381132146,4.435925348772847,5.305199819114345,4.473205664142873,2.2543659187032054e-07,9.793862344690635e-16,2.072545486690025e-17,1.4053415907446959e-08,-15.273749376365156,5.0,,COMPLETE
299,0.016780714133898377,0.16576176606536233,2026-03-13 14:22:41.247156,2026-03-13 14:22:41.974033,0 days 00:00:00.726877,4.377095641662749,0.5106951202734036,49.04443740921908,52.032547134490066,4.409426741547165,5.321666791594238,4.473205664142873,2.2707375112614556e-07,1.717025073124929e-18,2.072545486690025e-17,3.3279504719561304e-07,-14.859764832244352,5.0,,COMPLETE
300,0.027422484766718883,0.026678751765284607,2026-03-13 14:22:41.975030,2026-03-13 14:22:42.658617,0 days 00:00:00.683587,4.332387581879288,0.5106951202734036,48.43380150301102,51.50515690226867,4.312934237288879,5.321666791594238,4.473205664142873,2.2351689390474272e-07,7.634190024685275e-17,3.452921741015809e-17,5.581497394535317e-07,-15.489308319964325,5.0,,COMPLETE
301,0.03245596265184364,0.037643994084765604,2026-03-13 14:22:42.658617,2026-03-13 14:22:43.329374,0 days 00:00:00.670757,4.271801143692142,0.5101125378287036,47.85509808480937,53.95172109070634,4.312934237288879,5.309569674642281,4.363634271433866,2.2069984256864516e-07,9.13524948448428e-17,3.056384864149625e-18,1.8147603543565522e-07,-16.385120781987155,5.0,,COMPLETE
302,0.015903223207854485,0.13525650740259237,2026-03-13 14:22:43.330372,2026-03-13 14:22:44.006890,0 days 00:00:00.676518,4.254376578210815,0.5832170654183149,49.83203058460157,53.95172109070634,4.312934237288879,5.174015047663524,4.20984943049793,2.2013326301391093e-07,3.8782794748168867e-16,3.452921741015809e-17,5.581497394535317e-07,-16.165925448654548,5.0,,COMPLETE
303,0.036315703634212146,0.025339916040359033,2026-03-13 14:22:44.007897,2026-03-13 14:22:44.820650,0 days 00:00:00.812753,4.32960117124434,0.5106951202734036,48.66803191615035,52.032547134490066,4.3493205879641526,5.321666791594238,4.473205664142873,2.2707375112614556e-07,7.397892646897899e-17,2.072545486690025e-17,3.006660815872911e-08,-16.809983826520153,5.0,,COMPLETE
304,0.015091928577782757,0.2762567386580905,2026-03-13 14:22:44.821646,2026-03-13 14:22:45.654862,0 days 00:00:00.833216,4.377095641662749,0.5608661894331597,48.43380150301102,52.18407381132146,4.435925348772847,5.348604479689258,4.306372540460056,2.2662666991591022e-07,7.397892646897899e-17,9.195119928823351e-16,1.4053415907446959e-08,-15.273749376365156,5.0,,COMPLETE
305,0.01245138753819529,0.12257517345377847,2026-03-13 14:22:45.655858,2026-03-13 14:22:46.483614,0 days 00:00:00.827756,4.32960117124434,0.5950038777315935,48.09316863616243,54.80598813890608,4.409426741547165,5.321666791594238,4.392896796875627,2.2662666991591022e-07,3.021562203926575e-17,2.072545486690025e-17,1.4053415907446959e-08,-14.859764832244352,5.0,,COMPLETE
306,0.06155819202944208,0.05298572848204745,2026-03-13 14:22:46.484611,2026-03-13 14:22:47.351713,0 days 00:00:00.867102,4.347953767495517,0.5106951202734036,48.43380150301102,52.032547134490066,4.3731882668359265,5.321666791594238,4.250768015984178,2.2707375112614556e-07,1.4115858659619912e-17,2.072545486690025e-17,1.4053415907446959e-08,-14.859764832244352,5.0,,COMPLETE
307,0.024384011239979398,0.6212433200543767,2026-03-13 14:22:47.352711,2026-03-13 14:22:48.355304,0 days 00:00:01.002593,4.32960117124434,0.884094196412939,47.85509808480937,53.15671674113548,4.407536555459891,5.111103825221829,4.3317245664914115,2.2229940597389944e-07,4.937900326636924e-15,3.056384864149625e-18,5.233636113483758e-08,-17.408575221926586,5.0,,COMPLETE
308,0.032350460939872254,0.021927443762063317,2026-03-13 14:22:48.356302,2026-03-13 14:22:49.076894,0 days 00:00:00.720592,4.250376744593491,0.5106951202734036,46.87810718670051,53.95172109070634,4.283259775750731,5.321666791594238,4.473205664142873,2.2662666991591022e-07,8.78250002473033e-16,2.072545486690025e-17,6.314942761729186e-08,-17.335604151641107,5.0,,COMPLETE
309,0.05991924247262253,0.279786887815435,2026-03-13 14:22:49.076894,2026-03-13 14:22:49.933033,0 days 00:00:00.856139,4.32960117124434,0.6346466895928747,48.43380150301102,53.15671674113548,4.222295654528478,5.309569674642281,4.473205664142873,2.2707375112614556e-07,7.397892646897899e-17,3.056384864149625e-18,1.410984513481106e-08,-17.631046888240757,5.0,,COMPLETE
310,0.01573590928469274,0.5789915106770748,2026-03-13 14:22:49.934030,2026-03-13 14:22:50.689506,0 days 00:00:00.755476,4.377095641662749,0.8559434928852881,48.648446743476086,52.032547134490066,4.36856846047204,5.199775387691704,4.473205664142873,2.2707375112614556e-07,5.608820860373278e-17,2.072545486690025e-17,2.3514521712410007e-07,-14.859764832244352,5.0,,COMPLETE
311,0.024878095160924832,0.030783690035298895,2026-03-13 14:22:50.690502,2026-03-13 14:22:51.394389,0 days 00:00:00.703887,4.254376578210815,0.5106951202734036,48.66803191615035,53.95172109070634,4.392642422738849,5.321666791594238,4.473205664142873,2.2707375112614556e-07,7.397892646897899e-17,2.072545486690025e-17,8.512077385523644e-08,-14.859764832244352,5.0,,COMPLETE
312,0.03963859354553576,0.48850276275682236,2026-03-13 14:22:51.395385,2026-03-13 14:22:52.474778,0 days 00:00:01.079393,4.360482712391657,0.884094196412939,48.19933518312503,54.851896267073265,4.383761812213589,5.229594761172217,4.253855367535614,2.2741504798029612e-07,2.0837561177163707e-18,1.7340355607810033e-17,3.309556983115713e-08,-15.754360003948104,5.0,,COMPLETE
313,0.03611312637196867,0.4944421655295232,2026-03-13 14:22:52.474778,2026-03-13 14:22:53.274003,0 days 00:00:00.799225,4.390780637301653,0.5753742744082173,47.67625883169599,52.032547134490066,4.220162708512638,5.321666791594238,4.460563083249849,2.2662666991591022e-07,2.0837561177163707e-18,9.079263210037997e-15,8.512077385523644e-08,-16.732450263659246,5.0,,COMPLETE
314,0.04163385222983297,0.13853255294618555,2026-03-13 14:22:53.275001,2026-03-13 14:22:54.140110,0 days 00:00:00.865109,4.377095641662749,0.5101125378287036,49.04005287971562,53.95172109070634,4.312934237288879,5.174015047663524,4.473205664142873,2.2187899424940822e-07,3.7232820382276174e-18,2.072545486690025e-17,5.581497394535317e-07,-15.340682280806007,5.0,,COMPLETE
315,0.021284660843737105,0.11382236947722858,2026-03-13 14:22:54.141106,2026-03-13 14:22:54.899769,0 days 00:00:00.758663,4.2379825593921,0.5753742744082173,49.95925982867697,51.06777614815537,4.2603134983554645,5.229594761172217,4.253855367535614,2.2741504798029612e-07,2.0837561177163707e-18,1.7340355607810033e-17,3.309556983115713e-08,-15.754360003948104,5.0,,COMPLETE
316,0.03465716623419991,0.21567396701912028,2026-03-13 14:22:54.900765,2026-03-13 14:22:55.641823,0 days 00:00:00.741058,4.286467340084416,0.6346466895928747,47.07198384091035,51.70968008560051,4.2603134983554645,5.174015047663524,4.3317245664914115,2.2229940597389944e-07,7.634190024685275e-17,3.056384864149625e-18,1.8147603543565522e-07,-16.809983826520153,5.0,,COMPLETE
317,0.08928353414806643,0.1014504781977094,2026-03-13 14:22:55.642820,2026-03-13 14:22:56.337499,0 days 00:00:00.694679,4.237703727230875,0.5106951202734036,49.04443740921908,52.032547134490066,4.360767574529621,5.229436970076094,4.250768015984178,2.2707375112614556e-07,1.4115858659619912e-17,2.072545486690025e-17,8.532855383389632e-08,-14.324366371803391,5.0,,COMPLETE
318,0.05059607178116603,0.20221137344851398,2026-03-13 14:22:56.338495,2026-03-13 14:22:57.043141,0 days 00:00:00.704646,4.271801143692142,0.6346466895928747,47.85509808480937,50.69403065156554,4.3731882668359265,5.309569674642281,4.3317245664914115,2.2591530943973414e-07,4.937900326636924e-15,1.4009448065309748e-16,1.7113281620728312e-07,-15.87648747025844,5.0,,COMPLETE
319,0.0063649824817473425,0.2956171166320565,2026-03-13 14:22:57.044137,2026-03-13 14:22:57.801607,0 days 00:00:00.757470,4.271801143692142,0.884094196412939,48.19933518312503,53.15021694881099,4.279390142828725,5.309569674642281,4.388794319201829,2.2244313898050774e-07,1.717025073124929e-18,4.836135326547905e-15,2.591331385773972e-07,-17.408575221926586,5.0,,COMPLETE
320,0.02722441792633632,0.2599860495805876,2026-03-13 14:22:57.802603,2026-03-13 14:22:58.642797,0 days 00:00:00.840194,4.422216304091311,0.5753742744082173,47.08235867349342,52.032547134490066,4.383507031486355,5.321666791594238,4.236400408951432,2.2178886232032997e-07,7.397892646897899e-17,2.072545486690025e-17,3.3279504719561304e-07,-16.23531448688377,5.0,,COMPLETE
321,0.030287063858182053,0.09910280116138356,2026-03-13 14:22:58.643793,2026-03-13 14:22:59.438137,0 days 00:00:00.794344,4.269490599305881,0.5832170654183149,49.83203058460157,52.60666592358209,4.312934237288879,5.229436970076094,4.306372540460056,2.2013326301391093e-07,7.634190024685275e-17,3.452921741015809e-17,8.512077385523644e-08,-17.64411014563222,5.0,,COMPLETE
322,0.06526173452874695,0.9010644529419612,2026-03-13 14:22:59.439136,2026-03-13 14:23:00.248432,0 days 00:00:00.809296,4.294882133224111,0.6857386922972275,49.566187230336375,54.80598813890608,4.496011225437844,5.174015047663524,4.250041299466986,2.2764546058744639e-07,3.021562203926575e-17,1.3970780875907408e-16,6.905371989051731e-07,-16.16717576168172,5.0,,COMPLETE
323,0.053187879533277846,0.05395469551831704,2026-03-13 14:23:00.248432,2026-03-13 14:23:01.102317,0 days 00:00:00.853885,4.286467340084416,0.5106951202734036,49.83203058460157,52.032547134490066,4.392642422738849,5.321666791594238,4.473205664142873,2.2707375112614556e-07,7.397892646897899e-17,2.072545486690025e-17,1.4053415907446959e-08,-14.859764832244352,5.0,,COMPLETE
324,0.04002594127383909,0.10933664035608243,2026-03-13 14:23:01.103315,2026-03-13 14:23:01.924781,0 days 00:00:00.821466,4.250376744593491,0.5608661894331597,47.265215516686126,52.032547134490066,4.392642422738849,5.250992031422222,4.473205664142873,2.2053400232485417e-07,8.78250002473033e-16,2.072545486690025e-17,6.314942761729186e-08,-17.335604151641107,5.0,,COMPLETE
325,0.029537237328277607,0.030309354096130444,2026-03-13 14:23:01.925777,2026-03-13 14:23:02.661320,0 days 00:00:00.735543,4.332387581879288,0.5106951202734036,49.04443740921908,52.032547134490066,4.3731882668359265,5.281026024641139,4.473205664142873,2.2351689390474272e-07,1.717025073124929e-18,2.072545486690025e-17,8.532855383389632e-08,-15.97979073374077,6.0,,COMPLETE
326,0.06752198388999811,0.08616435344487237,2026-03-13 14:23:02.661320,2026-03-13 14:23:03.506976,0 days 00:00:00.845656,4.377095641662749,0.5106951202734036,49.566187230336375,51.70968008560051,4.2603134983554645,5.174015047663524,4.473205664142873,2.2707375112614556e-07,4.937900326636924e-15,8.342013761452095e-18,1.4053415907446959e-08,-16.809983826520153,6.0,,COMPLETE
327,0.006223181239750612,0.03973198320465246,2026-03-13 14:23:03.507973,2026-03-13 14:23:04.368194,0 days 00:00:00.860221,4.250376744593491,0.5106951202734036,46.87810718670051,53.95172109070634,4.312934237288879,5.321666791594238,4.363634271433866,2.2069984256864516e-07,8.78250002473033e-16,3.056384864149625e-18,6.314942761729186e-08,-17.81137516246892,6.0,,COMPLETE
328,0.016255857048980766,0.10676255537987145,2026-03-13 14:23:04.369190,2026-03-13 14:23:05.265602,0 days 00:00:00.896412,4.352625527120863,0.5608661894331597,48.42243283872129,53.95172109070634,4.283259775750731,5.250992031422222,4.236400408951432,2.2321274382159795e-07,8.78250002473033e-16,2.6446153901122447e-18,7.574143858387278e-08,-16.23531448688377,6.0,,COMPLETE
329,0.015202556378335104,0.07429160950889169,2026-03-13 14:23:05.266599,2026-03-13 14:23:06.103795,0 days 00:00:00.837196,4.332387581879288,0.5106951202734036,47.23118774410969,52.0412453223508,4.360767574529621,5.309569674642281,4.3317245664914115,2.2707375112614556e-07,1.6239730876167345e-15,2.072545486690025e-17,1.4053415907446959e-08,-16.809983826520153,6.0,,COMPLETE
330,0.05601686828199237,0.2890960368674713,2026-03-13 14:23:06.104792,2026-03-13 14:23:06.801464,0 days 00:00:00.696672,4.286467340084416,0.5753742744082173,47.08235867349342,52.032547134490066,4.392642422738849,5.321666791594238,4.363634271433866,2.2178886232032997e-07,2.0837561177163707e-18,9.279965129953089e-15,3.3279504719561304e-07,-15.489308319964325,6.0,,COMPLETE
331,0.016780714133898377,0.2505681197725014,2026-03-13 14:23:06.802461,2026-03-13 14:23:07.544664,0 days 00:00:00.742203,4.377095641662749,0.5106951202734036,49.04443740921908,52.032547134490066,4.409426741547165,5.148346937953024,4.473205664142873,2.2707375112614556e-07,4.882663714023981e-17,3.7686309546541355e-17,3.3279504719561304e-07,-14.859764832244352,6.0,,COMPLETE
332,0.01887976252237255,0.06589046219080882,2026-03-13 14:23:07.545661,2026-03-13 14:23:08.399807,0 days 00:00:00.854146,4.286467340084416,0.5106951202734036,48.43380150301102,53.99345388553691,4.392642422738849,5.321666791594238,4.454010503426846,2.2707375112614556e-07,1.6514808967392186e-16,2.072545486690025e-17,1.4053415907446959e-08,-15.340682280806007,6.0,,COMPLETE
333,,,2026-03-13 14:23:08.400803,2026-03-13 14:23:08.452630,0 days 00:00:00.051827,4.294882133224111,0.722824100642969,50.25838896177841,54.80598813890608,4.2603134983554645,5.174015047663524,4.250041299466986,2.2764546058744639e-07,3.021562203926575e-17,7.579715338996435e-15,3.4959876745546167e-07,-18.23715177799165,6.0,,PRUNED
334,0.052160819570697105,0.14213424081671772,2026-03-13 14:23:08.453627,2026-03-13 14:23:09.171317,0 days 00:00:00.717690,4.254376578210815,0.5832170654183149,47.53793657373782,53.95172109070634,4.312934237288879,5.174015047663524,4.20984943049793,2.2013326301391093e-07,3.8782794748168867e-16,3.841054766119573e-18,5.581497394535317e-07,-16.165925448654548,6.0,,COMPLETE
335,0.04106232490787523,0.23969381205921372,2026-03-13 14:23:09.172313,2026-03-13 14:23:09.991568,0 days 00:00:00.819255,4.294882133224111,0.5950038777315935,49.95925982867697,54.57597605497029,4.220162708512638,5.229436970076094,4.253855367535614,2.2662666991591022e-07,3.021562203926575e-17,1.7340355607810033e-17,1.547889910033478e-08,-14.148256744834136,6.0,,COMPLETE
336,0.013589496130784215,0.24532862611181566,2026-03-13 14:23:09.992564,2026-03-13 14:23:10.869635,0 days 00:00:00.877071,4.32960117124434,0.6346466895928747,48.648446743476086,52.032547134490066,4.3493205879641526,5.317281949246213,4.216054872444943,2.2707375112614556e-07,5.608820860373278e-17,3.056384864149625e-18,3.006660815872911e-08,-16.809983826520153,6.0,,COMPLETE
337,0.013825993472792045,0.21772693689446432,2026-03-13 14:23:10.870630,2026-03-13 14:23:11.624114,0 days 00:00:00.753484,4.294882133224111,0.5950038777315935,48.09316863616243,53.77968348671539,4.392642422738849,5.229436970076094,4.39488367882922,2.2662666991591022e-07,3.021562203926575e-17,2.6446153901122447e-18,3.4959876745546167e-07,-16.16717576168172,6.0,,COMPLETE
338,0.014686640061255972,0.018224352900370357,2026-03-13 14:23:11.625110,2026-03-13 14:23:12.451349,0 days 00:00:00.826239,4.352625527120863,0.5106951202734036,47.265215516686126,53.77968348671539,4.350623479418546,5.321666791594238,4.473205664142873,2.2411708081019545e-07,2.32101653644885e-15,1.0996568337083842e-17,1.4053415907446959e-08,-14.859764832244352,6.0,,COMPLETE
339,0.014080809455346939,0.0258418594098405,2026-03-13 14:23:12.452346,2026-03-13 14:23:13.170945,0 days 00:00:00.718599,4.332387581879288,0.5106951202734036,48.43380150301102,53.95172109070634,4.312934237288879,5.321666791594238,4.473205664142873,2.2351689390474272e-07,7.634190024685275e-17,3.452921741015809e-17,8.512077385523644e-08,-15.489308319964325,6.0,,COMPLETE
340,0.025946614745561952,0.035884510294637614,2026-03-13 14:23:13.171941,2026-03-13 14:23:14.066952,0 days 00:00:00.895011,4.332387581879288,0.5106951202734036,48.648446743476086,53.15021694881099,4.34282153462618,5.344442093395137,4.473205664142873,2.2244313898050774e-07,5.608820860373278e-17,2.072545486690025e-17,1.4053415907446959e-08,-16.23531448688377,6.0,,COMPLETE
341,0.027422484766718883,0.4565641306048169,2026-03-13 14:23:14.067948,2026-03-13 14:23:14.771597,0 days 00:00:00.703649,4.332387581879288,0.7379376542402727,48.43380150301102,51.50515690226867,4.312934237288879,5.366844604840034,4.473205664142873,2.2351689390474272e-07,7.397892646897899e-17,2.072545486690025e-17,5.581497394535317e-07,-15.489308319964325,6.0,,COMPLETE
342,0.03865364010039748,0.2060531097911294,2026-03-13 14:23:14.772595,2026-03-13 14:23:15.517641,0 days 00:00:00.745046,4.254376578210815,0.6346466895928747,48.66803191615035,53.44464656515797,4.392642422738849,5.321666791594238,4.473205664142873,2.2229940597389944e-07,4.937900326636924e-15,8.342013761452095e-18,8.512077385523644e-08,-16.809983826520153,6.0,,COMPLETE
343,0.012073532283586838,0.0449576181959018,2026-03-13 14:23:15.518638,2026-03-13 14:23:16.297037,0 days 00:00:00.778399,4.448400473629102,0.5106951202734036,47.265215516686126,52.032547134490066,4.286443400775144,5.321666791594238,4.287657528305623,2.2707375112614556e-07,7.397892646897899e-17,2.072545486690025e-17,3.006660815872911e-08,-14.090722850497169,6.0,,COMPLETE
344,0.034978812862070496,0.28756121358816045,2026-03-13 14:23:16.298035,2026-03-13 14:23:17.049760,0 days 00:00:00.751725,4.239780077634986,0.6857386922972275,48.19933518312503,54.80598813890608,4.2603134983554645,5.174015047663524,4.388794319201829,2.242208734703085e-07,7.397892646897899e-17,7.579715338996435e-15,3.4959876745546167e-07,-16.16717576168172,6.0,,COMPLETE
345,0.055838564977203124,0.4988044121912874,2026-03-13 14:23:17.050758,2026-03-13 14:23:17.890959,0 days 00:00:00.840201,4.32960117124434,0.5950038777315935,49.566187230336375,54.80598813890608,4.409426741547165,5.321666791594238,4.392896796875627,2.2662666991591022e-07,3.021562203926575e-17,7.579715338996435e-15,4.3920530108583545e-08,-16.16717576168172,6.0,,COMPLETE
346,0.032256505589230995,0.387493078565454,2026-03-13 14:23:17.891955,2026-03-13 14:23:18.626732,0 days 00:00:00.734777,4.377095641662749,0.5106951202734036,49.83203058460157,52.032547134490066,4.409426741547165,5.321666791594238,4.20984943049793,2.2013326301391093e-07,1.717025073124929e-18,3.452921741015809e-17,5.581497394535317e-07,-16.165925448654548,6.0,,COMPLETE
347,0.01932820841092213,0.39221534280137804,2026-03-13 14:23:18.627730,2026-03-13 14:23:19.480190,0 days 00:00:00.852460,4.32960117124434,0.60987432043883,47.85509808480937,53.77968348671539,4.409426741547165,5.321666791594238,4.3317245664914115,2.2707375112614556e-07,4.937900326636924e-15,2.072545486690025e-17,3.3279504719561304e-07,-16.809983826520153,6.0,,COMPLETE
348,0.016482477339596447,0.06581172415199478,2026-03-13 14:23:19.481188,2026-03-13 14:23:20.337319,0 days 00:00:00.856131,4.32960117124434,0.5106951202734036,49.04443740921908,53.77968348671539,4.409426741547165,5.321666791594238,4.473205664142873,2.2707375112614556e-07,1.717025073124929e-18,2.072545486690025e-17,1.4053415907446959e-08,-14.859764832244352,6.0,,COMPLETE
