number,values_0,values_1,datetime_start,datetime_complete,duration,params_E_d_sh,params_E_v,params_G_frac,params_N_t_d,params_N_t_sh,params_W_L,params_W_R,params_W_R_sclc,params_d_sclc,params_l1_C_n_bulk,params_l1_k_dir,params_l1_mu_p,params_mu_e,system_attrs_NSGAIISampler:generation,system_attrs_fixed_params,state
226,0.01613999169573906,0.19518437873815336,2026-03-19 21:28:58.516651,2026-03-19 21:28:59.826672,0 days 00:00:01.310021,4.228569930482258,5.453576746965657,0.6278086682644848,47.55837951903595,51.92160066737277,4.388114325381594,0.14231859359146662,4.43294945494321,3.2514050297916917e-07,6.9476478575222e-18,3.622671752270718e-15,1.3244702486855526e-07,-16.354444994345954,3,,COMPLETE
227,0.003140235059986683,0.1859616349749518,2026-03-19 21:28:59.827670,2026-03-19 21:29:01.066803,0 days 00:00:01.239133,4.230174928046367,5.391516499246786,0.6027730447351021,48.14132427045731,51.76880910273452,4.362478392556494,0.0,4.272984229626048,3.28e-07,1.0427271680244793e-18,2.0000000000000017e-17,3.0000000000000015e-07,-16.354444994345954,3,,COMPLETE
228,0.042104253883202734,0.2309987863225464,2026-03-19 21:29:01.067800,2026-03-19 21:29:02.422932,0 days 00:00:01.355132,4.2896184817788905,5.3360178599662795,0.6278086682644848,46.99495883646728,53.56774490080193,4.2806985693121815,0.001794598390525459,4.200000043430672,3.31976483133612e-07,1.0000000000000014e-18,1.0012362898446848e-18,2.2355322111065197e-08,-15.053807940147776,3,,COMPLETE
229,0.00942881372943648,0.5632372727464734,2026-03-19 21:29:02.423930,2026-03-19 21:29:03.831254,0 days 00:00:01.407324,4.228569930482258,5.391516499246786,0.894590685148065,48.40830545410283,50.656872099270345,4.422133147595423,0.0,4.31044456967978,3.289101223935627e-07,3.424394212420533e-15,2.0000000000000017e-17,3.190936855917257e-08,-15.896159196151439,3,,COMPLETE
230,0.03858647165801056,0.12443337817019602,2026-03-19 21:29:03.832251,2026-03-19 21:29:05.083819,0 days 00:00:01.251568,4.228569930482258,5.483600938974763,0.6278086682644848,46.99495883646728,53.56774490080193,4.362478392556494,0.0,4.402697278374927,3.28e-07,6.9476478575222e-18,3.622671752270718e-15,2.1362158410193057e-07,-15.053807940147776,3,,COMPLETE
231,0.05654275768735739,0.07722728381974728,2026-03-19 21:29:05.084815,2026-03-19 21:29:06.499132,0 days 00:00:01.414317,4.37287079055729,5.450920596252912,0.5341968161373091,49.043557213351974,53.24357663931989,4.2806985693121815,0.17156762951823304,4.223927318064577,3.285691998530928e-07,3.012382076275439e-17,5.262580148986729e-17,3.775736500346297e-07,-15.469268654277602,3,,COMPLETE
232,0.026900758194989896,0.09508660537320997,2026-03-19 21:29:06.501126,2026-03-19 21:29:07.747985,0 days 00:00:01.246859,4.230174928046367,5.456853027108453,0.6027730447351021,49.09144350481227,54.06389256657432,4.2806985693121815,0.04439810575453675,4.244081571429584,3.2984972188376797e-07,5.672589383717571e-15,7.278409094593277e-16,8.016219822808743e-08,-16.519649175902625,3,,COMPLETE
233,0.019096519080478536,0.11557036547442721,2026-03-19 21:29:07.748984,2026-03-19 21:29:09.081666,0 days 00:00:01.332682,4.267714831225531,5.453576746965657,0.57,47.55837951903595,51.92160066737277,4.362478392556494,0.14231859359146662,4.200000043430672,3.28e-07,2.4128326032315544e-16,2.4773151053990014e-17,3.0000000000000015e-07,-17.319963379327806,3,,COMPLETE
234,0.07884298694798386,0.31547703536895333,2026-03-19 21:29:09.082662,2026-03-19 21:29:10.372379,0 days 00:00:01.289717,4.319317692943553,5.461123537494705,0.5506619147538803,47.40579182949398,52.28892031697784,4.207401292751932,0.11990900582921987,4.301151923701084,3.265130796589844e-07,4.1892324534093865e-16,7.823434214204783e-15,2.3795477341450494e-08,-13.819639159894345,3,,COMPLETE
235,0.096975075430381,0.04784455322139703,2026-03-19 21:29:10.373375,2026-03-19 21:29:11.728398,0 days 00:00:01.355023,4.267714831225531,5.453576746965657,0.5341968161373091,49.043557213351974,51.92160066737277,4.388114325381594,0.001794598390525459,4.43294945494321,3.2514050297916917e-07,3.012382076275439e-17,2.4773151053990014e-17,8.958036117837931e-08,-17.319963379327806,3,,COMPLETE
236,0.02372420912550746,0.3214018111414477,2026-03-19 21:29:11.729395,2026-03-19 21:29:12.958313,0 days 00:00:01.228918,4.259511849843952,5.456853027108453,0.6278086682644848,49.09144350481227,52.47526554884281,4.242448280089025,0.08462684697157842,4.402697278374927,3.3180885433909924e-07,3.808896207732229e-18,1.0012362898446848e-18,8.016219822808743e-08,-15.469268654277602,3,,COMPLETE
237,0.011762815429473427,0.18475632577472526,2026-03-19 21:29:12.960307,2026-03-19 21:29:14.306850,0 days 00:00:01.346543,4.230174928046367,5.456853027108453,0.6027730447351021,47.20729398870824,54.89632835068689,4.422133147595423,0.06425870728106069,4.244081571429584,3.29370605436416e-07,3.012382076275439e-17,1.6500490700262868e-18,8.016219822808743e-08,-15.896159196151439,3,,COMPLETE
238,0.02897478983094686,0.39903473031539743,2026-03-19 21:29:14.308843,2026-03-19 21:29:15.628461,0 days 00:00:01.319618,4.2896184817788905,5.3389215009924795,0.6027730447351021,47.015514431318266,52.47526554884281,4.362478392556494,0.001794598390525459,4.3672070034085335,3.28e-07,6.9476478575222e-18,3.622671752270718e-15,2.1362158410193057e-07,-15.469268654277602,3,,COMPLETE
239,,,2026-03-19 21:29:15.629458,2026-03-19 21:29:15.709193,0 days 00:00:00.079735,4.36962242561008,5.3389215009924795,0.6027730447351021,48.99896687549282,54.89632835068689,4.437748328647444,0.001794598390525459,4.31044456967978,3.31976483133612e-07,3.424394212420533e-15,1.0012362898446848e-18,8.958036117837931e-08,-15.896159196151439,3,,PRUNED
240,0.024213997526374202,0.09417573171902167,2026-03-19 21:29:15.710197,2026-03-19 21:29:16.966174,0 days 00:00:01.255977,4.3405450647496435,5.468936604792058,0.5341968161373091,49.043557213351974,53.24357663931989,4.287879233956659,0.19183253250855914,4.223927318064577,3.29370605436416e-07,1.2909151900922188e-17,1.2763724399106554e-18,3.992035399950824e-07,-15.316187788554547,3,,COMPLETE
241,0.010646671173736341,1.1587290795585135,2026-03-19 21:29:16.967172,2026-03-19 21:29:18.295758,0 days 00:00:01.328586,4.319317692943553,5.3389215009924795,0.9723542126106088,48.40830545410283,52.47526554884281,4.41611235575652,0.0770935956740564,4.200000043430672,3.31976483133612e-07,1.0000000000000014e-18,1.0012362898446848e-18,3.0000000000000015e-07,-15.82986621243128,3,,COMPLETE
242,0.016436156922028624,0.14434363805649078,2026-03-19 21:29:18.296755,2026-03-19 21:29:19.661243,0 days 00:00:01.364488,4.259511849843952,5.391516499246786,0.6278086682644848,46.99495883646728,53.56774490080193,4.242448280089025,0.07133102959515804,4.402697278374927,3.28023156757562e-07,3.424394212420533e-15,2.0000000000000017e-17,1.0151118582893749e-08,-15.896159196151439,3,,COMPLETE
243,0.016061641884940976,0.07653210293170028,2026-03-19 21:29:19.662240,2026-03-19 21:29:20.871223,0 days 00:00:01.208983,4.319317692943553,5.493272243106385,0.5218002027235429,48.40830545410283,50.656872099270345,4.379017340041488,0.07133102959515804,4.402697278374927,3.28023156757562e-07,9.344376494123458e-15,2.0000000000000017e-17,3.0000000000000015e-07,-15.053807940147776,3,,COMPLETE
244,,,2026-03-19 21:29:20.872220,2026-03-19 21:29:20.957935,0 days 00:00:00.085715,4.4441269407956785,5.391516499246786,0.6027730447351021,46.46155446727974,52.780137377366906,4.2320487918709855,0.0,4.200000043430672,3.28e-07,3.561091122001756e-15,2.0000000000000017e-17,8.016219822808743e-08,-17.617191031775373,3,,PRUNED
245,0.0334705049682097,0.11603273177064842,2026-03-19 21:29:20.958932,2026-03-19 21:29:22.309976,0 days 00:00:01.351044,4.300145173086046,5.483034527856248,0.6278086682644848,48.213123225078206,53.56774490080193,4.307441375996442,0.04439810575453675,4.402697278374927,3.2899662403831355e-07,9.344376494123458e-15,3.4676098402748415e-16,4.745920302776288e-08,-16.743147020882805,3,,COMPLETE
246,0.04500699741893307,0.17379935017331707,2026-03-19 21:29:22.310972,2026-03-19 21:29:23.770140,0 days 00:00:01.459168,4.319317692943553,5.449611452906668,0.6234258800974195,46.46155446727974,51.0877543582062,4.438413411955139,0.1385209548403867,4.28392459002068,3.2707486900095467e-07,9.732146481911272e-18,6.133336401824595e-17,2.0220610104195532e-08,-17.617191031775373,3,,COMPLETE
247,,,2026-03-19 21:29:23.771137,2026-03-19 21:29:23.845890,0 days 00:00:00.074753,4.3531490470751235,5.453576746965657,0.5506619147538803,49.749269524833515,51.92160066737277,4.388114325381594,0.14231859359146662,4.460051177614863,3.265130796589844e-07,4.1892324534093865e-16,2.4773151053990014e-17,1.3244702486855526e-07,-17.319963379327806,3,,PRUNED
248,0.014213292736153633,0.7565009206912722,2026-03-19 21:29:23.846887,2026-03-19 21:29:25.388567,0 days 00:00:01.541680,4.274762198714942,5.444320065674816,0.894590685148065,48.40830545410283,52.47526554884281,4.257391140359348,0.025440029126160345,4.31044456967978,3.289101223935627e-07,3.424394212420533e-15,1.0012362898446848e-18,1.0151118582893749e-08,-15.896159196151439,3,,COMPLETE
249,0.005785435177149251,0.050444825891598495,2026-03-19 21:29:25.389562,2026-03-19 21:29:26.618865,0 days 00:00:01.229303,4.3405450647496435,5.468936604792058,0.5282255481925329,47.13750964873863,51.92160066737277,4.408754799560823,0.19183253250855914,4.43294945494321,3.2466300872574805e-07,7.546229783695509e-17,1.0012362898446848e-18,6.690676032737693e-07,-15.543737237520705,3,,COMPLETE
250,0.0358340712296645,0.26927257278431654,2026-03-19 21:29:26.619861,2026-03-19 21:29:27.805724,0 days 00:00:01.185863,4.319317692943553,5.432761154294956,0.6098708689929346,48.40830545410283,50.656872099270345,4.257718294936943,0.0696720681080109,4.200000043430672,3.242214908191949e-07,1.0000000000000014e-18,2.0000000000000017e-17,1.4124333922459682e-07,-15.316187788554547,3,,COMPLETE
251,0.006742516903014014,0.11384561984810135,2026-03-19 21:29:27.807717,2026-03-19 21:29:29.137756,0 days 00:00:01.330039,4.3405450647496435,5.483600938974763,0.6278086682644848,46.21884900785695,53.56774490080193,4.2806985693121815,0.042339705909847265,4.288806446987535,3.29370605436416e-07,1.2909151900922188e-17,3.4676098402748415e-16,1.5512647207195818e-08,-15.543737237520705,3,,COMPLETE
252,0.03290318498188147,0.11393085481082338,2026-03-19 21:29:29.138753,2026-03-19 21:29:30.601906,0 days 00:00:01.463153,4.230174928046367,5.456853027108453,0.5501837426122003,46.61422130712124,54.54272453295386,4.2806985693121815,0.20262683143865845,4.269487413224854,3.2553698165642697e-07,9.732146481911272e-18,1.0012362898446848e-18,8.016219822808743e-08,-15.759861727743441,3,,COMPLETE
253,0.05797160124461333,0.23146768726272882,2026-03-19 21:29:30.603898,2026-03-19 21:29:32.154823,0 days 00:00:01.550925,4.474992263779573,5.42099488803827,0.6027730447351021,47.015514431318266,51.925609867956574,4.2806985693121815,0.1657172305376031,4.320031936110287,3.241913420091286e-07,1.2909151900922188e-17,7.573533107199795e-15,2.1362158410193057e-07,-14.301924175108173,3,,COMPLETE
254,0.06395465371245025,0.08637314287399793,2026-03-19 21:29:32.155820,2026-03-19 21:29:33.759494,0 days 00:00:01.603674,4.319317692943553,5.461123537494705,0.57,48.40830545410283,51.92160066737277,4.388114325381594,0.1385209548403867,4.200000043430672,3.28e-07,5.351209735926775e-15,2.0000000000000017e-17,2.3795477341450494e-08,-18.086036366808216,3,,COMPLETE
255,0.026703771125625112,0.15084270622554383,2026-03-19 21:29:33.760491,2026-03-19 21:29:34.938577,0 days 00:00:01.178086,4.2896184817788905,5.456853027108453,0.6027730447351021,49.09144350481227,52.47526554884281,4.381119018992183,0.20262683143865845,4.279384208286863,3.29370605436416e-07,3.012382076275439e-17,8.120410526728592e-16,2.887095249334018e-07,-14.09008871289361,3,,COMPLETE
256,0.0217076037563659,0.9457632753519984,2026-03-19 21:29:34.939575,2026-03-19 21:29:36.205371,0 days 00:00:01.265796,4.319317692943553,5.461123537494705,0.9796047392789259,46.200887136795,51.76880910273452,4.379017340041488,0.0,4.200000043430672,3.28e-07,1.0427271680244793e-18,2.122163529962698e-18,3.0000000000000015e-07,-15.82986621243128,3,,COMPLETE
257,0.028066628663583233,0.26269349679320375,2026-03-19 21:29:36.206370,2026-03-19 21:29:37.671505,0 days 00:00:01.465135,4.405287703676996,5.384084438221923,0.6027730447351021,49.09144350481227,52.47526554884281,4.2806985693121815,0.20262683143865845,4.249754159238055,3.288047973099024e-07,3.012382076275439e-17,8.120410526728592e-16,2.887095249334018e-07,-14.09008871289361,3,,COMPLETE
258,0.029754799359912487,0.15181718527003787,2026-03-19 21:29:37.673499,2026-03-19 21:29:39.310082,0 days 00:00:01.636583,4.230174928046367,5.468936604792058,0.6027730447351021,48.14132427045731,52.47526554884281,4.31717692382534,0.19183253250855914,4.288806446987535,3.2958583253702984e-07,1.2909151900922188e-17,1.0012362898446848e-18,1.401517517905463e-08,-15.543737237520705,3,,COMPLETE
259,0.007860364223848898,0.5828440292199993,2026-03-19 21:29:39.311076,2026-03-19 21:29:40.572887,0 days 00:00:01.261811,4.318470229328691,5.450920596252912,0.7617171779107199,48.40830545410283,53.24357663931989,4.287879233956659,0.001794598390525459,4.223927318064577,3.28e-07,3.012382076275439e-17,1.0012362898446848e-18,8.958036117837931e-08,-15.469268654277602,4,,COMPLETE
260,0.007086313796572844,0.8677947820948047,2026-03-19 21:29:40.574879,2026-03-19 21:29:41.882045,0 days 00:00:01.307166,4.319317692943553,5.453576746965657,0.9723542126106088,48.40830545410283,53.16533645321453,4.3654239533808585,0.1385209548403867,4.200000043430672,3.285691998530928e-07,1.0000000000000014e-18,2.0000000000000017e-17,3.0000000000000015e-07,-15.82986621243128,4,,COMPLETE
261,0.03665098262788885,0.11370402314251282,2026-03-19 21:29:41.884038,2026-03-19 21:29:43.193690,0 days 00:00:01.309652,4.230174928046367,5.456853027108453,0.6127583995625991,49.09144350481227,54.06389256657432,4.362478392556494,0.04439810575453675,4.244081571429584,3.29370605436416e-07,3.012382076275439e-17,7.278409094593277e-16,8.016219822808743e-08,-16.519649175902625,4,,COMPLETE
262,,,2026-03-19 21:29:43.194686,2026-03-19 21:29:43.274420,0 days 00:00:00.079734,4.461389710384746,5.391516499246786,0.6027730447351021,48.14132427045731,52.47526554884281,4.41547464996025,0.0,4.244081571429584,3.29370605436416e-07,3.012382076275439e-17,2.0000000000000017e-17,8.016219822808743e-08,-15.896159196151439,4,,PRUNED
263,0.02680741601922842,0.714466427439334,2026-03-19 21:29:43.275417,2026-03-19 21:29:44.652846,0 days 00:00:01.377429,4.228569930482258,5.461123537494705,0.894590685148065,47.40579182949398,54.28184644801791,4.289752481900417,0.0,4.31044456967978,3.3111952124065384e-07,3.424394212420533e-15,6.133336401824595e-17,3.0665186426398115e-07,-17.62290531138971,4,,COMPLETE
264,0.0015424295905973483,0.16668103351643057,2026-03-19 21:29:44.653840,2026-03-19 21:29:45.970487,0 days 00:00:01.316647,4.228569930482258,5.462262024503001,0.57,48.40830545410283,50.656872099270345,4.362478392556494,0.0,4.200000043430672,3.28e-07,1e-18,2e-17,3e-07,-16.354444994345954,4,,COMPLETE
265,0.041331120528361694,0.07732776183500495,2026-03-19 21:29:45.971485,2026-03-19 21:29:47.398597,0 days 00:00:01.427112,4.267714831225531,5.391516499246786,0.5282255481925329,48.40830545410283,51.92160066737277,4.388114325381594,0.0,4.272984229626048,3.28e-07,1.0427271680244793e-18,2.0000000000000017e-17,2.4095785601250737e-08,-17.498017643910664,4,,COMPLETE
266,0.01920109346508117,0.1523180684730852,2026-03-19 21:29:47.399600,2026-03-19 21:29:48.643616,0 days 00:00:01.244016,4.228569930482258,5.391516499246786,0.6027730447351021,48.87284897349803,51.0877543582062,4.362478392556494,0.0,4.244081571429584,3.29370605436416e-07,3.012382076275439e-17,1.194648300265504e-16,8.016219822808743e-08,-15.117300684957254,4,,COMPLETE
267,0.07192324019318351,0.04569412129937088,2026-03-19 21:29:48.645609,2026-03-19 21:29:49.897451,0 days 00:00:01.251842,4.318470229328691,5.450920596252912,0.5218002027235429,49.043557213351974,55.04229064867009,4.379017340041488,0.07133102959515804,4.458375591566238,3.318023860686569e-07,8.681442506183188e-18,2.0000000000000017e-17,3.0000000000000015e-07,-15.053807940147776,4,,COMPLETE
268,0.0149024885126023,0.08483832190068048,2026-03-19 21:29:49.899445,2026-03-19 21:29:51.169242,0 days 00:00:01.269797,4.228569930482258,5.462262024503001,0.57,46.69798531351769,50.656872099270345,4.362478392556494,0.24311548268541233,4.200000043430672,3.28e-07,5.351209735926775e-15,2.0000000000000017e-17,3.0000000000000015e-07,-16.354444994345954,4,,COMPLETE
269,0.012928739547247636,0.025409161773893133,2026-03-19 21:29:51.170239,2026-03-19 21:29:52.379223,0 days 00:00:01.208984,4.267714831225531,5.468936604792058,0.5282255481925329,48.40830545410283,51.92160066737277,4.388114325381594,0.19183253250855914,4.43294945494321,3.2466300872574805e-07,7.546229783695509e-17,2.0000000000000017e-17,6.690676032737693e-07,-15.543737237520705,4,,COMPLETE
270,0.03437543523847107,0.18491278898645017,2026-03-19 21:29:52.380220,2026-03-19 21:29:53.648627,0 days 00:00:01.268407,4.230174928046367,5.453576746965657,0.6027730447351021,49.043557213351974,54.89632835068689,4.422133147595423,0.14231859359146662,4.244081571429584,3.2514050297916917e-07,2.4128326032315544e-16,1.270434807853579e-15,4.1368263514458885e-07,-15.896159196151439,4,,COMPLETE
271,0.02570036931957151,0.551245520670241,2026-03-19 21:29:53.649624,2026-03-19 21:29:55.214935,0 days 00:00:01.565311,4.274762198714942,5.435394752195208,0.894590685148065,47.20729398870824,52.47526554884281,4.2806985693121815,0.20262683143865845,4.31044456967978,3.29370605436416e-07,3.424394212420533e-15,1.6500490700262868e-18,1.0151118582893749e-08,-15.896159196151439,4,,COMPLETE
272,0.02935527688815461,0.08912721789306828,2026-03-19 21:29:55.215930,2026-03-19 21:29:56.596059,0 days 00:00:01.380129,4.228569930482258,5.461123537494705,0.57,47.40579182949398,53.90302431415357,4.362478392556494,0.14231859359146662,4.200000043430672,3.3111952124065384e-07,5.351209735926775e-15,6.133336401824595e-17,4.1368263514458885e-07,-17.648518458009537,4,,COMPLETE
273,0.03201088935571672,0.07619561439739343,2026-03-19 21:29:56.597057,2026-03-19 21:29:57.887002,0 days 00:00:01.289945,4.267714831225531,5.358429573185043,0.5501837426122003,46.61422130712124,52.66620921206766,4.223625337340381,0.08462684697157842,4.43294945494321,3.2553698165642697e-07,1.3890896750678522e-15,2.4773151053990014e-17,8.958036117837931e-08,-17.319963379327806,4,,COMPLETE
274,0.011790919391352751,0.24005056420829857,2026-03-19 21:29:57.887999,2026-03-19 21:29:59.091018,0 days 00:00:01.203019,4.263099648631904,5.453576746965657,0.6027730447351021,49.09144350481227,53.6741958102092,4.2806985693121815,0.14231859359146662,4.223927318064577,3.285691998530928e-07,3.012382076275439e-17,9.120898425303872e-18,3.775736500346297e-07,-15.63547135190938,4,,COMPLETE
275,0.03600362555061434,0.1437777908234161,2026-03-19 21:29:59.092024,2026-03-19 21:30:00.311990,0 days 00:00:01.219966,4.27781467375101,5.492885541501811,0.5506619147538803,48.14132427045731,52.28892031697784,4.362478392556494,0.0,4.460051177614863,3.28e-07,1.0427271680244793e-18,2.0000000000000017e-17,3.0000000000000015e-07,-16.354444994345954,4,,COMPLETE
276,,,2026-03-19 21:30:00.312987,2026-03-19 21:30:00.385745,0 days 00:00:00.072758,4.230174928046367,5.391516499246786,0.5332713864070916,49.91179293361909,51.84966475501325,4.362478392556494,0.0,4.272984229626048,3.318023860686569e-07,1.0427271680244793e-18,1.8013464710909424e-18,8.016219822808743e-08,-15.896159196151439,4,,PRUNED
277,0.013666090477907221,0.479451685803167,2026-03-19 21:30:00.386741,2026-03-19 21:30:02.054203,0 days 00:00:01.667462,4.274762198714942,5.391516499246786,0.894590685148065,47.20729398870824,52.44157921473532,4.422133147595423,0.06425870728106069,4.244081571429584,3.289101223935627e-07,5.672589383717571e-15,1.6500490700262868e-18,1.0151118582893749e-08,-15.896159196151439,4,,COMPLETE
278,0.02514363192963074,0.05254387601747634,2026-03-19 21:30:02.055200,2026-03-19 21:30:03.131514,0 days 00:00:01.076314,4.267714831225531,5.492885541501811,0.5282255481925329,47.13066101143863,51.92160066737277,4.388114325381594,0.14231859359146662,4.200000043430672,3.2514050297916917e-07,2.4128326032315544e-16,2.0000000000000017e-17,1.5558799504293026e-07,-17.498017643910664,4,,COMPLETE
279,0.013093848675371023,0.04179577372577714,2026-03-19 21:30:03.132510,2026-03-19 21:30:04.266370,0 days 00:00:01.133860,4.2532925735181255,5.453576746965657,0.5301812794359945,49.043557213351974,53.24357663931989,4.287879233956659,0.10499110346299284,4.223927318064577,3.318023860686569e-07,2.4128326032315544e-16,1.270434807853579e-15,4.1368263514458885e-07,-16.014633997772194,4,,COMPLETE
280,0.09719560060831811,0.031880212609839344,2026-03-19 21:30:04.267368,2026-03-19 21:30:05.580007,0 days 00:00:01.312639,4.228569930482258,5.453576746965657,0.5282255481925329,49.043557213351974,53.90302431415357,4.388114325381594,0.14231859359146662,4.43294945494321,3.2514050297916917e-07,2.4128326032315544e-16,2.4773151053990014e-17,1.3244702486855526e-07,-17.319963379327806,4,,COMPLETE
281,0.03575747645162547,0.26517762817601626,2026-03-19 21:30:05.581005,2026-03-19 21:30:06.870247,0 days 00:00:01.289242,4.230174928046367,5.391516499246786,0.6027730447351021,49.09144350481227,52.47526554884281,4.381119018992183,0.2613767577176181,4.279384208286863,3.28e-07,3.012382076275439e-17,8.120410526728592e-16,3.0000000000000015e-07,-16.354444994345954,4,,COMPLETE
282,0.019059990210577554,0.32690335670487153,2026-03-19 21:30:06.871245,2026-03-19 21:30:08.080973,0 days 00:00:01.209728,4.3405450647496435,5.468936604792058,0.7005204990278756,49.043557213351974,51.50996333498947,4.333440647977057,0.19183253250855914,4.43294945494321,3.2466300872574805e-07,7.546229783695509e-17,1.270434807853579e-15,6.690676032737693e-07,-14.182320122919442,4,,COMPLETE
