number,values_0,values_1,datetime_start,datetime_complete,duration,params_E_d_sh,params_E_v,params_G_frac,params_N_t_d,params_N_t_sh,params_W_L,params_W_R,params_W_R_sclc,params_d_sclc,params_l1_C_n_bulk,params_l1_k_dir,params_l1_mu_p,params_mu_e,system_attrs_NSGAIISampler:generation,system_attrs_fixed_params,state
340,,,2026-03-19 21:31:14.433732,2026-03-19 21:31:14.504496,0 days 00:00:00.070764,4.407573054983218,5.453576746965657,0.5049421985095464,48.86636429763729,55.04229064867009,4.379017340041488,0.07133102959515804,4.223927318064577,3.2514050297916917e-07,2.4128326032315544e-16,1.270434807853579e-15,3.0000000000000015e-07,-16.014633997772194,5,,PRUNED
341,0.0047388080095289485,0.14984493788799927,2026-03-19 21:31:14.505492,2026-03-19 21:31:15.732970,0 days 00:00:01.227478,4.318470229328691,5.462262024503001,0.57,48.40830545410283,50.656872099270345,4.362478392556494,0.10499110346299284,4.200000043430672,3.318023860686569e-07,1.2888140741785218e-18,2.0000000000000017e-17,3.0000000000000015e-07,-16.354444994345954,5,,COMPLETE
342,0.006133156306610128,0.21388043579205723,2026-03-19 21:31:15.734961,2026-03-19 21:31:17.110387,0 days 00:00:01.375426,4.2532925735181255,5.453576746965657,0.6027730447351021,48.40830545410283,52.47526554884281,4.41547464996025,0.26976829811332925,4.244081571429584,3.28e-07,3.012382076275439e-17,2.0000000000000017e-17,3.0000000000000015e-07,-15.896159196151439,5,,COMPLETE
343,0.01827573699713048,0.7799882573541846,2026-03-19 21:31:17.111384,2026-03-19 21:31:18.364142,0 days 00:00:01.252758,4.228569930482258,5.391516499246786,0.894590685148065,48.40830545410283,50.656872099270345,4.2806985693121815,0.0,4.244081571429584,3.2984972188376797e-07,3.424394212420533e-15,2.0000000000000017e-17,6.547920974747481e-07,-15.896159196151439,5,,COMPLETE
344,0.032573144744041424,0.3414011701627821,2026-03-19 21:31:18.366137,2026-03-19 21:31:19.659822,0 days 00:00:01.293685,4.267714831225531,5.365495240634614,0.6278086682644848,46.61422130712124,52.66620921206766,4.223625337340381,0.08462684697157842,4.43294945494321,3.28e-07,6.9476478575222e-18,3.622671752270718e-15,2.1362158410193057e-07,-17.319963379327806,5,,COMPLETE
345,0.0756524466643548,0.3757838103406683,2026-03-19 21:31:19.661816,2026-03-19 21:31:20.935394,0 days 00:00:01.273578,4.229511130744973,5.450920596252912,0.7157423677303745,46.21884900785695,51.76880910273452,4.395425634737078,0.0,4.272984229626048,3.2941767660691936e-07,1.483069922347474e-15,3.4676098402748415e-16,4.1368263514458885e-07,-14.062467201205846,5,,COMPLETE
346,0.011146872409637059,0.37804280766550763,2026-03-19 21:31:20.936391,2026-03-19 21:31:22.222119,0 days 00:00:01.285728,4.267714831225531,5.358429573185043,0.5501837426122003,46.61422130712124,52.66620921206766,4.223625337340381,0.0,4.244081571429584,3.29370605436416e-07,3.012382076275439e-17,1.5560462510766946e-15,8.958036117837931e-08,-17.319963379327806,5,,COMPLETE
347,0.09990588717235807,0.17637536785930094,2026-03-19 21:31:22.223117,2026-03-19 21:31:23.553910,0 days 00:00:01.330793,4.2532925735181255,5.453576746965657,0.6027730447351021,49.043557213351974,52.47526554884281,4.388114325381594,0.001794598390525459,4.43294945494321,3.29370605436416e-07,3.012382076275439e-17,2.0000000000000017e-17,8.016219822808743e-08,-17.319963379327806,5,,COMPLETE
348,0.0104421405385429,0.09266630880580468,2026-03-19 21:31:23.554911,2026-03-19 21:31:24.837340,0 days 00:00:01.282429,4.228569930482258,5.462262024503001,0.5282255481925329,46.69798531351769,51.92160066737277,4.388114325381594,0.2681946511195991,4.43294945494321,3.2514050297916917e-07,5.351209735926775e-15,2.0000000000000017e-17,3.0000000000000015e-07,-16.354444994345954,5,,COMPLETE
349,0.022613741487834692,0.07269931136146633,2026-03-19 21:31:24.838337,2026-03-19 21:31:26.050297,0 days 00:00:01.211960,4.34876373358029,5.492885541501811,0.5282255481925329,48.46905290191392,51.92160066737277,4.408754799560823,0.034827626594469585,4.379116520436351,3.2466300872574805e-07,7.546229783695509e-17,1.978173113889537e-17,6.690676032737693e-07,-14.329893448042021,5,,COMPLETE
350,0.029333572409511854,0.06623637575508137,2026-03-19 21:31:26.052290,2026-03-19 21:31:27.245867,0 days 00:00:01.193577,4.3405450647496435,5.468936604792058,0.5218002027235429,49.043557213351974,50.656872099270345,4.379017340041488,0.07133102959515804,4.402697278374927,3.29370605436416e-07,9.344376494123458e-15,2.0000000000000017e-17,3.0000000000000015e-07,-15.316187788554547,5,,COMPLETE
351,0.006980590202573963,0.5070492892722291,2026-03-19 21:31:27.246863,2026-03-19 21:31:28.945209,0 days 00:00:01.698346,4.274762198714942,5.391516499246786,0.894590685148065,47.20729398870824,54.89632835068689,4.422133147595423,0.06425870728106069,4.31044456967978,3.289101223935627e-07,3.424394212420533e-15,1.6500490700262868e-18,1.0151118582893749e-08,-15.896159196151439,5,,COMPLETE
352,0.0064643403581293975,0.3878507291238025,2026-03-19 21:31:28.947202,2026-03-19 21:31:30.265843,0 days 00:00:01.318641,4.318470229328691,5.450920596252912,0.7157423677303745,46.21884900785695,53.56774490080193,4.287879233956659,0.10499110346299284,4.288806446987535,3.2941767660691936e-07,8.681442506183188e-18,3.4676098402748415e-16,4.1368263514458885e-07,-16.014633997772194,5,,COMPLETE
353,0.029115442471596815,0.06928215472310355,2026-03-19 21:31:30.267835,2026-03-19 21:31:31.573643,0 days 00:00:01.305808,4.3405450647496435,5.453576746965657,0.5341968161373091,49.043557213351974,52.47526554884281,4.41547464996025,0.19183253250855914,4.200000043430672,3.298031093768279e-07,2.4128326032315544e-16,9.48395100084578e-17,8.016219822808743e-08,-15.316187788554547,5,,COMPLETE
354,0.012423324785066985,0.19600283015801837,2026-03-19 21:31:31.574639,2026-03-19 21:31:32.894241,0 days 00:00:01.319602,4.230174928046367,5.470648770110241,0.6027730447351021,47.06282426109069,54.89632835068689,4.422133147595423,0.06425870728106069,4.244081571429584,3.29370605436416e-07,3.012382076275439e-17,1.6500490700262868e-18,8.016219822808743e-08,-15.896159196151439,5,,COMPLETE
355,0.011357348707413735,0.2606110958052786,2026-03-19 21:31:32.895238,2026-03-19 21:31:34.275167,0 days 00:00:01.379929,4.319317692943553,5.462262024503001,0.5628772404334216,46.46155446727974,54.28184644801791,4.2320487918709855,0.1385209548403867,4.301151923701084,3.28e-07,9.732146481911272e-18,1.667320306209928e-15,2.3795477341450494e-08,-15.82986621243128,5,,COMPLETE
356,0.008448375394757226,0.11763569754413636,2026-03-19 21:31:34.276164,2026-03-19 21:31:35.577352,0 days 00:00:01.301188,4.228569930482258,5.492885541501811,0.57,47.4559255839303,51.66024390511839,4.388114325381594,0.19183253250855914,4.200000043430672,3.265130796589844e-07,1.0000000000000014e-18,2.0000000000000017e-17,3.0000000000000015e-07,-16.354444994345954,5,,COMPLETE
357,,,2026-03-19 21:31:35.579345,2026-03-19 21:31:35.651105,0 days 00:00:00.071760,4.468075661760476,5.391516499246786,0.5282255481925329,48.99896687549282,52.47526554884281,4.2806985693121815,0.001794598390525459,4.272984229626048,3.265130796589844e-07,3.012382076275439e-17,2.0000000000000017e-17,8.958036117837931e-08,-17.498017643910664,5,,PRUNED
358,0.057426939992930755,0.08434053547877061,2026-03-19 21:31:35.652102,2026-03-19 21:31:36.856105,0 days 00:00:01.204003,4.34876373358029,5.492885541501811,0.5282255481925329,47.13750964873863,50.656872099270345,4.408754799560823,0.19905564278761914,4.200000043430672,3.2466300872574805e-07,1.0000000000000014e-18,5.5664498079681235e-15,3.0000000000000015e-07,-14.329893448042021,5,,COMPLETE
359,0.045728524690027694,0.08402943200555481,2026-03-19 21:31:36.858098,2026-03-19 21:31:38.112914,0 days 00:00:01.254816,4.267714831225531,5.453576746965657,0.5301812794359945,49.043557213351974,53.24357663931989,4.388114325381594,0.19183253250855914,4.43294945494321,3.2466300872574805e-07,2.4128326032315544e-16,1.270434807853579e-15,4.1368263514458885e-07,-15.543737237520705,5,,COMPLETE
360,0.04863922258749454,0.04984369087626171,2026-03-19 21:31:38.113911,2026-03-19 21:31:39.496311,0 days 00:00:01.382400,4.267714831225531,5.453576746965657,0.5282255481925329,47.40579182949398,54.28184644801791,4.379017340041488,0.14231859359146662,4.43294945494321,3.2514050297916917e-07,5.351209735926775e-15,2.4773151053990014e-17,2.3795477341450494e-08,-17.319963379327806,5,,COMPLETE
361,0.0890487175384279,0.16104422463834825,2026-03-19 21:31:39.497307,2026-03-19 21:31:41.019238,0 days 00:00:01.521931,4.434561079771458,5.483600938974763,0.57,48.40830545410283,51.925609867956574,4.362478392556494,0.0,4.200000043430672,3.28e-07,1.0000000000000014e-18,3.622671752270718e-15,3.0000000000000015e-07,-16.354444994345954,5,,COMPLETE
362,0.0056077010842867925,0.32870482778594123,2026-03-19 21:31:41.020235,2026-03-19 21:31:42.286039,0 days 00:00:01.265804,4.319317692943553,5.322051452369053,0.6234258800974195,48.40830545410283,50.656872099270345,4.362478392556494,0.0,4.28392459002068,3.3111952124065384e-07,1.0000000000000014e-18,2.0000000000000017e-17,1.432512374276229e-07,-16.354444994345954,5,,COMPLETE
363,0.03120428733022173,0.1233489171040856,2026-03-19 21:31:42.287043,2026-03-19 21:31:43.620134,0 days 00:00:01.333091,4.318470229328691,5.453576746965657,0.57,48.65125680618605,52.47526554884281,4.41547464996025,0.0005922815901913125,4.200000043430672,3.28e-07,1.2396381809147492e-17,2.0000000000000017e-17,8.016219822808743e-08,-16.354444994345954,5,,COMPLETE
364,0.043973583950877713,0.4589572274301819,2026-03-19 21:31:43.621131,2026-03-19 21:31:45.022478,0 days 00:00:01.401347,4.318470229328691,5.453576746965657,0.7617171779107199,49.003200575188735,54.21490889551873,4.41547464996025,0.2977344986297661,4.244081571429584,3.28e-07,3.012382076275439e-17,2.0000000000000017e-17,8.958036117837931e-08,-15.469268654277602,5,,COMPLETE
365,0.018969081311847925,0.10490078333339896,2026-03-19 21:31:45.024472,2026-03-19 21:31:46.374058,0 days 00:00:01.349586,4.2532925735181255,5.462262024503001,0.6126217948762744,46.46155446727974,53.24357663931989,4.2320487918709855,0.10499110346299284,4.223927318064577,3.28e-07,9.732146481911272e-18,1.270434807853579e-15,4.1368263514458885e-07,-17.617191031775373,5,,COMPLETE
366,0.030540792790133452,0.16329491572704238,2026-03-19 21:31:46.376051,2026-03-19 21:31:47.602360,0 days 00:00:01.226309,4.318470229328691,5.450920596252912,0.5282255481925329,48.40830545410283,53.24357663931989,4.408754799560823,0.034827626594469585,4.223927318064577,3.2466300872574805e-07,3.012382076275439e-17,5.5664498079681235e-15,8.958036117837931e-08,-14.329893448042021,5,,COMPLETE
367,0.01651733906956847,0.3543027929632822,2026-03-19 21:31:47.603358,2026-03-19 21:31:48.788911,0 days 00:00:01.185553,4.2532925735181255,5.3279828163718,0.6027730447351021,48.14132427045731,51.380845251933465,4.3227613474184645,0.10499110346299284,4.223927318064577,3.318023860686569e-07,1.0000000000000014e-18,2.0000000000000017e-17,4.1368263514458885e-07,-16.014633997772194,5,,COMPLETE
368,0.008340255028549622,0.10593065016940471,2026-03-19 21:31:48.790905,2026-03-19 21:31:50.032775,0 days 00:00:01.241870,4.228569930482258,5.453576746965657,0.57,47.4559255839303,52.205336490646054,4.388114325381594,0.14231859359146662,4.200000043430672,3.265130796589844e-07,1.0000000000000014e-18,2.0000000000000017e-17,3.0000000000000015e-07,-16.354444994345954,5,,COMPLETE
369,0.041331120528361694,0.05876546269977354,2026-03-19 21:31:50.034767,2026-03-19 21:31:51.373334,0 days 00:00:01.338567,4.267714831225531,5.492885541501811,0.5282255481925329,48.40830545410283,51.92160066737277,4.388114325381594,0.034827626594469585,4.272984229626048,3.28e-07,1.0427271680244793e-18,2.0000000000000017e-17,5.462734574178153e-08,-17.498017643910664,5,,COMPLETE
370,0.0096118655862763,0.03941310337369992,2026-03-19 21:31:51.374331,2026-03-19 21:31:52.708434,0 days 00:00:01.334103,4.2532925735181255,5.453576746965657,0.5301812794359945,49.043557213351974,53.6741958102092,4.206414179257943,0.14231859359146662,4.272984229626048,3.2514050297916917e-07,5.351209735926775e-15,6.133336401824595e-17,2.4095785601250737e-08,-15.82986621243128,6,,COMPLETE
371,0.01753301532089994,0.12436116379223003,2026-03-19 21:31:52.709431,2026-03-19 21:31:54.007107,0 days 00:00:01.297676,4.319317692943553,5.461123537494705,0.5628772404334216,47.40579182949398,54.28184644801791,4.379017340041488,0.0005922815901913125,4.200000043430672,3.28e-07,1.0000000000000014e-18,3.622671752270718e-15,4.1368263514458885e-07,-15.82986621243128,6,,COMPLETE
372,0.02087902136073824,0.538592844448708,2026-03-19 21:31:54.008103,2026-03-19 21:31:55.289359,0 days 00:00:01.281256,4.319317692943553,5.391516499246786,0.8394695731393009,46.179997000176996,53.24357663931989,4.362478392556494,0.19183253250855914,4.28392459002068,3.3111952124065384e-07,1.2909151900922188e-17,2.0000000000000017e-17,1.432512374276229e-07,-15.316187788554547,6,,COMPLETE
373,0.010840409356692391,0.22026077089617468,2026-03-19 21:31:55.290355,2026-03-19 21:31:56.497333,0 days 00:00:01.206978,4.2896184817788905,5.391516499246786,0.6027730447351021,48.99896687549282,52.47526554884281,4.2806985693121815,0.11148183412744567,4.288806446987535,3.289101223935627e-07,3.424394212420533e-15,1.6500490700262868e-18,8.958036117837931e-08,-15.91179835095826,6,,COMPLETE
374,0.008448375394757226,0.16888513469174535,2026-03-19 21:31:56.498329,2026-03-19 21:31:57.753017,0 days 00:00:01.254688,4.228569930482258,5.492885541501811,0.57,47.4559255839303,51.66024390511839,4.388114325381594,0.0,4.200000043430672,3.265130796589844e-07,1.0000000000000014e-18,2.0000000000000017e-17,3.0000000000000015e-07,-16.354444994345954,6,,COMPLETE
375,0.01713969096467471,0.09295097096784691,2026-03-19 21:31:57.754014,2026-03-19 21:31:59.121450,0 days 00:00:01.367436,4.3405450647496435,5.483600938974763,0.6027730447351021,48.99896687549282,52.47526554884281,4.2806985693121815,0.042339705909847265,4.288806446987535,3.31976483133612e-07,3.012382076275439e-17,3.4676098402748415e-16,1.5512647207195818e-08,-15.543737237520705,6,,COMPLETE
376,,,2026-03-19 21:31:59.122446,2026-03-19 21:31:59.200188,0 days 00:00:00.077742,4.443238026526518,5.391516499246786,0.6027730447351021,49.32842222891582,51.92160066737277,4.388114325381594,0.14231859359146662,4.244081571429584,3.2514050297916917e-07,3.012382076275439e-17,2.4773151053990014e-17,1.3244702486855526e-07,-17.319963379327806,6,,PRUNED
377,0.001835920183860553,0.1079527824240822,2026-03-19 21:31:59.201183,2026-03-19 21:32:00.460983,0 days 00:00:01.259800,4.230174928046367,5.392214340049664,0.5282255481925329,48.14132427045731,51.76880910273452,4.388114325381594,0.0,4.272984229626048,3.28e-07,5.351209735926775e-15,2.0000000000000017e-17,3.0000000000000015e-07,-16.354444994345954,6,,COMPLETE
378,0.009279979911524744,0.07405883990739812,2026-03-19 21:32:00.461980,2026-03-19 21:32:01.662994,0 days 00:00:01.201014,4.318470229328691,5.462262024503001,0.5341968161373091,48.40830545410283,53.24357663931989,4.362478392556494,0.14231859359146662,4.223927318064577,3.241393791685181e-07,1.7598272111335262e-15,2.0000000000000017e-17,1.5558799504293026e-07,-15.316187788554547,6,,COMPLETE
379,0.05386259562906415,0.20297004735761343,2026-03-19 21:32:01.663990,2026-03-19 21:32:03.060337,0 days 00:00:01.396347,4.267714831225531,5.3279828163718,0.5282255481925329,48.14132427045731,52.47526554884281,4.379017340041488,0.14231859359146662,4.43294945494321,3.28e-07,1.0000000000000014e-18,2.0000000000000017e-17,8.016219822808743e-08,-17.319963379327806,6,,COMPLETE
380,0.06536640375708776,0.1462678296046082,2026-03-19 21:32:03.061333,2026-03-19 21:32:04.515498,0 days 00:00:01.454165,4.319317692943553,5.492885541501811,0.5965613890271039,46.99495883646728,54.28184644801791,4.32700183737923,0.1385209548403867,4.460051177614863,3.3111952124065384e-07,5.351209735926775e-15,7.823434214204783e-15,6.344925211433327e-07,-16.95765398816705,6,,COMPLETE
381,0.013656931485926017,0.06446110567557159,2026-03-19 21:32:04.516501,2026-03-19 21:32:05.689583,0 days 00:00:01.173082,4.318470229328691,5.450920596252912,0.5218002027235429,49.043557213351974,51.76880910273452,4.362478392556494,0.07133102959515804,4.272984229626048,3.28e-07,1.0427271680244793e-18,2.0000000000000017e-17,3.0000000000000015e-07,-15.053807940147776,6,,COMPLETE
382,0.02100070461631684,0.3246802915981246,2026-03-19 21:32:05.690580,2026-03-19 21:32:07.252893,0 days 00:00:01.562313,4.3405450647496435,5.391516499246786,0.8500651518461931,48.17947573587195,53.24357663931989,4.287879233956659,0.19183253250855914,4.223927318064577,3.2941767660691936e-07,1.2909151900922188e-17,3.4676098402748415e-16,1.3872780768479107e-08,-16.014633997772194,6,,COMPLETE
383,0.03180600576754618,0.20071351220353875,2026-03-19 21:32:07.253889,2026-03-19 21:32:08.538608,0 days 00:00:01.284719,4.228569930482258,5.3279828163718,0.57,48.40830545410283,52.47526554884281,4.362478392556494,0.0,4.200000043430672,3.3146500591163147e-07,2.5352407288127564e-18,2.0000000000000017e-17,8.016219822808743e-08,-17.353214970467775,6,,COMPLETE
384,0.010934661066945841,0.18781999235389074,2026-03-19 21:32:08.539604,2026-03-19 21:32:09.824336,0 days 00:00:01.284732,4.3405450647496435,5.438668513805168,0.6027730447351021,48.14132427045731,53.24357663931989,4.422133147595423,0.0,4.244081571429584,3.28e-07,1.0000000000000014e-18,1.6500490700262868e-18,8.016219822808743e-08,-15.316187788554547,6,,COMPLETE
385,0.013756854544267547,0.13047798494841706,2026-03-19 21:32:09.825333,2026-03-19 21:32:11.122011,0 days 00:00:01.296678,4.228569930482258,5.462262024503001,0.6027730447351021,46.69798531351769,50.656872099270345,4.362478392556494,0.24311548268541233,4.272984229626048,3.28e-07,5.351209735926775e-15,2.0000000000000017e-17,3.0000000000000015e-07,-16.354444994345954,6,,COMPLETE
386,0.013754290417361726,0.05353991903529199,2026-03-19 21:32:11.124005,2026-03-19 21:32:12.563995,0 days 00:00:01.439990,4.318470229328691,5.432761154294956,0.5341968161373091,49.043557213351974,53.24357663931989,4.287879233956659,0.10499110346299284,4.31044456967978,3.289101223935627e-07,3.424394212420533e-15,2.0000000000000017e-17,1.0151118582893749e-08,-15.316187788554547,6,,COMPLETE
387,0.002300131141282838,0.7592037249077364,2026-03-19 21:32:12.565988,2026-03-19 21:32:14.004581,0 days 00:00:01.438593,4.318470229328691,5.483600938974763,0.9094872064202648,48.40830545410283,53.24357663931989,4.287879233956659,0.042339705909847265,4.325286903782194,3.29370605436416e-07,1.2909151900922188e-17,2.0000000000000017e-17,1.5512647207195818e-08,-15.543737237520705,6,,COMPLETE
388,0.03298894544395133,0.2633432981891011,2026-03-19 21:32:14.005578,2026-03-19 21:32:15.373461,0 days 00:00:01.367883,4.3531490470751235,5.331246822586966,0.6278086682644848,46.99495883646728,53.56774490080193,4.2806985693121815,0.042339705909847265,4.460051177614863,3.29370605436416e-07,1.2909151900922188e-17,3.4676098402748415e-16,1.5512647207195818e-08,-15.543737237520705,6,,COMPLETE
389,0.020557683281670625,0.059496896324168574,2026-03-19 21:32:15.374457,2026-03-19 21:32:16.681116,0 days 00:00:01.306659,4.319317692943553,5.453576746965657,0.5341968161373091,48.949243739377195,51.92160066737277,4.41547464996025,0.19183253250855914,4.244081571429584,3.28e-07,7.546229783695509e-17,2.0000000000000017e-17,8.016219822808743e-08,-15.543737237520705,6,,COMPLETE
390,0.04111955995218711,0.0808142279261188,2026-03-19 21:32:16.683110,2026-03-19 21:32:17.940917,0 days 00:00:01.257807,4.3531490470751235,5.493272243106385,0.5218002027235429,49.16542098564271,52.28892031697784,4.379017340041488,0.07133102959515804,4.402697278374927,3.265130796589844e-07,9.344376494123458e-15,2.0000000000000017e-17,3.0000000000000015e-07,-15.053807940147776,6,,COMPLETE
391,,,2026-03-19 21:32:17.941915,2026-03-19 21:32:18.011681,0 days 00:00:00.069766,4.267714831225531,5.492885541501811,0.5282255481925329,50.357874854603786,51.92160066737277,4.4341606875703095,0.14231859359146662,4.200000043430672,3.2514050297916917e-07,2.4128326032315544e-16,2.0000000000000017e-17,1.5558799504293026e-07,-17.498017643910664,6,,PRUNED
392,,,2026-03-19 21:32:18.012679,2026-03-19 21:32:18.082445,0 days 00:00:00.069766,4.2532925735181255,5.453576746965657,0.57,49.90563423777034,53.6741958102092,4.333440647977057,0.14231859359146662,4.200000043430672,3.2514050297916917e-07,2.4128326032315544e-16,2.0000000000000017e-17,2.4095785601250737e-08,-16.354444994345954,6,,PRUNED
393,0.020655132510427658,0.1331744588674153,2026-03-19 21:32:18.083441,2026-03-19 21:32:19.332592,0 days 00:00:01.249151,4.3405450647496435,5.468936604792058,0.5282255481925329,47.13750964873863,54.037840804508306,4.287879233956659,0.0005922815901913125,4.370464464131104,3.2466300872574805e-07,5.145208358185858e-17,1.0012362898446848e-18,6.690676032737693e-07,-15.543737237520705,6,,COMPLETE
394,0.016473495439293225,0.0940648897442617,2026-03-19 21:32:19.333589,2026-03-19 21:32:20.620299,0 days 00:00:01.286710,4.267714831225531,5.468936604792058,0.5282255481925329,48.40830545410283,53.56774490080193,4.287879233956659,0.024844277516737612,4.43294945494321,3.2466300872574805e-07,7.546229783695509e-17,2.0000000000000017e-17,2.810383297428139e-08,-16.014633997772194,6,,COMPLETE
395,0.025513704582623434,0.8224104180367144,2026-03-19 21:32:20.621296,2026-03-19 21:32:21.935888,0 days 00:00:01.314592,4.319317692943553,5.322051452369053,0.919557820855048,48.40830545410283,53.24357663931989,4.362478392556494,0.0,4.28392459002068,3.3111952124065384e-07,1.0000000000000014e-18,2.0000000000000017e-17,1.432512374276229e-07,-16.354444994345954,6,,COMPLETE
396,0.009212688459142356,0.11678668353406543,2026-03-19 21:32:21.936885,2026-03-19 21:32:23.256489,0 days 00:00:01.319604,4.3405450647496435,5.468936604792058,0.5341968161373091,47.13750964873863,53.24357663931989,4.287879233956659,0.14231859359146662,4.223927318064577,3.2466300872574805e-07,7.546229783695509e-17,1.0012362898446848e-18,1.5558799504293026e-07,-15.316187788554547,6,,COMPLETE
