number,values_0,values_1,datetime_start,datetime_complete,duration,params_E_d_sh,params_E_v,params_G_frac,params_N_t_d,params_N_t_sh,params_W_L,params_W_R,params_W_R_sclc,params_d_sclc,params_l1_C_n_bulk,params_l1_k_dir,params_l1_mu_p,params_mu_e,system_attrs_NSGAIISampler:generation,system_attrs_fixed_params,state
57,,,2026-03-19 21:25:47.345717,2026-03-19 21:25:47.421478,0 days 00:00:00.075761,4.475968658057384,5.430456139225838,0.6081089499602242,49.60409931422927,52.385749210580045,4.261864584629911,0.18714387601876598,4.431892958942264,3.3194005645946353e-07,3.4672267241481623e-15,1.091258874897903e-17,2.086123158510501e-08,-16.538366404071333,0,,PRUNED
58,,,2026-03-19 21:25:47.423475,2026-03-19 21:25:47.493248,0 days 00:00:00.069773,4.448858415736192,5.423775396294251,0.6587340544170939,48.599124849476546,50.821650792726906,4.265888721940161,0.11069848992043031,4.281340427365448,3.284066125437944e-07,6.313242742919069e-18,1.5059384248666716e-17,1.5052168792515824e-07,-17.847963459355046,0,,PRUNED
59,0.03826568379997344,0.10614734191546368,2026-03-19 21:25:47.494245,2026-03-19 21:25:48.813895,0 days 00:00:01.319650,4.259511849843952,5.493272243106385,0.5965613890271039,46.99495883646728,53.56774490080193,4.32700183737923,0.07133102959515804,4.402697278374927,3.28023156757562e-07,9.344376494123458e-15,3.4676098402748415e-16,2.682994251500255e-08,-15.053807940147776,0,,COMPLETE
60,0.0811682536315657,0.35523044646078367,2026-03-19 21:25:48.815895,2026-03-19 21:25:50.597298,0 days 00:00:01.781403,4.35372904997888,5.382821740744632,0.8769130444884796,46.87191559640283,54.90660263617629,4.20504186733048,0.22712567975649778,4.385068342682114,3.24109015281689e-07,2.0457898670940099e-16,3.4851419259628856e-16,7.025897299115712e-07,-16.39587548748777,0,,COMPLETE
61,,,2026-03-19 21:25:50.599291,2026-03-19 21:25:50.669129,0 days 00:00:00.069838,4.263963815231647,5.472740524047586,0.5692932411448106,49.274363133416756,51.749362203905655,4.480988540297755,0.03193320102890832,4.344621679036766,3.3051971171500124e-07,4.777033756560855e-15,2.966314884311192e-18,3.779107084868572e-08,-16.52808841666377,0,,PRUNED
62,,,2026-03-19 21:25:50.669129,2026-03-19 21:25:50.742818,0 days 00:00:00.073689,4.409637801453315,5.418485228983284,0.9593904792221413,46.61250513129055,54.04836924880284,4.367792664213654,0.021499072434429577,4.496086531312512,3.2980475006047913e-07,3.0946561508892093e-17,1.2046871226363913e-16,3.844921657018242e-07,-17.89046285091579,0,,PRUNED
63,0.08129777202756062,0.34603231514336613,2026-03-19 21:25:50.743822,2026-03-19 21:25:51.649524,0 days 00:00:00.905702,4.330730046574226,5.43277017039602,0.7115644387239066,49.85303855043141,52.033804535859694,4.251310225754971,0.25796620305108875,4.291711614527442,3.2445493063754297e-07,6.904933465985595e-15,4.58302438773414e-18,9.676838836659794e-07,-14.825884701144751,0,,COMPLETE
64,0.07720346426355323,0.35992563180257353,2026-03-19 21:25:51.650520,2026-03-19 21:25:52.876629,0 days 00:00:01.226109,4.235056376816025,5.440998878999884,0.675238186237048,46.44197738921332,54.586304573130015,4.228703416648351,0.17196381298234265,4.219850420240982,3.2855015310843884e-07,1.839904742305928e-15,1.0660946205630287e-18,8.146374748016269e-08,-14.256232778806268,0,,COMPLETE
65,0.08184615331512916,0.6660505888952594,2026-03-19 21:25:52.878623,2026-03-19 21:25:54.764625,0 days 00:00:01.886002,4.3004449983989,5.3307558701955395,0.991700792970337,46.580513247717825,50.99004662717762,4.478040819406287,0.2728612760661973,4.281047349227798,3.273172495790886e-07,4.845777985996049e-17,4.552772813757158e-16,2.0723411284571576e-08,-18.23774838298287,0,,COMPLETE
66,0.030901315618785206,0.11761652810998084,2026-03-19 21:25:54.766617,2026-03-19 21:25:56.041847,0 days 00:00:01.275230,4.318470229328691,5.450920596252912,0.5341968161373091,49.043557213351974,53.24357663931989,4.287879233956659,0.10499110346299284,4.223927318064577,3.318023860686569e-07,8.681442506183188e-18,3.029556963807351e-18,4.1368263514458885e-07,-16.014633997772194,0,,COMPLETE
67,,,2026-03-19 21:25:56.042844,2026-03-19 21:25:56.115667,0 days 00:00:00.072823,4.455149382911124,5.42988291509453,0.7496946289746078,47.89254176403435,53.53106739027357,4.369678220053873,0.0022061679496984785,4.241882834073806,3.309307262291357e-07,5.88597289157643e-17,2.612198356823104e-18,2.6781023524485946e-07,-15.151091476614084,0,,PRUNED
68,,,2026-03-19 21:25:56.116676,2026-03-19 21:25:56.193349,0 days 00:00:00.076673,4.226812947092395,5.39221984167131,0.9899802733421807,49.84721310667122,51.192496484144385,4.345304873758081,0.1804920040247747,4.203610289198417,3.3171903729091157e-07,1.9974769309821854e-18,2.9328225083316882e-18,1.2216058422660276e-08,-15.746915475159387,0,,PRUNED
69,0.02719831933819837,1.0533137335292173,2026-03-19 21:25:56.194343,2026-03-19 21:25:57.718619,0 days 00:00:01.524276,4.299553352997998,5.321437752784991,0.869840241026395,46.200887136795,51.76880910273452,4.341337239857727,0.20008790988147718,4.33978270077384,3.244557805462503e-07,1.0427271680244793e-18,7.690855397819676e-18,8.998182134183037e-07,-17.674199812873134,0,,COMPLETE
70,,,2026-03-19 21:25:57.719625,2026-03-19 21:25:57.794371,0 days 00:00:00.074746,4.395153611950973,5.428121802019783,0.9447472742161069,46.92310326056211,54.860924081986724,4.322112345124476,0.2969516873708979,4.321038243347533,3.301148564696124e-07,6.519652546313421e-15,3.717678868646567e-18,3.015099387479936e-07,-15.620164614624244,0,,PRUNED
71,0.019592673496433198,0.07323130461728153,2026-03-19 21:25:57.795375,2026-03-19 21:25:59.212731,0 days 00:00:01.417356,4.319317692943553,5.461123537494705,0.5628772404334216,47.40579182949398,54.28184644801791,4.379017340041488,0.1385209548403867,4.301151923701084,3.3111952124065384e-07,5.351209735926775e-15,6.133336401824595e-17,2.3795477341450494e-08,-15.82986621243128,0,,COMPLETE
72,0.03909583046743876,0.3084481289046495,2026-03-19 21:25:59.213726,2026-03-19 21:26:00.360300,0 days 00:00:01.146574,4.34876373358029,5.413846453160558,0.7389107415529386,47.13750964873863,52.6574561008102,4.408754799560823,0.2211107113942448,4.471496588274523,3.2466300872574805e-07,1.572843851414615e-17,5.5664498079681235e-15,2.1211022282512912e-07,-15.976721339017203,0,,COMPLETE
73,0.08556485816837218,0.27947438078753073,2026-03-19 21:26:00.362293,2026-03-19 21:26:01.881884,0 days 00:00:01.519591,4.333243579356075,5.334132692211893,0.6113012759156773,46.495443094733886,53.556343307157945,4.2802330677401015,0.017591482008026293,4.415109112711178,3.30411352722058e-07,2.122574649307623e-15,1.7839359145838352e-16,2.0514385168265846e-07,-18.2251367044064,0,,COMPLETE
74,,,2026-03-19 21:26:01.883877,2026-03-19 21:26:01.969688,0 days 00:00:00.085811,4.47744380228996,5.303252616344318,0.7012741398112721,46.17124001563725,52.23801732430181,4.4216641903642415,0.22757526848632936,4.355501037310218,3.2907338552029244e-07,2.3490832466011375e-18,1.504161845232127e-17,4.1749407681270125e-07,-15.271476471028816,0,,PRUNED
75,,,2026-03-19 21:26:01.970692,2026-03-19 21:26:02.044450,0 days 00:00:00.073758,4.241201776163509,5.317328991113574,0.5407707083683375,50.04677826588472,53.07223224067514,4.2086074375738445,0.2873018019837144,4.286553750861364,3.2659330560828976e-07,1.2931573628474415e-17,3.6228081178302197e-16,1.6096916256248032e-07,-17.17749721529677,0,,PRUNED
76,0.07047320168719413,0.174234315576766,2026-03-19 21:26:02.045449,2026-03-19 21:26:03.439495,0 days 00:00:01.394046,4.300145173086046,5.391338680236363,0.6026243208583768,48.213123225078206,54.06389256657432,4.239239545094999,0.225873845921823,4.499044212344149,3.2899662403831355e-07,8.73471063937195e-15,7.133916186378627e-18,4.3613630888924885e-08,-16.519649175902625,0,,COMPLETE
77,0.006980590202573963,0.5070492892722291,2026-03-19 21:26:03.441494,2026-03-19 21:26:05.143951,0 days 00:00:01.702457,4.274762198714942,5.391516499246786,0.894590685148065,47.20729398870824,54.89632835068689,4.422133147595423,0.06425870728106069,4.31044456967978,3.289101223935627e-07,3.424394212420533e-15,1.6500490700262868e-18,1.0151118582893749e-08,-15.896159196151439,0,,COMPLETE
78,0.0511211604260199,0.9078004605403148,2026-03-19 21:26:05.144947,2026-03-19 21:26:06.109777,0 days 00:00:00.964830,4.350051731080694,5.4224643997875965,0.9671521002052602,49.64416258348254,51.82768267519932,4.228047465748666,0.13239578527817283,4.244810190827154,3.24551617617065e-07,1.3403435692527346e-17,7.934276143530724e-17,1.9227517272607117e-07,-15.204907848064252,0,,COMPLETE
79,,,2026-03-19 21:26:06.110769,2026-03-19 21:26:06.186519,0 days 00:00:00.075750,4.255474025472701,5.357040081507639,0.8668825826196627,49.06541193710533,51.314430644914864,4.441711574354863,0.13384007032085704,4.4402861184498255,3.286570851438169e-07,4.1456330909100955e-16,6.258715202458953e-16,4.0326980896827627e-07,-17.123062540174367,0,,PRUNED
80,,,2026-03-19 21:26:06.188512,2026-03-19 21:26:06.274228,0 days 00:00:00.085716,4.316239311029799,5.423480990665493,0.9836458214269423,50.64216531046146,55.19503971069406,4.394832484889728,0.058927675163497825,4.367437641696771,3.298304183492512e-07,3.8248961103065087e-17,2.122485972600942e-16,5.687310045515585e-07,-17.28637126585096,0,,PRUNED
81,,,2026-03-19 21:26:06.275224,2026-03-19 21:26:06.358950,0 days 00:00:00.083726,4.251449098644438,5.48196977611282,0.5474713374251072,48.8271778087361,51.90103047182667,4.405390926849686,0.22554012009777075,4.495227355328292,3.3077362290746827e-07,5.388450200495087e-16,6.905497724445081e-17,1.5748418110878096e-08,-17.808611496093988,0,,PRUNED
82,0.045734412214429,0.2968797999112646,2026-03-19 21:26:06.360946,2026-03-19 21:26:07.880518,0 days 00:00:01.519572,4.357132264358259,5.461893342011245,0.7787247246520914,46.903082468962026,53.57312509748542,4.360857583653104,0.10449185059661723,4.312301866839118,3.291978371285337e-07,1.4816809811947853e-15,4.996183632254113e-16,7.368004600434728e-08,-16.231242767626767,0,,COMPLETE
83,0.08092529410442964,0.45522135721322715,2026-03-19 21:26:07.882522,2026-03-19 21:26:09.363038,0 days 00:00:01.480516,4.424915307910806,5.347033294995425,0.7430907378913871,49.196431710817656,53.087411346579024,4.290033568502862,0.11750899081981872,4.259860321712034,3.2951817541757877e-07,2.241019703083943e-16,7.953008675217265e-15,1.1927256509157876e-08,-14.343139109584449,0,,COMPLETE
84,0.0663151044738438,0.23663160269674072,2026-03-19 21:26:09.365042,2026-03-19 21:26:10.770406,0 days 00:00:01.405364,4.266586307083744,5.384084438221923,0.6306031139566807,46.21884900785695,51.63402455697004,4.381119018992183,0.12680647595940794,4.405215681866038,3.288047973099024e-07,4.670960193279249e-15,2.826173315549693e-17,2.040812002117487e-08,-14.09008871289361,0,,COMPLETE
85,0.04970655399185645,0.06299431849945393,2026-03-19 21:26:10.771404,2026-03-19 21:26:12.124167,0 days 00:00:01.352763,4.267714831225531,5.492885541501811,0.5282255481925329,47.4559255839303,51.92160066737277,4.388114325381594,0.034827626594469585,4.43294945494321,3.265130796589844e-07,7.546229783695509e-17,2.4773151053990014e-17,1.3244702486855526e-07,-17.498017643910664,0,,COMPLETE
86,,,2026-03-19 21:26:12.125166,2026-03-19 21:26:12.195927,0 days 00:00:00.070761,4.466684108238061,5.330087223992516,0.8542430256112785,46.600125854131086,52.863644172973984,4.335562249754323,0.0837447383921175,4.315454898835778,3.2601527224955216e-07,1.1420593131247601e-18,4.121692548365987e-17,1.6813451605526388e-07,-16.512562722384576,0,,PRUNED
87,0.031930443402939566,0.39394150046599313,2026-03-19 21:26:12.196924,2026-03-19 21:26:13.519901,0 days 00:00:01.322977,4.3531490470751235,5.478653186546921,0.5506619147538803,49.16542098564271,52.28892031697784,4.207401292751932,0.11990900582921987,4.460051177614863,3.2496318478803284e-07,6.537940805669209e-16,7.823434214204783e-15,1.132591000516473e-08,-14.184065506104531,0,,COMPLETE
88,,,2026-03-19 21:26:13.520898,2026-03-19 21:26:13.592660,0 days 00:00:00.071762,4.461496388053143,5.429708219705322,0.6969921515242411,49.026123081030846,51.68672950092762,4.449714005446883,0.06170665948869419,4.402135616071029,3.3134708452365596e-07,1.699688715242285e-18,1.3430309753391877e-18,4.106494810375261e-08,-16.93697773144928,0,,PRUNED
89,,,2026-03-19 21:26:13.594654,2026-03-19 21:26:13.669406,0 days 00:00:00.074752,4.390644458724573,5.435511883051706,0.7640172506952287,49.74746488419972,50.80859181013784,4.485539557432605,0.2925247260727004,4.4502211428710785,3.253736693887501e-07,3.627822790994256e-18,1.6643308029872092e-17,6.188537682567541e-08,-14.314389184023517,0,,PRUNED
90,0.05817972618850255,0.5235698451122501,2026-03-19 21:26:13.670402,2026-03-19 21:26:15.013976,0 days 00:00:01.343574,4.428468419713068,5.320881137972533,0.7462747892230767,49.0897139125683,50.76703368750529,4.2484861523092095,0.10326155997016442,4.4697193013991035,3.306850789096708e-07,3.0928557000405203e-16,2.2235552338642914e-18,1.5146872595351984e-07,-14.869998690705337,0,,COMPLETE
91,0.0654866810114146,0.5940038740969452,2026-03-19 21:26:15.015970,2026-03-19 21:26:16.514297,0 days 00:00:01.498327,4.267714831225531,5.492885541501811,0.8673390205931892,46.495443094733886,51.92160066737277,4.388114325381594,0.034827626594469585,4.43294945494321,3.265130796589844e-07,7.546229783695509e-17,2.4773151053990014e-17,2.0514385168265846e-07,-18.2251367044064,1,,COMPLETE
92,0.016007721032051732,0.22420398530071137,2026-03-19 21:26:16.515294,2026-03-19 21:26:17.787072,0 days 00:00:01.271778,4.228569930482258,5.462262024503001,0.6234258800974195,48.87284897349803,51.0877543582062,4.362478392556494,0.0,4.200000043430672,3.28e-07,7.253884784914862e-17,1.194648300265504e-16,3.0000000000000015e-07,-16.354444994345954,1,,COMPLETE
93,0.07754835664214145,0.8759425320674687,2026-03-19 21:26:17.789065,2026-03-19 21:26:19.114411,0 days 00:00:01.325346,4.299553352997998,5.321437752784991,0.6329998646012414,48.52387910081135,51.127518036635706,4.4442394183319065,0.01564992251192918,4.366958566500349,3.244557805462503e-07,1.0427271680244793e-18,4.447334075863192e-16,3.612711586812678e-07,-17.674199812873134,1,,COMPLETE
94,0.07064908906239613,0.5693271291893639,2026-03-19 21:26:19.115408,2026-03-19 21:26:20.686226,0 days 00:00:01.570818,4.2896184817788905,5.3389215009924795,0.8868301284002373,48.86901725029182,54.76146902000218,4.326547218999838,0.11646597693490786,4.337923954711188,3.31976483133612e-07,1.61873135199539e-17,3.086306443624157e-17,8.958036117837931e-08,-17.188376529270933,1,,COMPLETE
95,0.08350944364100689,0.4140546379719265,2026-03-19 21:26:20.688220,2026-03-19 21:26:22.423073,0 days 00:00:01.734853,4.35372904997888,5.351198532600396,0.8769130444884796,46.87191559640283,54.90660263617629,4.20504186733048,0.22712567975649778,4.4293323274528085,3.24109015281689e-07,3.9643727653890556e-17,3.4851419259628856e-16,7.025897299115712e-07,-16.39587548748777,1,,COMPLETE
96,0.07070394877236728,0.3465711046447356,2026-03-19 21:26:22.424070,2026-03-19 21:26:24.011079,0 days 00:00:01.587009,4.473427830746063,5.444320065674816,0.6677073155599524,48.461194170917985,50.84664280938357,4.481607101184512,0.10832817684958922,4.255783199090095,3.2993213366364137e-07,2.4930957573899882e-17,4.756733350384416e-15,2.0624927885590897e-08,-15.028798103618811,1,,COMPLETE
97,0.023459001071504434,0.44394147532376266,2026-03-19 21:26:24.012076,2026-03-19 21:26:25.097472,0 days 00:00:01.085396,4.428468419713068,5.320881137972533,0.6006005251189175,49.09144350481227,50.76703368750529,4.2806985693121815,0.20262683143865845,4.288806446987535,3.29370605436416e-07,3.0928557000405203e-16,2.2235552338642914e-18,2.887095249334018e-07,-14.869998690705337,1,,COMPLETE
98,0.07242025511502925,0.30135852507757627,2026-03-19 21:26:25.098468,2026-03-19 21:26:26.443895,0 days 00:00:01.345427,4.428468419713068,5.444320065674816,0.6677073155599524,49.0897139125683,50.84664280938357,4.3804508608234,0.10326155997016442,4.4697193013991035,3.306850789096708e-07,2.3493739337492107e-17,2.2235552338642914e-18,2.0624927885590897e-08,-14.869998690705337,1,,COMPLETE
99,0.021971531098030777,0.2557195708741216,2026-03-19 21:26:26.444892,2026-03-19 21:26:27.652878,0 days 00:00:01.207986,4.262588909121974,5.432761154294956,0.6098708689929346,48.74355087388621,53.24357663931989,4.287879233956659,0.10499110346299284,4.223927318064577,3.318023860686569e-07,1.2888140741785218e-18,1.2855038114384528e-18,1.4124333922459682e-07,-15.316187788554547,1,,COMPLETE
100,0.03274212858187085,0.04249788182296136,2026-03-19 21:26:27.653875,2026-03-19 21:26:28.919673,0 days 00:00:01.265798,4.3531490470751235,5.492885541501811,0.5506619147538803,49.16542098564271,52.28892031697784,4.207401292751932,0.11990900582921987,4.460051177614863,3.265130796589844e-07,4.1892324534093865e-16,7.823434214204783e-15,6.344925211433327e-07,-14.184065506104531,1,,COMPLETE
101,0.009234506631062499,0.8628995973793745,2026-03-19 21:26:28.921668,2026-03-19 21:26:30.178539,0 days 00:00:01.256871,4.319317692943553,5.461123537494705,0.9723542126106088,48.40830545410283,50.656872099270345,4.379017340041488,0.1385209548403867,4.200000043430672,3.28e-07,1.0000000000000014e-18,2.0000000000000017e-17,3.0000000000000015e-07,-15.82986621243128,1,,COMPLETE
102,0.020185767260272002,0.46709139600158733,2026-03-19 21:26:30.180539,2026-03-19 21:26:31.595831,0 days 00:00:01.415292,4.229511130744973,5.348452356584094,0.7742813757045286,46.200887136795,51.76880910273452,4.341337239857727,0.20008790988147718,4.272984229626048,3.2791494336343665e-07,1.0427271680244793e-18,7.690855397819676e-18,4.887457437095927e-08,-16.222910751201194,1,,COMPLETE
103,0.0998847573257852,0.3638900916178781,2026-03-19 21:26:31.596835,2026-03-19 21:26:32.645361,0 days 00:00:01.048526,4.262588909121974,5.432761154294956,0.7713030548758806,48.74355087388621,52.670342316823174,4.257718294936943,0.09092484210382328,4.450645236208291,3.2638518919643426e-07,1.2888140741785218e-18,3.6349397841884486e-16,1.155862614285484e-08,-18.304638871935044,1,,COMPLETE
104,0.09034195242721763,0.2133914519255526,2026-03-19 21:26:32.646358,2026-03-19 21:26:33.977934,0 days 00:00:01.331576,4.462256187006467,5.485357501246611,0.6329998646012414,48.52387910081135,51.127518036635706,4.4442394183319065,0.01564992251192918,4.366958566500349,3.314923111810532e-07,3.448155191608635e-17,4.447334075863192e-16,3.612711586812678e-07,-15.723866886406288,1,,COMPLETE
105,,,2026-03-19 21:26:33.978932,2026-03-19 21:26:34.077613,0 days 00:00:00.098681,4.3914057235179405,5.321437752784991,0.9612707686656277,49.19235286534808,51.76880910273452,4.206743308170327,0.2011449961296962,4.32538538153579,3.2748761614221843e-07,1.0427271680244793e-18,7.690855397819676e-18,8.998182134183037e-07,-17.674199812873134,1,,PRUNED
106,0.03603724719975464,0.5958567874131622,2026-03-19 21:26:34.078612,2026-03-19 21:26:35.481948,0 days 00:00:01.403336,4.2896184817788905,5.3389215009924795,0.8868301284002373,46.44197738921332,54.586304573130015,4.228703416648351,0.001794598390525459,4.337923954711188,3.31976483133612e-07,1.61873135199539e-17,3.086306443624157e-17,8.146374748016269e-08,-17.188376529270933,1,,COMPLETE
107,0.07800935754352699,0.24570749010515072,2026-03-19 21:26:35.482945,2026-03-19 21:26:36.993880,0 days 00:00:01.510935,4.266586307083744,5.384084438221923,0.6306031139566807,46.21884900785695,51.63402455697004,4.381119018992183,0.12680647595940794,4.249754159238055,3.288047973099024e-07,4.670960193279249e-15,7.715643578846318e-17,2.040812002117487e-08,-14.09008871289361,1,,COMPLETE
108,0.07860349399986338,0.2713042917008196,2026-03-19 21:26:36.996870,2026-03-19 21:26:38.176662,0 days 00:00:01.179792,4.263099648631904,5.393511206513984,0.6677073155599524,49.70976264217245,50.84664280938357,4.297033264107791,0.17156762951823304,4.255783199090095,3.2993213366364137e-07,5.168571108070046e-18,5.262580148986729e-17,3.775736500346297e-07,-15.93091211311102,1,,COMPLETE
109,0.08005328263618118,2.0415255152895653,2026-03-19 21:26:38.178656,2026-03-19 21:26:39.613339,0 days 00:00:01.434683,4.356749145553086,5.3409520488290125,0.6905197913415055,48.27089202982735,53.98308052824676,4.47230555089246,0.021417067203409957,4.205876063150894,3.2490941442890965e-07,3.924374922611037e-17,1.7066194031494323e-18,1.749935960181957e-07,-16.271597808497233,1,,COMPLETE
110,0.012088433656348456,0.2579823011919193,2026-03-19 21:26:39.614336,2026-03-19 21:26:41.003759,0 days 00:00:01.389423,4.230174928046367,5.456853027108453,0.6027730447351021,49.09144350481227,52.47526554884281,4.2806985693121815,0.08462684697157842,4.244081571429584,3.29370605436416e-07,3.012382076275439e-17,1.0012362898446848e-18,8.016219822808743e-08,-15.469268654277602,1,,COMPLETE
111,,,2026-03-19 21:26:41.005753,2026-03-19 21:26:41.080507,0 days 00:00:00.074754,4.3405450647496435,5.453576746965657,0.8496938332653581,48.87812692941407,53.6741958102092,4.498590787888908,0.19183253250855914,4.320901363743553,3.241913420091286e-07,2.4128326032315544e-16,1.228180185596594e-16,1.9529672327164648e-08,-17.319963379327806,1,,PRUNED
112,,,2026-03-19 21:26:41.081505,2026-03-19 21:26:41.156280,0 days 00:00:00.074775,4.3471927203173,5.440998878999884,0.6972972806717485,46.44197738921332,54.586304573130015,4.399905020724873,0.06398322754648965,4.26885241251271,3.298035245927322e-07,6.673484871112988e-17,5.904712822578017e-16,7.108320048133883e-08,-18.09760750262865,1,,PRUNED
113,0.04256206876877737,0.4127940920062696,2026-03-19 21:26:41.158271,2026-03-19 21:26:42.497850,0 days 00:00:01.339579,4.330283724397975,5.3389215009924795,0.7584149747036415,47.076411986987885,50.988163550162284,4.415749567617498,0.001794598390525459,4.337923954711188,3.3144245173971245e-07,1.61873135199539e-17,3.086306443624157e-17,4.894547161019662e-08,-14.689826029234604,1,,COMPLETE
