number,values_0,values_1,datetime_start,datetime_complete,duration,params_E_d_sh,params_E_v,params_G_frac,params_N_t_d,params_N_t_sh,params_W_L,params_W_R,params_W_R_sclc,params_d_sclc,params_l1_C_n_bulk,params_l1_k_dir,params_l1_mu_p,params_mu_e,system_attrs_NSGAIISampler:generation,system_attrs_fixed_params,state
0,0.0015424295905973483,0.16668103351643057,2026-03-19 21:25:03.707681,2026-03-19 21:25:05.201877,0 days 00:00:01.494196,4.228569930482258,5.462262024503001,0.57,48.40830545410283,50.656872099270345,4.362478392556494,0.0,4.200000043430672,3.28e-07,1e-18,2e-17,3e-07,-16.354444994345954,0,"{'d_sclc': 3.28e-07, 'W_L': 4.362478392556494, 'W_R_sclc': 4.200000043430672, 'mu_e': -16.354444994345954, 'E_d_sh': 4.228569930482258, 'N_t_sh': 50.656872099270345, 'N_t_d': 48.40830545410283, 'W_R': 0, 'G_frac': 0.57, 'l1_k_dir': 2e-17, 'l1_C_n_bulk': 1e-18, 'l1_mu_p': 3e-07}",COMPLETE
1,0.031929087105008636,0.468331545725394,2026-03-19 21:25:05.202874,2026-03-19 21:25:06.411951,0 days 00:00:01.209077,4.2586769190555165,5.392484240366579,0.8065465661705988,48.335276199113295,53.09125646523925,4.269567211880239,0.07100975451049597,4.25465151642474,3.271160376931882e-07,6.2751299971167014e-15,8.118932792858218e-16,2.5175653219885834e-07,-15.420603276278884,0,,COMPLETE
2,,,2026-03-19 21:25:06.412946,2026-03-19 21:25:06.471752,0 days 00:00:00.058806,4.37869881841892,5.383477319769901,0.6320462107980076,46.18776793628591,54.27705344208669,4.3293350658880545,0.15230565107072377,4.3209772276325085,3.2929439510896837e-07,4.0374252898101394e-17,1.9927594945738248e-17,1.2927926637114733e-07,-16.76346028982101,0,,PRUNED
3,,,2026-03-19 21:25:06.472748,2026-03-19 21:25:06.531554,0 days 00:00:00.058806,4.427805865788013,5.326109752317796,0.943564790775815,48.79864856918606,53.3069833541693,4.365479794044434,0.2660207269707838,4.389041121684797,3.248577509151371e-07,4.227092911462536e-18,8.408417085353857e-16,2.113917962665851e-08,-15.975073391895839,0,,PRUNED
4,,,2026-03-19 21:25:06.531554,2026-03-19 21:25:06.586374,0 days 00:00:00.054820,4.4754113311240475,5.3021900950358285,0.9163430318705726,47.69339056730417,53.46622073432907,4.488557536982088,0.15355726361005487,4.33170579442998,3.283323841530363e-07,7.933548743299096e-18,6.323761042333629e-17,7.942219425286257e-08,-17.52258315603866,0,,PRUNED
5,0.07070394877236728,0.3465711046447356,2026-03-19 21:25:06.587379,2026-03-19 21:25:07.504211,0 days 00:00:00.916832,4.473427830746063,5.444320065674816,0.6677073155599524,48.461194170917985,50.84664280938357,4.481607101184512,0.10832817684958922,4.255783199090095,3.2993213366364137e-07,2.3493739337492107e-17,4.756733350384416e-15,2.0624927885590897e-08,-15.028798103618811,0,,COMPLETE
6,0.02081742322706187,0.5200861460709646,2026-03-19 21:25:07.505207,2026-03-19 21:25:09.002668,0 days 00:00:01.497461,4.3082215610716545,5.435203710574848,0.7353827201923289,48.04567534456783,54.48829531002765,4.225306970131729,0.2640848275771305,4.247524420098144,3.3139554636256997e-07,3.0136901829344866e-16,5.1726654089715444e-15,2.208960112563991e-08,-16.041312013786943,0,,COMPLETE
7,,,2026-03-19 21:25:09.003664,2026-03-19 21:25:09.063469,0 days 00:00:00.059805,4.391135222355522,5.395191783589366,0.8427858062617775,49.68053817949809,53.12496999465366,4.388929999288662,0.21701911039202343,4.297746595395442,3.243950686587153e-07,7.737942016101126e-15,1.3085209657050807e-17,4.504914139457439e-08,-16.001577415299618,0,,PRUNED
8,0.028793690026683083,0.21392224300104276,2026-03-19 21:25:09.064464,2026-03-19 21:25:10.048242,0 days 00:00:00.983778,4.356601063939713,5.456853027108453,0.6027730447351021,49.09144350481227,52.47526554884281,4.2806985693121815,0.20262683143865845,4.288806446987535,3.29370605436416e-07,3.012382076275439e-17,1.0012362898446848e-18,2.887095249334018e-07,-15.469268654277602,0,,COMPLETE
9,0.01504738147252109,0.5022238713106173,2026-03-19 21:25:10.049249,2026-03-19 21:25:11.118783,0 days 00:00:01.069534,4.229511130744973,5.348452356584094,0.7742813757045286,47.49134114453448,51.10358605416812,4.35293176648043,0.2566193831972892,4.272984229626048,3.2791494336343665e-07,1.1827536280614385e-18,9.533200669522454e-17,3.3612865633633655e-08,-16.222910751201194,0,,COMPLETE
10,,,2026-03-19 21:25:11.119780,2026-03-19 21:25:11.176585,0 days 00:00:00.056805,4.336752295534255,5.346214143378205,0.8341409836390055,50.244712334313654,54.208332808295566,4.345712557364651,0.16101397369529294,4.3797658513826825,3.282208791930488e-07,1.5782338321761972e-15,3.246587507464948e-17,7.365524691397998e-08,-15.66105976359528,0,,PRUNED
11,,,2026-03-19 21:25:11.177582,2026-03-19 21:25:11.237385,0 days 00:00:00.059803,4.397297595823119,5.360063266230859,0.8182434005542673,48.551900307279475,54.43146547732047,4.484827723929687,0.09602061940811325,4.379353089171701,3.266144904545979e-07,2.8244183411949715e-16,5.5253808493582583e-17,3.4348323295810194e-08,-17.52748662114151,0,,PRUNED
12,,,2026-03-19 21:25:11.238383,2026-03-19 21:25:11.296191,0 days 00:00:00.057808,4.24385568658487,5.31000062817287,0.9189354216822332,50.12259238005933,53.68634680601971,4.393795205642647,0.19900810926705118,4.40801016898028,3.291894375405661e-07,2.3459213047577425e-17,1.2846361043522967e-18,4.762421484099063e-08,-16.353835330527545,0,,PRUNED
13,0.02559512432493857,0.4527179976713794,2026-03-19 21:25:11.297188,2026-03-19 21:25:12.241967,0 days 00:00:00.944779,4.253096159355281,5.368020826765707,0.5385335125252432,47.36535427304118,51.08827625904801,4.413068294915571,0.25896608688986655,4.453492543620505,3.2861313272919527e-07,3.679712345652704e-18,3.943949881125555e-18,9.111348599316829e-07,-14.514228277978644,0,,COMPLETE
14,,,2026-03-19 21:25:12.243961,2026-03-19 21:25:12.318792,0 days 00:00:00.074831,4.268509092377871,5.377193087036819,0.9049989115038086,50.387054719498856,54.597440318817156,4.248865220528901,0.07638246805060057,4.389855547385547,3.2870196517524964e-07,1.1061221299077951e-15,3.03727830415612e-16,5.450571104875329e-08,-18.02952271165557,0,,PRUNED
15,,,2026-03-19 21:25:12.319780,2026-03-19 21:25:12.392543,0 days 00:00:00.072763,4.453348662002946,5.416472695302654,0.7447599305395572,47.677155528098375,55.14333005104485,4.481885025522258,0.1210953233579952,4.3118419499783185,3.3066448562660717e-07,1.0330720280023813e-18,2.4704526622849232e-17,5.7947992253269384e-08,-17.44168843891589,0,,PRUNED
16,,,2026-03-19 21:25:12.393540,2026-03-19 21:25:12.464242,0 days 00:00:00.070702,4.4083249855511735,5.396309619286815,0.8272781664250963,50.241408626214145,51.2344718317386,4.486685339572894,0.11626798928213614,4.450738116629074,3.2644212651396036e-07,2.7082629380145517e-15,6.051506030421472e-16,4.5540043673048064e-07,-14.935475622809392,0,,PRUNED
17,0.08005328263618118,2.0415255152895653,2026-03-19 21:25:12.465239,2026-03-19 21:25:14.071320,0 days 00:00:01.606081,4.356749145553086,5.3409520488290125,0.6905197913415055,48.27089202982735,53.98308052824676,4.47230555089246,0.021417067203409957,4.205876063150894,3.2490941442890965e-07,1.5481291155414072e-15,1.7066194031494323e-18,1.749935960181957e-07,-16.271597808497233,0,,COMPLETE
18,0.07821459074189067,0.6173139297075045,2026-03-19 21:25:14.072315,2026-03-19 21:25:15.581370,0 days 00:00:01.509055,4.222627191011257,5.4022433031338375,0.7376210126161333,46.50817325708793,52.04829968542706,4.49583754294525,0.24993627763618972,4.410757632257307,3.244322380941813e-07,1.252653845050827e-16,9.983568932866616e-16,2.1332505928335746e-08,-17.423508302209754,0,,COMPLETE
19,,,2026-03-19 21:25:15.583369,2026-03-19 21:25:15.670077,0 days 00:00:00.086708,4.457994426358599,5.45917518779225,0.7099592452681263,48.20572143794633,54.90674542609065,4.399847923815326,0.07255558173428814,4.262837216410693,3.266371161717219e-07,3.485622811496685e-18,2.433614686401156e-18,3.187130073875171e-08,-16.525296019874553,0,,PRUNED
20,0.02969731762425708,0.43693744323337136,2026-03-19 21:25:15.672070,2026-03-19 21:25:16.994735,0 days 00:00:01.322665,4.330283724397975,5.328125456777162,0.7584149747036415,47.076411986987885,51.68677338216487,4.415749567617498,0.10278527078287543,4.411742424175377,3.3144245173971245e-07,3.861832671678686e-15,5.536125280437373e-15,4.894547161019662e-08,-14.689826029234604,0,,COMPLETE
21,,,2026-03-19 21:25:16.995734,2026-03-19 21:25:17.077787,0 days 00:00:00.082053,4.265729640833988,5.349878832473833,0.743649024916502,49.175078419491776,53.8198239801905,4.382021588120641,0.04541615002810501,4.339622899163945,3.304942954483488e-07,2.2468238366532787e-15,8.883602879300862e-17,1.0713198556811163e-08,-18.282330801038892,0,,PRUNED
22,,,2026-03-19 21:25:17.079781,2026-03-19 21:25:17.158520,0 days 00:00:00.078739,4.253708550530216,5.367342253643151,0.5922853380224244,49.59021003801451,53.01821933129527,4.456664065714322,0.08087526591650714,4.411573455030912,3.2864472226354354e-07,2.7761061424888388e-15,1.5567212572604135e-17,2.916106439917751e-07,-17.755682211699714,0,,PRUNED
23,,,2026-03-19 21:25:17.160516,2026-03-19 21:25:17.219583,0 days 00:00:00.059067,4.411075085938831,5.477280857255515,0.7646739049577258,49.28053792995818,51.4474365119999,4.355845430492431,0.12110232878684864,4.4252314323379975,3.30273543583832e-07,3.2849560171548764e-18,7.605434710020708e-15,1.5776060472260207e-08,-18.057778779434436,0,,PRUNED
24,0.023103104674998362,0.8941935502981566,2026-03-19 21:25:17.220580,2026-03-19 21:25:18.405796,0 days 00:00:01.185216,4.230875751312909,5.49302365825366,0.9642713662628499,46.48754988887566,51.78059087931497,4.2017556669548455,0.21040040803797613,4.20556920872072,3.3110872326999215e-07,4.447025474509745e-16,2.4701519981905784e-17,2.4079614181733414e-07,-17.833100279347686,0,,COMPLETE
25,,,2026-03-19 21:25:18.407789,2026-03-19 21:25:18.502476,0 days 00:00:00.094687,4.348603702753632,5.410210626439634,0.757959550474024,50.222941997236695,55.14525735609619,4.401478263207763,0.20297045302275382,4.365045102984007,3.2959232414854416e-07,9.579172218442602e-15,6.376567797104745e-15,4.636887026905824e-08,-17.735534566998574,0,,PRUNED
26,0.09034195242721763,0.2133914519255526,2026-03-19 21:25:18.504470,2026-03-19 21:25:19.884197,0 days 00:00:01.379727,4.462256187006467,5.485357501246611,0.6329998646012414,48.52387910081135,51.127518036635706,4.4442394183319065,0.01564992251192918,4.366958566500349,3.314923111810532e-07,3.448155191608635e-17,4.447334075863192e-16,3.612711586812678e-07,-15.723866886406288,0,,COMPLETE
27,,,2026-03-19 21:25:19.885196,2026-03-19 21:25:19.957958,0 days 00:00:00.072762,4.255245596251202,5.353594506911198,0.5573739559951177,50.286333750858155,52.07085913459808,4.2498286200309865,0.12911539662940316,4.358422082249223,3.275995498156592e-07,6.670804432284733e-17,5.3441704930075474e-17,9.627587823257995e-07,-14.354266528985852,0,,PRUNED
28,0.04499252954878558,0.549210869620698,2026-03-19 21:25:19.958960,2026-03-19 21:25:21.464143,0 days 00:00:01.505183,4.3003486525475525,5.337594232072268,0.8755651116678127,46.10248650276471,53.51152507089419,4.330532978510277,0.1845157052981802,4.4293323274528085,3.261111364897133e-07,3.9643727653890556e-17,5.27660590387254e-15,8.381689785251973e-07,-17.399584729877052,0,,COMPLETE
29,0.027670472757628187,0.21511908755204134,2026-03-19 21:25:21.465147,2026-03-19 21:25:23.062376,0 days 00:00:01.597229,4.2223619126253364,5.449611452906668,0.709300353545788,46.46155446727974,53.02163495745108,4.2320487918709855,0.22780909322206205,4.395657924387645,3.2707486900095467e-07,9.732146481911272e-18,4.2798773807301617e-17,2.0220610104195532e-08,-17.617191031775373,0,,COMPLETE
30,0.07874901596927811,0.41459382012106155,2026-03-19 21:25:23.064371,2026-03-19 21:25:24.230549,0 days 00:00:01.166178,4.257624954724036,5.312543083119208,0.8100667026798274,48.8511901882972,52.10811028469712,4.399905020724873,0.06398322754648965,4.26885241251271,3.298035245927322e-07,6.673484871112988e-17,5.904712822578017e-16,7.108320048133883e-08,-18.09760750262865,0,,COMPLETE
31,,,2026-03-19 21:25:24.231553,2026-03-19 21:25:24.294340,0 days 00:00:00.062787,4.384929875085971,5.371330571888833,0.8028894640188705,46.8720468241111,52.363595922522364,4.205811063721769,0.11255387231646347,4.477115388127383,3.274850065416975e-07,6.9076158784385074e-15,2.6135738187840073e-16,8.993937296406212e-07,-18.10670696944185,0,,PRUNED
32,0.05803469276110808,0.13081315359353493,2026-03-19 21:25:24.295343,2026-03-19 21:25:25.787998,0 days 00:00:01.492655,4.474992263779573,5.483600938974763,0.6278086682644848,47.015514431318266,51.925609867956574,4.242448280089025,0.1657172305376031,4.297392376074799,3.2851250661203817e-07,5.16490050665658e-15,3.622671752270718e-15,2.1362158410193057e-07,-14.301924175108173,0,,COMPLETE
33,,,2026-03-19 21:25:25.789988,2026-03-19 21:25:25.861750,0 days 00:00:00.071762,4.305092048732794,5.339209298857314,0.6787066150007437,50.25806707605669,51.50438677432029,4.377591500379983,0.10524328549150212,4.413963089894745,3.2574604919727813e-07,6.706867608152752e-18,3.795851854142357e-15,2.884067644293211e-08,-15.058505243705024,0,,PRUNED
34,0.07110296338652806,0.41534590725147547,2026-03-19 21:25:25.862754,2026-03-19 21:25:27.609465,0 days 00:00:01.746711,4.352292979140687,5.320304260827736,0.6505370523732752,47.3093209595723,55.07832665173339,4.208331092866639,0.2210593226656358,4.365223256532744,3.2729233768861303e-07,2.1791122664042903e-16,3.237164080557285e-15,1.784279877918358e-07,-15.872165292523949,0,,COMPLETE
35,,,2026-03-19 21:25:27.610469,2026-03-19 21:25:27.687215,0 days 00:00:00.076746,4.40819920911709,5.464656594593465,0.9317577231939445,46.5942773897669,55.13636272300695,4.261003769075747,0.14998602558428004,4.488985857367991,3.241236130983938e-07,1.858154819807901e-18,2.8324522853115065e-16,2.5217052841155015e-07,-14.848892727623248,0,,PRUNED
36,0.018215077557476412,0.4277105883899578,2026-03-19 21:25:27.688203,2026-03-19 21:25:28.961072,0 days 00:00:01.272869,4.230174928046367,5.316784340193022,0.5501837426122003,46.61422130712124,53.49004639041133,4.467108634516351,0.08462684697157842,4.244081571429584,3.242610092092261e-07,3.617632206190832e-15,5.540906040103367e-16,8.016219822808743e-08,-15.759861727743441,0,,COMPLETE
37,0.016157180292344087,0.5226066138121843,2026-03-19 21:25:28.962063,2026-03-19 21:25:30.456011,0 days 00:00:01.493948,4.297855654309249,5.322051452369053,0.6234258800974195,48.87284897349803,51.0877543582062,4.438413411955139,0.21850099672608622,4.27862082004076,3.290229468846508e-07,7.253884784914862e-17,1.194648300265504e-16,1.4319527885726454e-08,-14.927999564747392,0,,COMPLETE
38,0.08192044833476965,0.46426609894685683,2026-03-19 21:25:30.457016,2026-03-19 21:25:31.988746,0 days 00:00:01.531730,4.271095689188179,5.380146324379847,0.7713030548758806,47.732661730547996,51.74520110383366,4.370355467948327,0.09279812943204348,4.450645236208291,3.292977789984831e-07,5.560161490910759e-15,3.6349397841884486e-16,1.155862614285484e-08,-18.304638871935044,0,,COMPLETE
39,0.02368060574802675,0.6251543647240705,2026-03-19 21:25:31.989742,2026-03-19 21:25:32.914953,0 days 00:00:00.925211,4.387656134248048,5.3277998189439915,0.8004023884352882,46.86383746509936,51.60791186769845,4.377037581023296,0.22840653796887053,4.399591941563298,3.2611533218631683e-07,5.337048107503101e-15,9.181717292163448e-16,2.083045717715629e-08,-14.385005542371278,0,,COMPLETE
40,,,2026-03-19 21:25:32.915957,2026-03-19 21:25:32.985720,0 days 00:00:00.069763,4.366298611861879,5.379706175591992,0.9994309645086998,50.009594678738424,54.40418977908206,4.467170652951188,0.08014549835882097,4.287930818767186,3.2914667171808044e-07,1.0550816686678895e-16,6.040701283608803e-16,5.6632786632067354e-08,-15.084337540716634,0,,PRUNED
41,,,2026-03-19 21:25:32.987719,2026-03-19 21:25:33.057491,0 days 00:00:00.069772,4.351349396162185,5.46799493794709,0.5052593071153476,49.74025638380004,51.36745179764973,4.327351706373702,0.27827268915117886,4.304817391354364,3.282204355844673e-07,1.357120939906083e-16,7.017240757128379e-17,2.1627273227803483e-07,-17.629055653295193,0,,PRUNED
42,0.07064908906239613,0.5838495668090123,2026-03-19 21:25:33.058490,2026-03-19 21:25:34.512692,0 days 00:00:01.454202,4.2896184817788905,5.3389215009924795,0.8868301284002373,48.86901725029182,54.76146902000218,4.326547218999838,0.001794598390525459,4.337923954711188,3.31976483133612e-07,1.61873135199539e-17,3.086306443624157e-17,8.958036117837931e-08,-17.188376529270933,0,,COMPLETE
43,,,2026-03-19 21:25:34.513689,2026-03-19 21:25:34.614399,0 days 00:00:00.100710,4.308729402694846,5.351244387167403,0.538081428268935,50.46075567300808,52.97986647349461,4.273605605909048,0.23202165228525912,4.2832941154298885,3.265933589582083e-07,1.702177488672398e-17,1.0503018003097289e-18,1.3586896357612039e-08,-18.02827307031706,0,,PRUNED
44,,,2026-03-19 21:25:34.615425,2026-03-19 21:25:34.690109,0 days 00:00:00.074684,4.3000380647881995,5.443811530022007,0.972624868332135,50.224636045680825,51.24326958073745,4.4929026945421855,0.03887697761160173,4.296873506931431,3.278589429508122e-07,2.054038841730039e-18,3.380362106307683e-18,3.8594025604062624e-07,-14.610927301076739,0,,PRUNED
45,0.015696243361659944,0.29767190335898586,2026-03-19 21:25:34.691112,2026-03-19 21:25:36.098603,0 days 00:00:01.407491,4.2532925735181255,5.453576746965657,0.8496938332653581,47.55837951903595,53.6741958102092,4.201362692204827,0.14231859359146662,4.264603104640285,3.2514050297916917e-07,2.4128326032315544e-16,1.270434807853579e-15,1.9529672327164648e-08,-17.319963379327806,0,,COMPLETE
46,,,2026-03-19 21:25:36.100605,2026-03-19 21:25:36.175352,0 days 00:00:00.074747,4.310483771115559,5.3919033666356375,0.5089248117991895,49.262376008710284,51.24208925199415,4.495808819036074,0.20197945535613943,4.285431675709069,3.262086415994434e-07,2.828816484952239e-18,2.94781889297248e-15,4.055929997268473e-07,-16.14572974613811,0,,PRUNED
47,,,2026-03-19 21:25:36.176391,2026-03-19 21:25:36.249109,0 days 00:00:00.072718,4.387741150017385,5.469151462990414,0.6974063104549848,50.390760033919975,50.95095610621338,4.427377516817405,0.03867747063574123,4.313542340287784,3.316996814719957e-07,1.641055520421762e-17,5.187721109990092e-16,1.518645010306128e-08,-15.194987507060697,0,,PRUNED
48,0.07299161728291541,0.17478881313709976,2026-03-19 21:25:36.250116,2026-03-19 21:25:37.892698,0 days 00:00:01.642582,4.4054264187535015,5.483034527856248,0.6632457313495211,46.76889776348048,55.07158182862088,4.408290247795226,0.04439810575453675,4.3684354951546025,3.2609210945846707e-07,1.953723199501932e-15,7.278409094593277e-16,4.745920302776288e-08,-13.933655288526875,0,,COMPLETE
49,0.02050983916063048,0.5577904712769135,2026-03-19 21:25:37.893701,2026-03-19 21:25:39.132618,0 days 00:00:01.238917,4.263099648631904,5.393511206513984,0.8321897606161428,47.42833707904047,52.058076778030454,4.297033264107791,0.17156762951823304,4.367911029230242,3.285691998530928e-07,5.168571108070046e-18,5.262580148986729e-17,3.775736500346297e-07,-15.93091211311102,0,,COMPLETE
50,0.06679317663162362,0.4634007737744108,2026-03-19 21:25:39.133620,2026-03-19 21:25:40.784722,0 days 00:00:01.651102,4.403040198880347,5.461354902096821,0.7700365914217941,48.11489879830495,54.252715397623845,4.481203861543419,0.03866499048128306,4.26842422655809,3.241606360879019e-07,1.369987577920915e-16,2.3970755040400403e-18,3.549178162051723e-08,-14.211968278540532,0,,COMPLETE
51,0.08313804912481197,0.2179624269988077,2026-03-19 21:25:40.786717,2026-03-19 21:25:42.347160,0 days 00:00:01.560443,4.41485089330007,5.320254006083876,0.5785200232628642,46.204645149645756,51.50996333498947,4.229673149019113,0.2626874132018363,4.308618889758627,3.2933229144026305e-07,1.0639364031031205e-17,4.2410569855230703e-17,1.2049447123889866e-07,-17.735627279006543,0,,COMPLETE
52,,,2026-03-19 21:25:42.348158,2026-03-19 21:25:42.418999,0 days 00:00:00.070841,4.301513274684576,5.420813314871115,0.6511479143774119,49.948580627252035,52.23386497853526,4.206812405828071,0.28019117436295327,4.269897223143225,3.303304727544947e-07,6.074336881742616e-17,1.6608764908790683e-17,5.298635881122139e-07,-16.669364442163797,0,,PRUNED
53,0.06155707081535116,0.2747718447015516,2026-03-19 21:25:42.419992,2026-03-19 21:25:43.560293,0 days 00:00:01.140301,4.3405450647496435,5.459783192399242,0.6770056931546473,48.87812692941407,50.69568072189604,4.498590787888908,0.19183253250855914,4.320901363743553,3.241913420091286e-07,1.2909151900922188e-17,1.228180185596594e-16,1.401517517905463e-08,-15.543737237520705,0,,COMPLETE
54,0.03778969970867177,0.5954417287591749,2026-03-19 21:25:43.561298,2026-03-19 21:25:44.831653,0 days 00:00:01.270355,4.3914057235179405,5.422919648923141,0.9612707686656277,49.19235286534808,52.90091311371687,4.206743308170327,0.2011449961296962,4.32538538153579,3.2748761614221843e-07,8.804148031211915e-18,7.676663548486162e-16,4.6061859454854883e-08,-14.239142789271554,0,,COMPLETE
55,0.013213130081418892,0.27339658159722713,2026-03-19 21:25:44.833654,2026-03-19 21:25:45.958963,0 days 00:00:01.125309,4.262588909121974,5.432761154294956,0.6098708689929346,48.74355087388621,52.670342316823174,4.257718294936943,0.09092484210382328,4.4306227942995795,3.2513524628852766e-07,1.2888140741785218e-18,1.2855038114384528e-18,1.4124333922459682e-07,-15.316187788554547,0,,COMPLETE
56,0.09173336282083995,0.6106219103164489,2026-03-19 21:25:45.958963,2026-03-19 21:25:47.344712,0 days 00:00:01.385749,4.4062922301307825,5.324221219408251,0.9307343207557592,49.33050775544396,51.69245275469151,4.243001350163986,0.21149860057832154,4.39134372747555,3.276609083829629e-07,6.957190168979336e-17,1.0130032398970099e-16,3.1782593392275814e-08,-16.08091720106593,0,,COMPLETE
