number,values_0,values_1,datetime_start,datetime_complete,duration,params_E_d_sh,params_E_v,params_G_frac,params_N_t_d,params_N_t_sh,params_W_L,params_W_R,params_W_R_sclc,params_d_sclc,params_l1_C_n_bulk,params_l1_k_dir,params_l1_mu_p,params_mu_e,system_attrs_NSGAIISampler:generation,system_attrs_fixed_params,state
397,0.027759732015222548,0.7191807489787816,2026-03-19 21:32:23.257491,2026-03-19 21:32:24.671768,0 days 00:00:01.414277,4.3405450647496435,5.330417622395399,0.5282255481925329,47.13750964873863,53.24357663931989,4.422133147595423,0.19183253250855914,4.223927318064577,3.289101223935627e-07,1.2909151900922188e-17,1.0012362898446848e-18,3.992035399950824e-07,-16.187238130550767,6,,COMPLETE
398,0.057235726105776395,0.14827696806740484,2026-03-19 21:32:24.673761,2026-03-19 21:32:25.892699,0 days 00:00:01.218938,4.267714831225531,5.453576746965657,0.5506619147538803,49.16542098564271,51.92160066737277,4.388114325381594,0.11990900582921987,4.460051177614863,3.2514050297916917e-07,3.012382076275439e-17,7.823434214204783e-15,6.344925211433327e-07,-14.916119928287664,6,,COMPLETE
399,0.007030958202583156,0.16157378798018068,2026-03-19 21:32:25.893696,2026-03-19 21:32:27.155489,0 days 00:00:01.261793,4.230174928046367,5.391516499246786,0.6027730447351021,48.14132427045731,52.47526554884281,4.41547464996025,0.0,4.244081571429584,3.29370605436416e-07,3.012382076275439e-17,2.0000000000000017e-17,8.016219822808743e-08,-15.896159196151439,6,,COMPLETE
