number,values_0,values_1,datetime_start,datetime_complete,duration,params_E_d_sh,params_G_frac,params_N_t_d,params_N_t_sh,params_W_L,params_W_R,params_W_R_sclc,params_d_sclc,params_l1_C_n_bulk,params_l1_k_dir,params_l1_mu_p,params_mu_e,system_attrs_NSGAIISampler:generation,system_attrs_fixed_params,state
0,0.0015424295905973483,999.0,2026-03-13 15:00:56.356049,2026-03-13 15:00:56.627181,0 days 00:00:00.271132,4.228569930482258,0.5,48.40830545410283,50.656872099270345,4.362478392556494,5.35,4.200000043430672,3.28e-07,1e-16,1e-17,1e-07,-16.354444994345954,,"{'d_sclc': 3.28e-07, 'W_L': 4.362478392556494, 'W_R_sclc': 4.200000043430672, 'mu_e': -16.354444994345954, 'E_d_sh': 4.228569930482258, 'N_t_sh': 50.656872099270345, 'N_t_d': 48.40830545410283, 'W_R': 5.35, 'G_frac': 0.5, 'l1_k_dir': 1e-17, 'l1_C_n_bulk': 1e-16, 'l1_mu_p': 1e-07}",COMPLETE
1,0.00840114276457383,0.2157324069938806,2026-03-13 15:00:56.628177,2026-03-13 15:00:57.461032,0 days 00:00:00.832855,4.253704740184719,0.5847610331557358,47.65564902452635,53.22877216780254,4.393527066961323,5.26418802889281,4.271538370250445,3.304181226520311e-07,8.248953886497781e-15,1.0721554618847252e-18,3.033711593015887e-08,-16.119137556038186,0.0,,COMPLETE
2,,,2026-03-13 15:00:57.462028,2026-03-13 15:00:57.509287,0 days 00:00:00.047259,4.343535412010338,0.5555437926479196,50.34432641864549,53.35848221803898,4.432278198738373,5.275109132194627,4.47244651057692,3.242876055041237e-07,4.451069967094733e-18,1.2944120613302016e-16,2.2608381965953424e-08,-13.848366630410663,0.0,,PRUNED
3,,,2026-03-13 15:00:57.509287,2026-03-13 15:00:57.554950,0 days 00:00:00.045663,4.354698475258385,0.8862434843972926,50.43242346677008,51.84208280419222,4.294074683822539,5.159696393323403,4.272180841354848,3.3198770963627733e-07,1.9027028129864012e-15,2.5625451783231735e-15,1.26396953487189e-08,-14.597689792116437,0.0,,PRUNED
4,0.07585584311376203,1.9956816114979732,2026-03-13 15:00:57.555937,2026-03-13 15:00:58.627810,0 days 00:00:01.071873,4.39682092542867,0.8031091083529711,46.35536601173326,54.91400713150738,4.4137701791464945,5.120577998448608,4.24324682248274,3.257684724678028e-07,2.2170618095570964e-18,8.43067959553091e-16,3.5371695962784385e-07,-14.594458395387786,0.0,,COMPLETE
5,,,2026-03-13 15:00:58.629814,2026-03-13 15:00:58.691598,0 days 00:00:00.061784,4.454499174591828,0.8603678301402471,49.79798543457944,53.111547600990484,4.473110497419467,5.0724385900265965,4.295256884690302,3.2481444405959886e-07,9.977928631678121e-15,2.429004207388419e-17,2.8373857213915267e-07,-16.180937057840993,0.0,,PRUNED
6,0.045443981699275215,1.0850681581835098,2026-03-13 15:00:58.692595,2026-03-13 15:00:59.469219,0 days 00:00:00.776624,4.3219111810999085,0.6025561819127685,47.53099227098561,51.09880799314643,4.257746448823503,5.019140859968589,4.3213311140756545,3.314980816898499e-07,1.5505777684592529e-18,5.903734885312115e-17,7.449714975333936e-08,-15.096982582125662,0.0,,COMPLETE
7,,,2026-03-13 15:00:59.469219,2026-03-13 15:00:59.520474,0 days 00:00:00.051255,4.412600721032838,0.7158401747499612,50.14326562895887,54.317283177926996,4.436844117064242,5.060303764811528,4.255503179624868,3.2803083346810234e-07,4.136477772040814e-18,2.175052376302276e-15,2.4575202983355966e-07,-17.198757911853296,0.0,,PRUNED
8,,,2026-03-13 15:00:59.520474,2026-03-13 15:00:59.572535,0 days 00:00:00.052061,4.417327916075321,0.7082806689190364,49.901016909963964,54.89108664649005,4.420582875876108,5.24048289785182,4.379459712091507,3.240081219185364e-07,1.889832163073249e-15,1.0028779167723718e-17,2.8687805485453497e-08,-17.797623758315158,0.0,,PRUNED
9,0.028497068379987157,0.9083378681775658,2026-03-13 15:00:59.573574,2026-03-13 15:01:00.471058,0 days 00:00:00.897484,4.227180959814621,0.9096609264795782,46.36433344973057,53.601294030631685,4.320627014681779,5.145947794584279,4.398990460362875,3.3190116499293706e-07,7.295880727369347e-17,5.1296354299430336e-17,4.5157005589646044e-07,-17.49986471790972,0.0,,COMPLETE
10,0.07516230618057604,0.6332667777193683,2026-03-13 15:01:00.472055,2026-03-13 15:01:01.419636,0 days 00:00:00.947581,4.319685010974704,0.5936262666209149,48.20228965098901,53.933599012396435,4.431650908232698,5.224529410786634,4.3014947427713235,3.2668764863588406e-07,6.294463781421206e-18,1.3507098319098205e-15,2.6503371450368885e-08,-17.42808006893396,0.0,,COMPLETE
11,0.017480183470894358,0.4099755621701712,2026-03-13 15:01:01.420634,2026-03-13 15:01:02.241061,0 days 00:00:00.820427,4.279722313843692,0.6379296935545918,46.418873981094386,50.77802156855942,4.268912367370843,5.006350565526265,4.22536163249387,3.2776524758644294e-07,1.5177567960053633e-16,2.768405114639459e-18,8.824083617449446e-07,-17.617335809558348,0.0,,COMPLETE
12,0.051456573042756776,1.2934159163873111,2026-03-13 15:01:02.242057,2026-03-13 15:01:03.061682,0 days 00:00:00.819625,4.328946847481438,0.8763125891525372,46.1796388771285,50.89033977376607,4.272027258000099,5.088862761659594,4.3847882964978115,3.251048824364391e-07,6.342288048204448e-17,6.905442429768751e-18,8.521382689932467e-08,-14.892658540738916,0.0,,COMPLETE
13,0.043539970865825374,0.5830951647647947,2026-03-13 15:01:03.062679,2026-03-13 15:01:03.882367,0 days 00:00:00.819688,4.283971296438405,0.6757588848925895,48.689982965697475,54.82409390927799,4.23095890685069,5.1651741387937316,4.237101984405478,3.282521161821136e-07,5.1804604808540927e-17,4.034778023105672e-17,6.885961437492482e-07,-16.865232367423225,0.0,,COMPLETE
14,,,2026-03-13 15:01:03.883374,2026-03-13 15:01:03.928009,0 days 00:00:00.044635,4.420992922565131,0.569746262798505,49.35276591181369,50.950133258225534,4.297320544387525,5.251382571916752,4.383354377060219,3.275347681479169e-07,9.162738800192256e-16,8.966237088381805e-18,2.86889239690983e-07,-18.1570017044138,0.0,,PRUNED
15,,,2026-03-13 15:01:03.929005,2026-03-13 15:01:03.980363,0 days 00:00:00.051358,4.324107716167612,0.5506894089486645,50.18893622173762,53.62201790502686,4.375124887970425,5.250727051037118,4.411509171025838,3.3176348810152373e-07,1.1041620606018951e-16,4.453177755567991e-16,1.7067436369743412e-07,-15.403179002253212,0.0,,PRUNED
16,0.006543265943171463,0.4971605722428913,2026-03-13 15:01:03.981359,2026-03-13 15:01:04.782820,0 days 00:00:00.801461,4.2656530462578095,0.6350034924658565,46.32513561692245,52.10401774397312,4.299836428300038,5.030324820431554,4.253538948967381,3.260631665591445e-07,1.0106030301281722e-17,8.925889929519515e-15,8.521594153988439e-07,-17.13181810716547,0.0,,COMPLETE
17,,,2026-03-13 15:01:04.782820,2026-03-13 15:01:04.836907,0 days 00:00:00.054087,4.47396306450203,0.8976004058160567,50.40282731460026,54.14567985139905,4.294814637962915,5.05022573944681,4.29530796526468,3.319786346901296e-07,2.314118415977752e-18,1.041853155255853e-15,3.627089779365985e-07,-15.041499669458677,0.0,,PRUNED
18,0.06255786457832282,0.9033525928246388,2026-03-13 15:01:04.837981,2026-03-13 15:01:05.734006,0 days 00:00:00.896025,4.230366085737876,0.7161501383330577,47.15731417267421,54.01130446307115,4.424984529316585,5.22681553044938,4.352433198718492,3.2453636515006344e-07,8.224366687505477e-18,1.4414619623254128e-18,9.641168421885835e-08,-18.254744930138404,0.0,,COMPLETE
19,,,2026-03-13 15:01:05.734985,2026-03-13 15:01:05.791794,0 days 00:00:00.056809,4.436091676764309,0.9820879783985397,49.15305898662341,52.621396883408735,4.227595437470044,5.166382277992818,4.350334548134399,3.277541229868958e-07,1.0089956403471221e-18,2.191246465020422e-16,9.357564610783639e-08,-16.156911735745016,0.0,,PRUNED
20,,,2026-03-13 15:01:05.792844,2026-03-13 15:01:05.852180,0 days 00:00:00.059336,4.292832094114165,0.681906199729516,49.991334573799854,54.321683331717686,4.418175106020621,5.126464651436725,4.31521104031375,3.3183068967806347e-07,3.8039131895074834e-17,5.893084584468905e-18,5.726762334407776e-07,-15.250748385303341,0.0,,PRUNED
21,,,2026-03-13 15:01:05.853116,2026-03-13 15:01:05.905950,0 days 00:00:00.052834,4.429656254548263,0.7730607185970755,47.56876509530496,51.345392797072066,4.448754019192661,5.230446126951687,4.329319618042491,3.269579089052369e-07,9.003655251606222e-16,1.2574098294125013e-16,8.381216103761745e-08,-18.019190031230238,0.0,,PRUNED
22,,,2026-03-13 15:01:05.907011,2026-03-13 15:01:05.967383,0 days 00:00:00.060372,4.367497934796579,0.6360384045396709,50.03929444320256,52.531214525671245,4.308883992734875,5.138923245954904,4.451714522044125,3.2598324322158104e-07,1.830037513388176e-16,2.0945553134759337e-15,1.1569329982235665e-08,-17.64067376947432,0.0,,PRUNED
23,,,2026-03-13 15:01:05.968397,2026-03-13 15:01:06.020426,0 days 00:00:00.052029,4.364751384062626,0.877393895274172,49.897848628775755,52.479603611677256,4.441757073077222,5.167988767990971,4.381428327749258,3.2981414943941076e-07,5.774480341757046e-15,1.2832970320193348e-17,9.205667226492282e-07,-17.157858797221376,0.0,,PRUNED
24,0.0713111160501733,1.0192800625821814,2026-03-13 15:01:06.021313,2026-03-13 15:01:06.803879,0 days 00:00:00.782566,4.307456668903121,0.7154243449734179,49.254435142253946,51.18192044711983,4.444839354510869,5.090720372605553,4.346477121587655,3.2599699859795015e-07,6.503832085797708e-17,2.1227389462313964e-18,4.7513690370959655e-07,-15.836652950701652,0.0,,COMPLETE
25,0.05384856377331228,0.6368013581285092,2026-03-13 15:01:06.804875,2026-03-13 15:01:07.507175,0 days 00:00:00.702300,4.275934165928543,0.5355877327767564,49.4795116361395,54.223694090604475,4.437389268485172,5.036579485281181,4.314580530081662,3.2580903330518477e-07,7.598567010900289e-16,8.042771578848944e-15,4.5990123120253987e-07,-14.126877513498119,0.0,,COMPLETE
26,0.05000735982674702,0.9811312882778565,2026-03-13 15:01:07.508172,2026-03-13 15:01:08.405954,0 days 00:00:00.897782,4.450911434877387,0.7494087493234729,49.052864470646426,51.66017168621133,4.380816455774241,5.0078757319849485,4.241319124065842,3.279014214641199e-07,9.16227008993332e-15,1.1294793011337516e-16,3.0459597280771864e-08,-14.080732270868317,0.0,,COMPLETE
27,0.073261416405448,0.5942881240654834,2026-03-13 15:01:08.405954,2026-03-13 15:01:09.296253,0 days 00:00:00.890299,4.3998489268744425,0.5754065379971017,47.69858149669278,51.73616141627039,4.3119584980050565,5.035477868602665,4.484589435995331,3.299144706028046e-07,5.146417524289464e-18,1.7481790620593369e-15,3.3188551360770476e-08,-16.508491130144662,0.0,,COMPLETE
28,0.02652684577741434,0.5915586691054565,2026-03-13 15:01:09.297250,2026-03-13 15:01:09.976802,0 days 00:00:00.679552,4.319913917904311,0.5990916787401959,48.06528769491852,51.42904053783273,4.34044254061186,5.173904106064464,4.486755352388984,3.2608245554793686e-07,3.333699510668961e-15,7.518213479322005e-15,1.5876517176301254e-07,-15.237568118492481,0.0,,COMPLETE
29,,,2026-03-13 15:01:09.977798,2026-03-13 15:01:10.025639,0 days 00:00:00.047841,4.475244161222236,0.5479443720521405,47.244766029943186,55.10827949907284,4.392184482307702,5.065877074729524,4.348423324201442,3.248360232468721e-07,2.362452338276786e-16,4.824910635731423e-18,7.716191115638528e-07,-14.816804507643138,0.0,,PRUNED
30,,,2026-03-13 15:01:10.026637,2026-03-13 15:01:10.084839,0 days 00:00:00.058202,4.380960909251884,0.9823261369786946,47.51522402060744,53.36690474389073,4.36555639582351,5.00763614525942,4.235764204470038,3.275343788815519e-07,6.592120959800713e-18,1.059480360266999e-18,3.086585431086404e-08,-17.800869526062584,0.0,,PRUNED
31,,,2026-03-13 15:01:10.085893,2026-03-13 15:01:10.139052,0 days 00:00:00.053159,4.348946720377455,0.8178313607008435,50.44562704272214,52.69398907510754,4.250021822518977,5.27920653180071,4.3829747608831315,3.282344986834902e-07,9.617550120860137e-16,2.745750765844137e-18,4.6049987953723685e-07,-17.196593223658358,0.0,,PRUNED
32,0.04300527351140681,0.33379413765424193,2026-03-13 15:01:10.140055,2026-03-13 15:01:11.035255,0 days 00:00:00.895200,4.3758060857653875,0.5050321282956254,46.304050801020054,52.869791272332435,4.23754563172413,5.015609564323285,4.335643676311425,3.2403126995396193e-07,2.865162596519748e-17,3.685331934841373e-18,6.490972823761828e-08,-16.329714574259974,0.0,,COMPLETE
33,,,2026-03-13 15:01:11.036252,2026-03-13 15:01:11.081652,0 days 00:00:00.045400,4.43192512925908,0.648212383837677,47.87648827592266,54.96697675890465,4.270690924409153,5.198248809997157,4.287244112648428,3.2675480187310085e-07,3.437500866876187e-18,7.353703802284262e-17,1.7833991436514844e-07,-15.681948311891627,0.0,,PRUNED
34,,,2026-03-13 15:01:11.082690,2026-03-13 15:01:11.131390,0 days 00:00:00.048700,4.315786359431215,0.946055231816377,49.540568931694914,51.09753531880852,4.2061654970896445,5.061573674473657,4.41128996685932,3.317230733826938e-07,3.9704437384494615e-15,1.1042478368295768e-17,7.870033310689303e-07,-16.911644465023592,0.0,,PRUNED
35,0.018979648320495108,0.7561870670114919,2026-03-13 15:01:11.132387,2026-03-13 15:01:11.872279,0 days 00:00:00.739892,4.302402525750012,0.6330657967709029,48.219024357887,51.90533959561421,4.467012148324895,5.008838590072107,4.258027879641879,3.319842608769564e-07,4.019697650892797e-18,2.688234335101532e-18,8.2071076866157e-07,-15.413396318292369,0.0,,COMPLETE
36,0.014021584852742477,0.5690996577504593,2026-03-13 15:01:11.872279,2026-03-13 15:01:12.730463,0 days 00:00:00.858184,4.3017496957713455,0.8661393447707246,47.156881079475816,51.587253436352086,4.264027222408628,5.258329821805663,4.4190940495902575,3.283181077200944e-07,1.6533891927596553e-16,2.3616796917540046e-18,1.3857702398109269e-08,-15.922336884880881,0.0,,COMPLETE
37,0.05366860290899723,0.7883898782409443,2026-03-13 15:01:12.730463,2026-03-13 15:01:13.668316,0 days 00:00:00.937853,4.2539763706754865,0.8423348035636101,46.08334260982261,51.39872822395249,4.458266278389855,5.050160104757773,4.32016415173685,3.289079209366806e-07,1.3546485410841917e-16,2.0597650311592505e-16,3.286777516251525e-07,-17.650534709121917,0.0,,COMPLETE
38,0.09989704875836956,0.8561909030619793,2026-03-13 15:01:13.669312,2026-03-13 15:01:14.565299,0 days 00:00:00.895987,4.358051252676966,0.5037243649895644,46.173750891129295,54.06304864507271,4.457391320678801,5.236067109982013,4.202649757115602,3.269969733541121e-07,8.270424995809089e-17,1.137955336917054e-17,4.238712145060122e-08,-17.42711793235233,0.0,,COMPLETE
39,0.051811803355098295,0.8657123307539374,2026-03-13 15:01:14.566296,2026-03-13 15:01:15.454992,0 days 00:00:00.888696,4.299049838513301,0.8948028897092253,47.66233857962796,51.72040179054282,4.4970176406589255,5.239032269040205,4.379951916373768,3.310674521038007e-07,1.8140607718296002e-16,1.4412558662852683e-18,3.6409923172660306e-08,-16.318503816741977,0.0,,COMPLETE
40,0.03161908276884596,0.7268581907481154,2026-03-13 15:01:15.455989,2026-03-13 15:01:16.330229,0 days 00:00:00.874240,4.24648288231947,0.943259481522347,48.50151430740922,55.25876803935784,4.266461600387558,5.260642318733902,4.365551631509526,3.2732503509475323e-07,3.8051622860197345e-15,9.642532170898684e-18,1.3182372876623242e-08,-14.744926726007321,0.0,,COMPLETE
41,,,2026-03-13 15:01:16.331225,2026-03-13 15:01:16.376077,0 days 00:00:00.044852,4.373764728559113,0.6169026890792133,50.53452369546561,51.3658338469105,4.272269441654851,5.069117463681261,4.491209619682566,3.2622701509977567e-07,8.406205538256034e-15,2.3664200372250444e-18,1.2432414259361321e-08,-14.71482017367552,0.0,,PRUNED
42,0.049017700323900036,0.6245801100138829,2026-03-13 15:01:16.377072,2026-03-13 15:01:17.120801,0 days 00:00:00.743729,4.295690015960844,0.5591285879197858,49.315838573842996,50.80937667522632,4.277063380507018,5.070064414706735,4.426996263236748,3.315878348487004e-07,2.2162910357961662e-17,1.347806628646574e-16,3.508170893952903e-08,-15.168744460018727,0.0,,COMPLETE
43,0.0048586197153125356,0.2320647205164094,2026-03-13 15:01:17.120801,2026-03-13 15:01:17.917834,0 days 00:00:00.797033,4.269215011056981,0.5979332411793984,47.15807460046913,52.40147633221821,4.391652939985715,5.296690175720979,4.356584572606268,3.2620852640604193e-07,2.4051721936123968e-17,2.4606782096027483e-18,3.5242416485827505e-08,-16.425654676152394,0.0,,COMPLETE
44,0.07927216882990107,1.2254450229303848,2026-03-13 15:01:17.918832,2026-03-13 15:01:18.873530,0 days 00:00:00.954698,4.419817515980273,0.8251184075059195,46.49232979456051,54.30630534861196,4.45351870702176,5.159475417190228,4.202596592995385,3.268794589986327e-07,4.5878920670633646e-17,1.5682700804671231e-15,1.1541072220373362e-07,-14.386342390535727,0.0,,COMPLETE
45,,,2026-03-13 15:01:18.878549,2026-03-13 15:01:18.942293,0 days 00:00:00.063744,4.402887956217189,0.5657574973270505,47.03418537580539,54.111379608860496,4.209770951522088,5.1787811217674085,4.408184489956107,3.2887786377671057e-07,4.488018895661101e-15,1.0375273009912988e-15,2.3771119996138402e-07,-16.09783348484704,0.0,,PRUNED
46,0.02116025236191964,0.4140486431289224,2026-03-13 15:01:18.943293,2026-03-13 15:01:19.811305,0 days 00:00:00.868012,4.295474447309738,0.7429346845802394,47.53814986227522,52.125218679447194,4.294176825976693,5.129857726915583,4.2648298032896585,3.268194806918261e-07,8.978929378631084e-18,1.6528007897688714e-18,2.111795407529862e-08,-17.435950537712387,0.0,,COMPLETE
47,0.07132771390010147,1.388932908372609,2026-03-13 15:01:19.812302,2026-03-13 15:01:20.689408,0 days 00:00:00.877106,4.2502231393398775,0.8469220410823848,46.66447500556268,54.3583317998476,4.377040496932837,5.122219669816737,4.24236147464204,3.261663616703525e-07,9.118736544755754e-18,2.0294021993644335e-18,2.7792534383408865e-08,-14.144231209694016,0.0,,COMPLETE
48,,,2026-03-13 15:01:20.690404,2026-03-13 15:01:20.739351,0 days 00:00:00.048947,4.335958598903046,0.8872918942000636,50.22282983188449,52.08357132734964,4.441605084238954,5.069824194518774,4.272580902105057,3.302105172476348e-07,5.065075114475838e-15,5.405656208023675e-18,6.595736514709254e-07,-17.669230649953114,0.0,,PRUNED
49,0.09033434039326252,0.5395401019365038,2026-03-13 15:01:20.739351,2026-03-13 15:01:21.793569,0 days 00:00:01.054218,4.419065011303706,0.7053607702309823,48.06952135390389,54.29833367530168,4.389799997273477,5.139392384080637,4.29530948081241,3.288333853274872e-07,6.184539799464247e-17,2.1277992086196424e-16,3.891179604726789e-08,-14.549627631406715,0.0,,COMPLETE
50,,,2026-03-13 15:01:21.793569,2026-03-13 15:01:21.841477,0 days 00:00:00.047908,4.40287887835882,0.7396057449571318,49.66020530219255,53.78927195464151,4.320452104831357,5.007417354784606,4.217929105100508,3.2405993090096074e-07,8.447381374500268e-17,4.841438216079465e-18,2.6969232815987075e-07,-14.74627652654122,0.0,,PRUNED
51,,,2026-03-13 15:01:21.842573,2026-03-13 15:01:21.888321,0 days 00:00:00.045748,4.417043698587134,0.5969813809065736,48.68422676683535,54.331738891487404,4.201487726300432,5.096117355955836,4.469248313035074,3.2693469532646044e-07,1.124633160834277e-15,1.8126859297538914e-15,1.1883376884623422e-07,-16.409570251816703,0.0,,PRUNED
52,0.054355112859644304,0.3899602305317303,2026-03-13 15:01:21.888321,2026-03-13 15:01:22.816955,0 days 00:00:00.928634,4.367549882452664,0.7301529526558501,46.466384797324764,54.35042499395364,4.222878737622632,5.16330571667105,4.247155102124147,3.300151278535853e-07,1.2175690985642259e-17,1.2773939936476986e-17,6.972804620979972e-08,-15.587449191367648,0.0,,COMPLETE
53,0.04167189865581903,0.5029614706194103,2026-03-13 15:01:22.816955,2026-03-13 15:01:23.597405,0 days 00:00:00.780450,4.220039624757946,0.7225320028483195,46.764327250568066,54.20054103380254,4.2401134363891755,5.118024168480899,4.476023062553217,3.2738847692291434e-07,6.853648037155742e-17,1.8272084205188282e-16,3.2140948449525905e-07,-16.932640670881035,0.0,,COMPLETE
54,,,2026-03-13 15:01:23.597405,2026-03-13 15:01:23.647238,0 days 00:00:00.049833,4.354118977594796,0.6810892551283758,48.851254797450004,54.807379186575496,4.456099024854966,5.2536686157639885,4.4065011402716046,3.287820272041896e-07,1.402617869952225e-17,6.686858728229957e-15,7.342983460854576e-07,-16.731799225785792,0.0,,PRUNED
55,0.04815366247880324,0.46209061943766205,2026-03-13 15:01:23.648234,2026-03-13 15:01:24.389310,0 days 00:00:00.741076,4.241827349852452,0.6540488585301274,49.13428315819171,53.72534210693864,4.202443112841171,5.264768879916427,4.437923339058605,3.2606391510338885e-07,7.600520602124964e-15,4.890748169990319e-17,2.987357496296087e-07,-15.90664929782725,0.0,,COMPLETE
56,,,2026-03-13 15:01:24.389310,2026-03-13 15:01:24.440182,0 days 00:00:00.050872,4.456954831049335,0.9608978077363785,50.140461379522264,50.95214455897288,4.239248786324359,5.076301797574921,4.206578513621513,3.29075992977449e-07,2.7862809426713476e-16,3.868602863075691e-18,8.485304453703343e-08,-17.0658296378558,0.0,,PRUNED
57,,,2026-03-13 15:01:24.441172,2026-03-13 15:01:24.486023,0 days 00:00:00.044851,4.43985194536408,0.7398292207151322,46.25694254877037,54.752467371090916,4.3705542376712065,5.041101375207194,4.449378378419245,3.3154380450680623e-07,4.980419525382499e-15,4.9836206053149356e-17,7.510474119708195e-07,-18.16166286855365,0.0,,PRUNED
58,0.009773617174692795,0.6939062404851501,2026-03-13 15:01:24.487020,2026-03-13 15:01:25.287051,0 days 00:00:00.800031,4.3617874634451805,0.632130483563248,46.1488907970651,52.64971366285482,4.262591850317673,5.0451857022425,4.4672265185591105,3.249301441038478e-07,4.975106857239864e-15,1.1157035453970133e-16,3.5139900345405646e-08,-14.915969834176575,0.0,,COMPLETE
59,0.0087615045173935,0.5331803349674449,2026-03-13 15:01:25.288047,2026-03-13 15:01:26.081589,0 days 00:00:00.793542,4.32661301958017,0.5005358446529504,46.269553159546206,53.19706154788932,4.44685695562215,5.230462317056815,4.228690254814973,3.3064647498527463e-07,3.938101135777339e-16,1.3190271123293248e-15,2.2363175519997218e-08,-15.705124963342266,0.0,,COMPLETE
