number,values_0,values_1,datetime_start,datetime_complete,duration,params_E_d_sh,params_G_frac,params_N_t_d,params_N_t_sh,params_W_L,params_W_R,params_W_R_sclc,params_d_sclc,params_l1_C_n_bulk,params_l1_k_dir,params_l1_mu_p,params_mu_e,system_attrs_NSGAIISampler:generation,system_attrs_fixed_params,state
410,0.0038536291229579714,1.3389191188914775,2026-03-13 15:06:19.311285,2026-03-13 15:06:20.387760,0 days 00:00:01.076475,4.2821636218065215,0.9688366558877678,48.06528769491852,51.12217947694973,4.30161936760481,5.25245945218356,4.270769080330011,3.278523440796519e-07,4.329052061434734e-15,7.821327951713627e-18,7.583707753513507e-07,-16.77792110500019,7.0,,COMPLETE
411,0.0043084953146738415,0.9383918576339478,2026-03-13 15:06:20.388756,2026-03-13 15:06:21.365066,0 days 00:00:00.976310,4.2821636218065215,0.973358268767988,48.06528769491852,52.2971776484636,4.218181134928021,5.25245945218356,4.270769080330011,3.278523440796519e-07,4.329052061434734e-15,7.518213479322005e-15,7.583707753513507e-07,-16.77792110500019,7.0,,COMPLETE
412,0.01451007511051258,0.18820421423246791,2026-03-13 15:06:21.365066,2026-03-13 15:06:22.312545,0 days 00:00:00.947479,4.272629449459213,0.5979332411793984,47.647602676693865,52.40147633221821,4.23095890685069,5.296690175720979,4.4402467961082355,3.2403126995396193e-07,2.865162596519748e-17,2.4606782096027483e-18,3.033711593015887e-08,-16.425654676152394,7.0,,COMPLETE
413,0.006372094220138767,0.19999003153344416,2026-03-13 15:06:22.313545,2026-03-13 15:06:23.315665,0 days 00:00:01.002120,4.283971296438405,0.5979332411793984,46.304050801020054,53.22877216780254,4.23095890685069,5.280203996964395,4.289244454593384,3.3018902473776964e-07,4.871761292862973e-18,1.0696734321208813e-17,3.5242416485827505e-08,-16.800064992288345,7.0,,COMPLETE
414,0.016392549740755966,0.16332621640402767,2026-03-13 15:06:23.316669,2026-03-13 15:06:24.530790,0 days 00:00:01.214121,4.306254318130885,0.5847610331557358,47.647602676693865,52.40147633221821,4.391652939985715,5.296690175720979,4.356584572606268,3.2620852640604193e-07,2.865162596519748e-17,1.0721554618847252e-18,1.3857702398109269e-08,-16.677187417676382,7.0,,COMPLETE
415,0.004721681041617803,0.4456144806471946,2026-03-13 15:06:24.531787,2026-03-13 15:06:25.500735,0 days 00:00:00.968948,4.269215011056981,0.5979332411793984,47.647602676693865,53.22877216780254,4.23754563172413,5.280203996964395,4.289244454593384,3.2516144131376204e-07,8.248953886497781e-15,1.0721554618847252e-18,7.583707753513507e-07,-16.677187417676382,7.0,,COMPLETE
416,0.004182073380856612,0.1952949756462618,2026-03-13 15:06:25.501731,2026-03-13 15:06:26.661676,0 days 00:00:01.159945,4.269215011056981,0.5754065379971017,47.647602676693865,52.10166375891613,4.391652939985715,5.296690175720979,4.289244454593384,3.2542383996171085e-07,4.871761292862973e-18,1.0696734321208813e-17,1.3857702398109269e-08,-16.425654676152394,7.0,,COMPLETE
417,0.003969401577910028,0.8650391440078056,2026-03-13 15:06:26.661676,2026-03-13 15:06:27.692699,0 days 00:00:01.031023,4.269215011056981,0.9688366558877678,47.647602676693865,52.51283594918055,4.218181134928021,5.25245945218356,4.347767482587959,3.2403126995396193e-07,2.865162596519748e-17,1.0721554618847252e-18,3.033711593015887e-08,-16.77792110500019,7.0,,COMPLETE
418,0.008911096576496327,0.25522766691267235,2026-03-13 15:06:27.693697,2026-03-13 15:06:28.692516,0 days 00:00:00.998819,4.246662786766501,0.5754065379971017,46.45189436870422,51.73616141627039,4.23754563172413,5.1250772224038865,4.335643676311425,3.2611142448723006e-07,5.1804604808540927e-17,2.4606782096027483e-18,3.033711593015887e-08,-16.677187417676382,7.0,,COMPLETE
419,0.008796120031697526,0.4351892536669593,2026-03-13 15:06:28.693512,2026-03-13 15:06:29.698193,0 days 00:00:01.004681,4.283971296438405,0.5847610331557358,46.45189436870422,51.12217947694973,4.218181134928021,5.280203996964395,4.271538370250445,3.2620852640604193e-07,4.329052061434734e-15,4.914316408995388e-17,7.583707753513507e-07,-16.77792110500019,7.0,,COMPLETE
420,0.016981580779688397,0.29326773430948083,2026-03-13 15:06:29.699193,2026-03-13 15:06:30.698367,0 days 00:00:00.999174,4.283971296438405,0.6166331915438414,47.647602676693865,52.10166375891613,4.23095890685069,5.182136394227606,4.289244454593384,3.2943322858632866e-07,4.871761292862973e-18,1.0696734321208813e-17,2.7169209192590334e-07,-17.31762753267118,7.0,,COMPLETE
421,0.006177429187943006,0.14147348823586386,2026-03-13 15:06:30.699363,2026-03-13 15:06:31.609241,0 days 00:00:00.909878,4.272629449459213,0.5172379981569786,47.647602676693865,52.51283594918055,4.283922736939798,5.296690175720979,4.347767482587959,3.2403126995396193e-07,2.2739203871108757e-16,2.4606782096027483e-18,1.5675886489478206e-07,-16.865232367423225,7.0,,COMPLETE
422,0.0074438474051144975,0.2905141174498232,2026-03-13 15:06:31.610238,2026-03-13 15:06:32.551918,0 days 00:00:00.941680,4.298663260659029,0.5839085639382842,47.65564902452635,53.22877216780254,4.268912367370843,5.296690175720979,4.301217402693041,3.2776524758644294e-07,2.4051721936123968e-17,1.0721554618847252e-18,2.401944893431765e-07,-16.119137556038186,7.0,,COMPLETE
423,0.004667915185043064,0.937806672717434,2026-03-13 15:06:32.553911,2026-03-13 15:06:33.496924,0 days 00:00:00.943013,4.2821636218065215,0.5754065379971017,47.559768133270836,51.12217947694973,4.326909814125213,5.25245945218356,4.270769080330011,3.2620852640604193e-07,7.197316950290722e-17,3.685331934841373e-18,7.583707753513507e-07,-16.77792110500019,7.0,,COMPLETE
424,0.02726058449126847,0.15004301712439755,2026-03-13 15:06:33.496924,2026-03-13 15:06:34.468893,0 days 00:00:00.971969,4.269215011056981,0.5839085639382842,47.647602676693865,52.40147633221821,4.268912367370843,5.26418802889281,4.301217402693041,3.2776524758644294e-07,1.0268693445270071e-17,1.0721554618847252e-18,3.033711593015887e-08,-17.67236455714446,7.0,,COMPLETE
425,0.010013061054403971,0.06688143952462014,2026-03-13 15:06:34.470886,2026-03-13 15:06:35.482147,0 days 00:00:01.011261,4.269215011056981,0.5172379981569786,47.647602676693865,54.11095415810804,4.268912367370843,5.26418802889281,4.271538370250445,3.2943322858632866e-07,8.757023065401213e-17,1.0721554618847252e-18,3.033711593015887e-08,-16.119137556038186,7.0,,COMPLETE
426,0.023591613119947733,0.7218274217880354,2026-03-13 15:06:35.483228,2026-03-13 15:06:36.612524,0 days 00:00:01.129296,4.269215011056981,0.5172379981569786,47.15807460046913,51.42904053783273,4.268912367370843,5.013347700985065,4.301217402693041,3.2403126995396193e-07,8.248953886497781e-15,6.882817942341769e-18,3.5242416485827505e-08,-16.119137556038186,7.0,,COMPLETE
427,0.020304825741408464,0.36677011751978844,2026-03-13 15:06:36.613524,2026-03-13 15:06:37.544372,0 days 00:00:00.930848,4.283971296438405,0.7118241980925522,47.647602676693865,54.27382154915389,4.23095890685069,5.280203996964395,4.271538370250445,3.301185120769936e-07,5.1804604808540927e-17,1.0696734321208813e-17,3.033711593015887e-08,-16.865232367423225,7.0,,COMPLETE
428,0.0063780158880887726,0.5805592106391397,2026-03-13 15:06:37.545368,2026-03-13 15:06:38.674156,0 days 00:00:01.128788,4.269215011056981,0.5754065379971017,47.15807460046913,52.40147633221821,4.391652939985715,5.296690175720979,4.206886374671521,3.2943322858632866e-07,2.0953331101590576e-17,3.2627831752547184e-15,3.5242416485827505e-08,-16.425654676152394,7.0,,COMPLETE
429,0.010123903382110536,0.1916757220077928,2026-03-13 15:06:38.674156,2026-03-13 15:06:39.614127,0 days 00:00:00.939971,4.269215011056981,0.5979332411793984,47.15807460046913,52.40147633221821,4.23095890685069,5.296690175720979,4.356584572606268,3.2620852640604193e-07,2.4051721936123968e-17,2.4606782096027483e-18,3.5242416485827505e-08,-16.425654676152394,7.0,,COMPLETE
430,0.01482655182747945,0.19208732119976957,2026-03-13 15:06:39.614127,2026-03-13 15:06:40.607833,0 days 00:00:00.993706,4.269215011056981,0.5979332411793984,47.647602676693865,52.51283594918055,4.23095890685069,5.296690175720979,4.4402467961082355,3.260495248132742e-07,2.865162596519748e-17,2.4606782096027483e-18,3.5242416485827505e-08,-16.425654676152394,7.0,,COMPLETE
431,0.007859769708042533,0.18938795259200353,2026-03-13 15:06:40.607833,2026-03-13 15:06:41.686826,0 days 00:00:01.078993,4.311157097266552,0.5847610331557358,47.65564902452635,53.22877216780254,4.326909814125213,5.26418802889281,4.271538370250445,3.2542383996171085e-07,8.248953886497781e-15,1.0721554618847252e-18,3.8334383522321395e-08,-16.408290347191816,7.0,,COMPLETE
432,,,2026-03-13 15:06:41.687823,2026-03-13 15:06:41.745984,0 days 00:00:00.058161,4.2821636218065215,0.9688366558877678,50.052845457850054,52.40147633221821,4.326909814125213,5.296690175720979,4.270769080330011,3.278523440796519e-07,2.865162596519748e-17,2.4606782096027483e-18,1.3857702398109269e-08,-16.77792110500019,7.0,,PRUNED
433,0.009405126313881604,0.9177462125253107,2026-03-13 15:06:41.747016,2026-03-13 15:06:42.749157,0 days 00:00:01.002141,4.2305358466931295,0.9688366558877678,46.304050801020054,52.40147633221821,4.23754563172413,5.25245945218356,4.271538370250445,3.2403126995396193e-07,5.1804604808540927e-17,7.518213479322005e-15,7.583707753513507e-07,-16.77792110500019,7.0,,COMPLETE
434,0.006440125230744576,0.24485697634905765,2026-03-13 15:06:42.750207,2026-03-13 15:06:43.815849,0 days 00:00:01.065642,4.269215011056981,0.5172379981569786,47.907097259160224,53.22877216780254,4.397253921926635,5.1651741387937316,4.271538370250445,3.282521161821136e-07,2.865162596519748e-17,2.4606782096027483e-18,3.033711593015887e-08,-16.425654676152394,7.0,,COMPLETE
435,0.006949552802635671,0.1623767499620853,2026-03-13 15:06:43.816881,2026-03-13 15:06:45.036963,0 days 00:00:01.220082,4.269215011056981,0.5172379981569786,47.15807460046913,52.40147633221821,4.391652939985715,5.296690175720979,4.209487855791174,3.25912646085671e-07,2.4051721936123968e-17,2.3011762918469596e-18,3.5242416485827505e-08,-16.425654676152394,7.0,,COMPLETE
436,0.014423425149851107,0.7302279626514337,2026-03-13 15:06:45.038001,2026-03-13 15:06:46.074396,0 days 00:00:01.036395,4.2821636218065215,0.9688366558877678,47.559768133270836,51.12217947694973,4.326909814125213,5.26418802889281,4.356922432971107,3.278523440796519e-07,8.248953886497781e-15,7.821327951713627e-18,3.033711593015887e-08,-16.119137556038186,7.0,,COMPLETE
437,0.06326714321393116,0.6021671217865742,2026-03-13 15:06:46.075392,2026-03-13 15:06:47.313945,0 days 00:00:01.238553,4.311157097266552,0.647107326513614,47.647602676693865,53.22877216780254,4.492204366709635,5.296690175720979,4.273747463736412,3.2943322858632866e-07,4.871761292862973e-18,2.4606782096027483e-18,3.033711593015887e-08,-16.77792110500019,7.0,,COMPLETE
438,0.016098934572579267,0.17731832589137397,2026-03-13 15:06:47.314943,2026-03-13 15:06:48.299276,0 days 00:00:00.984333,4.253704740184719,0.5847610331557358,46.08334260982261,53.22877216780254,4.222878737622632,5.26418802889281,4.271538370250445,3.289079209366806e-07,8.248953886497781e-15,1.0721554618847252e-18,3.8334383522321395e-08,-16.408290347191816,7.0,,COMPLETE
439,0.020201947111825866,1.0054615025316982,2026-03-13 15:06:48.300273,2026-03-13 15:06:49.349138,0 days 00:00:01.048865,4.2821636218065215,0.9688366558877678,48.06528769491852,52.10166375891613,4.23095890685069,5.25245945218356,4.270769080330011,3.2943322858632866e-07,4.329052061434734e-15,1.0696734321208813e-17,7.583707753513507e-07,-17.31762753267118,7.0,,COMPLETE
440,0.006309887967144814,0.19740965360258897,2026-03-13 15:06:49.350145,2026-03-13 15:06:50.297858,0 days 00:00:00.947713,4.269215011056981,0.5979332411793984,46.304050801020054,52.51283594918055,4.23095890685069,5.296690175720979,4.347767482587959,3.2620852640604193e-07,2.865162596519748e-17,1.0721554618847252e-18,3.5242416485827505e-08,-16.865232367423225,7.0,,COMPLETE
441,0.016650009322527765,0.07260323099873492,2026-03-13 15:06:50.298855,2026-03-13 15:06:51.262312,0 days 00:00:00.963457,4.283971296438405,0.5172379981569786,46.45189436870422,53.22877216780254,4.23095890685069,5.296690175720979,4.4402467961082355,3.2943322858632866e-07,2.4051721936123968e-17,2.4606782096027483e-18,3.5242416485827505e-08,-15.656561318338152,7.0,,COMPLETE
442,0.006264740154879136,0.12181052925482527,2026-03-13 15:06:51.262312,2026-03-13 15:06:52.274130,0 days 00:00:01.011818,4.311157097266552,0.5172379981569786,47.559768133270836,51.42904053783273,4.326909814125213,5.25245945218356,4.364934150126319,3.290946845923983e-07,2.89337497451986e-17,6.882817942341769e-18,4.442365568480592e-08,-16.677187417676382,7.0,,COMPLETE
443,0.00781285882720375,0.3743579553357437,2026-03-13 15:06:52.276123,2026-03-13 15:06:53.300148,0 days 00:00:01.024025,4.311157097266552,0.5847610331557358,47.647602676693865,53.22877216780254,4.283922736939798,5.280203996964395,4.271538370250445,3.2542383996171085e-07,5.1804604808540927e-17,1.0696734321208813e-17,2.6380108392506636e-07,-16.462864382540403,7.0,,COMPLETE
444,0.004311015783059938,0.992115886157096,2026-03-13 15:06:53.301126,2026-03-13 15:06:54.323460,0 days 00:00:01.022334,4.269215011056981,0.9688366558877678,47.559768133270836,51.12217947694973,4.23754563172413,5.148446005868811,4.347767482587959,3.278523440796519e-07,2.2691067233982086e-16,7.821327951713627e-18,7.583707753513507e-07,-16.77792110500019,7.0,,COMPLETE
445,0.001966026166912817,0.24444098583413176,2026-03-13 15:06:54.324505,2026-03-13 15:06:55.350075,0 days 00:00:01.025570,4.276205778091004,0.5979332411793984,48.28856286773677,53.22877216780254,4.23095890685069,5.1651741387937316,4.2760882923333945,3.2620852640604193e-07,2.4051721936123968e-17,2.4606782096027483e-18,3.033711593015887e-08,-16.425654676152394,7.0,,COMPLETE
446,0.016429519276830305,0.4509028827571394,2026-03-13 15:06:55.352069,2026-03-13 15:06:56.282574,0 days 00:00:00.930505,4.269215011056981,0.6010034271747785,47.647602676693865,52.10166375891613,4.326909814125213,5.280203996964395,4.4402467961082355,3.2542383996171085e-07,2.4051721936123968e-17,1.0696734321208813e-17,2.7169209192590334e-07,-16.425654676152394,7.0,,COMPLETE
447,0.004497369526610707,0.5826702651293713,2026-03-13 15:06:56.282574,2026-03-13 15:06:57.279035,0 days 00:00:00.996461,4.311157097266552,0.5172379981569786,47.559768133270836,52.10166375891613,4.283922736939798,5.25245945218356,4.301217402693041,3.2542383996171085e-07,4.871761292862973e-18,7.821327951713627e-18,7.583707753513507e-07,-16.677187417676382,7.0,,COMPLETE
448,0.004300792791040683,0.4547457660966856,2026-03-13 15:06:57.279035,2026-03-13 15:06:58.244320,0 days 00:00:00.965285,4.260681969733001,0.5979332411793984,47.559768133270836,52.10166375891613,4.23754563172413,5.148446005868811,4.347767482587959,3.2403126995396193e-07,2.2691067233982086e-16,4.034778023105672e-17,7.583707753513507e-07,-16.865232367423225,7.0,,COMPLETE
449,0.007704732818808898,0.08590758844935688,2026-03-13 15:06:58.244320,2026-03-13 15:06:59.312889,0 days 00:00:01.068569,4.269215011056981,0.5172379981569786,47.647602676693865,52.40147633221821,4.333108444508849,5.296690175720979,4.356584572606268,3.2943322858632866e-07,2.865162596519748e-17,2.4606782096027483e-18,1.3857702398109269e-08,-16.77792110500019,7.0,,COMPLETE
450,,,2026-03-13 15:06:59.314937,2026-03-13 15:06:59.384907,0 days 00:00:00.069970,4.455500564658313,0.5172379981569786,47.647602676693865,53.22877216780254,4.283922736939798,5.1651741387937316,4.273747463736412,3.2943322858632866e-07,4.871761292862973e-18,1.0696734321208813e-17,1.5675886489478206e-07,-16.677187417676382,7.0,,PRUNED
451,0.00664202464001152,0.06716786252640837,2026-03-13 15:06:59.385952,2026-03-13 15:07:00.445483,0 days 00:00:01.059531,4.311157097266552,0.5172379981569786,47.647602676693865,52.10166375891613,4.283922736939798,5.280203996964395,4.227434921208214,3.260495248132742e-07,4.871761292862973e-18,2.4606782096027483e-18,3.5242416485827505e-08,-16.425654676152394,7.0,,COMPLETE
452,,,2026-03-13 15:07:00.447486,2026-03-13 15:07:00.544165,0 days 00:00:00.096679,4.4237133892410565,0.5979332411793984,47.22738966764206,53.22877216780254,4.23754563172413,5.296690175720979,4.356584572606268,3.2620852640604193e-07,2.4051721936123968e-17,2.6706154349565527e-15,1.3857702398109269e-08,-16.800064992288345,7.0,,PRUNED
453,0.00393708248284876,2.1789649665323725,2026-03-13 15:07:00.547152,2026-03-13 15:07:01.566321,0 days 00:00:01.019169,4.311157097266552,0.807044122697686,47.559768133270836,52.10166375891613,4.391652939985715,5.25245945218356,4.228905034040647,3.2620852640604193e-07,2.4051721936123968e-17,7.821327951713627e-18,7.583707753513507e-07,-16.425654676152394,7.0,,COMPLETE
454,0.05398818889722378,0.35872978954907386,2026-03-13 15:07:01.567317,2026-03-13 15:07:02.514558,0 days 00:00:00.947241,4.269215011056981,0.5172379981569786,47.559768133270836,52.02646035403004,4.300901316742282,5.25245945218356,4.270769080330011,3.2943322858632866e-07,4.329052061434734e-15,2.0187682433112947e-16,3.5242416485827505e-08,-14.934500029107037,7.0,,COMPLETE
455,0.004659220513651272,0.7769630749161722,2026-03-13 15:07:02.515635,2026-03-13 15:07:03.519616,0 days 00:00:01.003981,4.2821636218065215,0.5979332411793984,47.559768133270836,50.67241922130861,4.23754563172413,5.25245945218356,4.301217402693041,3.2776524758644294e-07,4.329052061434734e-15,7.518213479322005e-15,7.583707753513507e-07,-16.865232367423225,7.0,,COMPLETE
456,0.07350162355790724,0.5669108281094585,2026-03-13 15:07:03.520718,2026-03-13 15:07:04.541381,0 days 00:00:01.020663,4.269215011056981,0.5172379981569786,46.45189436870422,52.40147633221821,4.23095890685069,5.296690175720979,4.470389244290097,3.282521161821136e-07,1.7669001723667501e-16,6.933219019441033e-16,3.033711593015887e-08,-18.140820609135588,7.0,,COMPLETE
457,0.0078174184378576,0.1604819843699128,2026-03-13 15:07:04.542428,2026-03-13 15:07:05.486926,0 days 00:00:00.944498,4.2821636218065215,0.5754065379971017,48.25522436577102,53.22877216780254,4.218181134928021,5.26418802889281,4.2350905186560635,3.2776524758644294e-07,8.248953886497781e-15,7.821327951713627e-18,2.4098698552900792e-08,-16.677187417676382,8.0,,COMPLETE
458,0.011910107860585386,0.29226546618467225,2026-03-13 15:07:05.487923,2026-03-13 15:07:06.566986,0 days 00:00:01.079063,4.328288020738725,0.6010034271747785,47.559768133270836,52.10166375891613,4.23754563172413,5.148446005868811,4.289244454593384,3.2403126995396193e-07,4.871761292862973e-18,1.0696734321208813e-17,2.7169209192590334e-07,-16.865232367423225,8.0,,COMPLETE
459,0.015546355390713685,0.6925120905647388,2026-03-13 15:07:06.569977,2026-03-13 15:07:07.599812,0 days 00:00:01.029835,4.2821636218065215,0.907726579867122,46.40512302229901,52.10166375891613,4.283922736939798,5.280203996964395,4.2350905186560635,3.260495248132742e-07,4.871761292862973e-18,2.4606782096027483e-18,3.5242416485827505e-08,-16.425654676152394,8.0,,COMPLETE
460,0.010013061054403971,0.06688143952462014,2026-03-13 15:07:07.600810,2026-03-13 15:07:08.692211,0 days 00:00:01.091401,4.269215011056981,0.5172379981569786,47.647602676693865,54.11095415810804,4.268912367370843,5.26418802889281,4.271538370250445,3.2943322858632866e-07,8.757023065401213e-17,1.0721554618847252e-18,3.033711593015887e-08,-16.119137556038186,8.0,,COMPLETE
461,0.044659544294618235,0.08084990089627378,2026-03-13 15:07:08.693209,2026-03-13 15:07:09.791504,0 days 00:00:01.098295,4.2821636218065215,0.5172379981569786,48.06528769491852,51.12217947694973,4.30161936760481,5.25245945218356,4.270769080330011,3.3032650835856086e-07,1.0268693445270071e-17,2.4606782096027483e-18,3.033711593015887e-08,-18.140820609135588,8.0,,COMPLETE
462,0.01255421822077725,0.1705270610567462,2026-03-13 15:07:09.792467,2026-03-13 15:07:10.829263,0 days 00:00:01.036796,4.311157097266552,0.5172379981569786,47.647602676693865,52.10166375891613,4.391652939985715,5.296690175720979,4.273747463736412,3.2943322858632866e-07,4.871761292862973e-18,2.4606782096027483e-18,3.5242416485827505e-08,-16.677187417676382,8.0,,COMPLETE
463,0.0045655336722015645,0.31031068869328915,2026-03-13 15:07:10.829263,2026-03-13 15:07:11.758491,0 days 00:00:00.929228,4.311157097266552,0.5839085639382842,47.647602676693865,53.22877216780254,4.23754563172413,5.26418802889281,4.301217402693041,3.313104646453595e-07,4.871761292862973e-18,3.4772817394680957e-16,3.033711593015887e-08,-16.119137556038186,8.0,,COMPLETE
464,0.012693100575963904,0.5548585581633918,2026-03-13 15:07:11.759489,2026-03-13 15:07:12.782203,0 days 00:00:01.022714,4.311157097266552,0.5839085639382842,47.647602676693865,50.77802156855942,4.365681457056797,5.012402283530387,4.301217402693041,3.2776524758644294e-07,8.248953886497781e-15,1.0721554618847252e-18,8.824083617449446e-07,-16.119137556038186,8.0,,COMPLETE
465,0.004304645255530389,0.12032017469632819,2026-03-13 15:07:12.784196,2026-03-13 15:07:13.661594,0 days 00:00:00.877398,4.2821636218065215,0.5172379981569786,47.647602676693865,53.22877216780254,4.218181134928021,5.296690175720979,4.273747463736412,3.2943322858632866e-07,4.329052061434734e-15,2.4606782096027483e-18,2.7169209192590334e-07,-16.677187417676382,8.0,,COMPLETE
466,0.005422194221396889,0.8631796830856088,2026-03-13 15:07:13.661594,2026-03-13 15:07:14.588859,0 days 00:00:00.927265,4.269215011056981,0.5172379981569786,47.647602676693865,51.12217947694973,4.218181134928021,5.25245945218356,4.270769080330011,3.260495248132742e-07,4.329052061434734e-15,7.518213479322005e-15,7.583707753513507e-07,-16.77792110500019,8.0,,COMPLETE
467,0.006844761488805068,0.18919129821633976,2026-03-13 15:07:14.588859,2026-03-13 15:07:15.549778,0 days 00:00:00.960919,4.272629449459213,0.5979332411793984,47.647602676693865,53.378460538158734,4.23754563172413,5.296690175720979,4.347767482587959,3.2403126995396193e-07,7.197316950290722e-17,2.4606782096027483e-18,3.5242416485827505e-08,-16.800064992288345,8.0,,COMPLETE
