number,values_0,values_1,datetime_start,datetime_complete,duration,params_E_d_sh,params_G_frac,params_N_t_d,params_N_t_sh,params_W_L,params_W_R,params_W_R_sclc,params_d_sclc,params_l1_C_n_bulk,params_l1_k_dir,params_l1_mu_p,params_mu_e,system_attrs_NSGAIISampler:generation,system_attrs_fixed_params,state
236,0.005820604341273469,0.24059758384119753,2026-03-13 15:03:57.575765,2026-03-13 15:03:58.585760,0 days 00:00:01.009995,4.269215011056981,0.5979332411793984,47.15807460046913,53.22877216780254,4.23095890685069,5.1651741387937316,4.356584572606268,3.2620852640604193e-07,5.1804604808540927e-17,4.034778023105672e-17,3.033711593015887e-08,-16.865232367423225,3.0,,COMPLETE
237,0.057339211588064966,0.3769385099515965,2026-03-13 15:03:58.586756,2026-03-13 15:03:59.672346,0 days 00:00:01.085590,4.32661301958017,0.5005358446529504,46.304050801020054,52.10401774397312,4.44685695562215,5.296690175720979,4.437923339058605,3.3064647498527463e-07,2.865162596519748e-17,4.890748169990319e-17,2.0463507210325082e-08,-17.13181810716547,3.0,,COMPLETE
238,0.008920175679143567,0.448861134890208,2026-03-13 15:03:59.673342,2026-03-13 15:04:00.847669,0 days 00:00:01.174327,4.32661301958017,0.8842830591159623,46.269553159546206,53.19706154788932,4.44685695562215,5.258329821805663,4.253538948967381,3.3064647498527463e-07,1.6533891927596553e-16,1.3190271123293248e-15,2.2363175519997218e-08,-15.705124963342266,3.0,,COMPLETE
239,0.057175553870730554,0.3179474716012956,2026-03-13 15:04:00.848670,2026-03-13 15:04:01.972109,0 days 00:00:01.123439,4.3998489268744425,0.5979332411793984,47.69858149669278,51.73616141627039,4.391652939985715,5.296690175720979,4.419121591108559,3.2620852640604193e-07,4.2752269464921486e-16,4.173654349461259e-17,3.5242416485827505e-08,-16.425654676152394,3.0,,COMPLETE
240,0.004980351825847295,0.8765917613456153,2026-03-13 15:04:01.973149,2026-03-13 15:04:02.888108,0 days 00:00:00.914959,4.269215011056981,0.5172379981569786,47.647602676693865,52.10166375891613,4.326909814125213,5.25245945218356,4.271538370250445,3.2403126995396193e-07,2.865162596519748e-17,1.0721554618847252e-18,7.583707753513507e-07,-16.677187417676382,3.0,,COMPLETE
241,0.0711493210436736,0.3024755534544469,2026-03-13 15:04:02.889105,2026-03-13 15:04:04.081633,0 days 00:00:01.192528,4.3998489268744425,0.5050321282956254,46.304050801020054,52.869791272332435,4.23754563172413,5.035477868602665,4.419121591108559,3.2403126995396193e-07,5.146417524289464e-18,4.173654349461259e-17,6.490972823761828e-08,-16.329714574259974,3.0,,COMPLETE
242,,,2026-03-13 15:04:04.082660,2026-03-13 15:04:04.134690,0 days 00:00:00.052030,4.283971296438405,0.5847610331557358,50.0564877118216,53.22877216780254,4.3119584980050565,5.1651741387937316,4.271538370250445,3.299144706028046e-07,5.146417524289464e-18,4.034778023105672e-17,3.033711593015887e-08,-16.865232367423225,3.0,,PRUNED
243,0.0238692822256627,0.6521935071501099,2026-03-13 15:04:04.135648,2026-03-13 15:04:05.162858,0 days 00:00:01.027210,4.283971296438405,0.5847610331557358,46.45189436870422,53.22877216780254,4.264027222408628,5.1651741387937316,4.271538370250445,3.283181077200944e-07,5.1804604808540927e-17,3.686295753261443e-15,1.624458304850921e-08,-15.922336884880881,3.0,,COMPLETE
244,0.04672704077028239,0.09313896781941859,2026-03-13 15:04:05.163855,2026-03-13 15:04:06.081132,0 days 00:00:00.917277,4.283971296438405,0.5172379981569786,47.647602676693865,53.22877216780254,4.23095890685069,5.280203996964395,4.470389244290097,3.2943322858632866e-07,5.1804604808540927e-17,1.0696734321208813e-17,3.033711593015887e-08,-16.865232367423225,3.0,,COMPLETE
245,,,2026-03-13 15:04:06.082128,2026-03-13 15:04:06.137692,0 days 00:00:00.055564,4.3758060857653875,0.5050321282956254,46.304050801020054,54.01130446307115,4.379357268138977,5.015609564323285,4.2648298032896585,3.2453636515006344e-07,5.146417524289464e-18,3.685331934841373e-18,6.490972823761828e-08,-18.254744930138404,3.0,,PRUNED
246,0.02258794332159081,0.4358839752192339,2026-03-13 15:04:06.138754,2026-03-13 15:04:07.218378,0 days 00:00:01.079624,4.3758060857653875,0.5050321282956254,48.06528769491852,51.42904053783273,4.23754563172413,5.013347700985065,4.364934150126319,3.2403126995396193e-07,5.00154619587346e-16,3.685331934841373e-18,6.490972823761828e-08,-16.425654676152394,3.0,,COMPLETE
247,0.010255971402125941,0.2834973746513596,2026-03-13 15:04:07.219385,2026-03-13 15:04:08.291355,0 days 00:00:01.071970,4.269215011056981,0.5979332411793984,47.15807460046913,52.40147633221821,4.391652939985715,5.188665907113925,4.347767482587959,3.2620852640604193e-07,8.248953886497781e-15,1.3338028910356632e-18,3.5242416485827505e-08,-16.119137556038186,3.0,,COMPLETE
248,0.026851269115401984,0.26376093976456555,2026-03-13 15:04:08.293350,2026-03-13 15:04:09.199692,0 days 00:00:00.906342,4.343019165136866,0.5172379981569786,47.647602676693865,52.10166375891613,4.283922736939798,5.280203996964395,4.476236567986912,3.2542383996171085e-07,1.5115403047409902e-17,2.7886124465681706e-18,2.7169209192590334e-07,-15.869851737297049,3.0,,COMPLETE
249,0.034974135507083004,0.46573282658252974,2026-03-13 15:04:09.200688,2026-03-13 15:04:10.285773,0 days 00:00:01.085085,4.269215011056981,0.8842830591159623,48.7257017044,53.19706154788932,4.44685695562215,5.188665907113925,4.253538948967381,3.2620852640604193e-07,8.248953886497781e-15,1.3190271123293248e-15,3.5242416485827505e-08,-16.119137556038186,4.0,,COMPLETE
250,0.011816257378915472,0.20779911995642658,2026-03-13 15:04:10.286770,2026-03-13 15:04:11.395376,0 days 00:00:01.108606,4.283971296438405,0.5847610331557358,46.45189436870422,52.40147633221821,4.393527066961323,5.280203996964395,4.347767482587959,3.2403126995396193e-07,2.2691067233982086e-16,1.0721554618847252e-18,3.033711593015887e-08,-16.119137556038186,4.0,,COMPLETE
251,0.0056456734016563604,0.6507705215411618,2026-03-13 15:04:11.396410,2026-03-13 15:04:12.400292,0 days 00:00:01.003882,4.269215011056981,0.7662080467652503,47.647602676693865,52.10166375891613,4.283922736939798,5.013347700985065,4.289244454593384,3.2403126995396193e-07,5.00154619587346e-16,1.0696734321208813e-17,2.7169209192590334e-07,-16.677187417676382,4.0,,COMPLETE
252,0.018386216376293684,0.5285833887149385,2026-03-13 15:04:12.401288,2026-03-13 15:04:13.467305,0 days 00:00:01.066017,4.311157097266552,0.5847610331557358,46.45189436870422,53.22877216780254,4.23095890685069,5.058490751897011,4.259986667922674,3.282521161821136e-07,2.2691067233982086e-16,4.034778023105672e-17,3.033711593015887e-08,-15.745178467173533,4.0,,COMPLETE
253,0.024388626259805455,0.8501348100556351,2026-03-13 15:04:13.468302,2026-03-13 15:04:14.442952,0 days 00:00:00.974650,4.375553509468434,0.9114190438633021,48.219024357887,51.90533959561421,4.259838936505467,5.008838590072107,4.388435241838936,3.319842608769564e-07,4.019697650892797e-18,2.688234335101532e-18,8.2071076866157e-07,-15.90664929782725,4.0,,COMPLETE
254,0.00969412581707399,0.3413616627530719,2026-03-13 15:04:14.443949,2026-03-13 15:04:15.216004,0 days 00:00:00.772055,4.269215011056981,0.5979332411793984,46.08334260982261,52.33213725605692,4.391652939985715,5.16330571667105,4.273747463736412,3.2404189382380473e-07,8.248953886497781e-15,1.0721554618847252e-18,6.972804620979972e-08,-16.425654676152394,4.0,,COMPLETE
255,0.04700426341984741,0.464348596744696,2026-03-13 15:04:15.216004,2026-03-13 15:04:16.053235,0 days 00:00:00.837231,4.311157097266552,0.5050321282956254,46.304050801020054,52.10166375891613,4.23754563172413,5.015609564323285,4.486579331121038,3.2403126995396193e-07,5.1804604808540927e-17,4.034778023105672e-17,3.033711593015887e-08,-16.865232367423225,4.0,,COMPLETE
256,0.03081765746174212,0.2645216300525593,2026-03-13 15:04:16.054231,2026-03-13 15:04:16.852822,0 days 00:00:00.798591,4.283971296438405,0.5847610331557358,48.96635827903007,53.22877216780254,4.393527066961323,5.26418802889281,4.271538370250445,3.304181226520311e-07,8.248953886497781e-15,4.034778023105672e-17,3.033711593015887e-08,-16.119137556038186,4.0,,COMPLETE
257,0.02059069806944114,0.4321727463490934,2026-03-13 15:04:16.852822,2026-03-13 15:04:17.590700,0 days 00:00:00.737878,4.2590464436943,0.5979332411793984,46.28122336215166,52.33213725605692,4.350915352407215,5.296690175720979,4.299793374829431,3.2838133593250636e-07,8.248953886497781e-15,4.890748169990319e-17,2.029103514817505e-07,-16.119137556038186,4.0,,COMPLETE
258,0.018649251178928315,0.1641529701239676,2026-03-13 15:04:17.591697,2026-03-13 15:04:18.398209,0 days 00:00:00.806512,4.283971296438405,0.5172379981569786,47.647602676693865,53.22877216780254,4.391652939985715,5.296690175720979,4.273747463736412,3.2943322858632866e-07,2.4051721936123968e-17,2.4606782096027483e-18,3.033711593015887e-08,-16.865232367423225,4.0,,COMPLETE
259,0.012300970008931747,0.18599341566010352,2026-03-13 15:04:18.399205,2026-03-13 15:04:19.146449,0 days 00:00:00.747244,4.311157097266552,0.5847610331557358,47.647602676693865,53.22877216780254,4.23095890685069,5.280203996964395,4.271538370250445,3.316435199975933e-07,5.1804604808540927e-17,1.0721554618847252e-18,3.033711593015887e-08,-15.745178467173533,4.0,,COMPLETE
260,0.02110046004384831,0.5257990866735616,2026-03-13 15:04:19.147445,2026-03-13 15:04:19.970119,0 days 00:00:00.822674,4.269215011056981,0.7907163047108723,48.83503284684112,51.07893433395079,4.391652939985715,5.188665907113925,4.347767482587959,3.247565490318469e-07,8.248953886497781e-15,1.3338028910356632e-18,3.5242416485827505e-08,-16.119137556038186,4.0,,COMPLETE
261,0.013978749694064313,0.571384392411959,2026-03-13 15:04:19.971116,2026-03-13 15:04:20.748853,0 days 00:00:00.777737,4.220039624757946,0.5979332411793984,47.15807460046913,53.22877216780254,4.393527066961323,5.013654568450848,4.273747463736412,3.2620852640604193e-07,8.248953886497781e-15,1.0721554618847252e-18,1.296976402939771e-07,-16.119137556038186,4.0,,COMPLETE
262,0.008957246079332933,0.28523243560996037,2026-03-13 15:04:20.749860,2026-03-13 15:04:21.552175,0 days 00:00:00.802315,4.269215011056981,0.5847610331557358,48.64840871492875,53.22877216780254,4.345915780989124,5.148446005868811,4.347767482587959,3.282521161821136e-07,2.2691067233982086e-16,1.0721554618847252e-18,3.033711593015887e-08,-16.121332144440267,4.0,,COMPLETE
263,0.005820604341273469,0.2886754701310102,2026-03-13 15:04:21.552175,2026-03-13 15:04:22.382823,0 days 00:00:00.830648,4.269215011056981,0.5979332411793984,47.15807460046913,53.22877216780254,4.23095890685069,5.109252283041851,4.356584572606268,3.2620852640604193e-07,5.1804604808540927e-17,4.034778023105672e-17,3.033711593015887e-08,-16.865232367423225,4.0,,COMPLETE
264,0.016981580779688397,0.15832414627824046,2026-03-13 15:04:22.382823,2026-03-13 15:04:23.098079,0 days 00:00:00.715256,4.283971296438405,0.5172379981569786,47.647602676693865,52.10166375891613,4.23095890685069,5.280203996964395,4.289244454593384,3.2943322858632866e-07,4.871761292862973e-18,1.0696734321208813e-17,2.7169209192590334e-07,-17.31762753267118,4.0,,COMPLETE
265,0.004679985835397636,0.17285131525620856,2026-03-13 15:04:23.099087,2026-03-13 15:04:23.849919,0 days 00:00:00.750832,4.311157097266552,0.5839085639382842,47.65564902452635,53.22877216780254,4.268912367370843,5.26418802889281,4.301217402693041,3.2776524758644294e-07,8.248953886497781e-15,1.0721554618847252e-18,3.033711593015887e-08,-16.119137556038186,4.0,,COMPLETE
266,0.010007250871856067,1.5121016216433365,2026-03-13 15:04:23.850917,2026-03-13 15:04:24.586916,0 days 00:00:00.735999,4.269215011056981,0.5979332411793984,47.15807460046913,53.22877216780254,4.393527066961323,5.188665907113925,4.271538370250445,3.304181226520311e-07,6.9274840925392595e-18,1.3338028910356632e-18,7.856135052258517e-07,-16.119137556038186,4.0,,COMPLETE
267,0.021393973892472846,0.3098719964600069,2026-03-13 15:04:24.587921,2026-03-13 15:04:25.387354,0 days 00:00:00.799433,4.269215011056981,0.5979332411793984,48.11408173517064,52.40147633221821,4.439079836060799,5.280203996964395,4.273747463736412,3.2620852640604193e-07,2.4051721936123968e-17,2.4606782096027483e-18,3.033711593015887e-08,-16.425654676152394,4.0,,COMPLETE
268,0.05442995025261797,0.508057486204555,2026-03-13 15:04:25.388350,2026-03-13 15:04:26.327027,0 days 00:00:00.938677,4.3758060857653875,0.6648650344853485,47.15807460046913,52.10401774397312,4.391652939985715,5.015609564323285,4.273747463736412,3.2606391510338885e-07,2.4051721936123968e-17,3.685331934841373e-18,8.29429342214334e-08,-17.13181810716547,4.0,,COMPLETE
269,0.006303580887281708,0.17723899737899057,2026-03-13 15:04:26.328024,2026-03-13 15:04:27.055094,0 days 00:00:00.727070,4.283971296438405,0.5847610331557358,46.45189436870422,53.22877216780254,4.23095890685069,5.280203996964395,4.271538370250445,3.2943322858632866e-07,5.1804604808540927e-17,1.0696734321208813e-17,3.033711593015887e-08,-16.865232367423225,4.0,,COMPLETE
270,0.05833734489327201,0.6988713142560896,2026-03-13 15:04:27.056095,2026-03-13 15:04:27.946233,0 days 00:00:00.890138,4.3758060857653875,0.5050321282956254,46.304050801020054,52.10401774397312,4.2041900053521015,5.015609564323285,4.437923339058605,3.2606391510338885e-07,2.865162596519748e-17,4.2572374832692054e-15,6.490972823761828e-08,-17.13181810716547,4.0,,COMPLETE
271,0.028817774498644907,0.5708172184660376,2026-03-13 15:04:27.947230,2026-03-13 15:04:28.743265,0 days 00:00:00.796035,4.361739870293571,0.6010034271747785,47.647602676693865,52.10166375891613,4.326909814125213,5.280203996964395,4.289244454593384,3.2542383996171085e-07,4.871761292862973e-18,1.0696734321208813e-17,2.7169209192590334e-07,-16.677187417676382,4.0,,COMPLETE
272,0.0158212808020399,0.2109778255718365,2026-03-13 15:04:28.744263,2026-03-13 15:04:29.453925,0 days 00:00:00.709662,4.311157097266552,0.5979332411793984,46.304050801020054,52.40147633221821,4.23754563172413,5.296690175720979,4.335643676311425,3.2403126995396193e-07,4.871761292862973e-18,2.4606782096027483e-18,6.490972823761828e-08,-16.119137556038186,4.0,,COMPLETE
273,0.006033391525895207,0.8583682539573705,2026-03-13 15:04:29.454922,2026-03-13 15:04:30.178221,0 days 00:00:00.723299,4.283971296438405,0.5847610331557358,46.45189436870422,52.40147633221821,4.326909814125213,5.25245945218356,4.347767482587959,3.278523440796519e-07,5.588315095153786e-16,4.034778023105672e-17,7.583707753513507e-07,-16.865232367423225,4.0,,COMPLETE
274,,,2026-03-13 15:04:30.178221,2026-03-13 15:04:30.229904,0 days 00:00:00.051683,4.462697629751236,0.5979332411793984,47.647602676693865,52.40147633221821,4.391652939985715,5.280203996964395,4.289244454593384,3.2542383996171085e-07,4.871761292862973e-18,1.0696734321208813e-17,2.7169209192590334e-07,-16.425654676152394,4.0,,PRUNED
275,0.0071929155738709545,0.25172677112906977,2026-03-13 15:04:30.229904,2026-03-13 15:04:30.972188,0 days 00:00:00.742284,4.269215011056981,0.5979332411793984,46.45189436870422,52.33213725605692,4.23095890685069,5.1651741387937316,4.271538370250445,3.282521161821136e-07,5.1804604808540927e-17,4.034778023105672e-17,6.972804620979972e-08,-16.865232367423225,4.0,,COMPLETE
276,0.004365885341522825,0.45558948772008395,2026-03-13 15:04:30.973186,2026-03-13 15:04:31.741264,0 days 00:00:00.768078,4.269215011056981,0.5979332411793984,47.559768133270836,52.10166375891613,4.23754563172413,5.148446005868811,4.347767482587959,3.2403126995396193e-07,2.2691067233982086e-16,4.034778023105672e-17,7.583707753513507e-07,-16.865232367423225,4.0,,COMPLETE
277,0.0028841973416862125,0.7964190178063496,2026-03-13 15:04:31.742261,2026-03-13 15:04:32.462913,0 days 00:00:00.720652,4.2821636218065215,0.5979332411793984,48.06528769491852,51.12217947694973,4.218181134928021,5.25245945218356,4.273747463736412,3.2620852640604193e-07,4.329052061434734e-15,7.518213479322005e-15,7.583707753513507e-07,-16.77792110500019,4.0,,COMPLETE
278,0.00638115116994888,0.19035845516177718,2026-03-13 15:04:32.463909,2026-03-13 15:04:33.181331,0 days 00:00:00.717422,4.246662786766501,0.5172379981569786,47.647602676693865,52.10166375891613,4.283922736939798,5.1651741387937316,4.228690254814973,3.2611142448723006e-07,5.1804604808540927e-17,1.0696734321208813e-17,1.5675886489478206e-07,-16.677187417676382,4.0,,COMPLETE
279,0.08361035473862602,0.14206822631985766,2026-03-13 15:04:33.181331,2026-03-13 15:04:34.117366,0 days 00:00:00.936035,4.3998489268744425,0.5847610331557358,47.156881079475816,53.22877216780254,4.23754563172413,5.280203996964395,4.387767798511811,3.304181226520311e-07,2.865162596519748e-17,3.685331934841373e-18,3.033711593015887e-08,-16.329714574259974,4.0,,COMPLETE
280,0.006855719918484198,0.16254339615275573,2026-03-13 15:04:34.118363,2026-03-13 15:04:34.995438,0 days 00:00:00.877075,4.269215011056981,0.5754065379971017,47.907097259160224,52.40147633221821,4.391652939985715,5.296690175720979,4.356584572606268,3.2620852640604193e-07,2.865162596519748e-17,2.4606782096027483e-18,1.3857702398109269e-08,-16.425654676152394,4.0,,COMPLETE
281,0.01472640851273516,0.6317950373624063,2026-03-13 15:04:34.996435,2026-03-13 15:04:35.863244,0 days 00:00:00.866809,4.220039624757946,0.8921104106200877,46.764327250568066,52.40147633221821,4.393527066961323,5.202670867213222,4.271538370250445,3.304181226520311e-07,8.248953886497781e-15,1.0721554618847252e-18,3.033711593015887e-08,-16.119137556038186,4.0,,COMPLETE
282,,,2026-03-13 15:04:35.864242,2026-03-13 15:04:35.906103,0 days 00:00:00.041861,4.311157097266552,0.6010034271747785,49.74268695968482,52.10401774397312,4.326909814125213,5.030324820431554,4.253538948967381,3.2542383996171085e-07,1.7718752771401227e-16,8.925889929519515e-15,2.7169209192590334e-07,-16.720485036841126,4.0,,PRUNED
283,0.016579000653274483,0.27591715103892606,2026-03-13 15:04:35.907099,2026-03-13 15:04:36.685377,0 days 00:00:00.778278,4.269215011056981,0.5979332411793984,46.764327250568066,52.33213725605692,4.222878737622632,5.178982273827226,4.271538370250445,3.249301441038478e-07,8.248953886497781e-15,1.1157035453970133e-16,3.5139900345405646e-08,-16.408290347191816,4.0,,COMPLETE
284,0.09012910641079672,0.24073700529944345,2026-03-13 15:04:36.686376,2026-03-13 15:04:37.509667,0 days 00:00:00.823291,4.461679739642189,0.5979332411793984,46.304050801020054,52.10401774397312,4.23754563172413,5.296690175720979,4.327773350351611,3.2620852640604193e-07,2.865162596519748e-17,4.890748169990319e-17,3.5139900345405646e-08,-15.71163683195798,4.0,,COMPLETE
285,0.012378107887081932,0.05601027428540945,2026-03-13 15:04:37.509667,2026-03-13 15:04:38.197147,0 days 00:00:00.687480,4.269215011056981,0.5172379981569786,47.15807460046913,52.40147633221821,4.23095890685069,5.296690175720979,4.4402467961082355,3.2943322858632866e-07,2.4051721936123968e-17,2.4606782096027483e-18,3.5242416485827505e-08,-16.425654676152394,4.0,,COMPLETE
286,0.005400294250993113,0.27301134676418315,2026-03-13 15:04:38.198143,2026-03-13 15:04:39.019682,0 days 00:00:00.821539,4.283971296438405,0.5979332411793984,47.15807460046913,52.40147633221821,4.391652939985715,5.296690175720979,4.3842238819873405,3.2732740654860886e-07,2.4051721936123968e-17,4.034778023105672e-17,3.5139900345405646e-08,-16.425654676152394,4.0,,COMPLETE
287,0.00664107991511827,0.25969004888067687,2026-03-13 15:04:39.019682,2026-03-13 15:04:39.884058,0 days 00:00:00.864376,4.269215011056981,0.5979332411793984,46.08334260982261,53.22877216780254,4.222878737622632,5.1158178134876096,4.318340393223483,3.289079209366806e-07,8.248953886497781e-15,1.0721554618847252e-18,3.033711593015887e-08,-17.01086360197574,4.0,,COMPLETE
288,0.00880366694302765,0.9200052788127593,2026-03-13 15:04:39.884058,2026-03-13 15:04:40.631533,0 days 00:00:00.747475,4.2821636218065215,0.9688366558877678,46.31100801018968,51.12217947694973,4.218181134928021,5.25245945218356,4.270769080330011,3.278523440796519e-07,4.329052061434734e-15,7.518213479322005e-15,7.583707753513507e-07,-16.77792110500019,4.0,,COMPLETE
289,0.007013097925438561,0.1865663464487316,2026-03-13 15:04:40.632529,2026-03-13 15:04:41.365551,0 days 00:00:00.733022,4.269215011056981,0.5979332411793984,46.304050801020054,52.40147633221821,4.23754563172413,5.296690175720979,4.335643676311425,3.2620852640604193e-07,7.197316950290722e-17,2.4606782096027483e-18,3.5242416485827505e-08,-16.800064992288345,4.0,,COMPLETE
290,0.020100039577880584,0.6034594183165487,2026-03-13 15:04:41.366547,2026-03-13 15:04:42.041515,0 days 00:00:00.674968,4.269215011056981,0.5979332411793984,46.304050801020054,51.4005976658582,4.218181134928021,5.296690175720979,4.335643676311425,3.2403126995396193e-07,2.865162596519748e-17,5.194436610090986e-15,6.490972823761828e-08,-16.28503960301979,4.0,,COMPLETE
291,0.022214285854294986,0.5375609466593969,2026-03-13 15:04:42.041515,2026-03-13 15:04:42.871406,0 days 00:00:00.829891,4.220039624757946,0.8698267390879264,48.78371912588134,53.22877216780254,4.23095890685069,5.1651741387937316,4.31557677195585,3.282521161821136e-07,5.1804604808540927e-17,4.034778023105672e-17,3.033711593015887e-08,-16.865232367423225,4.0,,COMPLETE
292,0.004400624282591135,1.5982510357715667,2026-03-13 15:04:42.872411,2026-03-13 15:04:43.655635,0 days 00:00:00.783224,4.311157097266552,0.9817662288264417,47.647602676693865,51.52582956003947,4.326909814125213,5.25245945218356,4.270769080330011,3.2542383996171085e-07,4.871761292862973e-18,7.821327951713627e-18,7.583707753513507e-07,-16.77792110500019,4.0,,COMPLETE
293,0.010098985863261377,0.5807101034177549,2026-03-13 15:04:43.655635,2026-03-13 15:04:44.366737,0 days 00:00:00.711102,4.367549882452664,0.8285951967016718,47.159633241981595,50.701132749874226,4.23095890685069,5.296690175720979,4.271538370250445,3.282521161821136e-07,2.865162596519748e-17,4.034778023105672e-17,9.269787641080821e-08,-16.865232367423225,4.0,,COMPLETE
