number,values_0,values_1,datetime_start,datetime_complete,duration,params_E_d_sh,params_G_frac,params_N_t_d,params_N_t_sh,params_W_L,params_W_R,params_W_R_sclc,params_d_sclc,params_l1_C_n_bulk,params_l1_k_dir,params_l1_mu_p,params_mu_e,system_attrs_NSGAIISampler:generation,system_attrs_fixed_params,state
352,0.01988029686716859,0.08948894102754884,2026-03-13 15:05:29.879222,2026-03-13 15:05:30.651503,0 days 00:00:00.772281,4.311157097266552,0.5172379981569786,47.647602676693865,53.22877216780254,4.326909814125213,5.296690175720979,4.271538370250445,3.2943322858632866e-07,5.1804604808540927e-17,2.4606782096027483e-18,3.033711593015887e-08,-16.77792110500019,6.0,,COMPLETE
353,0.009738576956879462,0.21891148792733384,2026-03-13 15:05:30.651503,2026-03-13 15:05:31.472867,0 days 00:00:00.821364,4.236607732919715,0.5754065379971017,47.15807460046913,52.40147633221821,4.391652939985715,5.258329821805663,4.2208628526560235,3.273466769997048e-07,2.865162596519748e-17,3.685331934841373e-18,3.5139900345405646e-08,-16.329714574259974,6.0,,COMPLETE
354,0.016981580779688397,0.15832414627824046,2026-03-13 15:05:31.473873,2026-03-13 15:05:32.178414,0 days 00:00:00.704541,4.283971296438405,0.5172379981569786,47.647602676693865,52.10166375891613,4.23095890685069,5.280203996964395,4.289244454593384,3.2943322858632866e-07,4.871761292862973e-18,1.0696734321208813e-17,2.7169209192590334e-07,-17.31762753267118,6.0,,COMPLETE
355,0.007080897117709614,1.734241712018995,2026-03-13 15:05:32.179411,2026-03-13 15:05:32.940824,0 days 00:00:00.761413,4.298663260659029,0.5979332411793984,47.15807460046913,51.12217947694973,4.391652939985715,5.296690175720979,4.270769080330011,3.244952442423923e-07,2.4051721936123968e-17,7.821327951713627e-18,7.583707753513507e-07,-16.425654676152394,6.0,,COMPLETE
356,0.004917457868231893,0.9871567588356707,2026-03-13 15:05:32.941831,2026-03-13 15:05:33.649902,0 days 00:00:00.708071,4.311157097266552,0.9688366558877678,47.559768133270836,51.12217947694973,4.218181134928021,5.25245945218356,4.271538370250445,3.278523440796519e-07,5.1804604808540927e-17,1.0721554618847252e-18,7.583707753513507e-07,-16.77792110500019,6.0,,COMPLETE
357,0.00638115116994888,0.19035845516177718,2026-03-13 15:05:33.650909,2026-03-13 15:05:34.408351,0 days 00:00:00.757442,4.246662786766501,0.5172379981569786,47.647602676693865,52.10166375891613,4.283922736939798,5.1651741387937316,4.228690254814973,3.2611142448723006e-07,5.1804604808540927e-17,1.0696734321208813e-17,1.5675886489478206e-07,-16.677187417676382,6.0,,COMPLETE
358,0.03771501176132445,0.31309797148915797,2026-03-13 15:05:34.409347,2026-03-13 15:05:35.201094,0 days 00:00:00.791747,4.311157097266552,0.5979332411793984,47.65564902452635,53.22877216780254,4.268912367370843,5.296690175720979,4.301217402693041,3.2776524758644294e-07,2.4051721936123968e-17,2.669391035624816e-16,3.033711593015887e-08,-17.43935896391138,6.0,,COMPLETE
359,0.07549508600125898,0.09410137126340354,2026-03-13 15:05:35.202091,2026-03-13 15:05:35.952526,0 days 00:00:00.750435,4.311157097266552,0.5172379981569786,49.41991281538132,53.22877216780254,4.23095890685069,5.280203996964395,4.273747463736412,3.2943322858632866e-07,4.871761292862973e-18,1.0696734321208813e-17,3.033711593015887e-08,-16.77792110500019,6.0,,COMPLETE
360,0.004971996669173847,0.25373511628750955,2026-03-13 15:05:35.953523,2026-03-13 15:05:36.793342,0 days 00:00:00.839819,4.269215011056981,0.6010034271747785,47.15807460046913,52.10166375891613,4.391652939985715,5.280203996964395,4.356584572606268,3.2620852640604193e-07,4.871761292862973e-18,1.0696734321208813e-17,3.5242416485827505e-08,-16.425654676152394,6.0,,COMPLETE
361,0.004940063247546201,0.7317462226653937,2026-03-13 15:05:36.794339,2026-03-13 15:05:37.657212,0 days 00:00:00.862873,4.2821636218065215,0.9688366558877678,47.647602676693865,53.22877216780254,4.326909814125213,5.25245945218356,4.270769080330011,3.278523440796519e-07,4.329052061434734e-15,7.821327951713627e-18,3.033711593015887e-08,-16.677187417676382,6.0,,COMPLETE
362,0.0229618551213272,0.8110027083313279,2026-03-13 15:05:37.658209,2026-03-13 15:05:38.458932,0 days 00:00:00.800723,4.269215011056981,0.5979332411793984,47.15807460046913,52.40147633221821,4.391652939985715,5.296690175720979,4.289244454593384,3.2620852640604193e-07,2.4051721936123968e-17,1.0696734321208813e-17,2.7169209192590334e-07,-17.31762753267118,6.0,,COMPLETE
363,0.006030832186830951,0.6580625303251298,2026-03-13 15:05:38.459929,2026-03-13 15:05:39.216423,0 days 00:00:00.756494,4.269215011056981,0.5847610331557358,47.15807460046913,53.22877216780254,4.23095890685069,5.280203996964395,4.289244454593384,3.304181226520311e-07,2.4051721936123968e-17,5.704482389613554e-15,4.090345805288363e-07,-16.677187417676382,6.0,,COMPLETE
364,,,2026-03-13 15:05:39.217433,2026-03-13 15:05:39.266763,0 days 00:00:00.049330,4.3998489268744425,0.5172379981569786,48.77425100552294,53.22877216780254,4.23095890685069,5.258329821805663,4.387767798511811,3.282521161821136e-07,2.4051721936123968e-17,3.685331934841373e-18,3.033711593015887e-08,-16.329714574259974,6.0,,PRUNED
365,0.007923198453728963,0.22208112150770556,2026-03-13 15:05:39.266763,2026-03-13 15:05:40.019257,0 days 00:00:00.752494,4.3396931959912335,0.5979332411793984,46.150624003471854,52.40147633221821,4.23095890685069,5.296690175720979,4.347767482587959,3.282521161821136e-07,2.2691067233982086e-16,4.034778023105672e-17,1.3857702398109269e-08,-16.425654676152394,6.0,,COMPLETE
366,0.0043711977197440225,0.10187396055495418,2026-03-13 15:05:40.020254,2026-03-13 15:05:40.794801,0 days 00:00:00.774547,4.311157097266552,0.5172379981569786,47.647602676693865,52.10166375891613,4.283922736939798,5.280203996964395,4.273747463736412,3.2542383996171085e-07,4.871761292862973e-18,1.0696734321208813e-17,3.033711593015887e-08,-16.677187417676382,6.0,,COMPLETE
367,0.0373967047296189,1.0036542754804205,2026-03-13 15:05:40.795797,2026-03-13 15:05:41.783548,0 days 00:00:00.987751,4.3998489268744425,0.9817662288264417,47.156881079475816,51.52582956003947,4.326909814125213,5.041823514211609,4.387767798511811,3.2436620059182644e-07,2.865162596519748e-17,3.685331934841373e-18,1.3857702398109269e-08,-16.329714574259974,6.0,,COMPLETE
368,0.00805613664836328,0.09464053484346849,2026-03-13 15:05:41.783548,2026-03-13 15:05:42.559538,0 days 00:00:00.775990,4.311157097266552,0.5172379981569786,47.65564902452635,52.10166375891613,4.326909814125213,5.26418802889281,4.356922432971107,3.2542383996171085e-07,8.248953886497781e-15,1.0721554618847252e-18,3.033711593015887e-08,-16.119137556038186,6.0,,COMPLETE
369,0.005268386723379476,0.16529040849448842,2026-03-13 15:05:42.560535,2026-03-13 15:05:43.424733,0 days 00:00:00.864198,4.269215011056981,0.5172379981569786,47.15807460046913,53.22877216780254,4.391652939985715,5.296690175720979,4.273747463736412,3.2943322858632866e-07,2.0953331101590576e-17,2.4606782096027483e-18,3.5242416485827505e-08,-16.425654676152394,6.0,,COMPLETE
370,0.014131295925503162,0.48223739385362385,2026-03-13 15:05:43.424733,2026-03-13 15:05:44.135530,0 days 00:00:00.710797,4.311157097266552,0.5847610331557358,47.647602676693865,53.22877216780254,4.23095890685069,5.280203996964395,4.301217402693041,3.257190395847106e-07,5.1804604808540927e-17,1.0721554618847252e-18,8.824083617449446e-07,-16.677187417676382,6.0,,COMPLETE
371,0.0061475575679221855,0.7946992459225052,2026-03-13 15:05:44.136526,2026-03-13 15:05:44.923794,0 days 00:00:00.787268,4.2821636218065215,0.5847610331557358,47.647602676693865,53.22877216780254,4.2663206514417675,5.280203996964395,4.289244454593384,3.278523440796519e-07,4.329052061434734e-15,7.518213479322005e-15,7.583707753513507e-07,-16.77792110500019,6.0,,COMPLETE
372,0.004890334113650766,0.471549655264154,2026-03-13 15:05:44.924791,2026-03-13 15:05:45.619791,0 days 00:00:00.695000,4.269215011056981,0.5979332411793984,47.647602676693865,52.51283594918055,4.23095890685069,5.280203996964395,4.347767482587959,3.2403126995396193e-07,2.865162596519748e-17,4.034778023105672e-17,7.583707753513507e-07,-16.865232367423225,6.0,,COMPLETE
373,0.02169497995267499,2.423288176738738,2026-03-13 15:05:45.619791,2026-03-13 15:05:46.406310,0 days 00:00:00.786519,4.311157097266552,0.5979332411793984,47.15807460046913,53.22877216780254,4.391652939985715,5.25245945218356,4.273747463736412,3.2620852640604193e-07,4.871761292862973e-18,2.4606782096027483e-18,7.583707753513507e-07,-16.77792110500019,6.0,,COMPLETE
374,0.005734606751258462,0.40118540519166335,2026-03-13 15:05:46.407306,2026-03-13 15:05:47.123532,0 days 00:00:00.716226,4.246662786766501,0.5172379981569786,47.907097259160224,52.40147633221821,4.391652939985715,5.296690175720979,4.356584572606268,3.2620852640604193e-07,2.4051721936123968e-17,1.0696734321208813e-17,1.5675886489478206e-07,-16.425654676152394,6.0,,COMPLETE
375,0.08068415280830217,0.04940950200394826,2026-03-13 15:05:47.123532,2026-03-13 15:05:47.892860,0 days 00:00:00.769328,4.269215011056981,0.5172379981569786,47.647602676693865,52.40147633221821,4.23095890685069,5.296690175720979,4.470389244290097,3.2943322858632866e-07,1.0268693445270071e-17,2.4606782096027483e-18,3.033711593015887e-08,-18.140820609135588,6.0,,COMPLETE
376,0.006326009218078356,0.3039683401239361,2026-03-13 15:05:47.893857,2026-03-13 15:05:48.733188,0 days 00:00:00.839331,4.298663260659029,0.5979332411793984,46.08334260982261,53.22877216780254,4.391652939985715,5.166531326551071,4.206509276318805,3.289079209366806e-07,2.4051721936123968e-17,2.4606782096027483e-18,3.8334383522321395e-08,-16.425654676152394,6.0,,COMPLETE
377,0.032542894518789105,0.8337824655971514,2026-03-13 15:05:48.734223,2026-03-13 15:05:49.519507,0 days 00:00:00.785284,4.362175446177491,0.7801226066338992,47.647602676693865,52.10166375891613,4.326909814125213,5.280203996964395,4.356584572606268,3.2620852640604193e-07,3.97285025320826e-18,1.0696734321208813e-17,2.7169209192590334e-07,-16.677187417676382,6.0,,COMPLETE
378,0.014064446194360033,0.15393308809970244,2026-03-13 15:05:49.520502,2026-03-13 15:05:50.265873,0 days 00:00:00.745371,4.269215011056981,0.5754065379971017,46.45189436870422,51.73616141627039,4.23754563172413,5.258329821805663,4.335643676311425,3.282521161821136e-07,3.4759678323092716e-16,2.4606782096027483e-18,3.033711593015887e-08,-16.425654676152394,6.0,,COMPLETE
379,0.021739912451190224,0.18122812573210295,2026-03-13 15:05:50.266870,2026-03-13 15:05:51.081161,0 days 00:00:00.814291,4.269215011056981,0.5172379981569786,47.15807460046913,52.09657485518459,4.283922736939798,5.148446005868811,4.228690254814973,3.282521161821136e-07,2.2691067233982086e-16,1.0696734321208813e-17,1.5675886489478206e-07,-17.63583653898812,6.0,,COMPLETE
380,0.0034166254345014218,0.7179500682214143,2026-03-13 15:05:51.082158,2026-03-13 15:05:51.781673,0 days 00:00:00.699515,4.2821636218065215,0.5172379981569786,48.06528769491852,51.12217947694973,4.218181134928021,5.280203996964395,4.289244454593384,3.2542383996171085e-07,4.329052061434734e-15,7.518213479322005e-15,2.7169209192590334e-07,-16.677187417676382,6.0,,COMPLETE
381,0.06556415278789204,0.2457883444873357,2026-03-13 15:05:51.782669,2026-03-13 15:05:52.600362,0 days 00:00:00.817693,4.269215011056981,0.5424125170320593,47.15807460046913,53.22877216780254,4.391652939985715,5.296690175720979,4.273747463736412,3.2620852640604193e-07,2.4051721936123968e-17,2.4606782096027483e-18,3.033711593015887e-08,-14.238876232074295,6.0,,COMPLETE
382,0.006438087084315737,0.26063883928498977,2026-03-13 15:05:52.600362,2026-03-13 15:05:53.282247,0 days 00:00:00.681885,4.269215011056981,0.5172379981569786,47.647602676693865,52.10166375891613,4.223495384439961,5.25245945218356,4.271538370250445,3.2403126995396193e-07,2.865162596519748e-17,1.0721554618847252e-18,7.583707753513507e-07,-16.677187417676382,6.0,,COMPLETE
383,0.004679985835397636,0.20907517529617492,2026-03-13 15:05:53.283244,2026-03-13 15:05:54.041090,0 days 00:00:00.757846,4.311157097266552,0.5979332411793984,47.65564902452635,53.22877216780254,4.268912367370843,5.26418802889281,4.301217402693041,3.2776524758644294e-07,8.248953886497781e-15,7.821327951713627e-18,3.033711593015887e-08,-16.119137556038186,6.0,,COMPLETE
384,0.007077352845851029,0.25606426067514443,2026-03-13 15:05:54.042087,2026-03-13 15:05:54.760133,0 days 00:00:00.718046,4.311157097266552,0.5172379981569786,47.647602676693865,52.2971776484636,4.283922736939798,5.25245945218356,4.289244454593384,3.2542383996171085e-07,4.329052061434734e-15,1.0696734321208813e-17,2.7169209192590334e-07,-16.77792110500019,6.0,,COMPLETE
385,0.03482922308220152,0.1390339765927284,2026-03-13 15:05:54.761123,2026-03-13 15:05:55.623548,0 days 00:00:00.862425,4.269215011056981,0.5172379981569786,47.647602676693865,52.10166375891613,4.283922736939798,5.1651741387937316,4.228690254814973,3.2611142448723006e-07,2.4051721936123968e-17,1.0696734321208813e-17,3.033711593015887e-08,-18.01039043000589,6.0,,COMPLETE
386,,,2026-03-13 15:05:55.624545,2026-03-13 15:05:55.668959,0 days 00:00:00.044414,4.269215011056981,0.9376936651685305,49.472210583794805,50.90697570317322,4.391652939985715,5.296690175720979,4.356584572606268,3.2620852640604193e-07,2.4051721936123968e-17,1.0696734321208813e-17,2.7169209192590334e-07,-16.677187417676382,6.0,,PRUNED
387,0.05962798038587124,0.7516692766224219,2026-03-13 15:05:55.670022,2026-03-13 15:05:56.545516,0 days 00:00:00.875494,4.253704740184719,0.9684827006825809,46.08334260982261,53.22877216780254,4.268912367370843,5.26418802889281,4.301217402693041,3.289079209366806e-07,8.248953886497781e-15,1.0721554618847252e-18,1.0105881963974231e-08,-14.87261240253549,6.0,,COMPLETE
388,0.025436237641049186,0.8033083427566813,2026-03-13 15:05:56.546513,2026-03-13 15:05:57.333738,0 days 00:00:00.787225,4.269215011056981,0.5979332411793984,47.647602676693865,52.10166375891613,4.391652939985715,5.280203996964395,4.289244454593384,3.2620852640604193e-07,4.871761292862973e-18,1.0696734321208813e-17,2.7169209192590334e-07,-17.30695393858081,6.0,,COMPLETE
389,0.03864920178517849,0.3372726167261844,2026-03-13 15:05:57.334735,2026-03-13 15:05:58.262021,0 days 00:00:00.927286,4.269215011056981,0.6967617955166161,47.15807460046913,52.00224862660624,4.391652939985715,5.296690175720979,4.273747463736412,3.319514541805621e-07,2.4051721936123968e-17,2.4606782096027483e-18,3.033711593015887e-08,-15.206242167531803,6.0,,COMPLETE
390,0.009730687316479563,0.5358482267261768,2026-03-13 15:05:58.263017,2026-03-13 15:05:59.435910,0 days 00:00:01.172893,4.269215011056981,0.5979332411793984,47.15807460046913,53.22877216780254,4.391652939985715,5.013654568450848,4.273747463736412,3.2620852640604193e-07,2.4051721936123968e-17,2.4606782096027483e-18,3.5242416485827505e-08,-16.800064992288345,6.0,,COMPLETE
391,0.004517313091645848,0.3739252552843348,2026-03-13 15:05:59.437904,2026-03-13 15:06:00.543505,0 days 00:00:01.105601,4.311157097266552,0.5172379981569786,47.647602676693865,50.77802156855942,4.23754563172413,5.012402283530387,4.301217402693041,3.2776524758644294e-07,4.871761292862973e-18,3.4772817394680957e-16,8.824083617449446e-07,-16.77792110500019,6.0,,COMPLETE
392,0.02805236897567806,0.16483382067673033,2026-03-13 15:06:00.544559,2026-03-13 15:06:01.764680,0 days 00:00:01.220121,4.269215011056981,0.5172379981569786,47.156881079475816,52.40147633221821,4.391652939985715,5.258329821805663,4.3842238819873405,3.25912646085671e-07,5.112546071531383e-18,3.685331934841373e-18,1.3588253530178982e-08,-17.252649835373848,6.0,,COMPLETE
393,0.00948153276193069,0.4042797711637772,2026-03-13 15:06:01.765677,2026-03-13 15:06:02.870805,0 days 00:00:01.105128,4.269215011056981,0.5172379981569786,47.15807460046913,50.77802156855942,4.23754563172413,5.012402283530387,4.3842238819873405,3.25912646085671e-07,2.4051721936123968e-17,1.0696734321208813e-17,8.824083617449446e-07,-16.425654676152394,6.0,,COMPLETE
394,0.0817259455638517,4.015931706000827,2026-03-13 15:06:02.872798,2026-03-13 15:06:04.258294,0 days 00:00:01.385496,4.269215011056981,0.8589275679133623,48.06528769491852,51.42904053783273,4.268912367370843,5.013347700985065,4.301217402693041,3.2403126995396193e-07,5.00154619587346e-16,2.768405114639459e-18,1.5876517176301254e-07,-13.917671082328336,6.0,,COMPLETE
395,0.029576090830341652,0.1922336025355295,2026-03-13 15:06:04.259290,2026-03-13 15:06:05.750398,0 days 00:00:01.491108,4.269215011056981,0.5979332411793984,48.8815934805914,53.22877216780254,4.268912367370843,5.25245945218356,4.301217402693041,3.2776524758644294e-07,8.248953886497781e-15,7.821327951713627e-18,3.033711593015887e-08,-16.865232367423225,6.0,,COMPLETE
396,0.005213328543516567,0.18465477439044312,2026-03-13 15:06:05.751395,2026-03-13 15:06:07.098331,0 days 00:00:01.346936,4.272629449459213,0.5979332411793984,47.647602676693865,52.51283594918055,4.23095890685069,5.296690175720979,4.347767482587959,3.2403126995396193e-07,2.865162596519748e-17,2.4606782096027483e-18,3.033711593015887e-08,-16.865232367423225,6.0,,COMPLETE
397,,,2026-03-13 15:06:07.099348,2026-03-13 15:06:07.163163,0 days 00:00:00.063815,4.283971296438405,0.5560453466650243,49.90510120633942,53.22877216780254,4.23095890685069,5.296690175720979,4.273747463736412,3.2943322858632866e-07,5.1804604808540927e-17,2.4606782096027483e-18,3.033711593015887e-08,-16.425654676152394,6.0,,PRUNED
398,0.006066667414179273,1.1759765955413866,2026-03-13 15:06:07.164132,2026-03-13 15:06:08.166713,0 days 00:00:01.002581,4.269215011056981,0.5172379981569786,47.15807460046913,52.40147633221821,4.391652939985715,5.296690175720979,4.301217402693041,3.2620852640604193e-07,8.248953886497781e-15,2.4606782096027483e-18,5.016923678690395e-07,-16.425654676152394,6.0,,COMPLETE
399,0.02486168750975779,0.17810020650942138,2026-03-13 15:06:08.167710,2026-03-13 15:06:09.203280,0 days 00:00:01.035570,4.311157097266552,0.5847610331557358,47.647602676693865,53.22877216780254,4.2663206514417675,5.280203996964395,4.478436221765913,3.304181226520311e-07,5.1804604808540927e-17,1.0721554618847252e-18,3.033711593015887e-08,-15.745178467173533,6.0,,COMPLETE
400,0.014729245581111225,0.05621594954302915,2026-03-13 15:06:09.204277,2026-03-13 15:06:10.164744,0 days 00:00:00.960467,4.269215011056981,0.5172379981569786,47.647602676693865,52.40147633221821,4.23095890685069,5.296690175720979,4.4402467961082355,3.260495248132742e-07,2.4051721936123968e-17,2.4606782096027483e-18,3.5242416485827505e-08,-16.425654676152394,6.0,,COMPLETE
401,0.026435767749278815,0.29125053485801256,2026-03-13 15:06:10.166543,2026-03-13 15:06:11.236191,0 days 00:00:01.069648,4.283971296438405,0.5172379981569786,48.06528769491852,52.10166375891613,4.23095890685069,5.013347700985065,4.364934150126319,3.2929213611186534e-07,4.871761292862973e-18,6.882817942341769e-18,1.5876517176301254e-07,-17.31762753267118,6.0,,COMPLETE
402,0.019954801949780488,0.17373313356700282,2026-03-13 15:06:11.237190,2026-03-13 15:06:12.171994,0 days 00:00:00.934804,4.311157097266552,0.5847610331557358,47.647602676693865,53.22877216780254,4.23095890685069,5.280203996964395,4.271538370250445,3.2943322858632866e-07,5.1804604808540927e-17,1.0721554618847252e-18,3.033711593015887e-08,-16.865232367423225,6.0,,COMPLETE
403,0.0052844456450543845,1.6104653916315586,2026-03-13 15:06:12.173073,2026-03-13 15:06:13.200673,0 days 00:00:01.027600,4.242187257309633,0.9817662288264417,47.15807460046913,54.32265930126077,4.326909814125213,5.25245945218356,4.270769080330011,3.2542383996171085e-07,4.871761292862973e-18,7.821327951713627e-18,7.583707753513507e-07,-16.77792110500019,6.0,,COMPLETE
404,0.00431506246127714,0.9182767798574689,2026-03-13 15:06:13.201679,2026-03-13 15:06:14.281349,0 days 00:00:01.079670,4.269215011056981,0.9252689187575331,47.559768133270836,51.7555824209806,4.23754563172413,5.148446005868811,4.347767482587959,3.2403126995396193e-07,2.2691067233982086e-16,2.9104685441181247e-18,7.583707753513507e-07,-16.865232367423225,7.0,,COMPLETE
405,0.03189469603225728,0.19779643128203414,2026-03-13 15:06:14.282345,2026-03-13 15:06:15.450820,0 days 00:00:01.168475,4.339651354548736,0.5979332411793984,46.304050801020054,53.22877216780254,4.23095890685069,5.1651741387937316,4.271538370250445,3.2620852640604193e-07,7.197316950290722e-17,2.4606782096027483e-18,3.033711593015887e-08,-16.800064992288345,7.0,,COMPLETE
406,0.002061206980925861,0.5893162832719724,2026-03-13 15:06:15.451830,2026-03-13 15:06:16.374795,0 days 00:00:00.922965,4.2821636218065215,0.5754065379971017,48.25522436577102,51.73616141627039,4.218181134928021,5.280203996964395,4.2350905186560635,3.2542383996171085e-07,4.329052061434734e-15,2.822599411914701e-15,3.5242416485827505e-08,-16.677187417676382,7.0,,COMPLETE
407,0.014142256151984672,0.16994948859924028,2026-03-13 15:06:16.375791,2026-03-13 15:06:17.353320,0 days 00:00:00.977529,4.269215011056981,0.5754065379971017,46.45189436870422,52.9246295975276,4.23754563172413,5.280203996964395,4.271538370250445,3.282521161821136e-07,3.4759678323092716e-16,1.0696734321208813e-17,3.033711593015887e-08,-16.425654676152394,7.0,,COMPLETE
408,0.012246653486718584,0.059536970649128454,2026-03-13 15:06:17.354247,2026-03-13 15:06:18.335286,0 days 00:00:00.981039,4.269215011056981,0.5172379981569786,46.45189436870422,53.22877216780254,4.265011089976044,5.280203996964395,4.271538370250445,3.2943322858632866e-07,2.4051721936123968e-17,2.4606782096027483e-18,3.033711593015887e-08,-16.425654676152394,7.0,,COMPLETE
409,0.016912788544745753,0.19162720727379545,2026-03-13 15:06:18.336283,2026-03-13 15:06:19.310298,0 days 00:00:00.974015,4.269215011056981,0.5979332411793984,47.65564902452635,53.22877216780254,4.268912367370843,5.26418802889281,4.273747463736412,3.2620852640604193e-07,8.248953886497781e-15,2.4606782096027483e-18,3.033711593015887e-08,-16.119137556038186,7.0,,COMPLETE
