number,values_0,values_1,datetime_start,datetime_complete,duration,params_E_d_sh,params_G_frac,params_N_t_d,params_N_t_sh,params_W_L,params_W_R,params_W_R_sclc,params_d_sclc,params_l1_C_n_bulk,params_l1_k_dir,params_l1_mu_p,params_mu_e,system_attrs_NSGAIISampler:generation,system_attrs_fixed_params,state
294,0.012332162870799017,0.6642491336890395,2026-03-13 15:04:44.367743,2026-03-13 15:04:45.150733,0 days 00:00:00.782990,4.269215011056981,0.8589275679133623,46.304050801020054,52.40147633221821,4.23754563172413,5.013347700985065,4.364934150126319,3.2403126995396193e-07,6.890506803360415e-18,5.719528039717311e-16,1.5876517176301254e-07,-16.425654676152394,4.0,,COMPLETE
295,0.01978947776180732,1.0456088575704836,2026-03-13 15:04:45.151730,2026-03-13 15:04:45.901573,0 days 00:00:00.749843,4.269215011056981,0.6350034924658565,47.647602676693865,52.40147633221821,4.393527066961323,5.280203996964395,4.253538948967381,3.2403126995396193e-07,1.5312623922436012e-15,8.925889929519515e-15,8.521594153988439e-07,-17.13181810716547,4.0,,COMPLETE
296,0.030375073877651083,0.2398934002933726,2026-03-13 15:04:45.902570,2026-03-13 15:04:46.619030,0 days 00:00:00.716460,4.277618236275418,0.5979332411793984,46.30051095417062,53.16976740499217,4.23754563172413,5.296690175720979,4.437923339058605,3.2634841286859943e-07,2.865162596519748e-17,4.890748169990319e-17,6.490972823761828e-08,-17.13181810716547,4.0,,COMPLETE
297,0.016098934572579267,0.17731832589137397,2026-03-13 15:04:46.620027,2026-03-13 15:04:47.346278,0 days 00:00:00.726251,4.253704740184719,0.5847610331557358,46.08334260982261,53.22877216780254,4.222878737622632,5.26418802889281,4.271538370250445,3.289079209366806e-07,8.248953886497781e-15,1.0721554618847252e-18,3.8334383522321395e-08,-16.408290347191816,4.0,,COMPLETE
298,0.017639117580875083,0.16302167999198772,2026-03-13 15:04:47.347275,2026-03-13 15:04:48.095654,0 days 00:00:00.748379,4.25932703684784,0.5847610331557358,46.304050801020054,52.40147633221821,4.23754563172413,5.296690175720979,4.271538370250445,3.2403126995396193e-07,5.1804604808540927e-17,2.4606782096027483e-18,3.033711593015887e-08,-16.425654676152394,4.0,,COMPLETE
299,0.014183704177450733,0.22798374948867248,2026-03-13 15:04:48.096651,2026-03-13 15:04:48.958931,0 days 00:00:00.862280,4.269215011056981,0.5979332411793984,47.15807460046913,52.33213725605692,4.393527066961323,5.296690175720979,4.356584572606268,3.288151544629394e-07,8.248953886497781e-15,1.0721554618847252e-18,3.033711593015887e-08,-16.865232367423225,4.0,,COMPLETE
300,0.006846072753541076,0.44482891757795895,2026-03-13 15:04:48.958931,2026-03-13 15:04:49.720626,0 days 00:00:00.761695,4.253704740184719,0.7067722614969917,48.83503284684112,53.22877216780254,4.202443112841171,5.129857726915583,4.299793374829431,3.247565490318469e-07,2.0621690117821645e-15,1.0721554618847252e-18,2.029103514817505e-07,-16.28546252706576,4.0,,COMPLETE
301,0.007036955797854508,0.46331515002555584,2026-03-13 15:04:49.720626,2026-03-13 15:04:50.434865,0 days 00:00:00.714239,4.283971296438405,0.5847610331557358,47.647602676693865,53.22877216780254,4.23095890685069,5.25245945218356,4.271538370250445,3.2403126995396193e-07,2.865162596519748e-17,4.034778023105672e-17,7.583707753513507e-07,-16.865232367423225,5.0,,COMPLETE
302,0.029891676218466327,0.20366435220722953,2026-03-13 15:04:50.435862,2026-03-13 15:04:51.158024,0 days 00:00:00.722162,4.269215011056981,0.5979332411793984,47.647602676693865,52.33213725605692,4.23095890685069,5.280203996964395,4.271538370250445,3.316435199975933e-07,5.1804604808540927e-17,1.0721554618847252e-18,3.033711593015887e-08,-15.745178467173533,5.0,,COMPLETE
303,0.006648318323414832,0.8756821349780353,2026-03-13 15:04:51.159022,2026-03-13 15:04:52.053612,0 days 00:00:00.894590,4.269215011056981,0.8536075259594127,48.06528769491852,53.22877216780254,4.391652939985715,5.013347700985065,4.273747463736412,3.2620852640604193e-07,5.00154619587346e-16,2.4606782096027483e-18,3.033711593015887e-08,-16.425654676152394,5.0,,COMPLETE
304,0.016098934572579267,0.17731832589137397,2026-03-13 15:04:52.053612,2026-03-13 15:04:52.789806,0 days 00:00:00.736194,4.253704740184719,0.5847610331557358,46.08334260982261,53.22877216780254,4.222878737622632,5.26418802889281,4.271538370250445,3.289079209366806e-07,8.248953886497781e-15,1.0721554618847252e-18,3.8334383522321395e-08,-16.408290347191816,5.0,,COMPLETE
305,0.0043084953146738415,0.935482181676217,2026-03-13 15:04:52.790803,2026-03-13 15:04:53.515330,0 days 00:00:00.724527,4.2821636218065215,0.9688366558877678,48.06528769491852,52.2971776484636,4.218181134928021,5.25245945218356,4.270769080330011,3.278523440796519e-07,4.329052061434734e-15,7.518213479322005e-15,7.583707753513507e-07,-16.77792110500019,5.0,,COMPLETE
306,0.00801510230575656,0.817183181289733,2026-03-13 15:04:53.516327,2026-03-13 15:04:54.310596,0 days 00:00:00.794269,4.251875213392028,0.8589275679133623,48.06528769491852,51.42904053783273,4.391652939985715,5.296690175720979,4.364934150126319,3.2403126995396193e-07,5.00154619587346e-16,4.034778023105672e-17,1.5876517176301254e-07,-16.425654676152394,5.0,,COMPLETE
307,0.00811825942791487,0.8631986196277368,2026-03-13 15:04:54.310596,2026-03-13 15:04:55.111943,0 days 00:00:00.801347,4.2821636218065215,0.9688366558877678,47.647602676693865,53.22877216780254,4.218181134928021,5.059712435650519,4.270769080330011,3.2943322858632866e-07,4.329052061434734e-15,1.0696734321208813e-17,7.583707753513507e-07,-16.865232367423225,5.0,,COMPLETE
308,0.010211646403355746,0.8147921840296977,2026-03-13 15:04:55.112940,2026-03-13 15:04:55.904941,0 days 00:00:00.792001,4.2821636218065215,0.9688366558877678,47.156881079475816,53.22877216780254,4.23754563172413,5.25245945218356,4.270769080330011,3.304181226520311e-07,2.865162596519748e-17,3.685331934841373e-18,3.033711593015887e-08,-16.329714574259974,5.0,,COMPLETE
309,0.004890334113650766,0.19199476976753466,2026-03-13 15:04:55.904941,2026-03-13 15:04:56.640422,0 days 00:00:00.735481,4.269215011056981,0.5979332411793984,47.647602676693865,52.51283594918055,4.23095890685069,5.280203996964395,4.347767482587959,3.2403126995396193e-07,2.865162596519748e-17,1.0721554618847252e-18,3.033711593015887e-08,-16.865232367423225,5.0,,COMPLETE
310,0.00477842820732314,0.3878093260819993,2026-03-13 15:04:56.641418,2026-03-13 15:04:57.373616,0 days 00:00:00.732198,4.246662786766501,0.5172379981569786,47.15807460046913,52.40147633221821,4.391652939985715,5.1651741387937316,4.3842238819873405,3.25912646085671e-07,2.4051721936123968e-17,1.0696734321208813e-17,1.5675886489478206e-07,-16.425654676152394,5.0,,COMPLETE
311,0.005225559827875372,0.23825291790184994,2026-03-13 15:04:57.374624,2026-03-13 15:04:58.179434,0 days 00:00:00.804810,4.298663260659029,0.5979332411793984,47.15807460046913,52.40147633221821,4.391652939985715,5.296690175720979,4.2208628526560235,3.2732740654860886e-07,2.4051721936123968e-17,2.4606782096027483e-18,3.5139900345405646e-08,-16.425654676152394,5.0,,COMPLETE
312,0.021294271669639493,0.24916487298158208,2026-03-13 15:04:58.180431,2026-03-13 15:04:59.052849,0 days 00:00:00.872418,4.283971296438405,0.5847610331557358,47.907097259160224,52.40147633221821,4.391652939985715,5.296690175720979,4.347767482587959,3.2962915192987585e-07,7.875589900089123e-16,4.034778023105672e-17,1.3857702398109269e-08,-16.865232367423225,5.0,,COMPLETE
313,0.014071166328715521,0.7246544303858578,2026-03-13 15:04:59.053844,2026-03-13 15:04:59.877217,0 days 00:00:00.823373,4.269215011056981,0.5847610331557358,47.15807460046913,53.22877216780254,4.23754563172413,5.013654568450848,4.273747463736412,3.2620852640604193e-07,2.4051721936123968e-17,2.4606782096027483e-18,3.735417707651216e-08,-16.329714574259974,5.0,,COMPLETE
314,0.017621587678364706,0.17945319401652923,2026-03-13 15:04:59.878212,2026-03-13 15:05:00.611963,0 days 00:00:00.733751,4.311157097266552,0.5847610331557358,47.647602676693865,53.22877216780254,4.218181134928021,5.280203996964395,4.271538370250445,3.304181226520311e-07,5.1804604808540927e-17,1.0721554618847252e-18,3.033711593015887e-08,-16.77792110500019,5.0,,COMPLETE
315,0.01464168037171208,0.36635972350769624,2026-03-13 15:05:00.612960,2026-03-13 15:05:01.376027,0 days 00:00:00.763067,4.311157097266552,0.6010034271747785,47.65564902452635,53.22877216780254,4.268912367370843,5.26418802889281,4.301217402693041,3.2542383996171085e-07,4.871761292862973e-18,1.0696734321208813e-17,2.7169209192590334e-07,-16.677187417676382,5.0,,COMPLETE
316,0.011955898900335908,0.6556510666813579,2026-03-13 15:05:01.376027,2026-03-13 15:05:02.094241,0 days 00:00:00.718214,4.311157097266552,0.5847610331557358,47.15807460046913,53.22877216780254,4.23095890685069,5.280203996964395,4.356584572606268,3.304181226520311e-07,5.1804604808540927e-17,7.0773100412724885e-15,3.033711593015887e-08,-15.745178467173533,5.0,,COMPLETE
317,0.02967212447409196,0.4636723126045506,2026-03-13 15:05:02.095237,2026-03-13 15:05:02.849325,0 days 00:00:00.754088,4.311157097266552,0.6379296935545918,47.559768133270836,54.12285179734757,4.268912367370843,5.280203996964395,4.301217402693041,3.2542383996171085e-07,4.329052061434734e-15,1.0696734321208813e-17,2.7169209192590334e-07,-16.677187417676382,5.0,,COMPLETE
318,0.019929456231961497,0.08948894102754884,2026-03-13 15:05:02.849325,2026-03-13 15:05:03.607651,0 days 00:00:00.758326,4.311157097266552,0.5172379981569786,47.647602676693865,53.22877216780254,4.326909814125213,5.296690175720979,4.273747463736412,3.2943322858632866e-07,4.871761292862973e-18,2.4606782096027483e-18,3.033711593015887e-08,-16.77792110500019,5.0,,COMPLETE
319,0.0225177448192354,0.33862950565389244,2026-03-13 15:05:03.608649,2026-03-13 15:05:04.468607,0 days 00:00:00.859958,4.298663260659029,0.5979332411793984,47.15807460046913,53.22877216780254,4.444004244816369,5.296690175720979,4.327773350351611,3.2620852640604193e-07,2.4051721936123968e-17,2.4606782096027483e-18,3.033711593015887e-08,-16.425654676152394,5.0,,COMPLETE
320,0.00965943899402635,0.37768999821965366,2026-03-13 15:05:04.469605,2026-03-13 15:05:05.295036,0 days 00:00:00.825431,4.311157097266552,0.5172379981569786,47.559768133270836,53.22877216780254,4.326909814125213,5.0973700027004725,4.301217402693041,3.316435199975933e-07,4.329052061434734e-15,1.0721554618847252e-18,3.033711593015887e-08,-15.745178467173533,5.0,,COMPLETE
321,0.02079332790473995,0.16895591563510157,2026-03-13 15:05:05.296034,2026-03-13 15:05:05.987312,0 days 00:00:00.691278,4.283971296438405,0.5172379981569786,47.647602676693865,52.40147633221821,4.23095890685069,5.280203996964395,4.347767482587959,3.282521161821136e-07,5.1804604808540927e-17,4.034778023105672e-17,3.033711593015887e-08,-17.31762753267118,5.0,,COMPLETE
322,0.03434647132037618,0.4264084617833001,2026-03-13 15:05:05.988317,2026-03-13 15:05:06.868325,0 days 00:00:00.880008,4.3998489268744425,0.5754065379971017,47.15807460046913,51.73616141627039,4.23754563172413,5.0455940275130695,4.273747463736412,3.2403126995396193e-07,2.865162596519748e-17,3.685331934841373e-18,3.033711593015887e-08,-16.329714574259974,5.0,,COMPLETE
323,0.04821193034354628,0.2165344720791814,2026-03-13 15:05:06.869321,2026-03-13 15:05:07.624652,0 days 00:00:00.755331,4.311157097266552,0.6010034271747785,46.779950084453205,53.22877216780254,4.326909814125213,5.280203996964395,4.470389244290097,3.2542383996171085e-07,4.871761292862973e-18,1.0696734321208813e-17,3.033711593015887e-08,-16.865232367423225,5.0,,COMPLETE
324,0.02110327220224345,0.17388405063295898,2026-03-13 15:05:07.625647,2026-03-13 15:05:08.560813,0 days 00:00:00.935166,4.283971296438405,0.5847610331557358,47.907097259160224,52.40147633221821,4.391652939985715,5.296690175720979,4.356584572606268,3.2620852640604193e-07,2.865162596519748e-17,2.4606782096027483e-18,1.3857702398109269e-08,-16.865232367423225,5.0,,COMPLETE
325,0.04978983267563923,0.6577281857979116,2026-03-13 15:05:08.560813,2026-03-13 15:05:09.500900,0 days 00:00:00.940087,4.269215011056981,0.5979332411793984,47.15807460046913,52.40147633221821,4.391652939985715,5.296690175720979,4.4402467961082355,3.2732740654860886e-07,2.4051721936123968e-17,3.094012084995208e-15,3.5139900345405646e-08,-17.433780213934657,5.0,,COMPLETE
326,0.006510445438371045,0.7080201078564275,2026-03-13 15:05:09.500900,2026-03-13 15:05:10.236620,0 days 00:00:00.735720,4.269215011056981,0.9810371920973666,46.304050801020054,52.40147633221821,4.23754563172413,5.296690175720979,4.356584572606268,3.2620852640604193e-07,5.1804604808540927e-17,4.034778023105672e-17,3.5242416485827505e-08,-16.800064992288345,5.0,,COMPLETE
327,0.007164850171929426,0.45878477934396283,2026-03-13 15:05:10.237617,2026-03-13 15:05:10.991687,0 days 00:00:00.754070,4.269215011056981,0.5979332411793984,47.15807460046913,52.10166375891613,4.326909814125213,5.013654568450848,4.21096536167097,3.2620852640604193e-07,4.871761292862973e-18,1.0696734321208813e-17,2.7169209192590334e-07,-16.677187417676382,5.0,,COMPLETE
328,0.013000100270868061,0.1380273386447948,2026-03-13 15:05:10.991687,2026-03-13 15:05:11.732299,0 days 00:00:00.740612,4.269215011056981,0.5172379981569786,46.45189436870422,53.22877216780254,4.23095890685069,5.1651741387937316,4.271538370250445,3.282521161821136e-07,2.4051721936123968e-17,2.4606782096027483e-18,3.033711593015887e-08,-16.425654676152394,5.0,,COMPLETE
329,0.05644800800288471,0.24477464298417648,2026-03-13 15:05:11.733302,2026-03-13 15:05:12.612790,0 days 00:00:00.879488,4.269215011056981,0.5979332411793984,49.060982685081875,53.22877216780254,4.391652939985715,5.258329821805663,4.387767798511811,3.2508276522625374e-07,2.4051721936123968e-17,3.685331934841373e-18,3.033711593015887e-08,-16.425654676152394,5.0,,COMPLETE
330,0.00949611223280682,0.6320130881316827,2026-03-13 15:05:12.613868,2026-03-13 15:05:13.387622,0 days 00:00:00.773754,4.269215011056981,0.7662080467652503,46.45189436870422,52.10166375891613,4.283922736939798,5.280203996964395,4.289244454593384,3.2403126995396193e-07,5.1804604808540927e-17,6.1168040753114285e-15,3.033711593015887e-08,-16.677187417676382,5.0,,COMPLETE
331,0.005990152297906014,0.30604648447765814,2026-03-13 15:05:13.394583,2026-03-13 15:05:14.335768,0 days 00:00:00.941185,4.311157097266552,0.5847610331557358,46.45189436870422,53.22877216780254,4.403445846990132,5.1651741387937316,4.271538370250445,3.2776524758644294e-07,8.248953886497781e-15,4.034778023105672e-17,3.033711593015887e-08,-16.119137556038186,5.0,,COMPLETE
332,0.00901055441464898,0.19096189694084434,2026-03-13 15:05:14.335768,2026-03-13 15:05:15.113334,0 days 00:00:00.777566,4.283971296438405,0.5847610331557358,47.647602676693865,53.22877216780254,4.23095890685069,5.1651741387937316,4.271538370250445,3.304181226520311e-07,4.871761292862973e-18,1.0721554618847252e-18,3.033711593015887e-08,-16.865232367423225,5.0,,COMPLETE
333,0.01846515795414025,0.06714559470948499,2026-03-13 15:05:15.114332,2026-03-13 15:05:15.848885,0 days 00:00:00.734553,4.269215011056981,0.5172379981569786,47.15807460046913,53.22877216780254,4.268912367370843,5.26418802889281,4.301217402693041,3.2776524758644294e-07,8.248953886497781e-15,1.0721554618847252e-18,3.5242416485827505e-08,-16.119137556038186,5.0,,COMPLETE
334,0.006680185811547794,0.2820167355530129,2026-03-13 15:05:15.849882,2026-03-13 15:05:16.708374,0 days 00:00:00.858492,4.269215011056981,0.5979332411793984,46.304050801020054,53.22877216780254,4.23754563172413,5.1158178134876096,4.318340393223483,3.2620852640604193e-07,7.197316950290722e-17,1.0721554618847252e-18,3.033711593015887e-08,-16.800064992288345,5.0,,COMPLETE
335,0.014729245581111225,0.05621594954302915,2026-03-13 15:05:16.708374,2026-03-13 15:05:17.425715,0 days 00:00:00.717341,4.269215011056981,0.5172379981569786,47.647602676693865,52.40147633221821,4.23095890685069,5.296690175720979,4.4402467961082355,3.260495248132742e-07,2.4051721936123968e-17,2.4606782096027483e-18,3.5242416485827505e-08,-16.425654676152394,5.0,,COMPLETE
336,0.006678586182240239,0.2964294733785277,2026-03-13 15:05:17.425715,2026-03-13 15:05:18.266145,0 days 00:00:00.840430,4.269215011056981,0.5979332411793984,46.45189436870422,53.22877216780254,4.3567206190818535,5.1158178134876096,4.318340393223483,3.2943322858632866e-07,8.248953886497781e-15,1.0696734321208813e-17,3.033711593015887e-08,-16.865232367423225,5.0,,COMPLETE
337,0.051506001435735214,0.5476064506996463,2026-03-13 15:05:18.267152,2026-03-13 15:05:19.101858,0 days 00:00:00.834706,4.311157097266552,0.5979332411793984,47.647602676693865,52.40147633221821,4.406972321708325,5.006350565526265,4.4671045405123815,3.2776524758644294e-07,2.865162596519748e-17,2.768405114639459e-18,7.196091621381764e-08,-16.677187417676382,5.0,,COMPLETE
338,0.006390088653876393,0.3125260536986256,2026-03-13 15:05:19.102854,2026-03-13 15:05:19.799892,0 days 00:00:00.697038,4.269215011056981,0.5172379981569786,47.647602676693865,52.10166375891613,4.23754563172413,5.25245945218356,4.271538370250445,3.2403126995396193e-07,2.865162596519748e-17,1.0721554618847252e-18,7.583707753513507e-07,-16.677187417676382,5.0,,COMPLETE
339,0.007245393810082531,0.1880322885116929,2026-03-13 15:05:19.800888,2026-03-13 15:05:20.512895,0 days 00:00:00.712007,4.269215011056981,0.5979332411793984,46.304050801020054,53.22877216780254,4.23754563172413,5.296690175720979,4.273747463736412,3.2620852640604193e-07,2.4051721936123968e-17,2.4606782096027483e-18,3.5242416485827505e-08,-16.800064992288345,5.0,,COMPLETE
340,0.010688748121747057,0.22036134179014874,2026-03-13 15:05:20.513891,2026-03-13 15:05:21.309002,0 days 00:00:00.795111,4.246662786766501,0.5847610331557358,46.45189436870422,52.10166375891613,4.23095890685069,5.1651741387937316,4.271538370250445,3.2611142448723006e-07,5.1804604808540927e-17,1.0696734321208813e-17,3.033711593015887e-08,-16.677187417676382,5.0,,COMPLETE
341,0.005691191422969938,0.1522870011867607,2026-03-13 15:05:21.309998,2026-03-13 15:05:22.045243,0 days 00:00:00.735245,4.269215011056981,0.5754065379971017,47.156881079475816,51.73616141627039,4.23754563172413,5.258329821805663,4.335643676311425,3.2620852640604193e-07,7.197316950290722e-17,3.685331934841373e-18,3.5242416485827505e-08,-16.800064992288345,5.0,,COMPLETE
342,0.010311292544449941,0.18138010418018674,2026-03-13 15:05:22.046240,2026-03-13 15:05:22.933794,0 days 00:00:00.887554,4.298663260659029,0.5979332411793984,47.907097259160224,52.40147633221821,4.391652939985715,5.296690175720979,4.356584572606268,3.2620852640604193e-07,2.4051721936123968e-17,2.4606782096027483e-18,1.3857702398109269e-08,-16.425654676152394,5.0,,COMPLETE
343,0.01303709359278094,0.32609632775253117,2026-03-13 15:05:22.933794,2026-03-13 15:05:23.683040,0 days 00:00:00.749246,4.311157097266552,0.5839085639382842,47.647602676693865,52.10166375891613,4.268912367370843,5.280203996964395,4.301217402693041,3.2776524758644294e-07,8.248953886497781e-15,1.0696734321208813e-17,2.7169209192590334e-07,-16.119137556038186,5.0,,COMPLETE
344,0.0052862694178054245,0.19239471161144436,2026-03-13 15:05:23.684037,2026-03-13 15:05:24.416997,0 days 00:00:00.732960,4.269215011056981,0.5979332411793984,47.15807460046913,53.22877216780254,4.23095890685069,5.25245945218356,4.301217402693041,3.2542383996171085e-07,5.1804604808540927e-17,7.821327951713627e-18,3.033711593015887e-08,-16.865232367423225,5.0,,COMPLETE
345,0.010355779515588796,0.9723917002835993,2026-03-13 15:05:24.416997,2026-03-13 15:05:25.113223,0 days 00:00:00.696226,4.311157097266552,0.5979332411793984,48.06528769491852,53.22877216780254,4.218181134928021,5.280203996964395,4.270747390457286,3.261125621773806e-07,5.1804604808540927e-17,7.518213479322005e-15,7.583707753513507e-07,-15.745178467173533,5.0,,COMPLETE
346,0.006393037839501092,0.263559777034664,2026-03-13 15:05:25.114229,2026-03-13 15:05:25.914528,0 days 00:00:00.800299,4.269215011056981,0.5979332411793984,46.08334260982261,52.40147633221821,4.222878737622632,5.1158178134876096,4.347767482587959,3.282521161821136e-07,8.248953886497781e-15,1.0721554618847252e-18,3.033711593015887e-08,-17.01086360197574,5.0,,COMPLETE
347,0.013610314644358166,0.33442987733318147,2026-03-13 15:05:25.915524,2026-03-13 15:05:26.630384,0 days 00:00:00.714860,4.249877586914793,0.5979332411793984,47.15807460046913,52.40147633221821,4.283922736939798,5.280203996964395,4.289244454593384,3.2620852640604193e-07,2.4051721936123968e-17,2.4606782096027483e-18,2.7169209192590334e-07,-16.425654676152394,5.0,,COMPLETE
348,0.02260775020833449,0.4086199145701257,2026-03-13 15:05:26.631381,2026-03-13 15:05:27.437860,0 days 00:00:00.806479,4.253704740184719,0.5979332411793984,46.08334260982261,53.22877216780254,4.222878737622632,5.1158178134876096,4.318340393223483,3.304181226520311e-07,8.248953886497781e-15,1.0721554618847252e-18,3.033711593015887e-08,-16.119137556038186,5.0,,COMPLETE
349,0.004675399076736975,0.40769559909945813,2026-03-13 15:05:27.437860,2026-03-13 15:05:28.212592,0 days 00:00:00.774732,4.269215011056981,0.5979332411793984,47.559768133270836,50.77802156855942,4.23754563172413,5.012402283530387,4.301217402693041,3.2776524758644294e-07,4.329052061434734e-15,2.768405114639459e-18,8.824083617449446e-07,-16.865232367423225,5.0,,COMPLETE
350,0.00557461383810849,0.26170401839725377,2026-03-13 15:05:28.212592,2026-03-13 15:05:29.053059,0 days 00:00:00.840467,4.269215011056981,0.5979332411793984,47.15807460046913,53.22877216780254,4.411212162793295,5.258329821805663,4.371302064027589,3.2403126995396193e-07,2.4051721936123968e-17,2.4606782096027483e-18,3.033711593015887e-08,-16.329714574259974,5.0,,COMPLETE
351,0.001966026166912817,0.24444098583413176,2026-03-13 15:05:29.053059,2026-03-13 15:05:29.879222,0 days 00:00:00.826163,4.276205778091004,0.5979332411793984,48.28856286773677,53.22877216780254,4.23095890685069,5.1651741387937316,4.2760882923333945,3.2620852640604193e-07,2.4051721936123968e-17,2.4606782096027483e-18,3.033711593015887e-08,-16.425654676152394,6.0,,COMPLETE
