number,values_0,values_1,datetime_start,datetime_complete,duration,params_E_d_sh,params_G_frac,params_N_t_d,params_N_t_sh,params_W_L,params_W_R,params_W_R_sclc,params_d_sclc,params_l1_C_n_bulk,params_l1_k_dir,params_l1_mu_p,params_mu_e,system_attrs_NSGAIISampler:generation,system_attrs_fixed_params,state
482,0.002102601670021608,0.21949344726820447,2026-03-12 17:01:37.770574,2026-03-12 17:01:38.511087,0 days 00:00:00.740513,4.244029165264128,0.5,48.40830545410283,53.128660040899284,4.281782425780266,5.301364000348186,4.2766251349286275,3.3072407921858216e-07,3.250504009286624e-17,2.3120514199455086e-15,6.191028682408568e-07,-16.354444994345954,8,,COMPLETE
483,0.06296851063383141,0.014837970394641253,2026-03-12 17:01:38.512083,2026-03-12 17:01:39.277166,0 days 00:00:00.765083,4.357572114444403,0.5,49.08387314103215,51.65709027184449,4.310619044079093,5.305685424735715,4.415833699521725,3.282347806911535e-07,5.695683787075318e-17,9.99999999999999e-18,3.3344099075469264e-07,-16.354444994345954,8,,COMPLETE
484,0.030113386400397017,0.08822614563468789,2026-03-12 17:01:39.278174,2026-03-12 17:01:40.391232,0 days 00:00:01.113058,4.228799533165882,0.5,48.40830545410283,51.538767595358586,4.362478392556494,5.257992375335791,4.2766251349286275,3.309260510415099e-07,2.0423712946845632e-17,9.99999999999999e-18,4.880754056590572e-07,-15.225728923925534,8,,COMPLETE
485,0.0055830210514719175,0.4493306565085376,2026-03-12 17:01:40.392229,2026-03-12 17:01:41.686005,0 days 00:00:01.293776,4.3824166961145625,0.783754881288308,46.71143308128978,51.65709027184449,4.406069670402628,5.307850605736437,4.270751477122001,3.2947242930835596e-07,9.999999999999965e-17,1.8204886023447984e-18,6.363292810846342e-08,-15.3413728400727,8,,COMPLETE
486,0.0018297211818098394,0.013147799725539202,2026-03-12 17:01:41.687000,2026-03-12 17:01:42.941927,0 days 00:00:01.254927,4.35872857238022,0.5,48.40830545410283,51.96021526223705,4.362478392556494,5.35,4.246096148616409,3.282347806911535e-07,2.6974374191850702e-17,9.99999999999999e-18,9.90443710146746e-08,-15.51426464755274,8,,COMPLETE
487,0.05340725578296237,0.008699290887355772,2026-03-12 17:01:42.942933,2026-03-12 17:01:44.027796,0 days 00:00:01.084863,4.36223341148211,0.5,47.083984838314294,54.46797736415395,4.362478392556494,5.3571437007510125,4.251515642838074,3.285461818176146e-07,9.999999999999965e-17,9.99999999999999e-18,2.042342540518615e-08,-15.51426464755274,8,,COMPLETE
488,0.03798248361469767,0.010826909001284423,2026-03-12 17:01:44.027796,2026-03-12 17:01:45.000608,0 days 00:00:00.972812,4.272883378343817,0.503378422443178,48.271889342732464,51.538767595358586,4.28316437772347,5.257992375335791,4.257564385636849,3.309260510415099e-07,2.6974374191850702e-17,9.99999999999999e-18,9.90443710146746e-08,-15.254526312831384,8,,COMPLETE
489,0.005402620209401756,0.8770641372053004,2026-03-12 17:01:45.002601,2026-03-12 17:01:46.290979,0 days 00:00:01.288378,4.314767337069897,0.978690298464673,46.806238890719236,52.71670063902784,4.384485134670213,5.35,4.283887632492669,3.2971718267405994e-07,2.0423712946845632e-17,9.99999999999999e-18,4.880754056590572e-07,-16.325736458502824,8,,COMPLETE
490,0.005842462802694211,0.02895118581445946,2026-03-12 17:01:46.291976,2026-03-12 17:01:47.609628,0 days 00:00:01.317652,4.289546763098685,0.5,48.40830545410283,53.528418447993815,4.310619044079093,5.306101094571858,4.251515642838074,3.28e-07,9.999999999999965e-17,9.99999999999999e-18,9.90443710146746e-08,-16.25999503967036,8,,COMPLETE
491,,,2026-03-12 17:01:47.611617,2026-03-12 17:01:47.693347,0 days 00:00:00.081730,4.479084556485931,0.5,48.40830545410283,52.71670063902784,4.362478392556494,5.257992375335791,4.2766251349286275,3.2908168747728137e-07,5.028197497092941e-15,1.6697211520587152e-18,4.0557504816970585e-07,-16.325736458502824,8,,PRUNED
492,0.00775087346259347,0.09765194011585367,2026-03-12 17:01:47.694343,2026-03-12 17:01:48.847700,0 days 00:00:01.153357,4.244879415921046,0.5438123392471961,46.806238890719236,51.96021526223705,4.214066294404245,5.209991651700114,4.246096148616409,3.2971718267405994e-07,2.6974374191850702e-17,9.409821338000443e-18,1.4106319373104577e-07,-16.808900539030766,8,,COMPLETE
493,0.0020305929751970883,0.7700964505465681,2026-03-12 17:01:48.848697,2026-03-12 17:01:49.770803,0 days 00:00:00.922106,4.369890021064852,0.9728541659607051,48.40830545410283,52.019292211952155,4.28316437772347,5.25784865073072,4.2766251349286275,3.27786711385127e-07,9.274492635304673e-18,6.041828968470588e-17,4.3400026561814355e-08,-15.254526312831384,8,,COMPLETE
494,0.06039421336888972,0.13616226688765684,2026-03-12 17:01:49.771807,2026-03-12 17:01:50.673719,0 days 00:00:00.901912,4.314290493578129,0.5,48.40830545410283,52.91019351992893,4.362478392556494,5.165612930264132,4.479473055453647,3.282347806911535e-07,5.695683787075318e-17,9.99999999999999e-18,9.90443710146746e-08,-16.354444994345954,8,,COMPLETE
495,0.015951652797382487,0.11141262079008797,2026-03-12 17:01:50.674717,2026-03-12 17:01:51.836771,0 days 00:00:01.162054,4.244029165264128,0.5,47.06625387505489,51.538767595358586,4.330549133849102,5.31126890430971,4.2562288233938865,3.252168709442953e-07,3.250504009286624e-17,4.3818611551846255e-16,3.104382974149207e-07,-16.354444994345954,8,,COMPLETE
496,0.059604377814568996,0.02042211340406031,2026-03-12 17:01:51.837777,2026-03-12 17:01:52.620856,0 days 00:00:00.783079,4.228799533165882,0.5,48.40830545410283,52.91019351992893,4.310619044079093,5.317337376064948,4.320099456408398,3.285461818176146e-07,9.999999999999965e-17,9.99999999999999e-18,4.880754056590572e-07,-14.335485298843974,8,,COMPLETE
497,0.010650409988127232,0.04207645509437732,2026-03-12 17:01:52.621860,2026-03-12 17:01:53.854247,0 days 00:00:01.232387,4.3824166961145625,0.5033449247454387,48.40830545410283,52.91019351992893,4.3349166560596455,5.297295699972618,4.2766251349286275,3.28e-07,9.999999999999965e-17,9.99999999999999e-18,3.3344099075469264e-07,-14.456420864702139,8,,COMPLETE
498,0.014916191070684584,0.8744194308213789,2026-03-12 17:01:53.855252,2026-03-12 17:01:54.958305,0 days 00:00:01.103053,4.369890021064852,0.9728541659607051,48.40830545410283,52.019292211952155,4.310619044079093,5.35,4.2766251349286275,3.27786711385127e-07,1.7893175016866557e-16,3.957514036724171e-18,2.042342540518615e-08,-14.757125547272155,8,,COMPLETE
499,0.01105725298083239,0.022241669504581108,2026-03-12 17:01:54.959302,2026-03-12 17:01:55.955784,0 days 00:00:00.996482,4.36223341148211,0.5,48.40830545410283,52.91019351992893,4.310619044079093,5.35,4.320099456408398,3.285461818176146e-07,9.999999999999965e-17,9.99999999999999e-18,2.042342540518615e-08,-14.335485298843974,8,,COMPLETE
