number,values_0,values_1,datetime_start,datetime_complete,duration,params_E_d_sh,params_G_frac,params_N_t_d,params_N_t_sh,params_W_L,params_W_R,params_W_R_sclc,params_d_sclc,params_l1_C_n_bulk,params_l1_k_dir,params_l1_mu_p,params_mu_e,system_attrs_NSGAIISampler:generation,system_attrs_fixed_params,state
181,0.09184605321404708,0.20535245191546922,2026-03-12 16:56:20.176761,2026-03-12 16:56:21.308654,0 days 00:00:01.131893,4.3770275597671695,0.5401666850636666,48.80425790780708,54.99948642470267,4.423637725794252,5.181212627808384,4.380233696817211,3.298649313981084e-07,5.742132420942341e-15,4.927601399823674e-18,1.1428724891547358e-08,-14.78972467046406,2,,COMPLETE
182,0.014930145441047721,0.1094946951399291,2026-03-12 16:56:21.309406,2026-03-12 16:56:22.201684,0 days 00:00:00.892278,4.288739581088163,0.565346434345757,46.28227973654745,52.869450528156186,4.28316437772347,5.209991651700114,4.246096148616409,3.3035580218215086e-07,5.695683787075318e-17,1.2483106189437846e-17,1.3995273492125957e-08,-17.276857488152498,2,,COMPLETE
183,0.009042591617367991,0.2253136610426976,2026-03-12 16:56:22.202681,2026-03-12 16:56:22.916797,0 days 00:00:00.714116,4.3824166961145625,0.5,46.71143308128978,51.538767595358586,4.465817433282433,5.220861263307098,4.2766251349286275,3.2947242930835596e-07,9.999999999999965e-17,1.8204886023447984e-18,5.965222393422729e-08,-15.225728923925534,2,,COMPLETE
184,0.03530326576633066,0.09681445362171655,2026-03-12 16:56:22.917794,2026-03-12 16:56:24.099717,0 days 00:00:01.181923,4.365681893400046,0.5438123392471961,46.66902251069003,51.96021526223705,4.28316437772347,5.362566167381526,4.409249488112205,3.258701308827257e-07,2.6974374191850702e-17,1.8109993604254756e-17,4.349508576091576e-08,-16.808900539030766,2,,COMPLETE
185,0.04655918555497828,0.01687711172992076,2026-03-12 16:56:24.100714,2026-03-12 16:56:25.178792,0 days 00:00:01.078078,4.357572114444403,0.5157990524491743,49.08387314103215,51.65709027184449,4.362478392556494,5.305685424735715,4.257564385636849,3.282347806911535e-07,5.695683787075318e-17,9.99999999999999e-18,9.90443710146746e-08,-16.354444994345954,2,,COMPLETE
186,0.04685005520878192,0.16248117391665776,2026-03-12 16:56:25.180785,2026-03-12 16:56:26.576763,0 days 00:00:01.395978,4.330888093878228,0.5602466963568665,46.33237093673031,52.71670063902784,4.3326128737738765,5.225436353437224,4.233575950736711,3.3086546537786e-07,4.116763328013525e-17,6.041828968470588e-17,1.9577612822907388e-08,-17.75020686981038,2,,COMPLETE
187,0.006560266904563531,0.11842504329925561,2026-03-12 16:56:26.577760,2026-03-12 16:56:27.984990,0 days 00:00:01.407230,4.393307151224517,0.5602466963568665,46.130108285221375,52.71670063902784,4.3326128737738765,5.25784865073072,4.4672763384415,3.3086546537786e-07,9.274492635304673e-18,6.041828968470588e-17,4.3400026561814355e-08,-13.92425980622476,2,,COMPLETE
188,0.09630076822870849,0.20106573857814755,2026-03-12 16:56:27.985995,2026-03-12 16:56:29.862735,0 days 00:00:01.876740,4.3770275597671695,0.5401666850636666,48.80425790780708,54.99948642470267,4.476696734540418,5.241915512815881,4.29144331254583,3.298649313981084e-07,2.680243816711877e-18,4.927601399823674e-18,1.1428724891547358e-08,-14.78972467046406,2,,COMPLETE
189,0.011616195092984526,0.0556687201666934,2026-03-12 16:56:29.864728,2026-03-12 16:56:31.233185,0 days 00:00:01.368457,4.35872857238022,0.5157990524491743,48.77541761170111,51.65709027184449,4.406069670402628,5.307850605736437,4.251658443669015,3.282347806911535e-07,2.4667450169417577e-15,1.3438421158707375e-17,9.90443710146746e-08,-15.3413728400727,2,,COMPLETE
190,0.08449204892354965,0.2571181655508448,2026-03-12 16:56:31.235178,2026-03-12 16:56:32.711277,0 days 00:00:01.476099,4.3770275597671695,0.5157990524491743,46.21061028929921,54.99948642470267,4.406069670402628,5.305685424735715,4.463034259467036,3.282347806911535e-07,2.3491596645049227e-18,5.908789917335082e-17,9.90443710146746e-08,-15.3413728400727,2,,COMPLETE
191,0.011103526378438835,0.41593367489309185,2026-03-12 16:56:32.712273,2026-03-12 16:56:33.912289,0 days 00:00:01.200016,4.286254937437512,0.9728541659607051,46.21061028929921,54.06835573385949,4.227421183943802,5.307850605736437,4.251658443669015,3.2947242930835596e-07,8.159067962120832e-16,1.1552507792987092e-15,9.90443710146746e-08,-16.808900539030766,2,,COMPLETE
192,0.006549599637965025,0.4642512016164478,2026-03-12 16:56:33.913287,2026-03-12 16:56:35.293703,0 days 00:00:01.380416,4.369890021064852,0.9728541659607051,48.19181258185486,51.920565968864935,4.301633272566889,5.206731036688692,4.268226742021349,3.27786711385127e-07,1.582267990675746e-16,1.1552507792987092e-15,3.864834644349681e-08,-15.254526312831384,2,,COMPLETE
193,0.012982429931644427,0.18601818101620726,2026-03-12 16:56:35.294700,2026-03-12 16:56:36.420409,0 days 00:00:01.125709,4.314767337069897,0.5944732582517451,46.806238890719236,53.08805747938023,4.214066294404245,5.209991651700114,4.246096148616409,3.2766636385466716e-07,2.6974374191850702e-17,9.409821338000443e-18,1.4106319373104577e-07,-15.920019726261149,2,,COMPLETE
194,0.056384613544336167,0.1418159629485598,2026-03-12 16:56:36.422357,2026-03-12 16:56:37.913087,0 days 00:00:01.490730,4.401423531320151,0.5944732582517451,46.66902251069003,51.96021526223705,4.28316437772347,5.257067426225909,4.2715591618144035,3.258701308827257e-07,2.6974374191850702e-17,1.1399079437342093e-16,8.178783691604029e-07,-16.808900539030766,2,,COMPLETE
195,0.0629983638905942,0.21337803512009,2026-03-12 16:56:37.915086,2026-03-12 16:56:39.183453,0 days 00:00:01.268367,4.3824166961145625,0.5,49.158135200174414,50.661744926496795,4.465817433282433,5.257992375335791,4.2766251349286275,3.309260510415099e-07,2.0259550480134076e-18,5.220067165467198e-18,9.999999999999994e-08,-15.404572291865765,2,,COMPLETE
196,0.08665839811118765,0.08193298474085464,2026-03-12 16:56:39.184450,2026-03-12 16:56:40.172461,0 days 00:00:00.988011,4.365681893400046,0.5438123392471961,48.40830545410283,54.11629471277946,4.272126834190205,5.35,4.409249488112205,3.28e-07,2.821568616598315e-18,9.99999999999999e-18,4.349508576091576e-08,-16.354444994345954,2,,COMPLETE
197,0.042939456734544496,0.718127364557334,2026-03-12 16:56:40.173458,2026-03-12 16:56:40.934204,0 days 00:00:00.760746,4.288739581088163,0.9289711282670194,46.28227973654745,51.96021526223705,4.321821480177613,5.209991651700114,4.2213414670655975,3.2532150451977696e-07,3.6613212308460147e-17,9.409821338000443e-18,8.178783691604029e-07,-15.452321263132275,2,,COMPLETE
198,0.010078211521305034,0.820415385756243,2026-03-12 16:56:40.935201,2026-03-12 16:56:42.045694,0 days 00:00:01.110493,4.27097030102516,0.9913173652505989,46.10365441081517,54.41084202463448,4.455586487669245,5.306101094571858,4.415833699521725,3.2875052254565885e-07,3.4761115728397194e-17,1.1552507792987092e-15,3.3344099075469264e-07,-15.254526312831384,2,,COMPLETE
199,0.029318312460076986,0.0995580582397374,2026-03-12 16:56:42.046645,2026-03-12 16:56:43.488288,0 days 00:00:01.441643,4.408594567407341,0.503378422443178,46.979134217211254,53.01176633128937,4.370856519172747,5.297210016984407,4.304592720843474,3.2947242930835596e-07,5.028197497092941e-15,3.2400076835001956e-16,6.363292810846342e-08,-14.404599336266985,2,,COMPLETE
200,0.020194021846022668,0.3640046021383821,2026-03-12 16:56:43.489231,2026-03-12 16:56:44.980898,0 days 00:00:01.491667,4.244029165264128,0.9836102532615361,47.06625387505489,52.897976037896086,4.463040563365202,5.250857847657639,4.3031702670687455,3.2748742331822096e-07,2.0423712946845632e-17,2.3120514199455086e-15,4.40124218661095e-08,-16.325736458502824,2,,COMPLETE
201,0.02736771811413828,0.2115771313046872,2026-03-12 16:56:44.982890,2026-03-12 16:56:45.846628,0 days 00:00:00.863738,4.313485402513615,0.5944732582517451,48.271889342732464,52.1462862104615,4.227421183943802,5.257067426225909,4.246096148616409,3.309260510415099e-07,2.6974374191850702e-17,5.220067165467198e-18,9.90443710146746e-08,-15.404572291865765,2,,COMPLETE
202,0.04150046560699096,0.21876698433927322,2026-03-12 16:56:45.846628,2026-03-12 16:56:46.570925,0 days 00:00:00.724297,4.286254937437512,0.5890034915484883,48.77541761170111,54.06835573385949,4.242057103639312,5.307850605736437,4.484551653964946,3.267500928161186e-07,3.250504009286624e-17,1.6894115495697844e-18,6.24488512550808e-07,-15.225728923925534,2,,COMPLETE
203,0.0533050251368845,0.5385944447520152,2026-03-12 16:56:46.571922,2026-03-12 16:56:47.668472,0 days 00:00:01.096550,4.314767337069897,0.7565236042191735,46.999769917876684,54.02553146758146,4.455586487669245,5.346763361992908,4.237961669186114,3.2766636385466716e-07,1.307742911253956e-18,9.131765972299358e-15,7.413335546478079e-08,-16.882108795015274,2,,COMPLETE
204,0.010795598367183478,0.34899882903304735,2026-03-12 16:56:47.669470,2026-03-12 16:56:48.963101,0 days 00:00:01.293631,4.296915069889854,0.6593654096235182,48.46702505582356,51.72701582431503,4.390513864098114,5.140018887657671,4.389650454860921,3.294273185621253e-07,7.230511970045589e-15,1.6894115495697844e-18,6.191028682408568e-07,-15.905747213822323,2,,COMPLETE
205,0.012959214192851709,0.10157970152333679,2026-03-12 16:56:48.964068,2026-03-12 16:56:50.314775,0 days 00:00:01.350707,4.289546763098685,0.5628986378094063,46.979134217211254,54.46797736415395,4.370856519172747,5.240158921659411,4.251515642838074,3.2719615592920276e-07,3.317501513923486e-17,3.7682998923056545e-17,6.363292810846342e-08,-15.51426464755274,2,,COMPLETE
206,0.023050393982963484,0.39326549917709547,2026-03-12 16:56:50.315772,2026-03-12 16:56:51.510455,0 days 00:00:01.194683,4.2451149262253445,0.6953088887251799,48.77541761170111,51.538767595358586,4.451088238024868,5.307850605736437,4.304592720843474,3.290392565173894e-07,2.4667450169417577e-15,4.739785412183469e-16,2.0546731839216623e-07,-15.225728923925534,3,,COMPLETE
207,0.006560266904563531,0.11842504329925561,2026-03-12 16:56:51.511455,2026-03-12 16:56:52.325165,0 days 00:00:00.813710,4.393307151224517,0.5602466963568665,46.130108285221375,52.71670063902784,4.3326128737738765,5.25784865073072,4.4672763384415,3.3086546537786e-07,9.274492635304673e-18,6.041828968470588e-17,4.3400026561814355e-08,-13.92425980622476,3,,COMPLETE
208,0.008444709727205646,0.5455294804987019,2026-03-12 16:56:52.326163,2026-03-12 16:56:53.164724,0 days 00:00:00.838561,4.296915069889854,0.7961094392937875,47.06625387505489,52.897976037896086,4.39763425112116,5.181212627808384,4.389650454860921,3.280427676498971e-07,2.0423712946845632e-17,1.6894115495697844e-18,6.191028682408568e-07,-16.325736458502824,3,,COMPLETE
209,0.008697759426615242,0.02869364950369884,2026-03-12 16:56:53.165728,2026-03-12 16:56:54.283230,0 days 00:00:01.117502,4.36223341148211,0.5,48.40830545410283,52.91019351992893,4.310619044079093,5.345796777949112,4.2766251349286275,3.2947242930835596e-07,9.999999999999965e-17,3.957514036724171e-18,2.042342540518615e-08,-14.456420864702139,3,,COMPLETE
210,0.025360872113290973,0.03194425523674538,2026-03-12 16:56:54.284227,2026-03-12 16:56:55.534937,0 days 00:00:01.250710,4.357572114444403,0.5157990524491743,49.08387314103215,51.65709027184449,4.362478392556494,5.301364000348186,4.257564385636849,3.2724719245805657e-07,9.274492635304673e-18,1.2679648458858688e-17,9.90443710146746e-08,-13.92425980622476,3,,COMPLETE
211,0.02759804342123774,0.2781138880768107,2026-03-12 16:56:55.535944,2026-03-12 16:56:57.043532,0 days 00:00:01.507588,4.379542696676982,0.5944732582517451,46.33237093673031,52.71670063902784,4.214066294404245,5.123555060583938,4.4672763384415,3.3086546537786e-07,2.6974374191850702e-17,6.041828968470588e-17,4.3400026561814355e-08,-15.271766375615787,3,,COMPLETE
212,0.013380948259317706,0.1122161870053742,2026-03-12 16:56:57.045533,2026-03-12 16:56:58.411259,0 days 00:00:01.365726,4.228569930482258,0.5,48.40830545410283,50.656872099270345,4.451088238024868,5.31826906598603,4.209731917201456,3.28e-07,2.4667450169417577e-15,9.99999999999999e-18,2.208257366467655e-08,-15.225728923925534,3,,COMPLETE
213,0.06335444512730957,0.030863870894148982,2026-03-12 16:56:58.412292,2026-03-12 16:56:59.190799,0 days 00:00:00.778507,4.36223341148211,0.5,47.083984838314294,50.656872099270345,4.310619044079093,5.372830913305631,4.320099456408398,3.28e-07,3.774560959664673e-17,9.99999999999999e-18,3.6205450239498576e-08,-14.335485298843974,3,,COMPLETE
214,0.06433903668836188,0.07965873759582046,2026-03-12 16:56:59.191795,2026-03-12 16:57:00.423974,0 days 00:00:01.232179,4.348754215999537,0.5602466963568665,46.130108285221375,52.71670063902784,4.2362931447442245,5.239320284542853,4.494877197814969,3.3086546537786e-07,9.274492635304673e-18,6.041828968470588e-17,4.3400026561814355e-08,-16.76582514919396,3,,COMPLETE
215,,,2026-03-12 16:57:00.425968,2026-03-12 16:57:00.505772,0 days 00:00:00.079804,4.286254937437512,0.9728541659607051,50.22311284476046,54.06835573385949,4.227421183943802,5.307850605736437,4.251658443669015,3.2947242930835596e-07,5.81229261066023e-18,1.1552507792987092e-15,9.90443710146746e-08,-16.808900539030766,3,,PRUNED
216,0.03455155172248783,0.012112052614544852,2026-03-12 16:57:00.507705,2026-03-12 16:57:01.663859,0 days 00:00:01.156154,4.313485402513615,0.503378422443178,48.271889342732464,51.538767595358586,4.28316437772347,5.257992375335791,4.2766251349286275,3.309260510415099e-07,2.6974374191850702e-17,9.99999999999999e-18,3.2737581211040223e-07,-15.225728923925534,3,,COMPLETE
217,0.03574276530481374,0.2140713994814832,2026-03-12 16:57:01.665852,2026-03-12 16:57:02.945602,0 days 00:00:01.279750,4.313485402513615,0.6229235502613646,47.083984838314294,52.1462862104615,4.310619044079093,5.257067426225909,4.246096148616409,3.2947242930835596e-07,2.6974374191850702e-17,3.957514036724171e-18,9.90443710146746e-08,-15.404572291865765,3,,COMPLETE
218,0.006520396762275062,0.6359285000466556,2026-03-12 16:57:02.947599,2026-03-12 16:57:04.285156,0 days 00:00:01.337557,4.357572114444403,0.9913173652505989,46.10365441081517,51.65709027184449,4.362478392556494,5.306101094571858,4.257564385636849,3.2875052254565885e-07,3.4761115728397194e-17,1.1552507792987092e-15,3.3344099075469264e-07,-16.354444994345954,3,,COMPLETE
219,0.08532201712716835,0.4455177430046827,2026-03-12 16:57:04.286165,2026-03-12 16:57:05.311535,0 days 00:00:01.025370,4.351023565472174,0.9728541659607051,49.08387314103215,54.06835573385949,4.227421183943802,5.307850605736437,4.257564385636849,3.282347806911535e-07,5.695683787075318e-17,1.1552507792987092e-15,9.90443710146746e-08,-16.354444994345954,3,,COMPLETE
220,0.043963843860374545,0.46515096524163174,2026-03-12 16:57:05.312532,2026-03-12 16:57:06.484341,0 days 00:00:01.171809,4.345603267177484,0.7598710676326111,46.58721734168115,53.08805747938023,4.319869569040615,5.209991651700114,4.246096148616409,3.2766636385466716e-07,3.317501513923486e-17,9.409821338000443e-18,1.4106319373104577e-07,-14.077803143769822,3,,COMPLETE
221,0.03595593379393659,0.13110965763983512,2026-03-12 16:57:06.485347,2026-03-12 16:57:07.732564,0 days 00:00:01.247217,4.288739581088163,0.5944732582517451,46.28227973654745,50.656872099270345,4.362478392556494,5.35,4.2766251349286275,3.28e-07,2.6974374191850702e-17,7.099043603759403e-17,9.999999999999994e-08,-15.605452787941674,3,,COMPLETE
222,0.06517451644089321,0.206373278843139,2026-03-12 16:57:07.734558,2026-03-12 16:57:09.292950,0 days 00:00:01.558392,4.348754215999537,0.5157990524491743,46.33237093673031,52.71670063902784,4.406069670402628,5.307850605736437,4.251658443669015,3.3086546537786e-07,1.445821883307223e-15,6.041828968470588e-17,9.90443710146746e-08,-17.75020686981038,3,,COMPLETE
223,0.00599678133345095,0.09755545457237941,2026-03-12 16:57:09.294942,2026-03-12 16:57:10.608782,0 days 00:00:01.313840,4.314767337069897,0.5438123392471961,46.806238890719236,51.96021526223705,4.214066294404245,5.209991651700114,4.246096148616409,3.2971718267405994e-07,2.6974374191850702e-17,9.409821338000443e-18,1.4106319373104577e-07,-16.808900539030766,3,,COMPLETE
224,0.025754533449124997,0.1487128346749146,2026-03-12 16:57:10.609778,2026-03-12 16:57:11.344916,0 days 00:00:00.735138,4.286254937437512,0.5628986378094063,46.979134217211254,54.06835573385949,4.227421183943802,5.297210016984407,4.251658443669015,3.2719615592920276e-07,8.159067962120832e-16,3.7682998923056545e-17,1.1426497235696448e-07,-15.51426464755274,3,,COMPLETE
225,0.005085184231105863,0.01685988087804223,2026-03-12 16:57:11.344916,2026-03-12 16:57:12.087361,0 days 00:00:00.742445,4.27097030102516,0.5,48.40830545410283,54.41084202463448,4.3349166560596455,5.35,4.415833699521725,3.28e-07,3.4761115728397194e-17,9.99999999999999e-18,3.3344099075469264e-07,-15.254526312831384,3,,COMPLETE
226,0.07970884663532943,0.2836934955091922,2026-03-12 16:57:12.088363,2026-03-12 16:57:13.155370,0 days 00:00:01.067007,4.365681893400046,0.9728541659607051,46.21061028929921,54.06835573385949,4.272126834190205,5.307850605736437,4.251658443669015,3.28e-07,4.737440471699857e-18,1.1552507792987092e-15,4.349508576091576e-08,-16.808900539030766,3,,COMPLETE
227,0.013660492580211804,0.3910261693254077,2026-03-12 16:57:13.156359,2026-03-12 16:57:14.344745,0 days 00:00:01.188386,4.369890021064852,0.9728541659607051,48.19181258185486,51.920565968864935,4.301633272566889,5.206731036688692,4.268226742021349,3.27786711385127e-07,1.582267990675746e-16,1.1552507792987092e-15,3.864834644349681e-08,-15.94178791786527,3,,COMPLETE
228,0.05027102826722912,0.32750547844252303,2026-03-12 16:57:14.345770,2026-03-12 16:57:15.529846,0 days 00:00:01.184076,4.365681893400046,0.5438123392471961,46.58721734168115,51.96021526223705,4.36789794960953,5.362566167381526,4.257267682440629,3.258701308827257e-07,3.317501513923486e-17,6.670459986223917e-15,7.80447128344851e-07,-14.077803143769822,3,,COMPLETE
229,0.032625725939137894,0.26635952498727034,2026-03-12 16:57:15.530843,2026-03-12 16:57:16.692755,0 days 00:00:01.161912,4.313485402513615,0.6953088887251799,48.271889342732464,52.1462862104615,4.227421183943802,5.31826906598603,4.246096148616409,3.309260510415099e-07,2.6974374191850702e-17,4.739785412183469e-16,9.90443710146746e-08,-15.225728923925534,3,,COMPLETE
230,0.05096669375172234,0.21086495188699586,2026-03-12 16:57:16.693752,2026-03-12 16:57:17.461240,0 days 00:00:00.767488,4.232284852633,0.5944732582517451,46.806238890719236,52.71670063902784,4.214066294404245,5.25784865073072,4.246096148616409,3.273164973800403e-07,9.454173317022495e-15,9.409821338000443e-18,1.4106319373104577e-07,-15.271766375615787,3,,COMPLETE
231,0.06793155900337458,0.018457130064527663,2026-03-12 16:57:17.462235,2026-03-12 16:57:18.600087,0 days 00:00:01.137852,4.228569930482258,0.5,48.40830545410283,52.71670063902784,4.362478392556494,5.35,4.2766251349286275,3.3086546537786e-07,9.999999999999965e-17,9.99999999999999e-18,9.999999999999994e-08,-13.92425980622476,3,,COMPLETE
232,0.00995835732642534,0.8911451890665065,2026-03-12 16:57:18.601082,2026-03-12 16:57:19.962422,0 days 00:00:01.361340,4.36223341148211,0.9534404931123236,47.083984838314294,53.4252258228987,4.310619044079093,5.345796777949112,4.320099456408398,3.2947242930835596e-07,3.774560959664673e-17,3.957514036724171e-18,3.6205450239498576e-08,-14.335485298843974,3,,COMPLETE
233,0.013604416967297696,0.021336118617440947,2026-03-12 16:57:19.963420,2026-03-12 16:57:21.288742,0 days 00:00:01.325322,4.289546763098685,0.5,46.979134217211254,54.46797736415395,4.362478392556494,5.35,4.251515642838074,3.2719615592920276e-07,9.999999999999965e-17,9.99999999999999e-18,6.363292810846342e-08,-15.51426464755274,3,,COMPLETE
234,0.04911416874494073,0.1667977199259771,2026-03-12 16:57:21.289738,2026-03-12 16:57:22.561082,0 days 00:00:01.271344,4.326845425272501,0.5946439482270365,48.511304853767996,55.06983498028986,4.372708028385316,5.307850605736437,4.320099456408398,3.2973736130108855e-07,3.317501513923486e-17,3.2400076835001956e-16,6.363292810846342e-08,-15.51426464755274,3,,COMPLETE
235,0.081573181402634,0.09294297921116365,2026-03-12 16:57:22.562087,2026-03-12 16:57:23.608003,0 days 00:00:01.045916,4.365681893400046,0.5438123392471961,48.40830545410283,53.92342259370408,4.272126834190205,5.35,4.409249488112205,3.28e-07,2.821568616598315e-18,9.99999999999999e-18,4.349508576091576e-08,-16.354444994345954,3,,COMPLETE
236,0.034631688659928904,0.684597654501712,2026-03-12 16:57:23.608999,2026-03-12 16:57:24.962586,0 days 00:00:01.353587,4.357572114444403,0.8540656807814363,48.77541761170111,53.4252258228987,4.310619044079093,5.306101094571858,4.2562206868837205,3.2875052254565885e-07,1.2976733119277587e-18,3.957514036724171e-18,9.90443710146746e-08,-15.35114684315027,3,,COMPLETE
237,0.015636890361311998,0.2862487822123573,2026-03-12 16:57:24.964579,2026-03-12 16:57:26.033804,0 days 00:00:01.069225,4.301540074815655,0.631581951997843,46.130108285221375,52.71670063902784,4.3326128737738765,5.121026003855434,4.366033839688625,3.3086546537786e-07,5.742132420942341e-15,6.041828968470588e-17,4.880754056590572e-07,-15.921908992626427,3,,COMPLETE
238,0.025138102152113144,0.24928433879609693,2026-03-12 16:57:26.034801,2026-03-12 16:57:26.996185,0 days 00:00:00.961384,4.3824166961145625,0.5628986378094063,46.71143308128978,53.39977618518761,4.479166090879206,5.35,4.2766251349286275,3.2719615592920276e-07,4.3122485528976443e-16,3.7682998923056545e-17,6.363292810846342e-08,-14.456420864702139,3,,COMPLETE
239,0.01988995823321128,0.22589791236944226,2026-03-12 16:57:26.997181,2026-03-12 16:57:28.288148,0 days 00:00:01.290967,4.35872857238022,0.5157990524491743,48.19181258185486,51.65709027184449,4.301633272566889,5.307850605736437,4.251658443669015,3.252940437882247e-07,1.582267990675746e-16,1.1552507792987092e-15,3.864834644349681e-08,-15.254526312831384,3,,COMPLETE
