number,values_0,values_1,datetime_start,datetime_complete,duration,params_E_d_sh,params_G_frac,params_N_t_d,params_N_t_sh,params_W_L,params_W_R,params_W_R_sclc,params_d_sclc,params_l1_C_n_bulk,params_l1_k_dir,params_l1_mu_p,params_mu_e,system_attrs_NSGAIISampler:generation,system_attrs_fixed_params,state
421,0.0056038075461121144,0.2657355601536164,2026-03-12 17:00:34.726942,2026-03-12 17:00:36.036370,0 days 00:00:01.309428,4.36223341148211,0.6953088887251799,47.083984838314294,53.4252258228987,4.28316437772347,5.345796777949112,4.2766251349286275,3.309260510415099e-07,2.4667450169417577e-15,4.739785412183469e-16,3.6205450239498576e-08,-14.757125547272155,7,,COMPLETE
422,0.0022299949815149807,0.4642512016164478,2026-03-12 17:00:36.037367,2026-03-12 17:00:36.893848,0 days 00:00:00.856481,4.369890021064852,0.9728541659607051,48.19181258185486,51.920565968864935,4.301633272566889,5.206731036688692,4.37245197981815,3.27786711385127e-07,1.582267990675746e-16,1.1552507792987092e-15,3.864834644349681e-08,-15.254526312831384,7,,COMPLETE
423,0.01590121337944159,0.05440723988527211,2026-03-12 17:00:36.894845,2026-03-12 17:00:37.654554,0 days 00:00:00.759709,4.289546763098685,0.5,48.40830545410283,52.71670063902784,4.362478392556494,5.35,4.3135364913811705,3.2719615592920276e-07,9.999999999999965e-17,9.99999999999999e-18,4.880754056590572e-07,-15.51426464755274,7,,COMPLETE
424,0.06050741806916526,0.4847899709106909,2026-03-12 17:00:37.654554,2026-03-12 17:00:38.712623,0 days 00:00:01.058069,4.393307151224517,0.5602466963568665,46.130108285221375,52.71670063902784,4.39763425112116,5.3104986967912,4.4672763384415,3.267500928161186e-07,3.250504009286624e-17,6.041828968470588e-17,6.191028682408568e-07,-15.905747213822323,7,,COMPLETE
425,0.022521297062019874,0.0980806098771656,2026-03-12 17:00:38.714618,2026-03-12 17:00:39.898393,0 days 00:00:01.183775,4.313485402513615,0.5602466963568665,48.271889342732464,52.71670063902784,4.3326128737738765,5.257992375335791,4.4672763384415,3.309260510415099e-07,2.6974374191850702e-17,6.041828968470588e-17,3.2737581211040223e-07,-15.404572291865765,7,,COMPLETE
426,0.024103010205687194,0.029326401202055992,2026-03-12 17:00:39.899396,2026-03-12 17:00:41.141953,0 days 00:00:01.242557,4.27097030102516,0.5,46.806238890719236,54.41084202463448,4.3349166560596455,5.35,4.415833699521725,3.28e-07,2.6974374191850702e-17,9.99999999999999e-18,4.766589846397646e-07,-16.808900539030766,7,,COMPLETE
427,0.0026931064266374565,0.05870968492022515,2026-03-12 17:00:41.143030,2026-03-12 17:00:42.217979,0 days 00:00:01.074949,4.228799533165882,0.5,48.40830545410283,52.71670063902784,4.362478392556494,5.35,4.2766251349286275,3.3086546537786e-07,2.0423712946845632e-17,9.99999999999999e-18,4.880754056590572e-07,-16.325736458502824,7,,COMPLETE
428,0.07246138072853812,0.45538013949828243,2026-03-12 17:00:42.218976,2026-03-12 17:00:43.236382,0 days 00:00:01.017406,4.392088992974184,0.783754881288308,46.71143308128978,54.15806679845838,4.406069670402628,5.307850605736437,4.270751477122001,3.2947242930835596e-07,9.999999999999965e-17,1.8204886023447984e-18,6.363292810846342e-08,-15.3413728400727,7,,COMPLETE
429,0.016854840761547474,0.025169722767474458,2026-03-12 17:00:43.237379,2026-03-12 17:00:43.999950,0 days 00:00:00.762571,4.228569930482258,0.5,47.53193460931122,50.656872099270345,4.362478392556494,5.35,4.442724064575096,3.2875052254565885e-07,2.6974374191850702e-17,9.99999999999999e-18,2.443290566258536e-07,-16.354444994345954,7,,COMPLETE
430,0.00690202488539676,0.03751713960028177,2026-03-12 17:00:44.000947,2026-03-12 17:00:44.820194,0 days 00:00:00.819247,4.405538596032094,0.5,46.130108285221375,52.71670063902784,4.28316437772347,5.25784865073072,4.2766251349286275,3.282347806911535e-07,9.274492635304673e-18,6.041828968470588e-17,4.3400026561814355e-08,-13.92425980622476,7,,COMPLETE
431,0.07143531880186894,0.046986850386011636,2026-03-12 17:00:44.821190,2026-03-12 17:00:45.923683,0 days 00:00:01.102493,4.260268614552488,0.5,48.40830545410283,53.528418447993815,4.281782425780266,5.369456604594282,4.2766251349286275,3.28e-07,9.999999999999965e-17,1.476496872063626e-18,9.999999999999994e-08,-13.92425980622476,7,,COMPLETE
432,0.02065092211013416,0.5628477170247692,2026-03-12 17:00:45.924680,2026-03-12 17:00:47.164203,0 days 00:00:01.239523,4.296915069889854,0.7961094392937875,47.737046259909405,51.19100392833638,4.310619044079093,5.31126890430971,4.4729263487321544,3.267500928161186e-07,5.028197497092941e-15,9.99999999999999e-18,9.90443710146746e-08,-15.225728923925534,7,,COMPLETE
433,0.02635631322715184,0.12237580000463068,2026-03-12 17:00:47.166195,2026-03-12 17:00:48.211932,0 days 00:00:01.045737,4.228569930482258,0.5,48.40830545410283,54.46797736415395,4.310619044079093,5.257992375335791,4.251515642838074,3.252168709442953e-07,3.905580061558339e-18,4.3818611551846255e-16,9.999999999999994e-08,-15.51426464755274,7,,COMPLETE
434,0.02089306606684211,0.022989478389278076,2026-03-12 17:00:48.212929,2026-03-12 17:00:49.389474,0 days 00:00:01.176545,4.3824166961145625,0.5,48.40830545410283,51.65709027184449,4.3349166560596455,5.35,4.2766251349286275,3.28e-07,5.695683787075318e-17,9.99999999999999e-18,9.90443710146746e-08,-14.456420864702139,7,,COMPLETE
435,0.009007377307557582,0.04733021236000952,2026-03-12 17:00:49.390479,2026-03-12 17:00:50.409197,0 days 00:00:01.018718,4.323409070484176,0.5157990524491743,46.10365441081517,51.65709027184449,4.362478392556494,5.278852142634203,4.257564385636849,3.2875052254565885e-07,3.4761115728397194e-17,9.083131955699119e-18,3.3344099075469264e-07,-16.354444994345954,7,,COMPLETE
436,0.005035593401860482,0.030404831019133646,2026-03-12 17:00:50.410194,2026-03-12 17:00:51.186617,0 days 00:00:00.776423,4.35872857238022,0.5157990524491743,48.77541761170111,51.547254967305356,4.3349166560596455,5.307850605736437,4.251658443669015,3.2706733345969906e-07,2.4667450169417577e-15,9.99999999999999e-18,9.90443710146746e-08,-15.3413728400727,7,,COMPLETE
437,0.04606481355225293,0.0320043994935997,2026-03-12 17:00:51.186617,2026-03-12 17:00:51.935192,0 days 00:00:00.748575,4.260268614552488,0.5,46.81038150327429,51.19100392833638,4.310619044079093,5.307850605736437,4.2766251349286275,3.2908168747728137e-07,9.999999999999965e-17,7.61213315228018e-17,6.363292810846342e-08,-15.3413728400727,7,,COMPLETE
438,0.005635818863335364,0.02459760179893291,2026-03-12 17:00:51.936189,2026-03-12 17:00:53.076486,0 days 00:00:01.140297,4.357572114444403,0.5,48.77541761170111,51.65709027184449,4.319265785607221,5.305685424735715,4.257564385636849,3.2790197377204864e-07,3.4761115728397194e-17,9.99999999999999e-18,9.90443710146746e-08,-15.254526312831384,7,,COMPLETE
439,0.019136734481856137,0.024141825727583294,2026-03-12 17:00:53.077483,2026-03-12 17:00:54.293972,0 days 00:00:01.216489,4.36223341148211,0.5157990524491743,47.68261189619807,52.91019351992893,4.362478392556494,5.317337376064948,4.257564385636849,3.287723341138323e-07,9.999999999999965e-17,9.99999999999999e-18,9.90443710146746e-08,-14.335485298843974,7,,COMPLETE
440,0.09673550078157946,1.6285947525013988,2026-03-12 17:00:54.294975,2026-03-12 17:00:55.536083,0 days 00:00:01.241108,4.405538596032094,0.5,48.77541761170111,54.41084202463448,4.4383744889110845,5.35,4.415833699521725,3.282347806911535e-07,3.4761115728397194e-17,9.99999999999999e-18,5.31093365535394e-07,-14.456420864702139,7,,COMPLETE
441,0.004133625558577066,0.11389776818061288,2026-03-12 17:00:55.537080,2026-03-12 17:00:56.295803,0 days 00:00:00.758723,4.228569930482258,0.5628986378094063,48.40830545410283,53.528418447993815,4.370856519172747,5.240158921659411,4.2766251349286275,3.2724719245805657e-07,9.999999999999965e-17,1.2679648458858688e-17,2.8329604132947833e-07,-16.354444994345954,7,,COMPLETE
442,0.03438897406158801,0.42933888215531796,2026-03-12 17:00:56.295803,2026-03-12 17:00:57.252029,0 days 00:00:00.956226,4.369890021064852,0.783754881288308,46.71143308128978,52.019292211952155,4.406069670402628,5.307850605736437,4.270751477122001,3.27786711385127e-07,9.999999999999965e-17,3.957514036724171e-18,2.042342540518615e-08,-16.63849796121206,7,,COMPLETE
443,0.030774203071614437,0.05951211754584962,2026-03-12 17:00:57.254017,2026-03-12 17:00:58.396787,0 days 00:00:01.142770,4.357572114444403,0.5157990524491743,49.08387314103215,52.91019351992893,4.310619044079093,5.345796777949112,4.257564385636849,3.282347806911535e-07,9.999999999999965e-17,3.957514036724171e-18,2.042342540518615e-08,-15.211605975816084,7,,COMPLETE
444,0.0031030012724961396,0.015221474978077321,2026-03-12 17:00:58.397784,2026-03-12 17:00:59.186442,0 days 00:00:00.788658,4.35872857238022,0.5,48.40830545410283,51.65709027184449,4.362478392556494,5.35,4.251658443669015,3.282347806911535e-07,9.999999999999965e-17,9.99999999999999e-18,9.90443710146746e-08,-15.51426464755274,7,,COMPLETE
445,0.03124616161857699,0.0449447441988742,2026-03-12 17:00:59.187439,2026-03-12 17:01:00.420463,0 days 00:00:01.233024,4.228569930482258,0.5157990524491743,49.08387314103215,51.65709027184449,4.370856519172747,5.240158921659411,4.257564385636849,3.282347806911535e-07,9.999999999999965e-17,9.99999999999999e-18,9.90443710146746e-08,-16.354444994345954,7,,COMPLETE
446,0.00499261360731829,0.7587051126056973,2026-03-12 17:01:00.421462,2026-03-12 17:01:01.561621,0 days 00:00:01.140159,4.393307151224517,0.9836102532615361,47.06625387505489,52.897976037896086,4.39763425112116,5.25784865073072,4.389650454860921,3.3086546537786e-07,9.274492635304673e-18,6.041828968470588e-17,4.3400026561814355e-08,-13.92425980622476,7,,COMPLETE
447,0.00479961420954736,0.05726061782053492,2026-03-12 17:01:01.562617,2026-03-12 17:01:02.283734,0 days 00:00:00.721117,4.35872857238022,0.5157990524491743,48.77541761170111,51.65709027184449,4.28316437772347,5.307850605736437,4.251658443669015,3.282347806911535e-07,2.6974374191850702e-17,9.99999999999999e-18,3.2737581211040223e-07,-15.3413728400727,7,,COMPLETE
448,0.018686689900822482,0.2285567721443594,2026-03-12 17:01:02.284731,2026-03-12 17:01:03.490523,0 days 00:00:01.205792,4.290971833191964,0.5,46.10365441081517,51.65709027184449,4.362478392556494,5.35,4.257564385636849,3.2875052254565885e-07,9.999999999999965e-17,1.1552507792987092e-15,9.90443710146746e-08,-16.156395113957352,7,,COMPLETE
449,0.018024122583353928,0.0710156967480266,2026-03-12 17:01:03.491530,2026-03-12 17:01:04.539872,0 days 00:00:01.048342,4.3824166961145625,0.5,48.40830545410283,51.65709027184449,4.406069670402628,5.307850605736437,4.251515642838074,3.2947242930835596e-07,9.999999999999965e-17,1.8204886023447984e-18,9.90443710146746e-08,-15.51426464755274,7,,COMPLETE
450,0.014167265048969976,0.1818037345485199,2026-03-12 17:01:04.540869,2026-03-12 17:01:05.284414,0 days 00:00:00.743545,4.228569930482258,0.5,47.737046259909405,53.528418447993815,4.39763425112116,5.301364000348186,4.2766251349286275,3.267500928161186e-07,9.999999999999965e-17,1.2679648458858688e-17,6.191028682408568e-07,-15.905747213822323,7,,COMPLETE
451,0.0012439912458942892,0.036847414393304856,2026-03-12 17:01:05.285411,2026-03-12 17:01:06.020858,0 days 00:00:00.735447,4.260268614552488,0.5,48.40830545410283,53.528418447993815,4.281782425780266,5.306101094571858,4.2766251349286275,3.28e-07,9.999999999999965e-17,9.99999999999999e-18,9.90443710146746e-08,-16.354444994345954,7,,COMPLETE
452,0.03996937923149924,0.1344030118725379,2026-03-12 17:01:06.020858,2026-03-12 17:01:07.171182,0 days 00:00:01.150324,4.357572114444403,0.5602466963568665,46.130108285221375,51.65709027184449,4.3326128737738765,5.25784865073072,4.4672763384415,3.2875052254565885e-07,3.4761115728397194e-17,6.041828968470588e-17,4.3400026561814355e-08,-13.92425980622476,7,,COMPLETE
453,0.05433304829071731,0.07616104924379576,2026-03-12 17:01:07.173176,2026-03-12 17:01:08.436361,0 days 00:00:01.263185,4.36223341148211,0.5,48.77541761170111,54.41084202463448,4.2452688866861985,5.35,4.415833699521725,3.2790197377204864e-07,2.4667450169417577e-15,4.878764817570752e-16,1.0041410829994962e-07,-14.757125547272155,7,,COMPLETE
454,0.04316721707726283,0.03020472575809032,2026-03-12 17:01:08.438360,2026-03-12 17:01:09.445035,0 days 00:00:01.006675,4.27097030102516,0.5,48.40830545410283,54.46797736415395,4.3349166560596455,5.297295699972618,4.2766251349286275,3.2721227511278024e-07,3.905580061558339e-18,9.99999999999999e-18,3.3344099075469264e-07,-14.456420864702139,7,,COMPLETE
455,0.06315947234197433,0.5942183401519505,2026-03-12 17:01:09.446041,2026-03-12 17:01:10.363762,0 days 00:00:00.917721,4.36223341148211,0.5,48.40830545410283,53.4252258228987,4.400964029345787,5.345796777949112,4.209731917201456,3.252168709442953e-07,2.6974374191850702e-17,8.300130578404797e-15,3.6205450239498576e-08,-16.354444994345954,7,,COMPLETE
456,0.031304434478563646,0.8549490744682647,2026-03-12 17:01:10.363762,2026-03-12 17:01:11.155724,0 days 00:00:00.791962,4.233409507413637,0.9728541659607051,48.40830545410283,50.656872099270345,4.358757037758413,5.35,4.2766251349286275,3.28e-07,9.999999999999965e-17,3.957514036724171e-18,6.207004075436026e-08,-15.254526312831384,7,,COMPLETE
457,0.04678929817183799,0.032623554127185206,2026-03-12 17:01:11.156721,2026-03-12 17:01:12.313515,0 days 00:00:01.156794,4.260268614552488,0.5,48.40830545410283,51.8082154993247,4.214066294404245,5.306101094571858,4.4386982792094365,3.2947242930835596e-07,2.6974374191850702e-17,9.99999999999999e-18,9.90443710146746e-08,-13.92425980622476,7,,COMPLETE
458,0.005247544946582785,0.0753161468813306,2026-03-12 17:01:12.315509,2026-03-12 17:01:13.482094,0 days 00:00:01.166585,4.27097030102516,0.5,48.40830545410283,54.41084202463448,4.362478392556494,5.35,4.415833699521725,3.28e-07,3.4761115728397194e-17,9.99999999999999e-18,5.976421545974024e-07,-15.254526312831384,7,,COMPLETE
459,0.0213724413412781,0.01774562541407223,2026-03-12 17:01:13.483091,2026-03-12 17:01:14.670341,0 days 00:00:01.187250,4.27097030102516,0.5,48.40830545410283,54.46797736415395,4.310619044079093,5.297295699972618,4.251515642838074,3.28e-07,4.447789439470932e-15,9.99999999999999e-18,3.3344099075469264e-07,-15.254526312831384,7,,COMPLETE
460,0.005025586064877391,0.24401206129230324,2026-03-12 17:01:14.671333,2026-03-12 17:01:15.633810,0 days 00:00:00.962477,4.244029165264128,0.5,48.40830545410283,54.46797736415395,4.32998706305551,5.35,4.2766251349286275,3.3072407921858216e-07,3.250504009286624e-17,2.3120514199455086e-15,7.398838454904083e-07,-16.354444994345954,7,,COMPLETE
461,0.04478573195709471,0.8327323883644067,2026-03-12 17:01:15.634806,2026-03-12 17:01:16.522925,0 days 00:00:00.888119,4.3824166961145625,0.9836102532615361,48.40830545410283,52.897976037896086,4.39763425112116,5.35,4.2766251349286275,3.28e-07,9.999999999999965e-17,9.99999999999999e-18,9.999999999999994e-08,-15.48824655281207,7,,COMPLETE
462,0.006612720435674754,0.21502569304944943,2026-03-12 17:01:16.522925,2026-03-12 17:01:17.259257,0 days 00:00:00.736332,4.260268614552488,0.6113754084427941,48.77541761170111,52.69957762836897,4.28316437772347,5.257992375335791,4.2766251349286275,3.2908168747728137e-07,5.028197497092941e-15,9.99999999999999e-18,9.999999999999994e-08,-15.87002906233593,7,,COMPLETE
463,0.023867431796048853,0.01844815840984413,2026-03-12 17:01:17.260254,2026-03-12 17:01:18.395635,0 days 00:00:01.135381,4.228569930482258,0.5,48.40830545410283,52.91019351992893,4.362478392556494,5.35,4.479473055453647,3.28e-07,9.999999999999965e-17,9.99999999999999e-18,9.999999999999994e-08,-13.92425980622476,7,,COMPLETE
464,0.02463617164387581,0.20703800456034008,2026-03-12 17:01:18.396642,2026-03-12 17:01:19.560166,0 days 00:00:01.163524,4.244029165264128,0.5,48.77541761170111,52.897976037896086,4.281782425780266,5.35,4.2766251349286275,3.3072407921858216e-07,4.4221543874641186e-16,2.3120514199455086e-15,6.191028682408568e-07,-15.254526312831384,7,,COMPLETE
465,0.030635690412773038,0.5365325199607092,2026-03-12 17:01:19.561172,2026-03-12 17:01:20.914775,0 days 00:00:01.353603,4.244029165264128,0.5602466963568665,47.06625387505489,52.897976037896086,4.39763425112116,5.31126890430971,4.4672763384415,3.3086546537786e-07,3.250504009286624e-17,2.3120514199455086e-15,1.2365702595230252e-08,-16.325736458502824,7,,COMPLETE
466,0.06103470954647047,0.6720154812044324,2026-03-12 17:01:20.915773,2026-03-12 17:01:22.055130,0 days 00:00:01.139357,4.35872857238022,0.9699381039212074,48.40830545410283,54.46797736415395,4.362478392556494,5.139960624095092,4.251658443669015,3.2719615592920276e-07,3.905580061558339e-18,9.99999999999999e-18,9.90443710146746e-08,-15.51426464755274,8,,COMPLETE
467,0.006699465316459049,0.06924035344669431,2026-03-12 17:01:22.055130,2026-03-12 17:01:22.931532,0 days 00:00:00.876402,4.35872857238022,0.5157990524491743,46.3509876013974,52.91019351992893,4.28316437772347,5.35,4.251658443669015,3.2792719313926236e-07,9.999999999999965e-17,9.99999999999999e-18,3.2737581211040223e-07,-15.3413728400727,8,,COMPLETE
468,0.01819235140113292,0.14712066322098674,2026-03-12 17:01:22.931532,2026-03-12 17:01:23.593359,0 days 00:00:00.661827,4.369890021064852,0.5,48.40830545410283,50.656872099270345,4.362478392556494,5.182160362696715,4.268226742021349,3.28e-07,3.792621344165726e-17,9.99999999999999e-18,9.999999999999994e-08,-15.254526312831384,8,,COMPLETE
469,0.012458910104438463,0.047969445696269326,2026-03-12 17:01:23.593359,2026-03-12 17:01:24.261326,0 days 00:00:00.667967,4.405538596032094,0.5,48.77541761170111,52.00927741902343,4.28316437772347,5.35,4.251658443669015,3.2706733345969906e-07,2.4667450169417577e-15,9.99999999999999e-18,9.38882983434526e-08,-14.456420864702139,8,,COMPLETE
470,0.03353794140289993,0.02814812879336526,2026-03-12 17:01:24.262323,2026-03-12 17:01:25.555583,0 days 00:00:01.293260,4.35872857238022,0.5,48.40830545410283,53.528418447993815,4.281782425780266,5.301364000348186,4.2766251349286275,3.282347806911535e-07,9.999999999999965e-17,1.2679648458858688e-17,9.90443710146746e-08,-15.51426464755274,8,,COMPLETE
471,0.014989029972000661,0.4354925813919805,2026-03-12 17:01:25.556579,2026-03-12 17:01:26.869444,0 days 00:00:01.312865,4.300089394158601,0.783754881288308,48.40830545410283,51.65709027184449,4.406069670402628,5.307850605736437,4.270751477122001,3.2947242930835596e-07,9.999999999999965e-17,1.8204886023447984e-18,6.363292810846342e-08,-15.3413728400727,8,,COMPLETE
472,0.016872183543105095,0.6449164979297632,2026-03-12 17:01:26.870442,2026-03-12 17:01:28.210306,0 days 00:00:01.339864,4.357572114444403,0.8482786674650062,46.09394656534617,51.65709027184449,4.319265785607221,5.305685424735715,4.257564385636849,3.2790197377204864e-07,3.4761115728397194e-17,9.99999999999999e-18,9.90443710146746e-08,-16.82730458106517,8,,COMPLETE
473,0.0034970820291568457,0.021072677419910247,2026-03-12 17:01:28.211302,2026-03-12 17:01:29.388427,0 days 00:00:01.177125,4.228799533165882,0.5,48.40830545410283,52.71670063902784,4.376334115507627,5.35,4.251658443669015,3.282347806911535e-07,9.999999999999965e-17,9.99999999999999e-18,9.90443710146746e-08,-16.325736458502824,8,,COMPLETE
474,0.020165771493336006,0.02872073605744269,2026-03-12 17:01:29.388427,2026-03-12 17:01:30.125268,0 days 00:00:00.736841,4.289546763098685,0.5157990524491743,48.77541761170111,51.547254967305356,4.3349166560596455,5.307850605736437,4.251658443669015,3.2719615592920276e-07,9.999999999999965e-17,9.99999999999999e-18,9.90443710146746e-08,-15.3413728400727,8,,COMPLETE
475,0.04113496077437708,0.04965611508905256,2026-03-12 17:01:30.126265,2026-03-12 17:01:31.411837,0 days 00:00:01.285572,4.421061904028194,0.5157990524491743,46.71143308128978,52.91019351992893,4.362478392556494,5.35,4.360916587025343,3.28e-07,9.999999999999965e-17,9.99999999999999e-18,9.90443710146746e-08,-14.456420864702139,8,,COMPLETE
476,0.016712246920596575,0.03028056342423605,2026-03-12 17:01:31.412834,2026-03-12 17:01:32.208256,0 days 00:00:00.795422,4.405538596032094,0.5157990524491743,47.083984838314294,52.37694618034578,4.362478392556494,5.35,4.2766251349286275,3.2719615592920276e-07,1.7893175016866557e-16,9.99999999999999e-18,4.770808882832053e-08,-14.757125547272155,8,,COMPLETE
477,0.08497299084531157,0.02279593934261241,2026-03-12 17:01:32.209252,2026-03-12 17:01:33.635656,0 days 00:00:01.426404,4.453434140395813,0.5,48.40830545410283,52.91019351992893,4.3349166560596455,5.35,4.2766251349286275,3.28e-07,9.999999999999965e-17,9.99999999999999e-18,9.999999999999994e-08,-14.456420864702139,8,,COMPLETE
478,0.028832681302026004,0.026840918396242607,2026-03-12 17:01:33.636663,2026-03-12 17:01:34.908591,0 days 00:00:01.271928,4.3818324415630405,0.503378422443178,48.40830545410283,51.538767595358586,4.28316437772347,5.301364000348186,4.2766251349286275,3.2724719245805657e-07,2.6974374191850702e-17,1.2679648458858688e-17,3.2737581211040223e-07,-16.354444994345954,8,,COMPLETE
479,0.021688107684680033,0.03008399491204684,2026-03-12 17:01:34.910594,2026-03-12 17:01:35.801350,0 days 00:00:00.890756,4.27097030102516,0.5,48.40830545410283,54.46797736415395,4.310619044079093,5.257992375335791,4.2766251349286275,3.28e-07,4.447789439470932e-15,9.99999999999999e-18,5.289349524981121e-07,-15.225728923925534,8,,COMPLETE
480,0.015403057433728507,0.019460805734357198,2026-03-12 17:01:35.802347,2026-03-12 17:01:36.625001,0 days 00:00:00.822654,4.289546763098685,0.5,48.40830545410283,53.06990712527924,4.362478392556494,5.345796777949112,4.2766251349286275,3.2719615592920276e-07,9.999999999999965e-17,9.99999999999999e-18,9.90443710146746e-08,-15.51426464755274,8,,COMPLETE
481,0.029463224082615137,0.5923665562107744,2026-03-12 17:01:36.625998,2026-03-12 17:01:37.769577,0 days 00:00:01.143579,4.228569930482258,0.9836102532615361,47.06625387505489,52.897976037896086,4.39763425112116,5.35,4.389650454860921,3.28e-07,9.999999999999965e-17,6.041828968470588e-17,4.3400026561814355e-08,-17.269363400604938,8,,COMPLETE
