number,values_0,values_1,datetime_start,datetime_complete,duration,params_E_d_sh,params_G_frac,params_N_t_d,params_N_t_sh,params_W_L,params_W_R,params_W_R_sclc,params_d_sclc,params_l1_C_n_bulk,params_l1_k_dir,params_l1_mu_p,params_mu_e,system_attrs_NSGAIISampler:generation,system_attrs_fixed_params,state
122,0.04160138042951956,0.6847487122144496,2026-03-12 16:55:23.119892,2026-03-12 16:55:24.080212,0 days 00:00:00.960320,4.288160278081339,0.9060342797620191,46.999769917876684,54.99948642470267,4.456082206405697,5.241915512815881,4.29144331254583,3.268722121753338e-07,1.307742911253956e-18,4.927601399823674e-18,7.413335546478079e-08,-16.49259099323933,1,,COMPLETE
123,0.07700621434931322,0.454444294792207,2026-03-12 16:55:24.080212,2026-03-12 16:55:25.034078,0 days 00:00:00.953866,4.408594567407341,0.5946439482270365,47.06625387505489,54.363014163680035,4.463040563365202,5.3134533371660835,4.3031702670687455,3.2581136431229237e-07,2.0423712946845632e-17,4.235002056701233e-15,1.1331559492889708e-07,-14.568839719028212,1,,COMPLETE
124,0.056384613544336167,0.1418159629485598,2026-03-12 16:55:25.035074,2026-03-12 16:55:25.894670,0 days 00:00:00.859596,4.401423531320151,0.5944732582517451,46.66902251069003,51.96021526223705,4.28316437772347,5.257067426225909,4.2715591618144035,3.258701308827257e-07,2.6974374191850702e-17,1.1399079437342093e-16,8.178783691604029e-07,-16.808900539030766,1,,COMPLETE
125,0.0415888267341781,0.7656562204798174,2026-03-12 16:55:25.895664,2026-03-12 16:55:26.753178,0 days 00:00:00.857514,4.398134730219196,0.9487482544728691,49.340248679804525,51.34539855406844,4.251163499269421,5.1832224502831235,4.409249488112205,3.265394190883251e-07,1.2619338788966856e-15,5.919103488944821e-17,4.349508576091576e-08,-14.601033941601635,1,,COMPLETE
126,0.048487158118240406,0.5129165458555138,2026-03-12 16:55:26.753178,2026-03-12 16:55:27.633660,0 days 00:00:00.880482,4.408594567407341,0.6908766388878314,46.921140572907,53.01176633128937,4.406880853811295,5.301364000348186,4.489887873392582,3.2724719245805657e-07,6.207936614314248e-15,1.2679648458858688e-17,2.8329604132947833e-07,-14.568839719028212,1,,COMPLETE
127,0.05380748925424022,0.1715767339911322,2026-03-12 16:55:27.634656,2026-03-12 16:55:28.573515,0 days 00:00:00.938859,4.398134730219196,0.6319634876682294,46.19673352229616,51.34539855406844,4.339384431865014,5.1832224502831235,4.236198011995665,3.2626250813181617e-07,7.194488730560846e-16,1.559197209238973e-18,2.0084754405619273e-07,-17.355123582564808,1,,COMPLETE
128,0.05200007200386623,0.3564076737967457,2026-03-12 16:55:28.574552,2026-03-12 16:55:29.417078,0 days 00:00:00.842526,4.25128151487983,0.7444428285917671,49.146159978912664,51.920565968864935,4.214066294404245,5.104685369888985,4.357015186577664,3.2766636385466716e-07,1.7617572428907026e-17,2.4132815210366697e-16,1.4106319373104577e-07,-17.06096297459249,1,,COMPLETE
129,0.026823369726096016,0.10798610195240682,2026-03-12 16:55:29.418076,2026-03-12 16:55:30.164191,0 days 00:00:00.746115,4.2451149262253445,0.503378422443178,48.77541761170111,51.538767595358586,4.242057103639312,5.307850605736437,4.304592720843474,3.2947242930835596e-07,5.028197497092941e-15,3.2400076835001956e-16,5.965222393422729e-08,-15.225728923925534,1,,COMPLETE
130,0.004308362673733372,0.5837111949393917,2026-03-12 16:55:30.165187,2026-03-12 16:55:31.048256,0 days 00:00:00.883069,4.296915069889854,0.7961094392937875,47.737046259909405,51.72701582431503,4.39763425112116,5.31126890430971,4.389650454860921,3.267500928161186e-07,3.250504009286624e-17,1.6894115495697844e-18,6.191028682408568e-07,-15.905747213822323,1,,COMPLETE
131,0.03199599722489865,0.4148150160922737,2026-03-12 16:55:31.050249,2026-03-12 16:55:32.190462,0 days 00:00:01.140213,4.2597430815801465,0.8268420814431137,48.80425790780708,51.1058076298911,4.370856519172747,5.297210016984407,4.246714224505689,3.257220404872606e-07,4.3122485528976443e-16,4.927601399823674e-18,1.1428724891547358e-08,-14.78972467046406,1,,COMPLETE
132,0.018898077497329618,0.6794301184692246,2026-03-12 16:55:32.192457,2026-03-12 16:55:33.204830,0 days 00:00:01.012373,4.27097030102516,0.9913173652505989,46.10365441081517,54.41084202463448,4.455586487669245,5.306101094571858,4.237961669186114,3.2875052254565885e-07,3.4761115728397194e-17,1.1552507792987092e-15,1.4543484274839743e-07,-15.254526312831384,1,,COMPLETE
133,,,2026-03-12 16:55:33.205833,2026-03-12 16:55:33.294532,0 days 00:00:00.088699,4.448870128519984,0.9060342797620191,46.999769917876684,51.81254007504768,4.455586487669245,5.306101094571858,4.237961669186114,3.2875052254565885e-07,1.307742911253956e-18,1.3285551463947186e-15,1.3857739013925134e-07,-16.49259099323933,1,,PRUNED
134,0.0753544513013264,0.41212182132182174,2026-03-12 16:55:33.295537,2026-03-12 16:55:34.552761,0 days 00:00:01.257224,4.346201147963527,0.915493959111493,48.00148302027127,53.08439858697952,4.476726199996997,5.182485818344719,4.304397269663836,3.2932711275983393e-07,1.0607052992970016e-17,7.40006761940041e-16,2.0551291098743478e-08,-16.874098566436846,1,,COMPLETE
135,,,2026-03-12 16:55:34.553758,2026-03-12 16:55:34.601599,0 days 00:00:00.047841,4.462257872626014,0.5401666850636666,46.130108285221375,54.99948642470267,4.476696734540418,5.241915512815881,4.29144331254583,3.2724719245805657e-07,2.680243816711877e-18,1.2679648458858688e-17,2.8329604132947833e-07,-13.92425980622476,1,,PRUNED
136,0.08013115205377913,0.21686319550521957,2026-03-12 16:55:34.602574,2026-03-12 16:55:35.602700,0 days 00:00:01.000126,4.289546763098685,0.6832209847243083,48.36364083104602,54.46797736415395,4.3059861491551805,5.240158921659411,4.251515642838074,3.27706207817905e-07,3.317501513923486e-17,3.4668152920391177e-18,3.2737581211040223e-07,-18.397939741917906,1,,COMPLETE
137,0.026811327676409476,0.8359523472768637,2026-03-12 16:55:35.603709,2026-03-12 16:55:36.461848,0 days 00:00:00.858139,4.344729562254837,0.6908766388878314,48.18716052551823,51.636946449470265,4.2362931447442245,5.123604745473332,4.494877197814969,3.2532150451977696e-07,9.274492635304673e-18,6.3870803122946185e-15,1.0736758651033836e-08,-13.92425980622476,1,,COMPLETE
138,0.07038146840282719,0.47123096643202333,2026-03-12 16:55:36.462845,2026-03-12 16:55:37.400991,0 days 00:00:00.938146,4.372016435512037,0.7001967861890377,46.19673352229616,53.98562768322132,4.414935740108129,5.354054446056986,4.45341784680132,3.2626250813181617e-07,5.087223704364184e-16,2.53436392529812e-15,3.709880773039393e-07,-15.94343425052206,1,,COMPLETE
139,0.04523326619881733,0.12331784741211449,2026-03-12 16:55:37.401996,2026-03-12 16:55:38.256471,0 days 00:00:00.854475,4.321413308466874,0.5,49.08387314103215,52.869450528156186,4.362478392556494,5.17327438606898,4.257564385636849,3.28e-07,5.695683787075318e-17,9.99999999999999e-18,9.999999999999994e-08,-16.354444994345954,1,,COMPLETE
140,0.02512724817523384,0.6268567379045319,2026-03-12 16:55:38.257468,2026-03-12 16:55:39.162114,0 days 00:00:00.904646,4.369890021064852,0.9846744628681005,48.19181258185486,51.920565968864935,4.301633272566889,5.206731036688692,4.268226742021349,3.27786711385127e-07,4.607476772611325e-15,8.958861171347021e-17,3.864834644349681e-08,-16.331570310339874,1,,COMPLETE
141,0.01914705256616627,0.867606445089364,2026-03-12 16:55:39.162114,2026-03-12 16:55:39.968244,0 days 00:00:00.806130,4.244029165264128,0.9836102532615361,47.06625387505489,51.98587160131602,4.463040563365202,5.209991651700114,4.246096148616409,3.258701308827257e-07,2.0423712946845632e-17,2.3120514199455086e-15,8.178783691604029e-07,-16.325736458502824,1,,COMPLETE
142,0.09470047668491456,0.32921110944620713,2026-03-12 16:55:39.968244,2026-03-12 16:55:40.846799,0 days 00:00:00.878555,4.408594567407341,0.5946439482270365,48.46702505582356,51.527907050430976,4.277707029503095,5.3134533371660835,4.489887873392582,3.2581136431229237e-07,7.230511970045589e-15,4.235002056701233e-15,1.1331559492889708e-07,-16.74295367632153,1,,COMPLETE
143,0.08937146858828443,0.589929600753363,2026-03-12 16:55:40.847796,2026-03-12 16:55:41.848978,0 days 00:00:01.001182,4.250579495912573,0.8683915934996927,48.271889342732464,53.98562768322132,4.209808607225732,5.257992375335791,4.45341784680132,3.309260510415099e-07,1.0295806567918716e-17,2.53436392529812e-15,2.421488536924258e-08,-18.327179035346774,1,,COMPLETE
144,0.09196124078146167,0.5448481304834475,2026-03-12 16:55:41.849986,2026-03-12 16:55:42.828239,0 days 00:00:00.978253,4.301540074815655,0.9433857886934434,49.42980350798284,52.34648163760114,4.444705636382195,5.159879193982477,4.233575950736711,3.2936698189009906e-07,5.742132420942341e-15,9.275352904670801e-17,1.9577612822907388e-08,-16.057983074353203,1,,COMPLETE
145,0.022332383068782827,0.2628006675157384,2026-03-12 16:55:42.829236,2026-03-12 16:55:43.767203,0 days 00:00:00.937967,4.286254937437512,0.6953088887251799,48.77541761170111,53.4252258228987,4.451088238024868,5.31826906598603,4.209731917201456,3.2831904677111195e-07,2.4667450169417577e-15,4.739785412183469e-16,2.208257366467655e-08,-15.225728923925534,1,,COMPLETE
146,0.03403078275831295,1.0484085001373975,2026-03-12 16:55:43.768200,2026-03-12 16:55:44.582496,0 days 00:00:00.814296,4.398134730219196,0.9487482544728691,47.28141269975902,51.34539855406844,4.301633272566889,5.104685369888985,4.357015186577664,3.2506668634925025e-07,7.024905804391005e-17,3.614413989002808e-17,2.0084754405619273e-07,-14.1918311149887,1,,COMPLETE
147,0.02982337574502502,0.35065911074955913,2026-03-12 16:55:44.583493,2026-03-12 16:55:45.423703,0 days 00:00:00.840210,4.357572114444403,0.5157990524491743,46.10365441081517,54.06835573385949,4.406069670402628,5.306101094571858,4.251658443669015,3.2875052254565885e-07,1.0526542101452252e-16,5.986686959656241e-15,9.90443710146746e-08,-15.254526312831384,1,,COMPLETE
148,0.00897326569388508,0.7770486244063793,2026-03-12 16:55:45.424700,2026-03-12 16:55:46.225044,0 days 00:00:00.800344,4.286254937437512,0.9728541659607051,48.77541761170111,54.06835573385949,4.242057103639312,5.307850605736437,4.320099456408398,3.2947242930835596e-07,2.0361168988830686e-15,1.1552507792987092e-15,6.24488512550808e-07,-15.225728923925534,1,,COMPLETE
149,0.01270481349873119,0.26468405551476376,2026-03-12 16:55:46.227037,2026-03-12 16:55:47.304476,0 days 00:00:01.077439,4.401313548177714,0.6593654096235182,48.46702505582356,51.920565968864935,4.301633272566889,5.238376158287176,4.455379389931193,3.289335365009769e-07,1.0926928787011866e-16,2.4132815210366697e-16,4.843975067419509e-08,-14.1918311149887,1,,COMPLETE
150,0.032793035887679484,0.18099001675801432,2026-03-12 16:55:47.305473,2026-03-12 16:55:48.252700,0 days 00:00:00.947227,4.313485402513615,0.5944732582517451,48.271889342732464,50.661744926496795,4.28316437772347,5.257992375335791,4.246096148616409,3.309260510415099e-07,2.6974374191850702e-17,5.220067165467198e-18,3.2737581211040223e-07,-15.404572291865765,1,,COMPLETE
151,0.03237317014811971,0.7794478068671712,2026-03-12 16:55:48.253696,2026-03-12 16:55:49.586272,0 days 00:00:01.332576,4.345603267177484,0.9098962592394034,48.80425790780708,54.347938806171356,4.319869569040615,5.32384427001802,4.264624505132645,3.290122644149474e-07,2.680243816711877e-18,4.927601399823674e-18,7.80447128344851e-07,-14.78972467046406,1,,COMPLETE
152,0.02953916329348834,0.08972999275520911,2026-03-12 16:55:49.588266,2026-03-12 16:55:51.494935,0 days 00:00:01.906669,4.379542696676982,0.5602466963568665,46.33237093673031,52.71670063902784,4.3326128737738765,5.25784865073072,4.4672763384415,3.3086546537786e-07,9.454173317022495e-15,6.041828968470588e-17,4.3400026561814355e-08,-15.271766375615787,1,,COMPLETE
153,0.0358223820923418,0.4780751520920868,2026-03-12 16:55:51.496929,2026-03-12 16:55:52.838475,0 days 00:00:01.341546,4.372195106838041,0.6908766388878314,46.130108285221375,51.527907050430976,4.390513864098114,5.161201016812992,4.455379389931193,3.26346055428213e-07,7.230511970045589e-15,1.2679648458858688e-17,6.574770867492943e-07,-13.92425980622476,1,,COMPLETE
154,0.021070788599614435,0.07826997871661602,2026-03-12 16:55:52.840467,2026-03-12 16:55:53.921915,0 days 00:00:01.081448,4.2597430815801465,0.5628986378094063,46.979134217211254,54.99948642470267,4.370856519172747,5.297210016984407,4.29144331254583,3.2719615592920276e-07,4.3122485528976443e-16,3.7682998923056545e-17,6.363292810846342e-08,-15.51426464755274,1,,COMPLETE
155,0.04316966919789899,0.25323862362747984,2026-03-12 16:55:53.922910,2026-03-12 16:55:54.699424,0 days 00:00:00.776514,4.314767337069897,0.7565236042191735,46.806238890719236,54.12198187009735,4.214066294404245,5.371406205584573,4.416596403600255,3.2766636385466716e-07,5.898227642973995e-16,3.2607467761438177e-15,1.4106319373104577e-07,-16.882108795015274,1,,COMPLETE
156,0.00995835732642534,0.2662172653253659,2026-03-12 16:55:54.699424,2026-03-12 16:55:55.495537,0 days 00:00:00.796113,4.36223341148211,0.6229235502613646,47.083984838314294,53.4252258228987,4.310619044079093,5.345796777949112,4.320099456408398,3.2947242930835596e-07,3.774560959664673e-17,3.957514036724171e-18,3.6205450239498576e-08,-14.335485298843974,2,,COMPLETE
157,0.027143598512836396,0.3871805096808545,2026-03-12 16:55:55.496545,2026-03-12 16:55:56.298091,0 days 00:00:00.801546,4.367567029133614,0.6593654096235182,48.46702505582356,54.06835573385949,4.390513864098114,5.307850605736437,4.358376675624672,3.294273185621253e-07,7.230511970045589e-15,1.1552507792987092e-15,3.043150885081088e-07,-14.209239683370654,2,,COMPLETE
158,0.030676809142796215,0.01613932352421801,2026-03-12 16:55:56.299088,2026-03-12 16:55:57.035360,0 days 00:00:00.736272,4.313485402513615,0.5,48.271889342732464,51.19100392833638,4.28316437772347,5.257992375335791,4.2766251349286275,3.309260510415099e-07,2.6974374191850702e-17,9.99999999999999e-18,3.2737581211040223e-07,-15.404572291865765,2,,COMPLETE
159,0.022107064826676622,0.048515161384555236,2026-03-12 16:55:57.036358,2026-03-12 16:55:57.767251,0 days 00:00:00.730893,4.357572114444403,0.5157990524491743,47.083984838314294,51.8082154993247,4.310619044079093,5.306101094571858,4.251658443669015,3.2875052254565885e-07,3.774560959664673e-17,3.957514036724171e-18,9.90443710146746e-08,-15.35114684315027,2,,COMPLETE
160,0.04788215086443615,0.6554525421573245,2026-03-12 16:55:57.768247,2026-03-12 16:55:58.715214,0 days 00:00:00.946967,4.348754215999537,0.5602466963568665,46.33237093673031,52.1462862104615,4.3326128737738765,5.257067426225909,4.251658443669015,3.2847420584085795e-07,8.159067962120832e-16,5.986686959656241e-15,4.3400026561814355e-08,-17.75020686981038,2,,COMPLETE
161,0.008233178485085035,0.6156853529642247,2026-03-12 16:55:58.715214,2026-03-12 16:55:59.537660,0 days 00:00:00.822446,4.244029165264128,0.9836102532615361,47.06625387505489,52.897976037896086,4.423637725794252,5.181212627808384,4.380233696817211,3.280427676498971e-07,2.0423712946845632e-17,2.3120514199455086e-15,4.880754056590572e-07,-16.325736458502824,2,,COMPLETE
162,0.010650409988127232,0.017995630354690477,2026-03-12 16:55:59.537660,2026-03-12 16:56:00.287172,0 days 00:00:00.749512,4.3824166961145625,0.5,48.40830545410283,52.91019351992893,4.3349166560596455,5.35,4.2766251349286275,3.28e-07,9.999999999999965e-17,9.99999999999999e-18,9.999999999999994e-08,-14.456420864702139,2,,COMPLETE
163,0.020778272693739483,0.28968443048698944,2026-03-12 16:56:00.288168,2026-03-12 16:56:01.212709,0 days 00:00:00.924541,4.284448896411006,0.5401666850636666,48.80425790780708,54.99948642470267,4.451088238024868,5.241915512815881,4.209731917201456,3.298649313981084e-07,2.680243816711877e-18,4.739785412183469e-16,1.1428724891547358e-08,-14.78972467046406,2,,COMPLETE
164,0.08361536911244827,0.47162651327473565,2026-03-12 16:56:01.213713,2026-03-12 16:56:01.955525,0 days 00:00:00.741812,4.2597430815801465,0.7598710676326111,46.58721734168115,51.1058076298911,4.319869569040615,5.32384427001802,4.264624505132645,3.290122644149474e-07,4.3122485528976443e-16,3.7682998923056545e-17,7.80447128344851e-07,-14.077803143769822,2,,COMPLETE
165,0.009554933733185103,0.5773402090073837,2026-03-12 16:56:01.955525,2026-03-12 16:56:02.713811,0 days 00:00:00.758286,4.345603267177484,0.7598710676326111,46.58721734168115,54.46797736415395,4.319869569040615,5.32384427001802,4.253130561783303,3.290122644149474e-07,3.317501513923486e-17,6.670459986223917e-15,7.80447128344851e-07,-14.077803143769822,2,,COMPLETE
166,0.024732008438650716,0.5186827658303119,2026-03-12 16:56:02.714808,2026-03-12 16:56:03.563367,0 days 00:00:00.848559,4.312115657951752,0.9457750705087584,46.17600636679237,50.86595672742752,4.321821480177613,5.123604745473332,4.484551653964946,3.2532150451977696e-07,3.250504009286624e-17,6.3870803122946185e-15,4.695626526425846e-07,-15.905747213822323,2,,COMPLETE
167,0.06631555824749383,0.3365890137228983,2026-03-12 16:56:03.564369,2026-03-12 16:56:04.483428,0 days 00:00:00.919059,4.286254937437512,0.6832209847243083,48.36364083104602,53.4252258228987,4.242057103639312,5.307850605736437,4.320099456408398,3.2947242930835596e-07,2.4667450169417577e-15,3.4668152920391177e-18,6.24488512550808e-07,-18.397939741917906,2,,COMPLETE
168,0.05367737419542462,0.3121517646383406,2026-03-12 16:56:04.484415,2026-03-12 16:56:05.346778,0 days 00:00:00.862363,4.379542696676982,0.5602466963568665,48.16466487250479,52.71670063902784,4.402091862204038,5.25784865073072,4.484551653964946,3.3086546537786e-07,2.1406114044714525e-18,6.041828968470588e-17,4.695626526425846e-07,-15.271766375615787,2,,COMPLETE
169,0.01671113764052547,0.22521020187406138,2026-03-12 16:56:05.347775,2026-03-12 16:56:06.015991,0 days 00:00:00.668216,4.326845425272501,0.5946439482270365,48.511304853767996,51.64598932323906,4.372708028385316,5.307850605736437,4.320099456408398,3.2947242930835596e-07,1.8894692828748744e-18,3.2400076835001956e-16,6.24488512550808e-07,-15.225728923925534,2,,COMPLETE
170,0.02953916329348834,0.08972999275520911,2026-03-12 16:56:06.016997,2026-03-12 16:56:06.724479,0 days 00:00:00.707482,4.379542696676982,0.5602466963568665,46.33237093673031,52.71670063902784,4.3326128737738765,5.25784865073072,4.4672763384415,3.3086546537786e-07,9.454173317022495e-15,6.041828968470588e-17,4.3400026561814355e-08,-15.271766375615787,2,,COMPLETE
171,0.04316966919789899,0.25323862362747984,2026-03-12 16:56:06.725476,2026-03-12 16:56:07.860887,0 days 00:00:01.135411,4.314767337069897,0.7565236042191735,46.806238890719236,54.12198187009735,4.214066294404245,5.371406205584573,4.416596403600255,3.2766636385466716e-07,5.898227642973995e-16,3.2607467761438177e-15,1.4106319373104577e-07,-16.882108795015274,2,,COMPLETE
172,0.03838703943542201,0.0803029318875711,2026-03-12 16:56:07.861883,2026-03-12 16:56:09.276819,0 days 00:00:01.414936,4.282189918943022,0.5628986378094063,46.10365441081517,51.1058076298911,4.370856519172747,5.297210016984407,4.270751477122001,3.257220404872606e-07,4.3122485528976443e-16,3.7682998923056545e-17,2.5045439625136637e-08,-15.51426464755274,2,,COMPLETE
173,0.04064109295171736,0.7128795494032026,2026-03-12 16:56:09.277810,2026-03-12 16:56:10.598040,0 days 00:00:01.320230,4.367567029133614,0.8977945497531271,48.46702505582356,51.527907050430976,4.242057103639312,5.202458383032759,4.320099456408398,3.2947242930835596e-07,7.230511970045589e-15,7.103441374957324e-18,5.973406268165675e-07,-14.209239683370654,2,,COMPLETE
174,0.014004380999557548,0.2537528644737928,2026-03-12 16:56:10.600037,2026-03-12 16:56:11.973604,0 days 00:00:01.373567,4.367567029133614,0.6593654096235182,48.46702505582356,51.527907050430976,4.390513864098114,5.209991651700114,4.358376675624672,3.294273185621253e-07,3.384985086938533e-18,7.103441374957324e-18,4.843975067419509e-08,-15.605452787941674,2,,COMPLETE
175,0.04172753047741438,0.2873862549911926,2026-03-12 16:56:11.975598,2026-03-12 16:56:13.317311,0 days 00:00:01.341713,4.286254937437512,0.6953088887251799,48.46702505582356,54.25352478800536,4.451088238024868,5.238376158287176,4.455379389931193,3.289335365009769e-07,1.0926928787011866e-16,4.739785412183469e-16,2.208257366467655e-08,-15.225728923925534,2,,COMPLETE
176,0.05458469215672856,0.5349413926844301,2026-03-12 16:56:13.318306,2026-03-12 16:56:14.753700,0 days 00:00:01.435394,4.36223341148211,0.7444428285917671,48.28386763434609,51.8082154993247,4.214066294404245,5.345796777949112,4.426557561756077,3.2625099814746173e-07,1.1391006544765107e-17,3.957514036724171e-18,1.4106319373104577e-07,-17.06096297459249,2,,COMPLETE
177,0.0218083339539054,0.7461498718987931,2026-03-12 16:56:14.754696,2026-03-12 16:56:16.009974,0 days 00:00:01.255278,4.379542696676982,0.9836102532615361,46.33237093673031,52.897976037896086,4.386742016233007,5.295286172048309,4.3031702670687455,3.3086546537786e-07,2.0423712946845632e-17,6.041828968470588e-17,4.3400026561814355e-08,-15.271766375615787,2,,COMPLETE
178,0.015937054407731233,0.24715377758538978,2026-03-12 16:56:16.010971,2026-03-12 16:56:17.355178,0 days 00:00:01.344207,4.2597430815801465,0.5628986378094063,46.979134217211254,54.06835573385949,4.455586487669245,5.306101094571858,4.29144331254583,3.2719615592920276e-07,4.3122485528976443e-16,1.1552507792987092e-15,4.8095974014519926e-08,-15.51426464755274,2,,COMPLETE
179,0.030840266642523723,0.48990912179425694,2026-03-12 16:56:17.356174,2026-03-12 16:56:18.750063,0 days 00:00:01.393889,4.244029165264128,0.9836102532615361,48.80425790780708,52.897976037896086,4.476696734540418,5.241915512815881,4.3031702670687455,3.2748742331822096e-07,2.0423712946845632e-17,2.1968443234958087e-15,4.40124218661095e-08,-14.78972467046406,2,,COMPLETE
180,0.05636477619265752,0.3219541721523013,2026-03-12 16:56:18.751060,2026-03-12 16:56:20.174768,0 days 00:00:01.423708,4.286254937437512,0.6832209847243083,48.36364083104602,54.46797736415395,4.3059861491551805,5.307850605736437,4.320099456408398,3.27706207817905e-07,2.0361168988830686e-15,3.4668152920391177e-18,3.2737581211040223e-07,-17.59025322330769,2,,COMPLETE
