number,values_0,values_1,datetime_start,datetime_complete,duration,params_E_d_sh,params_G_frac,params_N_t_d,params_N_t_sh,params_W_L,params_W_R,params_W_R_sclc,params_d_sclc,params_l1_C_n_bulk,params_l1_k_dir,params_l1_mu_p,params_mu_e,system_attrs_NSGAIISampler:generation,system_attrs_fixed_params,state
120,0.031429899156970253,0.5057384433996965,2026-03-19 18:29:24.743047,2026-03-19 18:29:25.664017,0 days 00:00:00.920970,4.337521376801259,0.9737281127237949,47.474607361597336,51.79818678507779,4.3274769054431905,5.143040321813652,4.400437899876156,3.3159657421251807e-07,8.64698261103446e-18,1.1969521485045076e-16,1.5343121973334794e-08,-17.048880947458933,1.0,,COMPLETE
121,0.01568500288336317,0.20513142682853172,2026-03-19 18:29:25.665021,2026-03-19 18:29:26.871011,0 days 00:00:01.205990,4.236052936820208,0.6328392003805693,46.634221488154715,52.89617422581626,4.378454600802061,5.352038834076453,4.278096047806317,3.30314493726181e-07,1.256963276727886e-18,3.7448737034062905e-18,1.6220395137387883e-08,-16.160529814519716,1.0,,COMPLETE
122,0.052891869381495524,0.5287786976933438,2026-03-19 18:29:26.873004,2026-03-19 18:29:27.584726,0 days 00:00:00.711722,4.234356597354324,0.6843524595464043,48.453996553966185,52.04693559814507,4.241575853955727,5.167176888793441,4.388430894909504,3.2856610409227004e-07,3.694996657319456e-17,5.136272857518087e-15,5.965206086103917e-07,-14.301305971092837,1.0,,COMPLETE
123,0.03251332517820949,0.6689230406731945,2026-03-19 18:29:27.585723,2026-03-19 18:29:28.549527,0 days 00:00:00.963804,4.236007500048233,0.8562279258601835,48.594477517627034,53.36753577262025,4.320724910730614,5.163936265136225,4.389813645333275,3.271430680680984e-07,6.425478960350236e-18,1.2968333159401087e-18,3.5237300992434983e-07,-14.71812121000108,1.0,,COMPLETE
124,0.09427163414151628,0.683303858622737,2026-03-19 18:29:28.550523,2026-03-19 18:29:29.988652,0 days 00:00:01.438129,4.40262573266999,0.6112433662686292,47.60596681447699,52.15434220517098,4.480285088036271,5.386935132991348,4.301828010993995,3.312629013784115e-07,2.4529614468928306e-18,9.010934618734544e-15,1.808347843874088e-08,-16.951949719144906,1.0,,COMPLETE
125,0.025036855416688472,0.39201235581001614,2026-03-19 18:29:29.989658,2026-03-19 18:29:30.832851,0 days 00:00:00.843193,4.247558384324947,0.9726052103838274,46.699449391452426,53.45315609298031,4.272300156528921,5.143040321813652,4.460798712646869,3.248048989380164e-07,8.64698261103446e-18,9.179556248546445e-16,1.5343121973334794e-08,-16.63377640910936,1.0,,COMPLETE
126,0.05499709820138893,0.15929812897199574,2026-03-19 18:29:30.832851,2026-03-19 18:29:31.621419,0 days 00:00:00.788568,4.224862204216817,0.5756886904385776,48.90671558730328,55.13082498651788,4.207220487820935,5.314270786542128,4.258753816034819,3.306145321205486e-07,1.7542376957436508e-17,2.9905707487379217e-18,1.3874734816339884e-08,-13.975662531316434,1.0,,COMPLETE
127,0.06307853632327128,0.02499811110642459,2026-03-19 18:29:31.622416,2026-03-19 18:29:32.482583,0 days 00:00:00.860167,4.224862204216817,0.5080564199882729,47.95176379854858,55.13082498651788,4.3045187615145775,5.225362421991439,4.464800905673313,3.284956725270972e-07,2.7842042145584155e-17,2.9905707487379217e-18,1.3874734816339884e-08,-17.4124046504371,1.0,,COMPLETE
128,0.025900208731597433,0.5328829732701181,2026-03-19 18:29:32.483569,2026-03-19 18:29:33.284386,0 days 00:00:00.800817,4.381296828544587,0.7552000017333482,47.63611351651166,53.40558579635834,4.2363888488527035,5.320116437873451,4.348434204348774,3.319537556379306e-07,5.996233743921164e-15,1.16349059674451e-17,1.621076601098795e-07,-14.80495540592114,1.0,,COMPLETE
129,0.0548869601022185,0.23020482419181687,2026-03-19 18:29:33.285397,2026-03-19 18:29:34.381768,0 days 00:00:01.096371,4.323149779106489,0.6171309259193782,46.58983305736084,51.43199374366208,4.254664205799888,5.3136103651318445,4.356774809545542,3.244442310705166e-07,2.4497774853313624e-15,4.2610884716579485e-18,1.5503048332714057e-08,-14.833874544944255,1.0,,COMPLETE
130,0.01778691235819481,0.6282860307833279,2026-03-19 18:29:34.382772,2026-03-19 18:29:35.726565,0 days 00:00:01.343793,4.3401733809685865,0.9122783311995013,47.13228075588508,50.883540052776844,4.347125963616405,5.1820446143055126,4.467855668776962,3.2769889351298963e-07,3.61633819475867e-15,3.2218832293445194e-17,2.8924955953065086e-08,-15.825202864638399,1.0,,COMPLETE
131,0.095559861661459,0.5170766284141413,2026-03-19 18:29:35.727570,2026-03-19 18:29:36.906042,0 days 00:00:01.178472,4.271326341889198,0.7777943984864515,49.4176212647976,54.93777240853137,4.244851453477139,5.24117477162075,4.214869146112259,3.261413527757353e-07,1.7848156589136925e-15,2.5855811757214013e-18,5.209409296150257e-07,-17.511249382258022,1.0,,COMPLETE
132,,,2026-03-19 18:29:36.907048,2026-03-19 18:29:36.969831,0 days 00:00:00.062783,4.243959445165825,0.632360996478242,49.52705719521375,51.658999110038245,4.469773288148074,5.23409102536743,4.405851597796039,3.276410194192593e-07,1.0860696107366637e-16,5.656650088664461e-16,1.2694803224459137e-07,-15.821495922345989,1.0,,PRUNED
133,0.07221357716664233,0.7587397130928902,2026-03-19 18:29:36.971855,2026-03-19 18:29:37.829677,0 days 00:00:00.857822,4.396106449729843,0.9197821357226946,48.02030305226253,51.19732176375679,4.364320393294245,5.360603502509875,4.443765441286933,3.2839691140021414e-07,1.0794278895927554e-16,2.0577796675570465e-17,4.777966529820621e-07,-17.122975237921025,1.0,,COMPLETE
134,0.030862008380956388,0.45377557220333714,2026-03-19 18:29:37.830684,2026-03-19 18:29:38.726597,0 days 00:00:00.895913,4.247558384324947,0.7552000017333482,47.474607361597336,53.40558579635834,4.429938223046396,5.143040321813652,4.400437899876156,3.2744506814433747e-07,9.673763665883036e-16,6.716296141493087e-18,1.5343121973334794e-08,-16.76189884158421,1.0,,COMPLETE
135,0.01526926265612684,0.5424901193756659,2026-03-19 18:29:38.727593,2026-03-19 18:29:39.477106,0 days 00:00:00.749513,4.40262573266999,0.6843524595464043,47.456844013406304,51.80819690451081,4.298107891375969,5.386935132991348,4.388715594277342,3.312629013784115e-07,3.694996657319456e-17,9.010934618734544e-15,5.965206086103917e-07,-14.122352695768527,1.0,,COMPLETE
136,0.03929149883319168,0.2527200118865061,2026-03-19 18:29:39.477106,2026-03-19 18:29:40.569573,0 days 00:00:01.092467,4.291862346112923,0.643840978865377,48.594477517627034,51.79818678507779,4.3274769054431905,5.271994103759214,4.31887080858123,3.3159657421251807e-07,9.749116431834315e-18,1.863403200784037e-18,5.960065848390337e-07,-14.71812121000108,1.0,,COMPLETE
137,0.019268182688248443,0.45737888881325,2026-03-19 18:29:40.570576,2026-03-19 18:29:41.792513,0 days 00:00:01.221937,4.347440243367829,0.7332252743988678,46.379934932397276,53.2015916497504,4.282653679615031,5.242829263183037,4.349274273589135,3.292254567619433e-07,3.1870335442534968e-15,3.6638466015082874e-15,3.6709653759328944e-07,-14.716718601476057,1.0,,COMPLETE
138,0.03366007687830525,0.35398350222605307,2026-03-19 18:29:41.793520,2026-03-19 18:29:42.860071,0 days 00:00:01.066551,4.236007500048233,0.643840978865377,47.38618995135556,52.15434220517098,4.424960596631838,5.386935132991348,4.3947165164741255,3.312629013784115e-07,2.4529614468928306e-18,9.010934618734544e-15,1.8375317122605064e-08,-14.71812121000108,1.0,,COMPLETE
139,0.04768267769982219,0.2659581941783616,2026-03-19 18:29:42.861068,2026-03-19 18:29:43.703348,0 days 00:00:00.842280,4.331402380592174,0.732954386924038,46.634221488154715,54.19696261193985,4.210504340468717,5.259991408242239,4.224006407212259,3.31910005971168e-07,1.256963276727886e-18,1.8100210253259033e-15,2.649485039308354e-08,-16.751726778005146,1.0,,COMPLETE
140,,,2026-03-19 18:29:43.704354,2026-03-19 18:29:43.750193,0 days 00:00:00.045839,4.236007500048233,0.643840978865377,49.4176212647976,51.17350101784472,4.26909430787192,5.24117477162075,4.3947165164741255,3.271430680680984e-07,1.321854613947996e-15,1.0321562097590179e-16,2.742078737653243e-07,-17.511249382258022,1.0,,PRUNED
141,0.027291848056226732,0.08075635087222549,2026-03-19 18:29:43.751190,2026-03-19 18:29:44.450787,0 days 00:00:00.699597,4.268467518924194,0.5629329154041119,47.50205848719188,53.44428290323199,4.386605678404433,5.348380064422837,4.201395891530448,3.2571446316299213e-07,7.209655039989138e-16,1.7038511442593985e-17,3.9156842010091465e-08,-15.505878502030232,1.0,,COMPLETE
142,0.014427924227670674,0.39219868476929587,2026-03-19 18:29:44.451797,2026-03-19 18:29:45.160803,0 days 00:00:00.709006,4.3487815783811605,0.7332252743988678,46.379934932397276,51.572422958192725,4.282653679615031,5.242829263183037,4.395749846341296,3.292254567619433e-07,3.1870335442534968e-15,7.656339401168611e-15,3.6709653759328944e-07,-15.701250390151683,1.0,,COMPLETE
143,0.044274264210934146,0.3731073499681372,2026-03-19 18:29:45.161798,2026-03-19 18:29:46.234244,0 days 00:00:01.072446,4.296562528407931,0.7876663557479247,48.810229234995894,51.93294765950046,4.350263953070926,5.119775038085213,4.410100577252724,3.284414519465256e-07,2.1644216125362244e-15,2.3478467124434725e-15,5.2033441417085586e-08,-16.604755629731024,1.0,,COMPLETE
144,,,2026-03-19 18:29:46.236246,2026-03-19 18:29:46.308654,0 days 00:00:00.072408,4.34304835913038,0.5080564199882729,47.95176379854858,55.138872153231915,4.407820626209424,5.225362421991439,4.464800905673313,3.284956725270972e-07,2.7842042145584155e-17,1.7807888071128253e-18,1.3874734816339884e-08,-17.4124046504371,1.0,,PRUNED
145,0.09796001006822846,0.8155752834452308,2026-03-19 18:29:46.309689,2026-03-19 18:29:47.481729,0 days 00:00:01.172040,4.37317216486026,0.5473835883436493,47.51858793844706,53.53337991807124,4.445322212476534,5.277312926623371,4.408408336150048,3.251562230510649e-07,1.68006518723966e-17,8.985681281664687e-15,6.480372585860959e-07,-17.088609020074095,1.0,,COMPLETE
146,0.05407219623044562,0.3326893110258126,2026-03-19 18:29:47.482725,2026-03-19 18:29:48.433232,0 days 00:00:00.950507,4.268467518924194,0.7876663557479247,49.32512246274528,51.46335990429239,4.350263953070926,5.348380064422837,4.201395891530448,3.2571446316299213e-07,7.209655039989138e-16,2.9176768233961676e-15,1.5186594322160658e-07,-16.718522338299593,1.0,,COMPLETE
147,,,2026-03-19 18:29:48.434231,2026-03-19 18:29:48.492039,0 days 00:00:00.057808,4.227329755870568,0.6328392003805693,49.25878020889388,52.89617422581626,4.349288919371235,5.225840713985863,4.395371347971952,3.253478623163775e-07,1.211546050425288e-16,2.3478467124434725e-15,1.6220395137387883e-08,-17.66318665337461,1.0,,PRUNED
148,0.01716229214106086,0.19829854847089484,2026-03-19 18:29:48.493042,2026-03-19 18:29:49.625886,0 days 00:00:01.132844,4.337521376801259,0.6092370411963806,47.179055058322035,51.79818678507779,4.3274769054431905,5.251229757687661,4.332210274987499,3.291375652500132e-07,9.749116431834315e-18,1.1969521485045076e-16,5.960065848390337e-07,-15.73258544083719,1.0,,COMPLETE
149,0.0402458327907468,0.743889352488292,2026-03-19 18:29:49.626891,2026-03-19 18:29:50.432211,0 days 00:00:00.805320,4.381296828544587,0.9197821357226946,47.06481169609539,51.19732176375679,4.364320393294245,5.282336714375763,4.348434204348774,3.2839691140021414e-07,9.673763665883036e-16,1.16349059674451e-17,4.777966529820621e-07,-17.122975237921025,1.0,,COMPLETE
150,0.08871988522341814,0.27721162016792095,2026-03-19 18:29:50.433218,2026-03-19 18:29:51.225356,0 days 00:00:00.792138,4.2549496936758295,0.6527955232460543,49.4176212647976,54.93777240853137,4.26909430787192,5.24117477162075,4.214869146112259,3.2640068748388304e-07,7.859770895064207e-16,2.5855811757214013e-18,5.209409296150257e-07,-17.511249382258022,1.0,,COMPLETE
151,0.04869105843518839,0.8473615804477964,2026-03-19 18:29:51.226361,2026-03-19 18:29:53.299477,0 days 00:00:02.073116,4.310147595410397,0.8562279258601835,47.8204520770693,53.36753577262025,4.22804037683111,5.134262569355931,4.389813645333275,3.249308670330541e-07,6.425478960350236e-18,1.2968333159401087e-18,6.298624721727099e-07,-14.230549406015694,1.0,,COMPLETE
152,0.06075026929811661,0.2990166672348185,2026-03-19 18:29:53.300482,2026-03-19 18:29:54.294178,0 days 00:00:00.993696,4.274109295112712,0.732954386924038,46.28361810957876,51.46335990429239,4.210504340468717,5.259991408242239,4.410100577252724,3.284414519465256e-07,1.9400362657449683e-16,2.9176768233961676e-15,2.649485039308354e-08,-14.478665521196907,1.0,,COMPLETE
153,0.032562405491636165,0.4321795838738377,2026-03-19 18:29:54.295183,2026-03-19 18:29:55.465293,0 days 00:00:01.170110,4.296562528407931,0.9918971028539991,46.843740446811395,54.19696261193985,4.378454600802061,5.119775038085213,4.410100577252724,3.30314493726181e-07,1.9400362657449683e-16,1.8100210253259033e-15,5.2033441417085586e-08,-16.718522338299593,1.0,,COMPLETE
154,0.06084638468124629,0.24568791551624794,2026-03-19 18:29:55.467286,2026-03-19 18:29:56.428107,0 days 00:00:00.960821,4.337521376801259,0.6092370411963806,47.179055058322035,51.134370013571555,4.360278945989746,5.251229757687661,4.31887080858123,3.248048989380164e-07,9.749116431834315e-18,1.1969521485045076e-16,5.960065848390337e-07,-14.427580743111875,1.0,,COMPLETE
155,0.04690450940462855,0.31108531303091197,2026-03-19 18:29:56.429104,2026-03-19 18:29:57.406852,0 days 00:00:00.977748,4.34304835913038,0.6052182902824921,46.86756909161448,52.54939838755628,4.407820626209424,5.284767926285903,4.405149127303328,3.243655824911905e-07,5.7817027258593795e-16,1.7807888071128253e-18,2.6229153907897627e-07,-17.074815905559685,1.0,,COMPLETE
156,0.019283974700908892,0.3702232616553043,2026-03-19 18:29:57.407849,2026-03-19 18:29:58.314645,0 days 00:00:00.906796,4.236007500048233,0.6663872940660753,48.90671558730328,53.54286961178432,4.424960596631838,5.314270786542128,4.3947165164741255,3.271430680680984e-07,1.321854613947996e-15,3.954425720119372e-18,3.06556750687923e-07,-13.975662531316434,1.0,,COMPLETE
157,0.06309143552069231,0.18378303226277806,2026-03-19 18:29:58.314645,2026-03-19 18:29:59.531684,0 days 00:00:01.217039,4.243959445165825,0.632360996478242,47.95176379854858,54.687950797341244,4.210142123723757,5.225362421991439,4.464800905673313,3.284956725270972e-07,2.519206596230777e-16,1.1795826211613118e-17,1.3874734816339884e-08,-17.4124046504371,1.0,,COMPLETE
158,,,2026-03-19 18:29:59.532680,2026-03-19 18:29:59.609425,0 days 00:00:00.076745,4.331402380592174,0.6527955232460543,49.4176212647976,54.93777240853137,4.26909430787192,5.24117477162075,4.214869146112259,3.30314493726181e-07,1.256963276727886e-18,1.8100210253259033e-15,3.992859095829228e-08,-16.160529814519716,1.0,,PRUNED
159,0.030797096090111394,0.9316334399924495,2026-03-19 18:29:59.610428,2026-03-19 18:30:00.669907,0 days 00:00:01.059479,4.342164197069544,0.9524543661559548,48.90671558730328,52.122428983578864,4.207220487820935,5.165400879036149,4.378559476658581,3.307085524397519e-07,1.7542376957436508e-17,1.0675669435162548e-16,4.1807521257314785e-07,-13.975662531316434,1.0,,COMPLETE
160,0.08186067665136207,0.28064961427650703,2026-03-19 18:30:00.670913,2026-03-19 18:30:01.556964,0 days 00:00:00.886051,4.34304835913038,0.6052182902824921,49.770826637743376,51.88254317106916,4.407820626209424,5.284767926285903,4.258753816034819,3.255318571915046e-07,1.7542376957436508e-17,1.8090363361671914e-16,2.6229153907897627e-07,-13.975662531316434,2.0,,COMPLETE
161,0.02778288456431454,0.2833985416083903,2026-03-19 18:30:01.556964,2026-03-19 18:30:02.469601,0 days 00:00:00.912637,4.2488469665977275,0.7876663557479247,46.7822739725476,54.18707712808738,4.273599237453582,5.315067986849475,4.424375010752212,3.297525709447183e-07,1.211546050425288e-16,1.5230199970999567e-15,1.6220395137387883e-08,-15.260415399871647,2.0,,COMPLETE
162,0.030862008380956388,0.45377557220333714,2026-03-19 18:30:02.471593,2026-03-19 18:30:03.644701,0 days 00:00:01.173108,4.247558384324947,0.7552000017333482,47.474607361597336,53.40558579635834,4.429938223046396,5.143040321813652,4.400437899876156,3.2744506814433747e-07,9.673763665883036e-16,6.716296141493087e-18,1.5343121973334794e-08,-16.76189884158421,2.0,,COMPLETE
163,0.08640757048159832,0.1876589010096448,2026-03-19 18:30:03.645705,2026-03-19 18:30:04.782926,0 days 00:00:01.137221,4.406078338446833,0.5473835883436493,48.594477517627034,53.54286961178432,4.424960596631838,5.222912980537997,4.3947165164741255,3.271430680680984e-07,6.0146170422582576e-15,5.348553546579418e-18,4.7144094588198696e-08,-15.151436677197676,2.0,,COMPLETE
164,0.056375843331353814,0.16494869723546218,2026-03-19 18:30:04.783922,2026-03-19 18:30:05.688202,0 days 00:00:00.904280,4.314372542411773,0.5756886904385776,47.51858793844706,53.53337991807124,4.207220487820935,5.277312926623371,4.3640276095712265,3.251562230510649e-07,1.7542376957436508e-17,2.9905707487379217e-18,4.7144094588198696e-08,-13.975662531316434,2.0,,COMPLETE
165,0.0232914128798218,0.06210792772389675,2026-03-19 18:30:05.689195,2026-03-19 18:30:06.619672,0 days 00:00:00.930477,4.243959445165825,0.5177931196418231,47.179055058322035,54.687950797341244,4.3274769054431905,5.251229757687661,4.332210274987499,3.291375652500132e-07,9.749116431834315e-18,1.1969521485045076e-16,5.234432382643336e-08,-15.73258544083719,2.0,,COMPLETE
166,0.021072491961477504,0.4193990381315589,2026-03-19 18:30:06.620669,2026-03-19 18:30:07.519686,0 days 00:00:00.899017,4.347440243367829,0.6899021667138843,46.634221488154715,52.89617422581626,4.378454600802061,5.268021572924322,4.349274273589135,3.30314493726181e-07,3.1870335442534968e-15,3.6638466015082874e-15,3.6709653759328944e-07,-14.716718601476057,2.0,,COMPLETE
167,0.018288238287270015,0.20342009168371172,2026-03-19 18:30:07.520684,2026-03-19 18:30:08.482699,0 days 00:00:00.962015,4.296562528407931,0.6171309259193782,47.32288177235959,51.46335990429239,4.388035269809064,5.3136103651318445,4.410100577252724,3.244442310705166e-07,2.02336158222775e-16,8.434654347085769e-16,5.2033441417085586e-08,-16.718522338299593,2.0,,COMPLETE
168,,,2026-03-19 18:30:08.484692,2026-03-19 18:30:08.540508,0 days 00:00:00.055816,4.426934792980438,0.828873846535999,49.25878020889388,54.18707712808738,4.353945433181928,5.352038834076453,4.357590480352756,3.253478623163775e-07,1.211546050425288e-16,1.5230199970999567e-15,1.6220395137387883e-08,-15.80828006856621,2.0,,PRUNED
169,0.007983648147833101,0.2353813144968947,2026-03-19 18:30:08.540508,2026-03-19 18:30:09.452482,0 days 00:00:00.911974,4.236052936820208,0.6328392003805693,47.13228075588508,52.27431388652766,4.378454600802061,5.1820446143055126,4.3819597708523,3.30314493726181e-07,1.3318657361298697e-16,3.2218832293445194e-17,1.639834023705311e-07,-16.160529814519716,2.0,,COMPLETE
170,0.05050487956808904,0.40678091965145485,2026-03-19 18:30:09.453479,2026-03-19 18:30:10.436218,0 days 00:00:00.982739,4.331402380592174,0.9236100761332626,46.38257453477832,51.93294765950046,4.210504340468717,5.342451523554588,4.224006407212259,3.2690536143655375e-07,1.256963276727886e-18,2.3478467124434725e-15,2.649485039308354e-08,-14.920829281385359,2.0,,COMPLETE
171,0.03748713024407671,0.33947999777215976,2026-03-19 18:30:10.437215,2026-03-19 18:30:11.538567,0 days 00:00:01.101352,4.268467518924194,0.5629329154041119,49.24233849321385,52.213085466934594,4.386605678404433,5.104100637496914,4.201395891530448,3.3089202117848757e-07,7.209655039989138e-16,1.7038511442593985e-17,3.9156842010091465e-08,-15.887667622735842,2.0,,COMPLETE
172,0.06048855861268292,0.6190927772373492,2026-03-19 18:30:11.539564,2026-03-19 18:30:12.745564,0 days 00:00:01.206000,4.337521376801259,0.6092370411963806,47.179055058322035,51.46335990429239,4.3274769054431905,5.119775038085213,4.365695189108035,3.284414519465256e-07,9.749116431834315e-18,1.1969521485045076e-16,5.960065848390337e-07,-14.290829672251368,2.0,,COMPLETE
173,0.055247257413708215,0.4132076287300694,2026-03-19 18:30:12.746560,2026-03-19 18:30:13.731389,0 days 00:00:00.984829,4.271326341889198,0.7777943984864515,49.0328422410917,53.710025428219076,4.244851453477139,5.294404200264028,4.462603265211541,3.261413527757353e-07,1.7848156589136925e-15,1.231194333705547e-16,4.016730885195902e-08,-15.865693923788278,2.0,,COMPLETE
174,0.01957441833628508,0.35826516432717903,2026-03-19 18:30:13.732383,2026-03-19 18:30:14.706197,0 days 00:00:00.973814,4.337521376801259,0.643840978865377,47.38618995135556,51.79818678507779,4.424960596631838,5.251229757687661,4.499738280444515,3.291375652500132e-07,9.749116431834315e-18,9.010934618734544e-15,1.8375317122605064e-08,-14.3843677127922,2.0,,COMPLETE
175,0.04275274026595568,0.2591864398088772,2026-03-19 18:30:14.707194,2026-03-19 18:30:15.709875,0 days 00:00:01.002681,4.236007500048233,0.643840978865377,48.594477517627034,54.93777240853137,4.26909430787192,5.271994103759214,4.214869146112259,3.2877669467168096e-07,7.859770895064207e-16,1.863403200784037e-18,1.8375317122605064e-08,-14.71812121000108,2.0,,COMPLETE
176,0.014759367658269873,0.4042403267227421,2026-03-19 18:30:15.710881,2026-03-19 18:30:16.642754,0 days 00:00:00.931873,4.291862346112923,0.7876663557479247,48.810229234995894,51.09622902533966,4.350263953070926,5.269041038459818,4.410100577252724,3.265813926106033e-07,2.1644216125362244e-15,2.3478467124434725e-15,5.2033441417085586e-08,-14.71812121000108,2.0,,COMPLETE
177,0.056795430601519814,0.2607526292845807,2026-03-19 18:30:16.643750,2026-03-19 18:30:17.706226,0 days 00:00:01.062476,4.402927849806879,0.6171309259193782,47.07604483878575,53.673928381706205,4.254664205799888,5.3136103651318445,4.441162859708058,3.244442310705166e-07,2.4497774853313624e-15,4.2610884716579485e-18,1.5503048332714057e-08,-14.833874544944255,2.0,,COMPLETE
178,0.0905481248934957,0.32895431901741157,2026-03-19 18:30:17.707222,2026-03-19 18:30:18.947109,0 days 00:00:01.239887,4.2549496936758295,0.6663872940660753,48.90671558730328,54.93777240853137,4.26909430787192,5.314270786542128,4.3947165164741255,3.2640068748388304e-07,1.321854613947996e-15,2.5855811757214013e-18,3.06556750687923e-07,-18.206080281288706,2.0,,COMPLETE
