number,values_0,values_1,datetime_start,datetime_complete,duration,params_E_d_sh,params_G_frac,params_N_t_d,params_N_t_sh,params_W_L,params_W_R,params_W_R_sclc,params_d_sclc,params_l1_C_n_bulk,params_l1_k_dir,params_l1_mu_p,params_mu_e,system_attrs_NSGAIISampler:generation,system_attrs_fixed_params,state
235,0.014336935482838254,0.20838627899933942,2026-03-19 22:23:20.245094,2026-03-19 22:23:21.404316,0 days 00:00:01.159222,4.237212241566336,0.6170281125049464,47.327098168397924,53.56839891638172,4.348948712748877,5.346963776094514,4.345164206826137,3.317090727718251e-07,1.3290507253981834e-16,1.2224775424214065e-17,1.1617826102574175e-07,-16.08958727810675,3.0,,COMPLETE
236,0.038828520706854344,0.17276938612630377,2026-03-19 22:23:21.405319,2026-03-19 22:23:22.585388,0 days 00:00:01.180069,4.234315478890364,0.5820635849296967,48.962630344218546,52.0073637811758,4.375560331296998,5.174300683781756,4.268454480192995,3.273121222134936e-07,5.524092455493418e-15,5.0001549546154544e-17,1.9961325753178778e-07,-16.832112899107262,3.0,,COMPLETE
237,0.026405640121504575,0.20886916685289794,2026-03-19 22:23:22.586394,2026-03-19 22:23:23.749098,0 days 00:00:01.162704,4.293158599747851,0.5997608213072052,46.67494949544364,52.499289653358105,4.212518263285674,5.239397836274742,4.243159355525223,3.262425312152697e-07,3.0891922120486063e-16,1.0429790849525589e-15,2.838225737588186e-07,-15.959018859395377,3.0,,COMPLETE
238,0.004968216318059823,0.3340720878260994,2026-03-19 22:23:23.750123,2026-03-19 22:23:24.889567,0 days 00:00:01.139444,4.355842044868156,0.5820635849296967,46.939348077758495,52.2479961236196,4.375560331296998,5.122511183310246,4.355129620212119,3.270853861693895e-07,2.9609092686304084e-15,1.099000515574465e-17,8.414999594665851e-07,-15.649227127825313,3.0,,COMPLETE
239,0.03226562245232682,0.3067123116235371,2026-03-19 22:23:24.890549,2026-03-19 22:23:25.591250,0 days 00:00:00.700701,4.293158599747851,0.6170281125049464,47.320133293882,52.527664145721424,4.387044854537194,5.191556639371847,4.2505743774256,3.3114399659286634e-07,4.797568610857822e-18,5.7082544639999895e-18,5.33689977465345e-07,-15.310168336605344,3.0,,COMPLETE
240,0.01152565174165576,0.12758240846083016,2026-03-19 22:23:25.592247,2026-03-19 22:23:26.619822,0 days 00:00:01.027575,4.234315478890364,0.5820635849296967,46.939348077758495,55.22721378920821,4.375560331296998,5.356027057906894,4.355129620212119,3.273121222134936e-07,3.945932077553314e-17,1.099000515574465e-17,1.1296616855227457e-07,-15.959018859395377,3.0,,COMPLETE
241,,,2026-03-19 22:23:26.620826,2026-03-19 22:23:26.687667,0 days 00:00:00.066841,4.2759394707822205,0.601261737934433,50.380475578127644,53.5097443992023,4.23727571612222,5.2079480091690495,4.303600780617505,3.250902804654203e-07,3.743188188281788e-16,1.805986752989185e-18,5.148202578294713e-07,-16.56411822023091,3.0,,PRUNED
242,0.014882766319412105,0.2497238693301612,2026-03-19 22:23:26.688631,2026-03-19 22:23:27.867671,0 days 00:00:01.179040,4.331319307206571,0.5997608213072052,47.03991356867831,52.499289653358105,4.392737793920903,5.174189491010839,4.38971345011531,3.2572053692447444e-07,3.0891922120486063e-16,5.7082544639999895e-18,1.4070476954550277e-07,-15.310168336605344,3.0,,COMPLETE
243,0.024195405552790386,0.17398336192287336,2026-03-19 22:23:27.868670,2026-03-19 22:23:29.044932,0 days 00:00:01.176262,4.2342702243726436,0.6170281125049464,47.320133293882,52.527664145721424,4.387044854537194,5.324147898689097,4.419653618218602,3.3114399659286634e-07,5.36538294022442e-17,1.0749446630110402e-16,3.122790678372754e-08,-15.181124377872901,4.0,,COMPLETE
244,0.041545514529489146,0.3412440780532529,2026-03-19 22:23:29.045934,2026-03-19 22:23:30.279311,0 days 00:00:01.233377,4.234315478890364,0.5019836635872374,46.67494949544364,53.34050297833501,4.212518263285674,5.198779899438335,4.355129620212119,3.2512921766883153e-07,3.0891922120486063e-16,6.288614842798617e-16,3.8465984644840124e-08,-18.285081417525994,4.0,,COMPLETE
245,0.07966373242945052,0.3383267538776662,2026-03-19 22:23:30.281295,2026-03-19 22:23:31.542896,0 days 00:00:01.261601,4.293158599747851,0.5019836635872374,48.962630344218546,54.57992769770512,4.23727571612222,5.271481383850393,4.387594139623272,3.2986432923006256e-07,3.0891922120486063e-16,1.0429790849525589e-15,2.204423452163119e-08,-17.295131446111426,4.0,,COMPLETE
246,0.013494081041485886,0.1329025090117333,2026-03-19 22:23:31.544890,2026-03-19 22:23:32.391074,0 days 00:00:00.846184,4.234315478890364,0.5820635849296967,46.939348077758495,55.22721378920821,4.370354212021265,5.356027057906894,4.355129620212119,3.273121222134936e-07,3.945932077553314e-17,1.099000515574465e-17,3.8465984644840124e-08,-16.832112899107262,4.0,,COMPLETE
247,,,2026-03-19 22:23:32.392070,2026-03-19 22:23:32.435925,0 days 00:00:00.043855,4.331319307206571,0.6170281125049464,50.3088207573045,54.57992769770512,4.354882622370904,5.239397836274742,4.240364667243005,3.2545104483393726e-07,1.7553880687921534e-18,1.246840165560895e-17,1.1296616855227457e-07,-15.181124377872901,4.0,,PRUNED
248,0.023451072022454885,0.47782989230608885,2026-03-19 22:23:32.436921,2026-03-19 22:23:33.289096,0 days 00:00:00.852175,4.360185429811156,0.5820635849296967,47.85734136083071,53.01614488839121,4.317608816869676,5.174300683781756,4.3873661278318155,3.273121222134936e-07,2.8126695011859696e-17,6.9775420767261505e-15,1.866100968837452e-08,-14.01939295907322,4.0,,COMPLETE
249,0.04795200606139823,0.13371864702552358,2026-03-19 22:23:33.290092,2026-03-19 22:23:34.593027,0 days 00:00:01.302935,4.382066659764742,0.5820635849296967,46.939348077758495,52.0073637811758,4.328377789903307,5.174300683781756,4.355129620212119,3.273121222134936e-07,3.507983644591241e-18,1.099000515574465e-17,3.8465984644840124e-08,-16.864119018212538,4.0,,COMPLETE
250,0.015104192945265708,0.2129781427715714,2026-03-19 22:23:34.594024,2026-03-19 22:23:35.844864,0 days 00:00:01.250840,4.260365157779816,0.6170281125049464,47.320133293882,52.527664145721424,4.379094027358925,5.199126276706165,4.283958774146509,3.263344219019608e-07,2.9609092686304084e-15,1.0749446630110402e-16,1.827830267675341e-08,-16.08958727810675,4.0,,COMPLETE
251,0.08015360231683955,0.24297377957535954,2026-03-19 22:23:35.845862,2026-03-19 22:23:37.280091,0 days 00:00:01.434229,4.382066659764742,0.6545193541881145,48.18966936955562,54.20296630406954,4.23727571612222,5.2079480091690495,4.413152219359913,3.3032175094638176e-07,3.838278486738179e-18,3.3135253131510606e-16,1.8076634532381588e-08,-15.578581883544686,4.0,,COMPLETE
252,0.05385421061545605,0.22680491177207035,2026-03-19 22:23:37.282083,2026-03-19 22:23:38.481094,0 days 00:00:01.199011,4.331319307206571,0.5182321305841613,46.244708592834044,51.22588748773189,4.392737793920903,5.239397836274742,4.419653618218602,3.2505010846303875e-07,2.8126695011859696e-17,3.112190204862684e-16,3.122790678372754e-08,-17.85686251691994,4.0,,COMPLETE
253,0.025142529404042803,0.05938589865307295,2026-03-19 22:23:38.483087,2026-03-19 22:23:39.700043,0 days 00:00:01.216956,4.2342702243726436,0.5019836635872374,48.962630344218546,52.67242976368195,4.212518263285674,5.358812519018712,4.397084904858538,3.3114399659286634e-07,5.3148430209689275e-15,2.1255240952711354e-18,1.9961325753178778e-07,-16.08958727810675,4.0,,COMPLETE
254,0.0690966179489597,0.29094743993061056,2026-03-19 22:23:39.701040,2026-03-19 22:23:41.084436,0 days 00:00:01.383396,4.347129953977333,0.6844004297835506,47.41512362220053,53.34050297833501,4.392737793920903,5.397453273209866,4.387594139623272,3.2572053692447444e-07,1.3024558698540351e-15,1.246840165560895e-17,2.204423452163119e-08,-17.295131446111426,4.0,,COMPLETE
255,0.009895619734117653,0.3538434752229086,2026-03-19 22:23:41.085434,2026-03-19 22:23:42.037270,0 days 00:00:00.951836,4.360185429811156,0.7038676058825444,46.942664913145535,53.01614488839121,4.317608816869676,5.174300683781756,4.286440984700443,3.254417486212746e-07,3.945932077553314e-17,2.3235242822100193e-16,5.216745359679826e-08,-15.50251469914123,4.0,,COMPLETE
256,0.06391139671494954,0.15597440698867637,2026-03-19 22:23:42.038267,2026-03-19 22:23:43.223323,0 days 00:00:01.185056,4.2342702243726436,0.559816947696373,46.942664913145535,51.22588748773189,4.38843337450436,5.239397836274742,4.2817395144704165,3.254417486212746e-07,2.286759824254761e-18,6.685816224499828e-18,1.4070476954550277e-07,-14.486385538891245,4.0,,COMPLETE
257,0.008165900637620599,0.015895606358095126,2026-03-19 22:23:43.225316,2026-03-19 22:23:44.185127,0 days 00:00:00.959811,4.331319307206571,0.5019836635872374,46.13945573477512,52.527664145721424,4.354882622370904,5.356027057906894,4.436455228389965,3.2545104483393726e-07,3.507983644591241e-18,1.246840165560895e-17,3.122790678372754e-08,-15.959018859395377,4.0,,COMPLETE
258,0.017015530109703487,0.29918347390012084,2026-03-19 22:23:44.186130,2026-03-19 22:23:45.389122,0 days 00:00:01.202992,4.293158599747851,0.5820635849296967,48.7676933113234,53.34050297833501,4.392737793920903,5.198779899438335,4.238338460123501,3.2512921766883153e-07,3.0891922120486063e-16,1.0429790849525589e-15,5.148202578294713e-07,-16.011595736729653,4.0,,COMPLETE
259,0.020185394759182955,0.21160492219748267,2026-03-19 22:23:45.391118,2026-03-19 22:23:46.589194,0 days 00:00:01.198076,4.226698546733474,0.6170281125049464,47.63940518084415,54.20296630406954,4.392737793920903,5.239397836274742,4.419653618218602,3.2572053692447444e-07,5.36538294022442e-17,3.112190204862684e-16,3.122790678372754e-08,-15.181124377872901,4.0,,COMPLETE
260,0.0062804279276440144,0.17333043075689766,2026-03-19 22:23:46.590190,2026-03-19 22:23:47.744352,0 days 00:00:01.154162,4.347129953977333,0.5820635849296967,46.939348077758495,53.34050297833501,4.317608816869676,5.397453273209866,4.235315060109596,3.273121222134936e-07,2.9676090663296027e-16,1.099000515574465e-17,5.33689977465345e-07,-15.50251469914123,4.0,,COMPLETE
261,0.014206209331742244,0.16848500057901955,2026-03-19 22:23:47.745348,2026-03-19 22:23:48.921437,0 days 00:00:01.176089,4.261028024363931,0.5997608213072052,47.320133293882,54.378403241934606,4.38843337450436,5.239397836274742,4.391648908282123,3.3114399659286634e-07,2.286759824254761e-18,1.0749446630110402e-16,5.216745359679826e-08,-15.50251469914123,4.0,,COMPLETE
262,0.04122792932448173,0.017946753628743897,2026-03-19 22:23:48.922441,2026-03-19 22:23:50.102218,0 days 00:00:01.179777,4.261028024363931,0.5019836635872374,48.18966936955562,50.945538117228054,4.278853203882577,5.243587256210744,4.246750052238141,3.2545104483393726e-07,1.7553880687921534e-18,1.246840165560895e-17,1.1296616855227457e-07,-15.28948661230889,4.0,,COMPLETE
263,0.04324231771156331,0.08529898066533094,2026-03-19 22:23:50.104213,2026-03-19 22:23:51.265349,0 days 00:00:01.161136,4.2342702243726436,0.5019836635872374,46.13945573477512,52.527664145721424,4.335888683862698,5.271481383850393,4.391648908282123,3.2505010846303875e-07,1.7105115772051753e-17,5.292038567041162e-17,2.8841732855020003e-08,-18.123684504380872,4.0,,COMPLETE
264,0.007735757386502181,0.17862113778681704,2026-03-19 22:23:51.266345,2026-03-19 22:23:52.008876,0 days 00:00:00.742531,4.2342702243726436,0.6170281125049464,47.63940518084415,53.56839891638172,4.371688873290131,5.334825982781719,4.366283483868392,3.3114399659286634e-07,5.36538294022442e-17,3.112190204862684e-16,3.122790678372754e-08,-16.08958727810675,4.0,,COMPLETE
265,0.054778929082233294,0.21188796278588995,2026-03-19 22:23:52.010876,2026-03-19 22:23:53.178007,0 days 00:00:01.167131,4.2342702243726436,0.5019836635872374,48.962630344218546,52.47157310532019,4.23727571612222,5.284256003823779,4.391648908282123,3.254850005132997e-07,1.3290507253981834e-16,3.3135253131510606e-16,2.204423452163119e-08,-17.295131446111426,4.0,,COMPLETE
266,0.012113180017306335,0.21337673777299104,2026-03-19 22:23:53.180006,2026-03-19 22:23:54.397949,0 days 00:00:01.217943,4.331319307206571,0.6170281125049464,47.63940518084415,53.56839891638172,4.387044854537194,5.243587256210744,4.436455228389965,3.2545104483393726e-07,1.3290507253981834e-16,4.214951670642201e-16,5.216745359679826e-08,-15.310168336605344,4.0,,COMPLETE
267,0.04889258992470289,0.12140395245915192,2026-03-19 22:23:54.399944,2026-03-19 22:23:55.670717,0 days 00:00:01.270773,4.355842044868156,0.559816947696373,46.939348077758495,52.2479961236196,4.354882622370904,5.356027057906894,4.355129620212119,3.2545104483393726e-07,3.507983644591241e-18,5.0001549546154544e-17,1.9961325753178778e-07,-17.376113133873652,4.0,,COMPLETE
268,,,2026-03-19 22:23:55.672716,2026-03-19 22:23:55.783341,0 days 00:00:00.110625,4.2342702243726436,0.6170281125049464,50.34293891058448,54.57992769770512,4.354882622370904,5.161004727032736,4.286440984700443,3.254417486212746e-07,1.3290507253981834e-16,1.246840165560895e-17,1.442597047004218e-07,-15.50251469914123,4.0,,PRUNED
269,0.014053791658690199,0.40623253946779747,2026-03-19 22:23:55.785341,2026-03-19 22:23:57.083599,0 days 00:00:01.298258,4.260365157779816,0.5182321305841613,47.211706718734426,51.22588748773189,4.379094027358925,5.265287601965484,4.283958774146509,3.317787868747067e-07,2.8126695011859696e-17,1.839811767655574e-15,1.827830267675341e-08,-17.094582245815445,4.0,,COMPLETE
270,0.00425620849569181,0.7118355073747769,2026-03-19 22:23:57.085591,2026-03-19 22:23:57.886928,0 days 00:00:00.801337,4.382066659764742,0.9362508087043055,48.23991758273662,52.44795903216775,4.440673365451567,5.284256003823779,4.387594139623272,3.2545104483393726e-07,1.3024558698540351e-15,4.890460045262088e-16,5.216745359679826e-08,-14.19180762241422,4.0,,COMPLETE
271,,,2026-03-19 22:23:57.887925,2026-03-19 22:23:57.952709,0 days 00:00:00.064784,4.464278903261179,0.5019836635872374,46.939348077758495,52.0073637811758,4.354882622370904,5.174300683781756,4.236555162188014,3.252218712063944e-07,1.7553880687921534e-18,1.099000515574465e-17,4.4475955134035205e-08,-16.832112899107262,4.0,,PRUNED
272,0.010299220433810907,0.17719268298652877,2026-03-19 22:23:57.953715,2026-03-19 22:23:58.689284,0 days 00:00:00.735569,4.234315478890364,0.5820635849296967,48.18966936955562,52.0073637811758,4.278853203882577,5.339937268743379,4.351720865184129,3.273121222134936e-07,3.945932077553314e-17,1.099000515574465e-17,3.8465984644840124e-08,-16.832112899107262,4.0,,COMPLETE
273,0.02011597469213069,0.4101728251406949,2026-03-19 22:23:58.690274,2026-03-19 22:23:59.611780,0 days 00:00:00.921506,4.2342702243726436,0.559816947696373,46.942664913145535,52.84660992014398,4.472716035231903,5.356027057906894,4.391648908282123,3.2545104483393726e-07,3.507983644591241e-18,5.0001549546154544e-17,1.9961325753178778e-07,-15.959018859395377,4.0,,COMPLETE
274,0.004760056057649068,0.094617218357006,2026-03-19 22:23:59.612783,2026-03-19 22:24:00.858385,0 days 00:00:01.245602,4.261028024363931,0.559816947696373,48.438218816517185,53.01614488839121,4.396767351422441,5.350016647443819,4.3873661278318155,3.244716103737108e-07,3.507983644591241e-18,1.246840165560895e-17,7.708919199738769e-08,-15.50251469914123,4.0,,COMPLETE
275,0.04129385235094624,0.1939978644011223,2026-03-19 22:24:00.860385,2026-03-19 22:24:02.051479,0 days 00:00:01.191094,4.261028024363931,0.6106644077566932,47.59972727389745,52.697028112806706,4.278853203882577,5.243587256210744,4.342799723049529,3.2545104483393726e-07,3.9235729767036515e-17,5.8234977085604855e-18,3.5946564385159697e-07,-15.28948661230889,4.0,,COMPLETE
276,,,2026-03-19 22:24:02.052482,2026-03-19 22:24:02.156130,0 days 00:00:00.103648,4.360185429811156,0.5820635849296967,49.67101543786316,53.01614488839121,4.317608816869676,5.174300683781756,4.3873661278318155,3.273121222134936e-07,3.945932077553314e-17,1.099000515574465e-17,3.8465984644840124e-08,-15.50251469914123,4.0,,PRUNED
277,0.03473841604531685,0.6366918953577195,2026-03-19 22:24:02.158130,2026-03-19 22:24:03.412959,0 days 00:00:01.254829,4.2346382238998235,0.8812875779071105,46.244708592834044,51.22588748773189,4.375560331296998,5.174300683781756,4.2817395144704165,3.273121222134936e-07,3.945932077553314e-17,6.685816224499828e-18,3.8465984644840124e-08,-15.603177893215824,4.0,,COMPLETE
278,0.007219958166322941,0.9940670657752945,2026-03-19 22:24:03.414953,2026-03-19 22:24:04.638424,0 days 00:00:01.223471,4.33391702919369,0.9362508087043055,48.23991758273662,50.819794206275695,4.440673365451567,5.284256003823779,4.387594139623272,3.254850005132997e-07,1.3024558698540351e-15,4.890460045262088e-16,4.828144462890059e-07,-15.090298316788083,4.0,,COMPLETE
279,,,2026-03-19 22:24:04.639428,2026-03-19 22:24:04.742078,0 days 00:00:00.102650,4.37058491050244,0.5997608213072052,48.962630344218546,52.67242976368195,4.212518263285674,5.239397836274742,4.414722306503359,3.3114399659286634e-07,3.0891922120486063e-16,3.112190204862684e-16,1.4070476954550277e-07,-17.295131446111426,4.0,,PRUNED
280,0.016113832489281405,0.19368750721794914,2026-03-19 22:24:04.744078,2026-03-19 22:24:05.664017,0 days 00:00:00.919939,4.296767739000891,0.5954850679528034,46.939348077758495,53.56839891638172,4.211468328989569,5.373525726891306,4.459824136695029,3.294119650768617e-07,2.9233022335265697e-17,4.214951670642201e-16,3.5946564385159697e-07,-15.28948661230889,4.0,,COMPLETE
281,0.027459861481371958,0.10742884487698774,2026-03-19 22:24:05.665021,2026-03-19 22:24:06.515190,0 days 00:00:00.850169,4.261028024363931,0.559816947696373,48.962630344218546,54.57992769770512,4.354882622370904,5.356027057906894,4.240364667243005,3.2545104483393726e-07,3.507983644591241e-18,5.0001549546154544e-17,1.9961325753178778e-07,-16.313440968147805,4.0,,COMPLETE
282,0.012786099735674981,0.009768952652860288,2026-03-19 22:24:06.516191,2026-03-19 22:24:07.724851,0 days 00:00:01.208660,4.2786327118721115,0.5019836635872374,47.80222467042024,54.57992769770512,4.354882622370904,5.356027057906894,4.342799723049529,3.2545104483393726e-07,1.7553880687921534e-18,1.246840165560895e-17,6.224828786990978e-08,-15.482603315416313,4.0,,COMPLETE
283,0.008748001657345392,0.14585600620802258,2026-03-19 22:24:07.725849,2026-03-19 22:24:08.963739,0 days 00:00:01.237890,4.382066659764742,0.559816947696373,48.438218816517185,52.67242976368195,4.212518263285674,5.318422226130077,4.3873661278318155,3.244716103737108e-07,3.507983644591241e-18,3.3135253131510606e-16,1.9961325753178778e-07,-13.970472046440644,4.0,,COMPLETE
284,0.07465747761349371,0.08497641519020924,2026-03-19 22:24:08.965738,2026-03-19 22:24:10.194651,0 days 00:00:01.228913,4.2346382238998235,0.5182321305841613,47.85734136083071,51.22588748773189,4.358600557761227,5.265287601965484,4.2817395144704165,3.317787868747067e-07,2.8126695011859696e-17,6.685816224499828e-18,1.866100968837452e-08,-14.01939295907322,4.0,,COMPLETE
285,0.07465747761349371,1.1730039316319936,2026-03-19 22:24:10.195648,2026-03-19 22:24:11.412599,0 days 00:00:01.216951,4.2346382238998235,0.5182321305841613,47.85734136083071,51.22588748773189,4.358600557761227,5.138741509590294,4.2817395144704165,3.317787868747067e-07,2.8126695011859696e-17,6.685816224499828e-18,1.866100968837452e-08,-14.01939295907322,4.0,,COMPLETE
286,0.010569787175446816,0.26908579485928297,2026-03-19 22:24:11.413596,2026-03-19 22:24:12.134203,0 days 00:00:00.720607,4.236341919713559,0.6170281125049464,47.320133293882,54.58169430519322,4.254330271474939,5.358812519018712,4.391648908282123,3.3114399659286634e-07,1.3290507253981834e-16,6.685816224499828e-18,1.442597047004218e-07,-16.08958727810675,4.0,,COMPLETE
287,0.011202773605892852,0.33669101787901584,2026-03-19 22:24:12.135200,2026-03-19 22:24:13.284408,0 days 00:00:01.149208,4.293158599747851,0.6844004297835506,46.939348077758495,53.01614488839121,4.4525810751941535,5.174300683781756,4.243159355525223,3.273121222134936e-07,3.945932077553314e-17,1.0429790849525589e-15,3.8465984644840124e-08,-15.959018859395377,4.0,,COMPLETE
288,,,2026-03-19 22:24:13.286407,2026-03-19 22:24:13.395120,0 days 00:00:00.108713,4.382066659764742,0.5019836635872374,47.824136989334924,54.20296630406954,4.278853203882577,5.229786705483947,4.326509075041645,3.3032175094638176e-07,1.4470182216339324e-17,9.742401106525117e-17,1.8076634532381588e-08,-16.5713563482816,4.0,,PRUNED
289,0.04103268071140195,0.02572824521800774,2026-03-19 22:24:13.397034,2026-03-19 22:24:14.589085,0 days 00:00:01.192051,4.237212241566336,0.5019836635872374,48.18966936955562,51.76899486165232,4.278853203882577,5.250768202247812,4.240364667243005,3.2545104483393726e-07,2.9609092686304084e-15,5.0001549546154544e-17,1.1617826102574175e-07,-15.28948661230889,4.0,,COMPLETE
290,0.018768403757263682,0.5576951777520845,2026-03-19 22:24:14.590089,2026-03-19 22:24:15.844915,0 days 00:00:01.254826,4.381742669571981,0.9181983459092823,47.63940518084415,52.499289653358105,4.392737793920903,5.239397836274742,4.355129620212119,3.3114399659286634e-07,5.36538294022442e-17,1.4217021474386728e-15,3.122790678372754e-08,-15.181124377872901,4.0,,COMPLETE
291,0.020706208338155854,0.5051829767050227,2026-03-19 22:24:15.846915,2026-03-19 22:24:17.070396,0 days 00:00:01.223481,4.293158599747851,0.6844004297835506,46.67494949544364,54.57992769770512,4.455998010008675,5.198779899438335,4.238338460123501,3.2512921766883153e-07,3.0891922120486063e-16,1.0429790849525589e-15,2.838225737588186e-07,-15.959018859395377,4.0,,COMPLETE
292,0.01683861585642233,0.25773487250173965,2026-03-19 22:24:17.071399,2026-03-19 22:24:17.967410,0 days 00:00:00.896011,4.2342702243726436,0.5019836635872374,47.59972727389745,53.5097443992023,4.212518263285674,5.199126276706165,4.391648908282123,3.3114399659286634e-07,2.9609092686304084e-15,1.839811767655574e-15,1.9961325753178778e-07,-17.028301367244342,4.0,,COMPLETE
293,0.02407295592634718,0.15763847542947138,2026-03-19 22:24:17.968416,2026-03-19 22:24:18.907286,0 days 00:00:00.938870,4.2342702243726436,0.5997608213072052,46.13945573477512,52.499289653358105,4.354882622370904,5.356027057906894,4.240364667243005,3.2545104483393726e-07,2.286759824254761e-18,1.0749446630110402e-16,1.4070476954550277e-07,-16.08958727810675,4.0,,COMPLETE
