number,values_0,values_1,datetime_start,datetime_complete,duration,params_E_d_sh,params_G_frac,params_N_t_d,params_N_t_sh,params_W_L,params_W_R,params_W_R_sclc,params_d_sclc,params_l1_C_n_bulk,params_l1_k_dir,params_l1_mu_p,params_mu_e,system_attrs_NSGAIISampler:generation,system_attrs_fixed_params,state
0,0.0015424295905973483,0.13395775176162159,2026-03-19 22:19:18.051451,2026-03-19 22:19:19.220579,0 days 00:00:01.169128,4.228569930482258,0.57,48.40830545410283,50.656872099270345,4.362478392556494,5.4,4.200000043430672,3.28e-07,1e-18,2e-17,3e-07,-16.354444994345954,,"{'d_sclc': 3.28e-07, 'W_L': 4.362478392556494, 'W_R_sclc': 4.200000043430672, 'mu_e': -16.354444994345954, 'E_d_sh': 4.228569930482258, 'N_t_sh': 50.656872099270345, 'N_t_d': 48.40830545410283, 'W_R': 5.4, 'G_frac': 0.57, 'l1_k_dir': 2e-17, 'l1_C_n_bulk': 1e-18, 'l1_mu_p': 3e-07}",COMPLETE
1,0.06723871860256178,0.19432193053366226,2026-03-19 22:19:19.221575,2026-03-19 22:19:20.717617,0 days 00:00:01.496042,4.430191154011622,0.6106644077566932,47.140825204292895,53.24990570784564,4.285564760796386,5.181141693847621,4.478397670756505,3.27353900783799e-07,1.9166173781978027e-16,5.8234977085604855e-18,3.5946564385159697e-07,-14.45791075241498,0.0,,COMPLETE
2,,,2026-03-19 22:19:20.719613,2026-03-19 22:19:20.804328,0 days 00:00:00.084715,4.409453872382049,0.7567631397162459,48.81652732474676,52.77934965121881,4.339566839970428,5.175449368133595,4.470370691861518,3.3036398901191836e-07,1.0585738937638276e-16,6.821664050098902e-16,9.504589148812923e-07,-17.467501310836653,0.0,,PRUNED
3,,,2026-03-19 22:19:20.806322,2026-03-19 22:19:20.879252,0 days 00:00:00.072930,4.4766813464662105,0.8671449626241529,47.02688298613153,52.322800374493916,4.210249900614064,5.151768211770504,4.307770418722626,3.2935450055946504e-07,9.998428052670627e-18,1.2333542902471167e-17,3.543029999511119e-08,-17.208422870895962,0.0,,PRUNED
4,,,2026-03-19 22:19:20.880249,2026-03-19 22:19:20.959982,0 days 00:00:00.079733,4.452194056945528,0.925292186529215,46.22532220472275,53.90212917402104,4.413063464156226,5.139589876871733,4.412421301634309,3.240261752799562e-07,3.407874987961808e-15,1.1122454475683976e-17,1.9448837996643002e-08,-16.342283067100517,0.0,,PRUNED
5,,,2026-03-19 22:19:20.960979,2026-03-19 22:19:21.050683,0 days 00:00:00.089704,4.473539189400408,0.745274202721264,49.383441778681586,51.54063384513426,4.368552720633515,5.2882975505410155,4.448526042084673,3.3080157810960043e-07,2.7748401788359626e-18,5.083835269280825e-18,8.920008280301598e-08,-17.673199010874896,0.0,,PRUNED
6,0.02441828038773034,0.5816154418263997,2026-03-19 22:19:21.052675,2026-03-19 22:19:22.302021,0 days 00:00:01.249346,4.236341919713559,0.798355579424233,49.400647338187966,54.5215763926299,4.212518263285674,5.271481383850393,4.243159355525223,3.3135288484467284e-07,1.7105115772051753e-17,4.527056461426312e-18,2.3683942991672965e-08,-14.666718540569995,0.0,,COMPLETE
7,0.016779546122808534,0.010639812357229186,2026-03-19 22:19:22.303018,2026-03-19 22:19:23.413832,0 days 00:00:01.110814,4.261028024363931,0.5019836635872374,46.13945573477512,54.57992769770512,4.354882622370904,5.356027057906894,4.240364667243005,3.2545104483393726e-07,1.7553880687921534e-18,1.246840165560895e-17,1.1296616855227457e-07,-15.959018859395377,0.0,,COMPLETE
8,,,2026-03-19 22:19:23.414829,2026-03-19 22:19:23.492572,0 days 00:00:00.077743,4.431007592008652,0.7899085087483708,49.4421201790617,53.76884338819194,4.486293545489781,5.311119768358204,4.2505066151722986,3.25775574459385e-07,8.533778006381636e-16,7.02754460632414e-18,2.9196861949470702e-08,-18.30600714882121,0.0,,PRUNED
9,,,2026-03-19 22:19:23.493569,2026-03-19 22:19:23.578289,0 days 00:00:00.084720,4.346391473858665,0.839495413188428,50.00814285122951,53.20826630477043,4.327578340678173,5.173745464416726,4.407701766234827,3.2476768667437384e-07,3.950532649330924e-18,2.342189909889672e-18,3.908030521543569e-08,-13.902829160539538,0.0,,PRUNED
10,,,2026-03-19 22:19:23.579285,2026-03-19 22:19:23.644067,0 days 00:00:00.064782,4.412447929804131,0.5124240328693013,46.14686494575479,54.74436532715733,4.494668996256787,5.144030705628774,4.268427898267387,3.2567183537851003e-07,2.826591445403798e-17,2.6068784880053496e-15,3.349396431188418e-08,-18.34728811494609,0.0,,PRUNED
11,0.0126799462620002,0.27072755423456657,2026-03-19 22:19:23.645063,2026-03-19 22:19:24.910865,0 days 00:00:01.265802,4.2759394707822205,0.601261737934433,48.14117974131507,53.5097443992023,4.379094027358925,5.25731944620876,4.228701478791007,3.300046361651114e-07,3.743188188281788e-16,1.839811767655574e-15,3.2832837171750414e-07,-16.56411822023091,0.0,,COMPLETE
12,0.08904302304085314,1.375918028053007,2026-03-19 22:19:24.911862,2026-03-19 22:19:26.097924,0 days 00:00:01.186062,4.264602503839808,0.9812616355617418,47.2696179464182,52.816861462694746,4.243716311834802,5.150344781411438,4.202631932308021,3.2946939533859695e-07,2.8529282891538365e-15,2.019317652131306e-15,2.2761970283203117e-07,-13.823996402077503,0.0,,COMPLETE
13,0.06615420760605804,0.3492232822371802,2026-03-19 22:19:26.098921,2026-03-19 22:19:27.384654,0 days 00:00:01.285733,4.390470589747131,0.6453002081412837,47.657262622627464,53.67328533997079,4.20217223542595,5.3849669986550355,4.471617761650593,3.3131307352316815e-07,4.6321389880638235e-15,1.6316504914403094e-18,4.329616891648312e-07,-15.274175864290648,0.0,,COMPLETE
14,0.03333077741912562,0.7969877774186483,2026-03-19 22:19:27.384654,2026-03-19 22:19:28.459079,0 days 00:00:01.074425,4.32494094338207,0.9590589499682626,47.21894705217983,52.6912697305344,4.275698360101735,5.198907893961117,4.330018768322298,3.3153967771529567e-07,1.1136735565234584e-17,9.363901627383582e-17,2.2666054675788584e-07,-15.03628962338173,0.0,,COMPLETE
15,0.020914855112844778,0.23020349679648988,2026-03-19 22:19:28.460076,2026-03-19 22:19:29.689994,0 days 00:00:01.229918,4.260365157779816,0.635445991132707,47.59972727389745,51.76899486165232,4.278853203882577,5.243587256210744,4.459824136695029,3.263344219019608e-07,2.9609092686304084e-15,5.894019892940314e-18,1.827830267675341e-08,-15.28948661230889,0.0,,COMPLETE
16,,,2026-03-19 22:19:29.690990,2026-03-19 22:19:29.764744,0 days 00:00:00.073754,4.357074150999486,0.8099870617579454,47.35206989570072,51.2633542080503,4.4364793837227925,5.218257082852328,4.490757676036058,3.304381708361334e-07,1.012281562761998e-17,3.0720534594165962e-18,1.9225066023405543e-07,-17.77958325446371,0.0,,PRUNED
17,0.010467844848462518,0.24767303600674076,2026-03-19 22:19:29.765741,2026-03-19 22:19:31.026071,0 days 00:00:01.260330,4.331319307206571,0.6170281125049464,47.63940518084415,52.527664145721424,4.276990294871023,5.191556639371847,4.436455228389965,3.3114399659286634e-07,5.36538294022442e-17,5.7082544639999895e-18,3.122790678372754e-08,-15.310168336605344,0.0,,COMPLETE
18,0.007219958166322941,0.6068919146184784,2026-03-19 22:19:31.027068,2026-03-19 22:19:32.000835,0 days 00:00:00.973767,4.33391702919369,0.9362508087043055,48.23991758273662,50.819794206275695,4.440673365451567,5.284256003823779,4.387594139623272,3.254850005132997e-07,1.3024558698540351e-15,4.890460045262088e-16,2.204423452163119e-08,-15.090298316788083,0.0,,COMPLETE
19,0.08726907634186218,0.6286336920080484,2026-03-19 22:19:32.001833,2026-03-19 22:19:32.983085,0 days 00:00:00.981252,4.324334632475277,0.5734626953013121,48.36260716514881,53.67038544442538,4.480453249481901,5.153104258531733,4.348992119431817,3.251399719485848e-07,4.0801167397463484e-15,6.1757272815319185e-15,6.509594086601479e-07,-17.043956883873218,0.0,,COMPLETE
20,,,2026-03-19 22:19:32.983085,2026-03-19 22:19:33.041889,0 days 00:00:00.058804,4.447956631019938,0.9302460466192994,47.61560988712437,54.18359479136529,4.343335199482227,5.338272926605175,4.371696072757671,3.282041989267677e-07,2.812351200583881e-15,6.843791091869641e-15,6.218445687959918e-08,-15.98890659804417,0.0,,PRUNED
21,,,2026-03-19 22:19:33.042886,2026-03-19 22:19:33.105676,0 days 00:00:00.062790,4.353687883816587,0.6355256999342852,46.4986533551701,53.83711645618567,4.241773099697913,5.118575239756805,4.410236102324009,3.2474804444806666e-07,6.563281380112559e-18,7.109878627949783e-16,6.969221282686308e-07,-18.235552624304336,0.0,,PRUNED
22,,,2026-03-19 22:19:33.106672,2026-03-19 22:19:33.161494,0 days 00:00:00.054822,4.257656522158454,0.9104881772337756,49.55192657672303,52.32467753955956,4.410266109740677,5.244067313893602,4.349475410670669,3.29108772284893e-07,1.0495357214005454e-18,5.7299645416594955e-18,5.957824237575285e-08,-17.583334983602207,0.0,,PRUNED
23,0.03801610844661026,0.3187190767684134,2026-03-19 22:19:33.162489,2026-03-19 22:19:34.031604,0 days 00:00:00.869115,4.318753000958001,0.6734900863365575,48.18966936955562,52.44795903216775,4.216098710646795,5.327725144793689,4.351720865184129,3.248092396479375e-07,2.1234414590750286e-16,9.742401106525117e-17,7.691178128646992e-08,-14.837079381260818,0.0,,COMPLETE
24,,,2026-03-19 22:19:34.032602,2026-03-19 22:19:34.089412,0 days 00:00:00.056810,4.248151873214415,0.9544366871309358,50.144225796131245,52.953558465179604,4.499778058717118,5.257198006717555,4.281094333159813,3.3091927944533073e-07,2.3603158174385786e-17,2.712875373924153e-16,1.394341429328647e-08,-14.203761841203056,0.0,,PRUNED
25,0.06173756390087518,0.9152305454536965,2026-03-19 22:19:34.090409,2026-03-19 22:19:35.029444,0 days 00:00:00.939035,4.334477558771704,0.9913235960712912,48.962630344218546,52.67242976368195,4.2449858413890444,5.318422226130077,4.2630357078614765,3.277864717383041e-07,2.645178453923832e-15,5.0001549546154544e-17,1.9961325753178778e-07,-17.295131446111426,0.0,,COMPLETE
26,0.009457208764503828,0.2196889734107877,2026-03-19 22:19:35.029444,2026-03-19 22:19:36.190210,0 days 00:00:01.160766,4.37058491050244,0.5997608213072052,47.03991356867831,52.499289653358105,4.38843337450436,5.239397836274742,4.419653618218602,3.262425312152697e-07,2.286759824254761e-18,3.112190204862684e-16,1.4070476954550277e-07,-15.181124377872901,0.0,,COMPLETE
27,0.08382309659159004,0.4748346338489758,2026-03-19 22:19:36.191207,2026-03-19 22:19:37.178927,0 days 00:00:00.987720,4.23418501555062,0.6862311946103032,48.2177181507894,52.144977437503414,4.452796663436486,5.306101112634776,4.350442226442449,3.319346505109696e-07,3.5414955870347365e-17,3.244654092239024e-17,1.3006147015737345e-07,-18.07827564652042,0.0,,COMPLETE
28,,,2026-03-19 22:19:37.179925,2026-03-19 22:19:37.239726,0 days 00:00:00.059801,4.4516273761432945,0.6493898134406166,48.45116978741554,54.99515827492037,4.3321617796774055,5.331545389729923,4.477429435012712,3.2894207622722013e-07,4.301030294852271e-17,7.897725147406129e-18,5.062404587150647e-07,-15.271410131484245,0.0,,PRUNED
29,0.06711250524930878,1.0618203278309035,2026-03-19 22:19:37.240723,2026-03-19 22:19:38.346056,0 days 00:00:01.105333,4.227483691506617,0.8862050007164715,47.69695528216761,51.480388595857974,4.366932024997936,5.1467126011799476,4.3895289244345825,3.272835451417352e-07,3.7522367732375234e-17,6.653481215985113e-16,6.032482550781035e-07,-14.033149320330352,0.0,,COMPLETE
30,0.029217934766159998,0.4103220642450906,2026-03-19 22:19:38.346574,2026-03-19 22:19:39.387848,0 days 00:00:01.041274,4.300014383114836,0.6628857376209412,48.40781607882664,53.46680755354027,4.277765478241054,5.214502693146427,4.381674315881645,3.2757434786428246e-07,4.2583340042467596e-17,3.626312316420821e-15,1.5274796418134635e-08,-16.6906013544176,0.0,,COMPLETE
31,0.07925179373437623,0.19264358970269926,2026-03-19 22:19:39.388844,2026-03-19 22:19:40.593844,0 days 00:00:01.205000,4.381742669571981,0.5820635849296967,48.7676933113234,52.0073637811758,4.414156428783342,5.174300683781756,4.355129620212119,3.250902804654203e-07,3.945932077553314e-17,1.805986752989185e-18,3.8465984644840124e-08,-16.832112899107262,0.0,,COMPLETE
32,0.05500409596029132,1.7151254534533684,2026-03-19 22:19:40.594850,2026-03-19 22:19:41.592529,0 days 00:00:00.997679,4.2477237547031566,0.9788529966094078,47.817811803146384,53.56839891638172,4.225345890878526,5.104409952653113,4.413133422387744,3.301705481318471e-07,2.4631675224003038e-17,4.214951670642201e-16,3.363397561303093e-07,-14.290271443192193,0.0,,COMPLETE
33,,,2026-03-19 22:19:41.594520,2026-03-19 22:19:41.668279,0 days 00:00:00.073759,4.358165131033205,0.8399885273650476,49.132399231722786,54.045197199795396,4.456512789528262,5.263838823073633,4.21906493227115,3.2846296315504665e-07,5.0844182859750406e-18,2.6976649023035362e-17,7.195325780412925e-08,-17.823451748815433,0.0,,PRUNED
34,,,2026-03-19 22:19:41.669276,2026-03-19 22:19:41.739043,0 days 00:00:00.069767,4.4145006376914715,0.9014224174183993,46.37344731884214,54.62890673564709,4.318145931756,5.212594147126316,4.393155977293389,3.259383239670628e-07,8.526797385364819e-17,1.2912787038913813e-17,2.7282923261886638e-08,-17.967345609987987,0.0,,PRUNED
35,0.04998189822708224,0.662780072035811,2026-03-19 22:19:41.740039,2026-03-19 22:19:43.069633,0 days 00:00:01.329594,4.237042046047396,0.8711838109137517,48.26508860521067,51.8281956629406,4.388994031712515,5.394680545927231,4.408624713907917,3.284471614155438e-07,9.409254179768533e-18,2.6531229212498024e-18,1.5940662099670435e-08,-17.35117321301027,0.0,,COMPLETE
36,,,2026-03-19 22:19:43.071627,2026-03-19 22:19:43.142389,0 days 00:00:00.070762,4.456541583990181,0.5694579862581901,50.04703661492745,52.94623199486609,4.447257917384354,5.135197581910355,4.359993737139752,3.301170903726711e-07,1.785053675623936e-15,1.3547801048713238e-16,4.5562282147891667e-08,-14.300432812350756,0.0,,PRUNED
37,,,2026-03-19 22:19:43.143386,2026-03-19 22:19:43.218137,0 days 00:00:00.074751,4.365600185665269,0.5299229747278127,50.26656345422526,53.03009262499234,4.310907584293816,5.311554359400238,4.253513825105677,3.292021884348258e-07,1.2174517580011626e-16,2.5426321467194912e-15,6.936908315200859e-07,-14.769297299935696,0.0,,PRUNED
38,,,2026-03-19 22:19:43.220131,2026-03-19 22:19:43.278936,0 days 00:00:00.058805,4.265426008462877,0.8620993297124926,49.59292166634556,52.75402876344293,4.270246687998053,5.261155214661393,4.474602613487401,3.249973841526936e-07,2.462713993304137e-16,3.2289905825578737e-16,1.9775115480657882e-08,-18.085648792020002,0.0,,PRUNED
39,,,2026-03-19 22:19:43.279933,2026-03-19 22:19:43.340729,0 days 00:00:00.060796,4.370114023621009,0.5848691318564692,49.6402079174137,51.71086424658901,4.4762358165010605,5.263403790399868,4.23991632239105,3.2822505983787874e-07,5.826206578771063e-15,1.8158249395806457e-18,3.969870971738282e-07,-16.742572827399126,0.0,,PRUNED
40,,,2026-03-19 22:19:43.341728,2026-03-19 22:19:43.397541,0 days 00:00:00.055813,4.47057163139214,0.6727397016458757,50.30793612912616,52.795643170123526,4.274058832619666,5.300784185540952,4.378212163719974,3.30193215273974e-07,5.053835404723614e-15,8.751431871100508e-18,4.637827701877704e-08,-17.870057034525082,0.0,,PRUNED
41,0.04033999597708861,0.5113600179769464,2026-03-19 22:19:43.398539,2026-03-19 22:19:44.378289,0 days 00:00:00.979750,4.45774549424767,0.8350625030468184,47.09383852807312,51.664605262847736,4.334210367200788,5.365608023198218,4.213885114247061,3.2714807054461995e-07,4.782870502597162e-15,1.2051243751234232e-15,3.03061706680339e-08,-14.61238147594102,0.0,,COMPLETE
42,,,2026-03-19 22:19:44.380281,2026-03-19 22:19:44.465998,0 days 00:00:00.085717,4.358806867598702,0.6919418624175553,49.485006423052454,55.06269618217069,4.367978540556501,5.26227956942163,4.304925187284595,3.280316923091825e-07,1.2770705041948415e-16,1.4968018556939736e-15,5.554772733433782e-07,-16.827200723011384,0.0,,PRUNED
43,0.08349275405112686,0.415578400163056,2026-03-19 22:19:44.467992,2026-03-19 22:19:45.622415,0 days 00:00:01.154423,4.429809671974509,0.7685691436578419,49.299122013932966,52.401012062135344,4.244159743036102,5.308711934698894,4.457025939618132,3.318731278253145e-07,7.308991063978725e-16,5.879606206278602e-16,2.3942130021735205e-08,-14.056342751515775,0.0,,COMPLETE
44,,,2026-03-19 22:19:45.623412,2026-03-19 22:19:45.677233,0 days 00:00:00.053821,4.261325947888575,0.6858887696351236,50.372980399122575,53.29575541407171,4.311185717513867,5.368919755721925,4.458583736112405,3.2530370816153573e-07,1.8451527488569548e-18,2.7832672297605133e-15,5.820500660073871e-07,-15.269946264806633,0.0,,PRUNED
45,0.052402673518475454,0.17412337818528542,2026-03-19 22:19:45.678232,2026-03-19 22:19:46.652023,0 days 00:00:00.973791,4.3270130136827,0.5954850679528034,47.20316873268942,51.69688595380307,4.211468328989569,5.373525726891306,4.235725999736795,3.2548798432819555e-07,3.75820033908388e-18,9.08055690718202e-16,7.612389811726991e-08,-14.915037385196673,0.0,,COMPLETE
46,0.024906068358904476,0.2959871087955107,2026-03-19 22:19:46.654016,2026-03-19 22:19:47.776349,0 days 00:00:01.122333,4.241163053252373,0.6856809805855046,46.81698880911726,51.023704113296034,4.358471087669369,5.279596166494226,4.416528118523477,3.240335187892994e-07,1.0715532577210174e-15,2.70285667078871e-17,1.7857750054357544e-07,-17.180081258435536,0.0,,COMPLETE
47,,,2026-03-19 22:19:47.777346,2026-03-19 22:19:47.844127,0 days 00:00:00.066781,4.261248003670283,0.789817019189786,50.56171663183919,54.487092734515,4.2119640695349325,5.2465692584628805,4.492956723109113,3.287702691845906e-07,4.389336192617471e-15,1.57938604554705e-15,1.4957975395203546e-07,-18.32341873832296,0.0,,PRUNED
48,0.06338920180804226,0.5770581161372917,2026-03-19 22:19:47.846120,2026-03-19 22:19:48.904620,0 days 00:00:01.058500,4.348598680112873,0.8265376657406905,48.438218816517185,51.55143657185832,4.202435651403022,5.299491287319528,4.254341179003548,3.244716103737108e-07,8.249366949670196e-17,6.072456794492174e-17,4.635204933493809e-07,-18.244181775620397,0.0,,COMPLETE
49,0.02370391079770434,0.42775165478685356,2026-03-19 22:19:48.905616,2026-03-19 22:19:49.785221,0 days 00:00:00.879605,4.262292646731933,0.7777153863967752,49.240080738503934,54.87861516731657,4.236576714070478,5.258003817893131,4.414763293369863,3.24662551482644e-07,8.431282084444778e-15,1.0939819565139983e-15,4.5093592518736214e-08,-14.129650148503888,0.0,,COMPLETE
50,,,2026-03-19 22:19:49.786217,2026-03-19 22:19:49.839041,0 days 00:00:00.052824,4.270867097016029,0.5641056483725387,49.67985870613641,51.11227091017625,4.213656495207562,5.117944301749387,4.2294048290964215,3.242818535534792e-07,7.072000258425391e-17,5.021304787736767e-18,1.2535240164425495e-07,-17.73235224091315,0.0,,PRUNED
51,0.05294975772790244,0.5032636189808424,2026-03-19 22:19:49.840038,2026-03-19 22:19:50.832743,0 days 00:00:00.992705,4.403799552435015,0.7672170955170723,48.05574500484414,51.09403742690938,4.421391623488943,5.184066785430607,4.272957876913244,3.2814452030145104e-07,9.180299167929797e-18,4.0242452296933044e-16,2.144324158925453e-07,-16.707734697561847,0.0,,COMPLETE
52,0.00411473878353131,999.0,2026-03-19 22:19:50.833741,2026-03-19 22:19:52.106515,0 days 00:00:01.272774,4.226698546733474,0.6545193541881145,47.824136989334924,54.20296630406954,4.23727571612222,5.2079480091690495,4.326509075041645,3.3032175094638176e-07,3.838278486738179e-18,3.3135253131510606e-16,1.8076634532381588e-08,-16.5713563482816,0.0,,COMPLETE
53,0.017994512156077433,0.7903721490081489,2026-03-19 22:19:52.107512,2026-03-19 22:19:53.096230,0 days 00:00:00.988718,4.2342702243726436,0.9223002727981127,47.55739177906526,53.418421310247616,4.322019596893496,5.358812519018712,4.304279353328189,3.291039481146587e-07,1.9201054311532333e-18,3.7062433890991745e-17,1.442597047004218e-07,-16.08958727810675,0.0,,COMPLETE
54,0.03925888649613817,0.7706134206106012,2026-03-19 22:19:53.097227,2026-03-19 22:19:54.357043,0 days 00:00:01.259816,4.355842044868156,0.9055784512770969,48.8616983005886,52.80852398669634,4.409999099072132,5.122511183310246,4.387936175115474,3.270853861693895e-07,1.0371018450360773e-15,5.074114315842255e-15,8.414999594665851e-07,-15.278639689785688,0.0,,COMPLETE
55,0.039918539985571724,0.03635496891543985,2026-03-19 22:19:54.358040,2026-03-19 22:19:55.340779,0 days 00:00:00.982739,4.2346382238998235,0.5182321305841613,46.244708592834044,51.22588748773189,4.326474161772328,5.238969619101046,4.2817395144704165,3.2505010846303875e-07,2.8126695011859696e-17,6.685816224499828e-18,2.8841732855020003e-08,-15.603177893215824,0.0,,COMPLETE
56,0.042219393792959616,0.6818964377242976,2026-03-19 22:19:55.341776,2026-03-19 22:19:56.294619,0 days 00:00:00.952843,4.422302734225793,0.8930455082735702,48.662291211865615,50.67417630039893,4.27750431134454,5.332792672114157,4.322364511992091,3.2931971534038306e-07,1.813218238350851e-18,1.920527415217473e-16,3.2818733194178505e-07,-16.239217787405792,0.0,,COMPLETE
57,,,2026-03-19 22:19:56.295616,2026-03-19 22:19:56.353424,0 days 00:00:00.057808,4.429955776870874,0.5096355535141586,48.623837830200024,52.58990822356019,4.218540400371379,5.108420819847014,4.301964849085972,3.281333718682874e-07,3.990167992930124e-16,4.431606806453804e-18,4.920711179430135e-07,-17.14610395492273,0.0,,PRUNED
58,0.09698980862800062,0.3700732993805243,2026-03-19 22:19:56.354421,2026-03-19 22:19:57.938162,0 days 00:00:01.583741,4.370322213774956,0.8230812237365088,47.65231790457708,53.47211347586316,4.423007479370503,5.229434483500035,4.314216944384221,3.288341193073317e-07,1.2254365020656266e-18,2.8278850515251514e-16,2.390289394112922e-08,-17.360099578274333,0.0,,COMPLETE
59,0.013284307345359833,0.35086703262537217,2026-03-19 22:19:57.940157,2026-03-19 22:19:58.944829,0 days 00:00:01.004672,4.33596472246181,0.6734576306194517,46.67494949544364,51.02169490298061,4.3931814390104424,5.198779899438335,4.31157449033871,3.2512921766883153e-07,3.822729388096657e-18,2.459639434885712e-15,2.838225737588186e-07,-16.011595736729653,0.0,,COMPLETE
