number,values_0,values_1,datetime_start,datetime_complete,duration,params_E_d_sh,params_G_frac,params_N_t_d,params_N_t_sh,params_W_L,params_W_R,params_W_R_sclc,params_d_sclc,params_l1_C_n_bulk,params_l1_k_dir,params_l1_mu_p,params_mu_e,system_attrs_NSGAIISampler:generation,system_attrs_fixed_params,state
60,0.013657582636328536,0.5685900171495353,2026-03-19 22:19:58.946822,2026-03-19 22:20:00.215610,0 days 00:00:01.268788,4.473482476388291,0.8967715023905869,47.85734136083071,50.65796021798153,4.358600557761227,5.265287601965484,4.363643525369243,3.2782871480581213e-07,3.0082929209623357e-17,1.6306328022767763e-15,1.866100968837452e-08,-14.01939295907322,0.0,,COMPLETE
61,,,2026-03-19 22:20:00.216607,2026-03-19 22:20:00.268435,0 days 00:00:00.051828,4.417696346012728,0.5122220032480147,46.600423581126726,54.93984447755512,4.204870673255054,5.174738584942381,4.231238093249332,3.256231925691359e-07,5.014776150399439e-16,4.450859422583151e-16,4.135850531493346e-07,-16.879537153601703,0.0,,PRUNED
62,0.0308731286980081,0.11354014652374807,2026-03-19 22:20:00.269432,2026-03-19 22:20:01.503342,0 days 00:00:01.233910,4.382066659764742,0.559816947696373,46.942664913145535,53.01614488839121,4.317608816869676,5.350016647443819,4.286440984700443,3.254417486212746e-07,3.507983644591241e-18,2.3235242822100193e-16,5.216745359679826e-08,-15.50251469914123,0.0,,COMPLETE
63,,,2026-03-19 22:20:01.505336,2026-03-19 22:20:01.605006,0 days 00:00:00.099670,4.451523988281173,0.6084681007496566,48.96533818129257,51.8990604563871,4.298526657847084,5.267409114000686,4.3449586765694255,3.304389822649025e-07,1.553689953597255e-17,4.680976965698232e-17,6.616344581100964e-08,-18.347267827174235,0.0,,PRUNED
64,,,2026-03-19 22:20:01.606000,2026-03-19 22:20:01.692714,0 days 00:00:00.086714,4.391515320395484,0.6329009883210834,49.500636245609044,51.96008436495865,4.43060940710968,5.131114684946279,4.22892382625931,3.297958795910816e-07,7.112404621290402e-17,9.247178721297248e-16,7.328514820159143e-07,-17.488317328071048,0.0,,PRUNED
65,0.05003289411223345,0.12510589905012465,2026-03-19 22:20:01.694706,2026-03-19 22:20:02.627611,0 days 00:00:00.932905,4.237212241566336,0.5762942539802383,47.3003168762928,51.81908733810517,4.329483390835892,5.250768202247812,4.345164206826137,3.317090727718251e-07,6.7558987765541556e-15,1.2224775424214065e-17,1.1617826102574175e-07,-14.984879172324831,0.0,,COMPLETE
66,0.07076098882603118,0.4975746633155089,2026-03-19 22:20:02.628610,2026-03-19 22:20:04.107700,0 days 00:00:01.479090,4.349526233756152,0.9995331119167488,47.232978208514325,55.06300978599742,4.473935446918307,5.384706583269898,4.321720385797417,3.3162278442057964e-07,2.8652705850107044e-17,7.982344166411207e-15,3.8672841624136363e-08,-15.613559412368307,0.0,,COMPLETE
67,,,2026-03-19 22:20:04.108697,2026-03-19 22:20:04.185442,0 days 00:00:00.076745,4.321360768366626,0.9127621408886322,49.96700698427729,53.462732738430375,4.4103855376539345,5.253247310298889,4.273317257342063,3.316790863673854e-07,2.4846420650023013e-17,3.321928473227364e-16,7.223663606833612e-08,-16.6949273505263,0.0,,PRUNED
68,0.04432494248146855,0.5356609877464455,2026-03-19 22:20:04.186449,2026-03-19 22:20:05.611706,0 days 00:00:01.425257,4.230764075845013,0.8662737007999446,46.96572713711064,52.50017879286637,4.421644132599594,5.34933859461183,4.256292882925309,3.249047192453294e-07,1.4452644418952493e-16,8.55892185784679e-18,1.2884552061128184e-08,-17.859784064827316,0.0,,COMPLETE
69,0.03019454796191853,0.738364095446894,2026-03-19 22:20:05.612703,2026-03-19 22:20:06.935320,0 days 00:00:01.322617,4.381654789963487,0.8966017771185313,46.319996782266436,52.31185158087614,4.236016859764796,5.295767423774276,4.418272257160861,3.315997407600112e-07,5.200026851251454e-16,1.2476206090866711e-16,1.5986299904266823e-07,-13.879309431357772,0.0,,COMPLETE
70,,,2026-03-19 22:20:06.936318,2026-03-19 22:20:07.015054,0 days 00:00:00.078736,4.466153322913777,0.8012021471059018,47.206623038645425,54.24818459499026,4.301835763231651,5.296983196613003,4.217627183345641,3.2718707267243725e-07,2.5449605209803e-15,7.33554708491839e-17,2.109521235965733e-08,-15.39011977521915,0.0,,PRUNED
71,0.018201416487887867,0.5670329294910375,2026-03-19 22:20:07.016051,2026-03-19 22:20:08.245969,0 days 00:00:01.229918,4.288132139011338,0.774189592887959,47.9251865985888,52.09705531506855,4.44087663693341,5.101317693301293,4.305112809846848,3.2587728107743436e-07,8.674629427982266e-17,2.8529503153885667e-15,1.010644187248846e-07,-15.225150603915825,0.0,,COMPLETE
72,0.025853430184216198,0.4891703925960273,2026-03-19 22:20:08.246966,2026-03-19 22:20:09.384192,0 days 00:00:01.137226,4.268641022225563,0.7769351091271605,48.3246611636898,55.09013854640492,4.337268616537806,5.2328698171320065,4.4908320409943325,3.2715949011295987e-07,4.9301121014571014e-15,7.432291099688421e-16,1.6144588565867453e-07,-14.739850670289385,0.0,,COMPLETE
73,0.018970821261311586,0.37797862621295136,2026-03-19 22:20:09.386185,2026-03-19 22:20:10.819426,0 days 00:00:01.433241,4.231023707976516,0.6668568577823156,46.939348077758495,52.2479961236196,4.375560331296998,5.149685538968785,4.409757251757349,3.273121222134936e-07,1.3154636103991932e-15,1.099000515574465e-17,4.6581471176520745e-07,-15.649227127825313,0.0,,COMPLETE
74,0.014089380116436612,0.42322570959485406,2026-03-19 22:20:10.820424,2026-03-19 22:20:12.354335,0 days 00:00:01.533911,4.293158599747851,0.6844004297835506,46.29424465206379,53.34050297833501,4.392737793920903,5.397453273209866,4.238338460123501,3.2572053692447444e-07,3.0891922120486063e-16,1.0429790849525589e-15,5.33689977465345e-07,-16.84161831983145,0.0,,COMPLETE
75,0.029185364412673102,0.6031828086543154,2026-03-19 22:20:12.356329,2026-03-19 22:20:14.263003,0 days 00:00:01.906674,4.231543409149782,0.8655358682123906,48.38827079478827,51.24659644295274,4.3249688659879775,5.218669512533397,4.476295850609825,3.2478325136905163e-07,8.537520172313825e-18,2.7825914605125074e-15,4.004142375097867e-08,-13.94703645797113,0.0,,COMPLETE
76,0.0892606833736381,0.6349601579812043,2026-03-19 22:20:14.264003,2026-03-19 22:20:16.438316,0 days 00:00:02.174313,4.411350193561149,0.9296968093689109,46.735338311212175,52.18088879201476,4.33422365426148,5.2240827624574875,4.362439565717332,3.240459715087632e-07,1.7276536725755252e-16,3.30575247627186e-17,4.9031067008083794e-08,-17.228632666421092,0.0,,COMPLETE
77,,,2026-03-19 22:20:16.440309,2026-03-19 22:20:16.533001,0 days 00:00:00.092692,4.273019516612479,0.9799874469427383,50.56996666199877,53.88063300255651,4.431473743253156,5.239270854579698,4.445787242349645,3.304713394756918e-07,5.134897060501205e-16,1.0905692858331546e-17,8.455795802233405e-08,-16.249937558246476,0.0,,PRUNED
78,,,2026-03-19 22:20:16.534995,2026-03-19 22:20:16.643634,0 days 00:00:00.108639,4.382716093980775,0.5075184211884374,49.53372916732794,53.19163427894489,4.389107559355407,5.189308793163847,4.447208975923729,3.2498265979633337e-07,1.363314602241571e-17,2.5233026334552996e-18,3.287797284630454e-08,-15.542449519809406,0.0,,PRUNED
79,0.09905065470095681,0.2845978254592374,2026-03-19 22:20:16.645628,2026-03-19 22:20:18.621075,0 days 00:00:01.975447,4.34051989490187,0.770336558291686,47.14850102117789,54.02725696091387,4.2347431165963245,5.215803367562803,4.2069099583183105,3.2791594851813e-07,4.567597725023747e-18,4.133460753265286e-17,1.0501531051658544e-08,-18.336667370627826,0.0,,COMPLETE
80,0.04618558248415439,0.6754881469898353,2026-03-19 22:20:18.623071,2026-03-19 22:20:20.109152,0 days 00:00:01.486081,4.347129953977333,0.8902186684406364,47.41512362220053,54.846986324678795,4.411827768008781,5.367199821960908,4.235315060109596,3.2986891843560704e-07,4.894641694006007e-18,8.436023918609488e-18,2.2467061588020895e-08,-15.321793454884439,0.0,,COMPLETE
81,,,2026-03-19 22:20:20.110148,2026-03-19 22:20:20.188887,0 days 00:00:00.078739,4.405340174173485,0.6793058705342725,47.364396553759754,54.86321611087921,4.374650249313157,5.122990653582459,4.291341140254191,3.285534453863583e-07,1.810216362619427e-15,1.8657459788494502e-17,1.6062042244408793e-07,-18.02675647899057,0.0,,PRUNED
82,0.052552107645937624,0.5560131674442044,2026-03-19 22:20:20.190883,2026-03-19 22:20:21.822464,0 days 00:00:01.631581,4.305199660638574,0.5167331938931257,49.25555022125662,53.1979157130643,4.481710398628572,5.115927139025347,4.342799723049529,3.294897552064733e-07,1.4276295747106658e-18,1.9712344544107972e-16,6.678188975818884e-07,-13.824055765923264,0.0,,COMPLETE
83,,,2026-03-19 22:20:21.824458,2026-03-19 22:20:21.959008,0 days 00:00:00.134550,4.324877600914054,0.9416752084600211,50.39841644734659,52.98698125895585,4.318758400089617,5.154087477331189,4.322938345906693,3.30010858176682e-07,3.4317111056109186e-17,8.548595553958748e-18,1.3943149887773385e-07,-14.088145575720198,0.0,,PRUNED
84,0.01673394032328169,0.6413429115708505,2026-03-19 22:20:21.961001,2026-03-19 22:20:24.004222,0 days 00:00:02.043221,4.313122270563151,0.8635161462553478,48.63688049813605,53.03800476505822,4.27370784583872,5.2319826318691085,4.401341369135438,3.267386642238546e-07,3.20914733784758e-17,1.4409343605005687e-17,2.8125914439037302e-08,-14.765700517953283,0.0,,COMPLETE
85,0.023656535103781077,0.15650733250310267,2026-03-19 22:20:24.006216,2026-03-19 22:20:26.029663,0 days 00:00:02.023447,4.250726966967294,0.5820635849296967,48.7676933113234,54.20296630406954,4.23727571612222,5.2079480091690495,4.303600780617505,3.250902804654203e-07,3.945932077553314e-17,1.805986752989185e-18,5.148202578294713e-07,-16.832112899107262,1.0,,COMPLETE
86,0.030831945855342702,0.5402539220991994,2026-03-19 22:20:26.031647,2026-03-19 22:20:27.765446,0 days 00:00:01.733799,4.33391702919369,0.9362508087043055,48.23991758273662,50.819794206275695,4.278853203882577,5.243587256210744,4.387594139623272,3.254850005132997e-07,1.3024558698540351e-15,4.890460045262088e-16,1.827830267675341e-08,-15.090298316788083,1.0,,COMPLETE
87,0.03941263667733629,0.4760743860260002,2026-03-19 22:20:27.767441,2026-03-19 22:20:30.343890,0 days 00:00:02.576449,4.382066659764742,0.770336558291686,47.12695763692092,53.01614488839121,4.317608816869676,5.350016647443819,4.424754223953301,3.3016603729190907e-07,4.567597725023747e-18,4.133460753265286e-17,1.0501531051658544e-08,-15.50251469914123,1.0,,COMPLETE
88,0.09779311793088617,0.8867753644181691,2026-03-19 22:20:30.345879,2026-03-19 22:20:32.477803,0 days 00:00:02.131924,4.431023901461824,0.770336558291686,49.25555022125662,53.1979157130643,4.481710398628572,5.115927139025347,4.2069099583183105,3.294897552064733e-07,1.4276295747106658e-18,1.9712344544107972e-16,6.678188975818884e-07,-13.824055765923264,1.0,,COMPLETE
89,0.022604161962374452,0.3303994073077383,2026-03-19 22:20:32.478799,2026-03-19 22:20:34.188125,0 days 00:00:01.709326,4.300014383114836,0.5997608213072052,47.03991356867831,53.46680755354027,4.277765478241054,5.239397836274742,4.419653618218602,3.262425312152697e-07,4.2583340042467596e-17,3.626312316420821e-15,1.5274796418134635e-08,-15.181124377872901,1.0,,COMPLETE
90,0.04199137217357026,0.5664562424444785,2026-03-19 22:20:34.189121,2026-03-19 22:20:36.076381,0 days 00:00:01.887260,4.45774549424767,0.8350625030468184,47.09383852807312,51.664605262847736,4.353441216902585,5.365608023198218,4.213885114247061,3.294897552064733e-07,1.4276295747106658e-18,1.9712344544107972e-16,3.03061706680339e-08,-14.61238147594102,1.0,,COMPLETE
91,0.05488119734289282,0.7770520211384987,2026-03-19 22:20:36.077377,2026-03-19 22:20:37.845509,0 days 00:00:01.768132,4.260139696976112,0.9223002727981127,48.3246611636898,55.09013854640492,4.337268616537806,5.358812519018712,4.4908320409943325,3.291039481146587e-07,4.9301121014571014e-15,3.7062433890991745e-17,1.442597047004218e-07,-16.08958727810675,1.0,,COMPLETE
92,0.010519602748619418,0.35668008017903824,2026-03-19 22:20:37.846505,2026-03-19 22:20:39.042539,0 days 00:00:01.196034,4.293158599747851,0.6844004297835506,46.67494949544364,53.34050297833501,4.392737793920903,5.198779899438335,4.238338460123501,3.2512921766883153e-07,3.0891922120486063e-16,1.0429790849525589e-15,2.838225737588186e-07,-16.011595736729653,1.0,,COMPLETE
93,0.017030440140352213,0.0370542743895841,2026-03-19 22:20:39.043535,2026-03-19 22:20:40.167811,0 days 00:00:01.124276,4.261028024363931,0.5019836635872374,48.962630344218546,54.57992769770512,4.354882622370904,5.356027057906894,4.240364667243005,3.2545104483393726e-07,1.7553880687921534e-18,5.0001549546154544e-17,1.9961325753178778e-07,-15.959018859395377,1.0,,COMPLETE
94,0.04439991549235241,0.7013492704687286,2026-03-19 22:20:40.168809,2026-03-19 22:20:41.340918,0 days 00:00:01.172109,4.3270130136827,0.8966017771185313,47.20316873268942,52.31185158087614,4.211468328989569,5.295767423774276,4.235725999736795,3.315997407600112e-07,3.75820033908388e-18,1.2476206090866711e-16,7.612389811726991e-08,-14.915037385196673,1.0,,COMPLETE
95,0.04132405801738645,0.6690746292423225,2026-03-19 22:20:41.341915,2026-03-19 22:20:42.245912,0 days 00:00:00.903997,4.288132139011338,0.9129514381979824,47.9251865985888,52.6912697305344,4.275698360101735,5.198907893961117,4.330018768322298,3.3153967771529567e-07,1.1136735565234584e-17,2.8529503153885667e-15,2.2666054675788584e-07,-15.03628962338173,1.0,,COMPLETE
96,0.030123956471111536,0.4596401822197955,2026-03-19 22:20:42.246910,2026-03-19 22:20:43.548917,0 days 00:00:01.302007,4.300014383114836,0.6628857376209412,48.05574500484414,51.09403742690938,4.421391623488943,5.184066785430607,4.381674315881645,3.2757434786428246e-07,4.2583340042467596e-17,3.626312316420821e-15,1.5274796418134635e-08,-16.707734697561847,1.0,,COMPLETE
97,0.03801610844661026,0.3187190767684134,2026-03-19 22:20:43.549913,2026-03-19 22:20:44.717040,0 days 00:00:01.167127,4.318753000958001,0.6734900863365575,48.18966936955562,52.44795903216775,4.216098710646795,5.327725144793689,4.351720865184129,3.248092396479375e-07,2.1234414590750286e-16,9.742401106525117e-17,7.691178128646992e-08,-14.837079381260818,1.0,,COMPLETE
98,0.009690258151417165,0.2237974282759261,2026-03-19 22:20:44.719032,2026-03-19 22:20:45.933012,0 days 00:00:01.213980,4.37058491050244,0.5997608213072052,47.03991356867831,52.499289653358105,4.392737793920903,5.239397836274742,4.419653618218602,3.2572053692447444e-07,3.0891922120486063e-16,3.112190204862684e-16,1.4070476954550277e-07,-15.181124377872901,1.0,,COMPLETE
99,0.005734925235362749,0.671321435640902,2026-03-19 22:20:45.935005,2026-03-19 22:20:47.155952,0 days 00:00:01.220947,4.237042046047396,0.8711838109137517,48.38827079478827,51.8281956629406,4.388994031712515,5.394680545927231,4.408624713907917,3.284471614155438e-07,9.409254179768533e-18,2.6531229212498024e-18,4.004142375097867e-08,-15.60031283005292,1.0,,COMPLETE
100,0.0355587067404332,0.7035684824283699,2026-03-19 22:20:47.156949,2026-03-19 22:20:48.312113,0 days 00:00:01.155164,4.231543409149782,0.8655358682123906,46.942664913145535,53.01614488839121,4.3249688659879775,5.350016647443819,4.370117286782419,3.2478325136905163e-07,8.537520172313825e-18,2.128692844017319e-18,5.216745359679826e-08,-15.50251469914123,1.0,,COMPLETE
101,0.024113350465184716,0.23911774044928666,2026-03-19 22:20:48.313113,2026-03-19 22:20:49.453326,0 days 00:00:01.140213,4.305199660638574,0.6398125358274778,49.25555022125662,53.1979157130643,4.278853203882577,5.243587256210744,4.342799723049529,3.263344219019608e-07,1.4276295747106658e-18,1.9712344544107972e-16,1.3162826864087316e-07,-15.28948661230889,1.0,,COMPLETE
102,0.050963435834191904,0.00974571870103594,2026-03-19 22:20:49.454323,2026-03-19 22:20:50.676273,0 days 00:00:01.221950,4.382066659764742,0.5019836635872374,46.942664913145535,53.01614488839121,4.354882622370904,5.356027057906894,4.413123506173885,3.2545104483393726e-07,3.507983644591241e-18,1.246840165560895e-17,5.216745359679826e-08,-15.959018859395377,1.0,,COMPLETE
103,,,2026-03-19 22:20:50.677270,2026-03-19 22:20:50.746043,0 days 00:00:00.068773,4.236341919713559,0.9995331119167488,49.400647338187966,54.5215763926299,4.473935446918307,5.384706583269898,4.410803583925748,3.3135288484467284e-07,2.8652705850107044e-17,4.527056461426312e-18,2.9992674727203174e-07,-15.546016549192444,1.0,,PRUNED
104,0.0981158099547838,0.22211417961465238,2026-03-19 22:20:50.747050,2026-03-19 22:20:52.158360,0 days 00:00:01.411310,4.34051989490187,0.6734900863365575,47.14850102117789,54.02725696091387,4.2347431165963245,5.327725144793689,4.2069099583183105,3.248092396479375e-07,2.1234414590750286e-16,4.133460753265286e-17,7.691178128646992e-08,-18.336667370627826,1.0,,COMPLETE
105,0.06070695590192537,0.46438056291656704,2026-03-19 22:20:52.159357,2026-03-19 22:20:53.488943,0 days 00:00:01.329586,4.238099734331477,0.8199963384425233,48.26508860521067,51.8281956629406,4.388994031712515,5.191556639371847,4.436455228389965,3.284471614155438e-07,9.409254179768533e-18,5.7082544639999895e-18,1.5940662099670435e-08,-17.35117321301027,1.0,,COMPLETE
106,0.005980369577428041,0.5192979935346963,2026-03-19 22:20:53.489941,2026-03-19 22:20:54.664043,0 days 00:00:01.174102,4.347129953977333,0.6844004297835506,47.41512362220053,53.34050297833501,4.392737793920903,5.397453273209866,4.235315060109596,3.2572053692447444e-07,3.0891922120486063e-16,1.0429790849525589e-15,5.33689977465345e-07,-15.321793454884439,1.0,,COMPLETE
107,0.03410731367548987,0.17476436222649283,2026-03-19 22:20:54.665048,2026-03-19 22:20:55.798841,0 days 00:00:01.133793,4.3270130136827,0.5954850679528034,47.20316873268942,53.56839891638172,4.211468328989569,5.373525726891306,4.413133422387744,3.2548798432819555e-07,2.9233022335265697e-17,4.214951670642201e-16,7.612389811726991e-08,-14.290271443192193,1.0,,COMPLETE
108,0.028385565864119396,0.9767866288339926,2026-03-19 22:20:55.799839,2026-03-19 22:20:56.985902,0 days 00:00:01.186063,4.33391702919369,0.5167331938931257,48.23991758273662,50.819794206275695,4.481710398628572,5.284256003823779,4.342799723049529,3.294897552064733e-07,1.4276295747106658e-18,9.00036900563557e-18,5.714042393391041e-07,-13.824055765923264,1.0,,COMPLETE
109,0.0313195669086899,0.3035786678039895,2026-03-19 22:20:56.986899,2026-03-19 22:20:58.163992,0 days 00:00:01.177093,4.293158599747851,0.6844004297835506,47.66132971403093,52.499289653358105,4.392737793920903,5.320618594350588,4.419653618218602,3.2572053692447444e-07,2.286759824254761e-18,3.112190204862684e-16,1.4070476954550277e-07,-16.84161831983145,1.0,,COMPLETE
110,0.08183457916368263,0.6164668827377088,2026-03-19 22:20:58.165075,2026-03-19 22:20:59.551963,0 days 00:00:01.386888,4.403799552435015,0.8833362234422347,48.05574500484414,51.09403742690938,4.202435651403022,5.184066785430607,4.254341179003548,3.244716103737108e-07,9.180299167929797e-18,6.072456794492174e-17,2.144324158925453e-07,-18.244181775620397,1.0,,COMPLETE
111,0.01803217201990126,0.39414519316816893,2026-03-19 22:20:59.552961,2026-03-19 22:21:00.754486,0 days 00:00:01.201525,4.403799552435015,0.7672170955170723,48.05574500484414,51.09403742690938,4.27370784583872,5.2319826318691085,4.272957876913244,3.267386642238546e-07,9.180299167929797e-18,4.0242452296933044e-16,2.8125914439037302e-08,-14.765700517953283,1.0,,COMPLETE
112,0.024100844637141364,0.42780148819784586,2026-03-19 22:21:00.755482,2026-03-19 22:21:01.926594,0 days 00:00:01.171112,4.262292646731933,0.7777153863967752,49.247321303813095,54.87861516731657,4.236576714070478,5.258003817893131,4.414763293369863,3.24662551482644e-07,8.431282084444778e-15,1.0939819565139983e-15,4.5093592518736214e-08,-14.129650148503888,1.0,,COMPLETE
113,0.054743382929300276,0.5352115216540664,2026-03-19 22:21:01.927591,2026-03-19 22:21:03.093717,0 days 00:00:01.166126,4.230764075845013,0.774189592887959,47.9251865985888,52.09705531506855,4.44087663693341,5.34933859461183,4.256292882925309,3.249047192453294e-07,1.0032818539980591e-17,2.8529503153885667e-15,1.010644187248846e-07,-13.964484864530828,1.0,,COMPLETE
114,0.004705763600813922,0.4335504770101746,2026-03-19 22:21:03.094714,2026-03-19 22:21:04.333604,0 days 00:00:01.238890,4.355842044868156,0.6668568577823156,46.939348077758495,52.2479961236196,4.375560331296998,5.122511183310246,4.387936175115474,3.270853861693895e-07,1.3154636103991932e-15,1.099000515574465e-17,8.414999594665851e-07,-15.649227127825313,1.0,,COMPLETE
115,0.0798695465445026,0.4390285534600349,2026-03-19 22:21:04.334600,2026-03-19 22:21:05.806719,0 days 00:00:01.472119,4.322714822229498,0.7777153863967752,47.14850102117789,54.87861516731657,4.236576714070478,5.258003817893131,4.2069099583183105,3.24662551482644e-07,4.567597725023747e-18,4.133460753265286e-17,4.5093592518736214e-08,-17.548475168840202,1.0,,COMPLETE
116,0.06657207812065923,0.22997812182194644,2026-03-19 22:21:05.808715,2026-03-19 22:21:07.092452,0 days 00:00:01.283737,4.334477558771704,0.6545193541881145,48.962630344218546,52.67242976368195,4.23727571612222,5.318422226130077,4.326509075041645,3.3032175094638176e-07,2.645178453923832e-15,3.3135253131510606e-16,1.9961325753178778e-07,-17.295131446111426,1.0,,COMPLETE
117,0.033901875718273335,0.6044210696874722,2026-03-19 22:21:07.094450,2026-03-19 22:21:08.305426,0 days 00:00:01.210976,4.252285021593544,0.7612976605558663,47.140825204292895,53.24990570784564,4.326597817088713,5.181141693847621,4.478397670756505,3.254850005132997e-07,1.3024558698540351e-15,4.890460045262088e-16,5.328543180154816e-07,-14.45791075241498,1.0,,COMPLETE
118,0.0382887987676841,0.39112084963349936,2026-03-19 22:21:08.306423,2026-03-19 22:21:09.724715,0 days 00:00:01.418292,4.241474926717952,0.8862050007164715,47.69695528216761,53.47211347586316,4.423007479370503,5.1467126011799476,4.314216944384221,3.272835451417352e-07,3.7522367732375234e-17,6.653481215985113e-16,2.390289394112922e-08,-17.360099578274333,1.0,,COMPLETE
