number,values_0,values_1,datetime_start,datetime_complete,duration,params_E_d_sh,params_G_frac,params_N_t_d,params_N_t_sh,params_W_L,params_W_R,params_W_R_sclc,params_d_sclc,params_l1_C_n_bulk,params_l1_k_dir,params_l1_mu_p,params_mu_e,system_attrs_NSGAIISampler:generation,system_attrs_fixed_params,state
119,0.03889611547287523,0.6081487726047178,2026-03-19 22:21:09.726708,2026-03-19 22:21:10.865927,0 days 00:00:01.139219,4.318753000958001,0.8265376657406905,48.438218816517185,52.44795903216775,4.216098710646795,5.327725144793689,4.254341179003548,3.244716103737108e-07,8.249366949670196e-17,9.742401106525117e-17,7.691178128646992e-08,-14.837079381260818,1.0,,COMPLETE
120,0.015368441126135578,0.23616674606330995,2026-03-19 22:21:10.866923,2026-03-19 22:21:12.077906,0 days 00:00:01.210983,4.2759394707822205,0.601261737934433,48.14117974131507,53.5097443992023,4.440673365451567,5.284256003823779,4.228701478791007,3.300046361651114e-07,1.3024558698540351e-15,1.839811767655574e-15,2.204423452163119e-08,-15.090298316788083,1.0,,COMPLETE
121,0.01908570173139318,0.19423815208881146,2026-03-19 22:21:12.078902,2026-03-19 22:21:13.217123,0 days 00:00:01.138221,4.260365157779816,0.6106644077566932,47.59972727389745,53.24990570784564,4.278853203882577,5.243587256210744,4.459824136695029,3.294119650768617e-07,3.9235729767036515e-17,5.8234977085604855e-18,3.5946564385159697e-07,-15.28948661230889,1.0,,COMPLETE
122,,,2026-03-19 22:21:13.218119,2026-03-19 22:21:13.289882,0 days 00:00:00.071763,4.381654789963487,0.8966017771185313,46.96572713711064,52.31185158087614,4.421644132599594,5.34933859461183,4.47417408077664,3.249047192453294e-07,5.200026851251454e-16,8.55892185784679e-18,1.5986299904266823e-07,-17.859784064827316,1.0,,PRUNED
123,0.026733821848923197,0.0297044487356751,2026-03-19 22:21:13.290889,2026-03-19 22:21:14.476942,0 days 00:00:01.186053,4.236341919713559,0.5019836635872374,46.13945573477512,54.57992769770512,4.212518263285674,5.271481383850393,4.243159355525223,3.3135288484467284e-07,1.7105115772051753e-17,4.527056461426312e-18,2.3683942991672965e-08,-15.959018859395377,1.0,,COMPLETE
124,0.024326275482854796,0.7777841045255224,2026-03-19 22:21:14.477939,2026-03-19 22:21:15.834440,0 days 00:00:01.356501,4.236341919713559,0.904567143698345,49.400647338187966,53.34050297833501,4.212518263285674,5.397453273209866,4.243159355525223,3.3135288484467284e-07,1.7105115772051753e-17,4.645034808960786e-15,5.33689977465345e-07,-14.666718540569995,1.0,,COMPLETE
125,0.01761870147159385,0.4667314771832406,2026-03-19 22:21:15.835437,2026-03-19 22:21:17.028301,0 days 00:00:01.192864,4.275766081681042,0.774189592887959,47.9251865985888,52.09705531506855,4.44087663693341,5.3849669986550355,4.305112809846848,3.3131307352316815e-07,8.674629427982266e-17,2.8529503153885667e-15,1.010644187248846e-07,-15.225150603915825,1.0,,COMPLETE
126,0.006365713139871,0.20064028264647732,2026-03-19 22:21:17.029298,2026-03-19 22:21:18.193484,0 days 00:00:01.164186,4.2342702243726436,0.6170281125049464,47.320133293882,52.527664145721424,4.387044854537194,5.358812519018712,4.391648908282123,3.3114399659286634e-07,1.3290507253981834e-16,1.0749446630110402e-16,1.442597047004218e-07,-16.08958727810675,1.0,,COMPLETE
127,0.03774363501124874,0.2905094484434182,2026-03-19 22:21:18.194479,2026-03-19 22:21:19.475227,0 days 00:00:01.280748,4.376618688093063,0.6844004297835506,46.29424465206379,53.34050297833501,4.392737793920903,5.243587256210744,4.443913279551019,3.263344219019608e-07,2.9609092686304084e-15,5.894019892940314e-18,1.827830267675341e-08,-15.28948661230889,1.0,,COMPLETE
128,,,2026-03-19 22:21:19.477221,2026-03-19 22:21:19.550976,0 days 00:00:00.073755,4.349526233756152,0.8711838109137517,48.26508860521067,55.06300978599742,4.388994031712515,5.394680545927231,4.408624713907917,3.3162278442057964e-07,9.409254179768533e-18,7.982344166411207e-15,3.8672841624136363e-08,-17.35117321301027,1.0,,PRUNED
129,0.06086852312751993,0.16393831700571102,2026-03-19 22:21:19.551974,2026-03-19 22:21:20.677268,0 days 00:00:01.125294,4.236341919713559,0.5954850679528034,49.400647338187966,51.69688595380307,4.212518263285674,5.373525726891306,4.445551152231625,3.3135288484467284e-07,1.7105115772051753e-17,9.08055690718202e-16,3.8306381076586004e-08,-14.915037385196673,1.0,,COMPLETE
130,0.006721469570430108,0.1583999581855474,2026-03-19 22:21:20.679261,2026-03-19 22:21:21.898214,0 days 00:00:01.218953,4.234315478890364,0.5820635849296967,46.939348077758495,52.0073637811758,4.375560331296998,5.174300683781756,4.355129620212119,3.273121222134936e-07,3.945932077553314e-17,1.099000515574465e-17,3.8465984644840124e-08,-16.832112899107262,1.0,,COMPLETE
131,0.03730053645747674,0.6455988916846999,2026-03-19 22:21:21.899211,2026-03-19 22:21:23.061433,0 days 00:00:01.162222,4.318753000958001,0.8635161462553478,48.18966936955562,52.44795903216775,4.27370784583872,5.2319826318691085,4.351720865184129,3.248092396479375e-07,3.20914733784758e-17,1.4409343605005687e-17,7.691178128646992e-08,-14.837079381260818,1.0,,COMPLETE
132,0.01067639370711967,0.4106693537566648,2026-03-19 22:21:23.062428,2026-03-19 22:21:24.276908,0 days 00:00:01.214480,4.255600758781066,0.7672170955170723,46.81698880911726,51.023704113296034,4.358471087669369,5.184066785430607,4.272957876913244,3.2814452030145104e-07,9.180299167929797e-18,2.70285667078871e-17,1.7857750054357544e-07,-17.180081258435536,1.0,,COMPLETE
133,0.043907897028248814,0.3608283191521379,2026-03-19 22:21:24.277905,2026-03-19 22:21:25.583473,0 days 00:00:01.305568,4.300014383114836,0.6628857376209412,48.40781607882664,53.46680755354027,4.411827768008781,5.214502693146427,4.381674315881645,3.2757434786428246e-07,4.894641694006007e-18,3.626312316420821e-15,2.2467061588020895e-08,-16.6906013544176,1.0,,COMPLETE
134,0.04749832053353191,0.1086837059333841,2026-03-19 22:21:25.585463,2026-03-19 22:21:26.794455,0 days 00:00:01.208992,4.382066659764742,0.559816947696373,48.438218816517185,53.01614488839121,4.317608816869676,5.350016647443819,4.3873661278318155,3.244716103737108e-07,3.507983644591241e-18,6.072456794492174e-17,7.708919199738769e-08,-15.50251469914123,1.0,,COMPLETE
135,0.02887636058739343,0.1587320050002006,2026-03-19 22:21:26.795453,2026-03-19 22:21:28.013428,0 days 00:00:01.217975,4.237212241566336,0.5167331938931257,49.25555022125662,51.81908733810517,4.329483390835892,5.250768202247812,4.342799723049529,3.294897552064733e-07,1.4276295747106658e-18,1.9712344544107972e-16,6.678188975818884e-07,-13.824055765923264,1.0,,COMPLETE
136,0.017252319649512942,0.24450431147037857,2026-03-19 22:21:28.014426,2026-03-19 22:21:29.160631,0 days 00:00:01.146205,4.3270130136827,0.5954850679528034,48.23991758273662,50.819794206275695,4.440673365451567,5.373525726891306,4.235725999736795,3.254850005132997e-07,1.3024558698540351e-15,9.08055690718202e-16,7.612389811726991e-08,-15.090298316788083,1.0,,COMPLETE
137,0.013657582636328536,0.6306864897410545,2026-03-19 22:21:29.161628,2026-03-19 22:21:30.428525,0 days 00:00:01.266897,4.473482476388291,0.8967715023905869,47.85734136083071,50.65796021798153,4.358600557761227,5.394850626597814,4.363643525369243,3.2782871480581213e-07,4.782870502597162e-15,1.2051243751234232e-15,3.03061706680339e-08,-14.01939295907322,1.0,,COMPLETE
138,0.01154479108088603,0.03720576937307243,2026-03-19 22:21:30.429523,2026-03-19 22:21:31.467082,0 days 00:00:01.037559,4.331319307206571,0.5019836635872374,47.63940518084415,52.527664145721424,4.276990294871023,5.356027057906894,4.436455228389965,3.2545104483393726e-07,3.507983644591241e-18,5.7082544639999895e-18,3.122790678372754e-08,-15.310168336605344,2.0,,COMPLETE
139,0.020925127799765356,0.23415562638086507,2026-03-19 22:21:31.468080,2026-03-19 22:21:32.399986,0 days 00:00:00.931906,4.293158599747851,0.6170281125049464,46.29424465206379,53.34050297833501,4.276990294871023,5.191556639371847,4.436455228389965,3.3114399659286634e-07,4.797568610857822e-18,5.7082544639999895e-18,5.33689977465345e-07,-15.310168336605344,2.0,,COMPLETE
140,0.011595007037951476,0.39319290240970145,2026-03-19 22:21:32.400983,2026-03-19 22:21:33.612968,0 days 00:00:01.211985,4.382066659764742,0.6734900863365575,46.942664913145535,53.01614488839121,4.216098710646795,5.356027057906894,4.351720865184129,3.261397190184381e-07,1.5189089693576957e-15,1.246840165560895e-17,7.691178128646992e-08,-14.837079381260818,2.0,,COMPLETE
141,0.06686769314328149,0.08970002935145242,2026-03-19 22:21:33.613975,2026-03-19 22:21:34.621628,0 days 00:00:01.007653,4.334477558771704,0.5019836635872374,48.962630344218546,52.67242976368195,4.212518263285674,5.318422226130077,4.326509075041645,3.3135288484467284e-07,1.7105115772051753e-17,3.3135253131510606e-16,1.9961325753178778e-07,-17.295131446111426,2.0,,COMPLETE
142,0.009404363488626883,0.21028978709729423,2026-03-19 22:21:34.622626,2026-03-19 22:21:35.614341,0 days 00:00:00.991715,4.331319307206571,0.6170281125049464,47.63940518084415,52.499289653358105,4.392737793920903,5.239397836274742,4.419653618218602,3.2572053692447444e-07,5.36538294022442e-17,3.112190204862684e-16,3.122790678372754e-08,-15.181124377872901,2.0,,COMPLETE
143,0.0063599513568346954,0.39704298530027066,2026-03-19 22:21:35.616334,2026-03-19 22:21:36.853233,0 days 00:00:01.236899,4.234315478890364,0.8698457609433643,46.67494949544364,53.34050297833501,4.375560331296998,5.198779899438335,4.355129620212119,3.2512921766883153e-07,3.0891922120486063e-16,1.0429790849525589e-15,3.8465984644840124e-08,-16.832112899107262,2.0,,COMPLETE
144,0.027495094976080908,0.10430457236036676,2026-03-19 22:21:36.854231,2026-03-19 22:21:37.984480,0 days 00:00:01.130249,4.261028024363931,0.559816947696373,46.942664913145535,54.57992769770512,4.354882622370904,5.356027057906894,4.286440984700443,3.254417486212746e-07,3.507983644591241e-18,1.246840165560895e-17,5.216745359679826e-08,-15.50251469914123,2.0,,COMPLETE
145,0.04982150768625221,0.3226322494555851,2026-03-19 22:21:37.985476,2026-03-19 22:21:39.201467,0 days 00:00:01.215991,4.316158322966736,0.6106644077566932,47.140825204292895,53.24990570784564,4.285564760796386,5.181141693847621,4.303600780617505,3.250902804654203e-07,1.9166173781978027e-16,1.805986752989185e-18,3.5946564385159697e-07,-14.45791075241498,2.0,,COMPLETE
146,,,2026-03-19 22:21:39.202463,2026-03-19 22:21:39.271234,0 days 00:00:00.068771,4.305199660638574,0.6398125358274778,49.25555022125662,54.57992769770512,4.278853203882577,5.356027057906894,4.240364667243005,3.263344219019608e-07,1.4276295747106658e-18,1.246840165560895e-17,1.1296616855227457e-07,-17.718960596028868,2.0,,PRUNED
147,0.006238563016203585,0.1776114638051788,2026-03-19 22:21:39.272233,2026-03-19 22:21:40.630722,0 days 00:00:01.358489,4.2342702243726436,0.5997608213072052,47.320133293882,52.499289653358105,4.38843337450436,5.239397836274742,4.391648908282123,3.3114399659286634e-07,2.286759824254761e-18,1.0749446630110402e-16,1.4070476954550277e-07,-16.08958727810675,2.0,,COMPLETE
148,0.03186091903453562,0.21676969870523005,2026-03-19 22:21:40.632715,2026-03-19 22:21:41.916466,0 days 00:00:01.283751,4.236341919713559,0.6170281125049464,47.320133293882,52.527664145721424,4.212518263285674,5.358812519018712,4.445551152231625,3.3114399659286634e-07,1.7105115772051753e-17,9.08055690718202e-16,1.442597047004218e-07,-14.915037385196673,2.0,,COMPLETE
149,0.007219958166322941,0.6068919146184784,2026-03-19 22:21:41.918458,2026-03-19 22:21:43.504193,0 days 00:00:01.585735,4.33391702919369,0.9362508087043055,48.23991758273662,50.819794206275695,4.440673365451567,5.284256003823779,4.387594139623272,3.254850005132997e-07,1.3024558698540351e-15,4.890460045262088e-16,2.204423452163119e-08,-15.090298316788083,2.0,,COMPLETE
150,0.03774363501124874,0.2905094484434182,2026-03-19 22:21:43.506186,2026-03-19 22:21:44.974352,0 days 00:00:01.468166,4.376618688093063,0.6844004297835506,46.29424465206379,53.34050297833501,4.392737793920903,5.243587256210744,4.443913279551019,3.263344219019608e-07,2.9609092686304084e-15,5.894019892940314e-18,1.827830267675341e-08,-15.28948661230889,2.0,,COMPLETE
151,0.03205453268678148,0.3294807210952111,2026-03-19 22:21:44.975349,2026-03-19 22:21:46.361747,0 days 00:00:01.386398,4.331319307206571,0.6734576306194517,47.63940518084415,52.527664145721424,4.276990294871023,5.191556639371847,4.479016646508478,3.2512921766883153e-07,5.36538294022442e-17,2.459639434885712e-15,2.838225737588186e-07,-16.011595736729653,2.0,,COMPLETE
152,0.012259611158402397,0.21464006267052674,2026-03-19 22:21:46.362744,2026-03-19 22:21:47.600114,0 days 00:00:01.237370,4.2342702243726436,0.6170281125049464,46.24751366664456,53.56839891638172,4.387044854537194,5.373525726891306,4.366283483868392,3.3114399659286634e-07,1.3290507253981834e-16,4.214951670642201e-16,1.442597047004218e-07,-16.08958727810675,2.0,,COMPLETE
153,0.013284307345359833,0.3412514078039531,2026-03-19 22:21:47.601111,2026-03-19 22:21:48.821067,0 days 00:00:01.219956,4.33596472246181,0.6734576306194517,46.67494949544364,51.02169490298061,4.3931814390104424,5.198779899438335,4.31157449033871,3.2512921766883153e-07,3.0891922120486063e-16,1.0429790849525589e-15,2.838225737588186e-07,-16.011595736729653,2.0,,COMPLETE
154,0.07925179373437623,0.2932405949571747,2026-03-19 22:21:48.822061,2026-03-19 22:21:50.234379,0 days 00:00:01.412318,4.381742669571981,0.6647353652290364,48.7676933113234,52.0073637811758,4.414156428783342,5.174300683781756,4.355129620212119,3.250902804654203e-07,3.945932077553314e-17,1.805986752989185e-18,3.8465984644840124e-08,-16.832112899107262,2.0,,COMPLETE
155,0.07287640952224007,0.30519334799008085,2026-03-19 22:21:50.235377,2026-03-19 22:21:51.423438,0 days 00:00:01.188061,4.237212241566336,0.5167331938931257,48.40781607882664,53.46680755354027,4.277765478241054,5.214502693146427,4.342799723049529,3.294897552064733e-07,4.2583340042467596e-17,1.9712344544107972e-16,3.2015142381269195e-08,-13.824055765923264,2.0,,COMPLETE
156,0.049834768562342986,0.3797057823856834,2026-03-19 22:21:51.424435,2026-03-19 22:21:52.621525,0 days 00:00:01.197090,4.2759394707822205,0.601261737934433,46.13945573477512,53.5097443992023,4.212518263285674,5.174696787554475,4.228701478791007,3.300046361651114e-07,1.7105115772051753e-17,1.839811767655574e-15,2.3683942991672965e-08,-15.090298316788083,2.0,,COMPLETE
157,0.01803217201990126,0.39414519316816893,2026-03-19 22:21:52.622523,2026-03-19 22:21:53.838534,0 days 00:00:01.216011,4.403799552435015,0.7672170955170723,48.05574500484414,51.09403742690938,4.27370784583872,5.2319826318691085,4.272957876913244,3.267386642238546e-07,9.180299167929797e-18,4.0242452296933044e-16,2.8125914439037302e-08,-14.765700517953283,2.0,,COMPLETE
158,0.03320972964456075,0.205882283102814,2026-03-19 22:21:53.839530,2026-03-19 22:21:55.089382,0 days 00:00:01.249852,4.293158599747851,0.635445991132707,47.59972727389745,51.76899486165232,4.392737793920903,5.243587256210744,4.281725235353117,3.263344219019608e-07,2.9609092686304084e-15,5.894019892940314e-18,1.827830267675341e-08,-15.28948661230889,2.0,,COMPLETE
159,0.01705463342150733,0.5084253741408276,2026-03-19 22:21:55.090379,2026-03-19 22:21:56.402024,0 days 00:00:01.311645,4.237042046047396,0.8711838109137517,48.38827079478827,51.8281956629406,4.388994031712515,5.397453273209866,4.235315060109596,3.2572053692447444e-07,8.658480047188946e-17,1.0429790849525589e-15,4.004142375097867e-08,-15.60031283005292,2.0,,COMPLETE
160,0.05020051258427131,0.12478429576189906,2026-03-19 22:21:56.403021,2026-03-19 22:21:57.738594,0 days 00:00:01.335573,4.373961467239052,0.5820635849296967,46.939348077758495,52.527664145721424,4.276990294871023,5.191556639371847,4.304461362434019,3.3114399659286634e-07,3.945932077553314e-17,1.099000515574465e-17,3.122790678372754e-08,-16.832112899107262,2.0,,COMPLETE
161,0.04293821987742064,0.04017686768927915,2026-03-19 22:21:57.739591,2026-03-19 22:21:58.902729,0 days 00:00:01.163138,4.261028024363931,0.5019836635872374,48.962630344218546,52.47157310532019,4.23727571612222,5.356027057906894,4.326509075041645,3.2545104483393726e-07,1.7553880687921534e-18,1.246840165560895e-17,1.1296616855227457e-07,-17.295131446111426,2.0,,COMPLETE
162,0.04940661054358604,0.18965450982412416,2026-03-19 22:21:58.903729,2026-03-19 22:22:00.042947,0 days 00:00:01.139218,4.473482476388291,0.559816947696373,46.942664913145535,50.65796021798153,4.358600557761227,5.263746789257275,4.363643525369243,3.254417486212746e-07,3.0082929209623357e-17,1.6306328022767763e-15,5.216745359679826e-08,-15.50251469914123,2.0,,COMPLETE
163,0.04589812895772232,0.7410207520986917,2026-03-19 22:22:00.043942,2026-03-19 22:22:01.269873,0 days 00:00:01.225931,4.382066659764742,0.8967715023905869,48.438218816517185,53.01614488839121,4.317608816869676,5.350016647443819,4.363643525369243,3.244716103737108e-07,3.507983644591241e-18,6.072456794492174e-17,7.708919199738769e-08,-15.50251469914123,2.0,,COMPLETE
164,0.006393157260869496,0.3343557080945695,2026-03-19 22:22:01.270870,2026-03-19 22:22:02.483836,0 days 00:00:01.212966,4.293158599747851,0.6844004297835506,46.67494949544364,54.57992769770512,4.212518263285674,5.271481383850393,4.243159355525223,3.3135288484467284e-07,3.0891922120486063e-16,1.0429790849525589e-15,2.838225737588186e-07,-15.959018859395377,2.0,,COMPLETE
165,0.01885733221195571,0.41535182989727487,2026-03-19 22:22:02.486051,2026-03-19 22:22:03.739574,0 days 00:00:01.253523,4.334477558771704,0.6668568577823156,46.939348077758495,52.2479961236196,4.23727571612222,5.122511183310246,4.326509075041645,3.3032175094638176e-07,1.3154636103991932e-15,3.3135253131510606e-16,8.414999594665851e-07,-15.649227127825313,2.0,,COMPLETE
166,0.07465747761349371,0.08497641519020924,2026-03-19 22:22:03.741569,2026-03-19 22:22:04.931617,0 days 00:00:01.190048,4.2346382238998235,0.5182321305841613,47.85734136083071,51.22588748773189,4.358600557761227,5.265287601965484,4.2817395144704165,3.317787868747067e-07,2.8126695011859696e-17,6.685816224499828e-18,1.866100968837452e-08,-14.01939295907322,2.0,,COMPLETE
167,0.0549800899841918,0.214316251852537,2026-03-19 22:22:04.932613,2026-03-19 22:22:06.097751,0 days 00:00:01.165138,4.382066659764742,0.6170281125049464,46.942664913145535,53.01614488839121,4.354882622370904,5.356027057906894,4.436455228389965,3.3114399659286634e-07,3.507983644591241e-18,1.246840165560895e-17,5.216745359679826e-08,-15.959018859395377,2.0,,COMPLETE
168,0.01085085250018628,0.6293923637026885,2026-03-19 22:22:06.098748,2026-03-19 22:22:07.231081,0 days 00:00:01.132333,4.358871695010535,0.9362508087043055,48.962630344218546,50.819794206275695,4.354882622370904,5.356027057906894,4.240364667243005,3.313228673338736e-07,1.7553880687921534e-18,4.890460045262088e-16,2.204423452163119e-08,-15.090298316788083,2.0,,COMPLETE
169,0.02238077311694338,0.2958111298389473,2026-03-19 22:22:07.232077,2026-03-19 22:22:08.421131,0 days 00:00:01.189054,4.262292646731933,0.5820635849296967,49.240080738503934,54.87861516731657,4.236576714070478,5.2079480091690495,4.303600780617505,3.24662551482644e-07,3.945932077553314e-17,1.8362465675641084e-15,4.5093592518736214e-08,-14.129650148503888,2.0,,COMPLETE
170,0.06723871860256178,0.19432193053366226,2026-03-19 22:22:08.422127,2026-03-19 22:22:09.765232,0 days 00:00:01.343105,4.430191154011622,0.6106644077566932,47.140825204292895,53.24990570784564,4.285564760796386,5.181141693847621,4.478397670756505,3.27353900783799e-07,1.9166173781978027e-16,5.8234977085604855e-18,3.5946564385159697e-07,-14.45791075241498,2.0,,COMPLETE
171,0.08612630672392041,0.5304021773520909,2026-03-19 22:22:09.766231,2026-03-19 22:22:10.993169,0 days 00:00:01.226938,4.331319307206571,0.7777153863967752,49.240080738503934,54.87861516731657,4.485709867407656,5.258003817893131,4.436455228389965,3.24662551482644e-07,8.431282084444778e-15,1.0939819565139983e-15,4.5093592518736214e-08,-14.129650148503888,2.0,,COMPLETE
172,0.09934795659289482,0.091724513231457,2026-03-19 22:22:10.994165,2026-03-19 22:22:12.251023,0 days 00:00:01.256858,4.416817250945121,0.5019836635872374,48.05574500484414,54.57992769770512,4.27370784583872,5.2319826318691085,4.272957876913244,3.2545104483393726e-07,1.7553880687921534e-18,1.246840165560895e-17,5.105987139454314e-07,-14.765700517953283,2.0,,COMPLETE
173,0.02356519148042196,0.3778241422140304,2026-03-19 22:22:12.252019,2026-03-19 22:22:13.264661,0 days 00:00:01.012642,4.231023707976516,0.6668568577823156,46.939348077758495,52.82301022655151,4.375560331296998,5.149685538968785,4.387936175115474,3.270853861693895e-07,1.3154636103991932e-15,1.099000515574465e-17,4.6581471176520745e-07,-15.649227127825313,2.0,,COMPLETE
174,0.007234765092625756,0.3579673600347468,2026-03-19 22:22:13.265664,2026-03-19 22:22:14.243408,0 days 00:00:00.977744,4.293158599747851,0.6844004297835506,47.45403749229349,53.34050297833501,4.392737793920903,5.198779899438335,4.238338460123501,3.2512921766883153e-07,3.0891922120486063e-16,1.0429790849525589e-15,2.838225737588186e-07,-16.011595736729653,2.0,,COMPLETE
175,0.0892827104726549,0.08741781123544479,2026-03-19 22:22:14.244406,2026-03-19 22:22:15.468346,0 days 00:00:01.223940,4.381742669571981,0.5019836635872374,46.13945573477512,54.57992769770512,4.354882622370904,5.356027057906894,4.355129620212119,3.250902804654203e-07,1.7553880687921534e-18,1.246840165560895e-17,1.1296616855227457e-07,-15.959018859395377,2.0,,COMPLETE
176,0.08813025400331015,0.3487918241499687,2026-03-19 22:22:15.470338,2026-03-19 22:22:16.618518,0 days 00:00:01.148180,4.2528364985540215,0.5167331938931257,46.67494949544364,51.81908733810517,4.329483390835892,5.250768202247812,4.342799723049529,3.2504590228101586e-07,3.822729388096657e-18,2.459639434885712e-15,6.678188975818884e-07,-13.824055765923264,2.0,,COMPLETE
