number,values_0,values_1,datetime_start,datetime_complete,duration,params_E_d_sh,params_G_frac,params_N_t_d,params_N_t_sh,params_W_L,params_W_R,params_W_R_sclc,params_d_sclc,params_l1_C_n_bulk,params_l1_k_dir,params_l1_mu_p,params_mu_e,system_attrs_NSGAIISampler:generation,system_attrs_fixed_params,state
294,0.009845361823742948,0.33068928174881096,2026-03-19 22:24:18.909284,2026-03-19 22:24:20.111281,0 days 00:00:01.201997,4.261028024363931,0.6844004297835506,48.962630344218546,54.57992769770512,4.212518263285674,5.2942557417984615,4.243159355525223,3.2545104483393726e-07,3.0891922120486063e-16,1.9712344544107972e-16,2.838225737588186e-07,-15.959018859395377,4.0,,COMPLETE
295,0.007412573852883331,0.17069839014724658,2026-03-19 22:24:20.112284,2026-03-19 22:24:21.336144,0 days 00:00:01.223860,4.261028024363931,0.5954850679528034,46.942664913145535,54.57992769770512,4.211468328989569,5.356027057906894,4.286440984700443,3.2548798432819555e-07,3.507983644591241e-18,5.0001549546154544e-17,3.8465984644840124e-08,-16.832112899107262,4.0,,COMPLETE
296,0.005680221379521914,0.1471417714302428,2026-03-19 22:24:21.338143,2026-03-19 22:24:22.578013,0 days 00:00:01.239870,4.261028024363931,0.559816947696373,46.942664913145535,54.57992769770512,4.212518263285674,5.271481383850393,4.286440984700443,3.3135288484467284e-07,3.507983644591241e-18,4.527056461426312e-18,2.3683942991672965e-08,-16.612504601821353,4.0,,COMPLETE
297,0.02871553893373713,0.028492282028890176,2026-03-19 22:24:22.580006,2026-03-19 22:24:23.809924,0 days 00:00:01.229918,4.261028024363931,0.5019836635872374,47.63940518084415,52.527664145721424,4.276990294871023,5.356027057906894,4.409005739618163,3.2545104483393726e-07,1.7553880687921534e-18,1.246840165560895e-17,1.1296616855227457e-07,-17.295131446111426,4.0,,COMPLETE
298,0.018948947444404847,0.19243467225223077,2026-03-19 22:24:23.811922,2026-03-19 22:24:25.044854,0 days 00:00:01.232932,4.296767739000891,0.5954850679528034,47.59972727389745,53.56839891638172,4.38843337450436,5.373525726891306,4.342721455067637,3.294119650768617e-07,2.9233022335265697e-17,3.112190204862684e-16,1.4070476954550277e-07,-15.28948661230889,4.0,,COMPLETE
299,0.018248855030362072,0.5756494186892145,2026-03-19 22:24:25.047844,2026-03-19 22:24:25.965792,0 days 00:00:00.917948,4.230718205513406,0.8698457609433643,46.942664913145535,53.34050297833501,4.354882622370904,5.356027057906894,4.466813521744199,3.2545104483393726e-07,3.507983644591241e-18,1.0429790849525589e-15,1.9961325753178778e-07,-15.959018859395377,5.0,,COMPLETE
300,0.025752329523982986,0.02660523853470291,2026-03-19 22:24:25.966789,2026-03-19 22:24:26.858823,0 days 00:00:00.892034,4.261028024363931,0.5019836635872374,46.939348077758495,52.527664145721424,4.375560331296998,5.356027057906894,4.355129620212119,3.3082600046606283e-07,1.8538513592498808e-16,1.099000515574465e-17,1.1296616855227457e-07,-15.649227127825313,5.0,,COMPLETE
301,0.01231917670775091,0.1403180738269036,2026-03-19 22:24:26.860823,2026-03-19 22:24:28.112653,0 days 00:00:01.251830,4.347129953977333,0.5954850679528034,46.942664913145535,50.74682188745372,4.392737793920903,5.397453273209866,4.286440984700443,3.2548798432819555e-07,3.0891922120486063e-16,5.0001549546154544e-17,3.8465984644840124e-08,-16.832112899107262,5.0,,COMPLETE
302,0.024581521646788344,0.2259914030495308,2026-03-19 22:24:28.114652,2026-03-19 22:24:29.365494,0 days 00:00:01.250842,4.234315478890364,0.5997608213072052,47.320133293882,54.378403241934606,4.423959032133998,5.174300683781756,4.355129620212119,3.3114399659286634e-07,2.286759824254761e-18,1.0749446630110402e-16,3.8465984644840124e-08,-16.832112899107262,5.0,,COMPLETE
303,0.061115320777728084,0.5885153372477924,2026-03-19 22:24:29.367487,2026-03-19 22:24:30.724970,0 days 00:00:01.357483,4.237042046047396,0.8711838109137517,49.33906689334442,53.5097443992023,4.388994031712515,5.199126276706165,4.385917797741952,3.284471614155438e-07,9.409254179768533e-18,2.6531229212498024e-18,1.827830267675341e-08,-15.60031283005292,5.0,,COMPLETE
304,0.019147244863999175,0.023842370619200807,2026-03-19 22:24:30.726964,2026-03-19 22:24:31.764514,0 days 00:00:01.037550,4.2786327118721115,0.5019836635872374,46.939348077758495,54.57992769770512,4.317608816869676,5.356027057906894,4.342799723049529,3.2545104483393726e-07,1.7553880687921534e-18,1.246840165560895e-17,5.33689977465345e-07,-15.50251469914123,5.0,,COMPLETE
305,0.026432060976928243,0.05856319355796645,2026-03-19 22:24:31.765511,2026-03-19 22:24:32.508042,0 days 00:00:00.742531,4.277158659127922,0.5019836635872374,48.962630344218546,54.57992769770512,4.329483390835892,5.356027057906894,4.342799723049529,3.2545104483393726e-07,1.7553880687921534e-18,1.9712344544107972e-16,6.224828786990978e-08,-15.959018859395377,5.0,,COMPLETE
306,0.01131714624254154,0.30505931156345484,2026-03-19 22:24:32.509038,2026-03-19 22:24:33.817718,0 days 00:00:01.308680,4.355842044868156,0.529485550552101,48.18966936955562,52.2479961236196,4.387929628727447,5.122511183310246,4.351720865184129,3.2545104483393726e-07,2.9609092686304084e-15,1.099000515574465e-17,8.414999594665851e-07,-15.649227127825313,5.0,,COMPLETE
307,0.007628875979604898,0.6117835347854006,2026-03-19 22:24:33.819711,2026-03-19 22:24:35.144846,0 days 00:00:01.325135,4.33391702919369,0.9362508087043055,48.23991758273662,53.34050297833501,4.440673365451567,5.284256003823779,4.238338460123501,3.254850005132997e-07,3.0891922120486063e-16,4.890460045262088e-16,2.204423452163119e-08,-15.090298316788083,5.0,,COMPLETE
308,,,2026-03-19 22:24:35.146840,2026-03-19 22:24:35.258467,0 days 00:00:00.111627,4.4308322649343825,0.5019836635872374,46.942664913145535,53.01614488839121,4.354882622370904,5.356027057906894,4.413123506173885,3.2545104483393726e-07,3.507983644591241e-18,1.246840165560895e-17,5.216745359679826e-08,-15.959018859395377,5.0,,PRUNED
309,0.09933019643415229,0.1557413661502576,2026-03-19 22:24:35.260462,2026-03-19 22:24:36.579148,0 days 00:00:01.318686,4.404881722576658,0.5019836635872374,48.962630344218546,52.499289653358105,4.38843337450436,5.358812519018712,4.397084904858538,3.3114399659286634e-07,5.3148430209689275e-15,2.1255240952711354e-18,1.9961325753178778e-07,-16.08958727810675,5.0,,COMPLETE
310,0.01609506527342548,0.4384281895497656,2026-03-19 22:24:36.581141,2026-03-19 22:24:37.888793,0 days 00:00:01.307652,4.234315478890364,0.7934121302092483,47.80222467042024,54.57992769770512,4.375560331296998,5.198779899438335,4.355129620212119,3.2512921766883153e-07,3.0891922120486063e-16,1.246840165560895e-17,3.8465984644840124e-08,-16.832112899107262,5.0,,COMPLETE
311,0.04184594181989298,0.2311352228822338,2026-03-19 22:24:37.889796,2026-03-19 22:24:38.936309,0 days 00:00:01.046513,4.261028024363931,0.5954850679528034,47.63940518084415,52.527664145721424,4.276990294871023,5.191556639371847,4.286440984700443,3.3114399659286634e-07,3.507983644591241e-18,1.246840165560895e-17,3.122790678372754e-08,-15.310168336605344,5.0,,COMPLETE
312,,,2026-03-19 22:24:38.937313,2026-03-19 22:24:39.003084,0 days 00:00:00.065771,4.4571510911399335,0.559816947696373,46.13945573477512,53.01614488839121,4.396767351422441,5.271481383850393,4.391648908282123,3.281311108371464e-07,1.7105115772051753e-17,1.246840165560895e-17,7.708919199738769e-08,-15.50251469914123,5.0,,PRUNED
313,,,2026-03-19 22:24:39.003084,2026-03-19 22:24:39.071856,0 days 00:00:00.068772,4.439061219887605,0.559816947696373,46.942664913145535,54.378403241934606,4.38843337450436,5.239397836274742,4.391648908282123,3.3114399659286634e-07,2.286759824254761e-18,5.0001549546154544e-17,5.216745359679826e-08,-15.959018859395377,5.0,,PRUNED
314,0.046761428310173755,0.21929857394212726,2026-03-19 22:24:39.072853,2026-03-19 22:24:40.152273,0 days 00:00:01.079420,4.382066659764742,0.5019836635872374,47.3003168762928,52.44795903216775,4.440673365451567,5.250768202247812,4.387594139623272,3.317090727718251e-07,1.7553880687921534e-18,4.890460045262088e-16,5.216745359679826e-08,-15.959018859395377,5.0,,COMPLETE
315,0.021808145624975198,0.17381714361693687,2026-03-19 22:24:40.153276,2026-03-19 22:24:41.373218,0 days 00:00:01.219942,4.237212241566336,0.5019836635872374,46.942664913145535,51.22588748773189,4.437804535695069,5.250768202247812,4.240364667243005,3.317090727718251e-07,1.7553880687921534e-18,5.0001549546154544e-17,1.1617826102574175e-07,-15.50251469914123,5.0,,COMPLETE
316,0.047627645975475696,0.17110789416134378,2026-03-19 22:24:41.375218,2026-03-19 22:24:42.670428,0 days 00:00:01.295210,4.382066659764742,0.559816947696373,46.942664913145535,52.44795903216775,4.212518263285674,5.356027057906894,4.286440984700443,3.3135288484467284e-07,3.507983644591241e-18,4.527056461426312e-18,5.216745359679826e-08,-16.612504601821353,5.0,,COMPLETE
317,0.020235890507263807,0.43470080357860547,2026-03-19 22:24:42.672427,2026-03-19 22:24:43.893361,0 days 00:00:01.220934,4.331319307206571,0.7069485380822711,48.78275893101248,52.527664145721424,4.276990294871023,5.356027057906894,4.436455228389965,3.2545104483393726e-07,3.507983644591241e-18,5.7082544639999895e-18,3.122790678372754e-08,-15.310168336605344,5.0,,COMPLETE
318,0.019544160005817768,0.9651564328269132,2026-03-19 22:24:43.895355,2026-03-19 22:24:44.964489,0 days 00:00:01.069134,4.2786327118721115,0.9821271809905657,47.80222467042024,54.57992769770512,4.276990294871023,5.356027057906894,4.342799723049529,3.305543912248595e-07,3.507983644591241e-18,5.7082544639999895e-18,3.122790678372754e-08,-15.310168336605344,5.0,,COMPLETE
319,,,2026-03-19 22:24:44.965495,2026-03-19 22:24:45.032264,0 days 00:00:00.066769,4.461408591358705,0.5019836635872374,48.18966936955562,52.527664145721424,4.278853203882577,5.356027057906894,4.436455228389965,3.2493586801933563e-07,3.507983644591241e-18,1.246840165560895e-17,3.122790678372754e-08,-15.959018859395377,5.0,,PRUNED
320,,,2026-03-19 22:24:45.034257,2026-03-19 22:24:45.101041,0 days 00:00:00.066784,4.231473281695319,0.5019836635872374,48.962630344218546,52.47157310532019,4.23727571612222,5.284256003823779,4.493074258206617,3.254850005132997e-07,1.3024558698540351e-15,1.246840165560895e-17,3.8179839605714333e-07,-17.295131446111426,5.0,,PRUNED
321,0.008843810291518758,0.16292164720490054,2026-03-19 22:24:45.102037,2026-03-19 22:24:45.844583,0 days 00:00:00.742546,4.234315478890364,0.6104925666173716,46.939348077758495,52.0073637811758,4.38843337450436,5.384276584623008,4.391648908282123,3.273121222134936e-07,3.945932077553314e-17,1.0749446630110402e-16,3.8465984644840124e-08,-16.08958727810675,5.0,,COMPLETE
322,0.007774298802795994,0.04663922287448259,2026-03-19 22:24:45.845579,2026-03-19 22:24:46.569172,0 days 00:00:00.723593,4.2346382238998235,0.5019836635872374,46.244708592834044,52.47157310532019,4.23727571612222,5.356027057906894,4.2817395144704165,3.2545104483393726e-07,2.8126695011859696e-17,6.685816224499828e-18,1.1296616855227457e-07,-17.295131446111426,5.0,,COMPLETE
323,0.006238563016203585,0.18530647303123016,2026-03-19 22:24:46.570169,2026-03-19 22:24:47.740127,0 days 00:00:01.169958,4.2342702243726436,0.5997608213072052,47.320133293882,52.499289653358105,4.38843337450436,5.301112815426605,4.391648908282123,3.3114399659286634e-07,2.286759824254761e-18,2.3849206883352344e-16,1.4070476954550277e-07,-16.08958727810675,5.0,,COMPLETE
324,0.03821181711495796,0.02637590455729208,2026-03-19 22:24:47.741131,2026-03-19 22:24:48.945651,0 days 00:00:01.204520,4.2346382238998235,0.5182321305841613,46.244708592834044,51.22588748773189,4.326474161772328,5.356027057906894,4.2817395144704165,3.314471600842764e-07,2.8126695011859696e-17,3.857173702491616e-17,5.216745359679826e-08,-15.603177893215824,5.0,,COMPLETE
325,0.03855072342221882,0.11603377169465735,2026-03-19 22:24:48.947645,2026-03-19 22:24:50.226925,0 days 00:00:01.279280,4.261028024363931,0.5019836635872374,47.63940518084415,52.527664145721424,4.276990294871023,5.128596191227533,4.436455228389965,3.2545104483393726e-07,3.507983644591241e-18,5.7082544639999895e-18,3.122790678372754e-08,-17.295131446111426,5.0,,COMPLETE
326,0.017076154977670517,0.1590161297408175,2026-03-19 22:24:50.228918,2026-03-19 22:24:51.551521,0 days 00:00:01.322603,4.234315478890364,0.601261737934433,47.59972727389745,55.22721378920821,4.370354212021265,5.199126276706165,4.355129620212119,3.263344219019608e-07,2.9609092686304084e-15,1.099000515574465e-17,1.827830267675341e-08,-16.832112899107262,5.0,,COMPLETE
327,0.005980369577428041,0.5192979935346963,2026-03-19 22:24:51.552523,2026-03-19 22:24:52.768474,0 days 00:00:01.215951,4.347129953977333,0.6844004297835506,47.41512362220053,53.34050297833501,4.392737793920903,5.397453273209866,4.235315060109596,3.2572053692447444e-07,3.0891922120486063e-16,1.0429790849525589e-15,5.33689977465345e-07,-15.321793454884439,5.0,,COMPLETE
328,0.07704622280974695,0.5849038308602318,2026-03-19 22:24:52.770473,2026-03-19 22:24:53.704358,0 days 00:00:00.933885,4.33391702919369,0.9362508087043055,46.13945573477512,52.527664145721424,4.440673365451567,5.271481383850393,4.387594139623272,3.2505010846303875e-07,1.7105115772051753e-17,5.292038567041162e-17,2.8841732855020003e-08,-18.123684504380872,5.0,,COMPLETE
329,0.0054217474288395795,0.2745959072793119,2026-03-19 22:24:53.705355,2026-03-19 22:24:54.943249,0 days 00:00:01.237894,4.234315478890364,0.5820635849296967,46.939348077758495,55.22721378920821,4.370354212021265,5.356027057906894,4.283958774146509,3.273121222134936e-07,3.945932077553314e-17,1.839811767655574e-15,1.827830267675341e-08,-16.56411822023091,5.0,,COMPLETE
330,0.02005983364089316,0.6665161845481443,2026-03-19 22:24:54.945242,2026-03-19 22:24:56.216018,0 days 00:00:01.270776,4.261028024363931,0.8310669456455725,46.13945573477512,54.57992769770512,4.211468328989569,5.356027057906894,4.286440984700443,3.2548798432819555e-07,3.507983644591241e-18,5.0001549546154544e-17,1.1296616855227457e-07,-15.959018859395377,5.0,,COMPLETE
331,0.014321996790989456,0.20345924165772958,2026-03-19 22:24:56.220005,2026-03-19 22:24:57.534631,0 days 00:00:01.314626,4.234315478890364,0.5820635849296967,48.438218816517185,52.0073637811758,4.212518263285674,5.318422226130077,4.355129620212119,3.273121222134936e-07,3.507983644591241e-18,1.099000515574465e-17,1.9961325753178778e-07,-16.832112899107262,5.0,,COMPLETE
332,,,2026-03-19 22:24:57.537621,2026-03-19 22:24:57.682140,0 days 00:00:00.144519,4.234315478890364,0.5997608213072052,50.612220108181376,52.499289653358105,4.375560331296998,5.174300683781756,4.355129620212119,3.273121222134936e-07,2.286759824254761e-18,1.099000515574465e-17,3.8465984644840124e-08,-16.832112899107262,5.0,,PRUNED
333,0.008165900637620599,0.015895606358095126,2026-03-19 22:24:57.684137,2026-03-19 22:24:58.826334,0 days 00:00:01.142197,4.331319307206571,0.5019836635872374,46.13945573477512,52.527664145721424,4.354882622370904,5.356027057906894,4.436455228389965,3.2545104483393726e-07,3.945932077553314e-17,1.246840165560895e-17,3.122790678372754e-08,-15.959018859395377,5.0,,COMPLETE
334,0.018345868021837082,0.11964045639421157,2026-03-19 22:24:58.827332,2026-03-19 22:24:59.953583,0 days 00:00:01.126251,4.234315478890364,0.5820635849296967,48.18966936955562,55.22721378920821,4.278853203882577,5.243587256210744,4.355129620212119,3.273121222134936e-07,3.945932077553314e-17,3.744548942589079e-17,3.8465984644840124e-08,-16.832112899107262,5.0,,COMPLETE
335,0.017776474314687953,0.4365768451871165,2026-03-19 22:24:59.954583,2026-03-19 22:25:01.252272,0 days 00:00:01.297689,4.261028024363931,0.5019836635872374,47.59972727389745,53.5097443992023,4.354882622370904,5.100853361454716,4.283958774146509,3.2545104483393726e-07,1.6600259380874173e-16,5.0001549546154544e-17,1.827830267675341e-08,-15.959018859395377,5.0,,COMPLETE
336,,,2026-03-19 22:25:01.253269,2026-03-19 22:25:01.312076,0 days 00:00:00.058807,4.382066659764742,0.601261737934433,46.942664913145535,53.01614488839121,4.354882622370904,5.356027057906894,4.283958774146509,3.263344219019608e-07,3.507983644591241e-18,1.246840165560895e-17,1.827830267675341e-08,-17.82417360223549,5.0,,PRUNED
337,0.037515833353235356,0.016881862531998533,2026-03-19 22:25:01.313074,2026-03-19 22:25:02.192150,0 days 00:00:00.879076,4.261028024363931,0.5019836635872374,48.18966936955562,51.76899486165232,4.278853203882577,5.271481383850393,4.286440984700443,3.3135288484467284e-07,2.9609092686304084e-15,4.527056461426312e-18,8.683834950726539e-07,-15.28948661230889,5.0,,COMPLETE
338,0.004278831597237632,0.16551243869582546,2026-03-19 22:25:02.193147,2026-03-19 22:25:03.302457,0 days 00:00:01.109310,4.2346382238998235,0.601261737934433,47.59972727389745,51.22588748773189,4.379094027358925,5.199126276706165,4.283958774146509,3.263344219019608e-07,2.9609092686304084e-15,6.685816224499828e-18,1.827830267675341e-08,-16.56411822023091,5.0,,COMPLETE
339,0.03954861252198804,0.27974085308677765,2026-03-19 22:25:03.304450,2026-03-19 22:25:04.545326,0 days 00:00:01.240876,4.382066659764742,0.6844004297835506,48.18966936955562,52.44795903216775,4.354882622370904,5.356027057906894,4.238338460123501,3.2545104483393726e-07,3.0891922120486063e-16,1.0429790849525589e-15,5.216745359679826e-08,-16.011595736729653,5.0,,COMPLETE
340,0.009881220293574487,0.20358150925707727,2026-03-19 22:25:04.546320,2026-03-19 22:25:05.746330,0 days 00:00:01.200010,4.293158599747851,0.5019836635872374,47.45403749229349,54.57992769770512,4.392737793920903,5.356027057906894,4.240364667243005,3.2545104483393726e-07,1.7553880687921534e-18,1.0429790849525589e-15,1.1296616855227457e-07,-16.011595736729653,5.0,,COMPLETE
341,0.016339807069119375,0.22024807074722746,2026-03-19 22:25:05.748323,2026-03-19 22:25:06.977236,0 days 00:00:01.228913,4.226698546733474,0.6545193541881145,47.824136989334924,54.57992769770512,4.354882622370904,5.273150344875609,4.240364667243005,3.3032175094638176e-07,3.838278486738179e-18,3.3135253131510606e-16,1.8076634532381588e-08,-15.959018859395377,5.0,,COMPLETE
342,0.005632038837542198,0.6630352297058519,2026-03-19 22:25:06.979229,2026-03-19 22:25:08.186219,0 days 00:00:01.206990,4.237042046047396,0.8711838109137517,48.438218816517185,53.01614488839121,4.388994031712515,5.394680545927231,4.3873661278318155,3.284471614155438e-07,9.409254179768533e-18,1.246840165560895e-17,4.004142375097867e-08,-15.50251469914123,5.0,,COMPLETE
343,0.005828756369900579,0.18520895336921644,2026-03-19 22:25:08.188216,2026-03-19 22:25:09.472998,0 days 00:00:01.284782,4.2786327118721115,0.5019836635872374,47.80222467042024,54.57992769770512,4.354882622370904,5.149390097458008,4.291447561816784,3.2505010846303875e-07,1.7105115772051753e-17,6.685816224499828e-18,6.224828786990978e-08,-15.805539770792993,5.0,,COMPLETE
344,0.018106867490164918,0.042915499767942046,2026-03-19 22:25:09.474990,2026-03-19 22:25:10.676995,0 days 00:00:01.202005,4.237212241566336,0.5019836635872374,47.3003168762928,54.57992769770512,4.354882622370904,5.279250875946508,4.240364667243005,3.317090727718251e-07,1.7553880687921534e-18,5.0001549546154544e-17,1.1617826102574175e-07,-15.959018859395377,5.0,,COMPLETE
345,0.08991191142537923,1.1313766314911302,2026-03-19 22:25:10.678981,2026-03-19 22:25:12.225835,0 days 00:00:01.546854,4.37058491050244,0.6545193541881145,47.03991356867831,54.20296630406954,4.4236499045672115,5.2079480091690495,4.303600780617505,3.3032175094638176e-07,2.286759824254761e-18,1.805986752989185e-18,5.148202578294713e-07,-16.5713563482816,5.0,,COMPLETE
346,,,2026-03-19 22:25:12.226838,2026-03-19 22:25:12.331483,0 days 00:00:00.104645,4.37058491050244,0.5820635849296967,47.03991356867831,54.83798993125984,4.354882622370904,5.356027057906894,4.351720865184129,3.250902804654203e-07,3.507983644591241e-18,9.742401106525117e-17,1.530834168520104e-07,-16.864119018212538,5.0,,PRUNED
347,0.016614907616848452,0.37624543687001116,2026-03-19 22:25:12.332487,2026-03-19 22:25:13.656078,0 days 00:00:01.323591,4.226698546733474,0.6668568577823156,46.939348077758495,54.20296630406954,4.443647817450593,5.122511183310246,4.219504111765734,3.270853861693895e-07,3.838278486738179e-18,3.3135253131510606e-16,1.8076634532381588e-08,-16.5713563482816,5.0,,COMPLETE
348,0.04124020839924657,0.18557979922328763,2026-03-19 22:25:13.657074,2026-03-19 22:25:14.897949,0 days 00:00:01.240875,4.261028024363931,0.5019836635872374,48.18966936955562,54.57992769770512,4.484363311937024,5.356027057906894,4.342799723049529,3.2545104483393726e-07,2.9609092686304084e-15,1.8622163379243724e-18,5.216745359679826e-08,-15.959018859395377,5.0,,COMPLETE
349,0.024592236221117357,0.17390889967552295,2026-03-19 22:25:14.899943,2026-03-19 22:25:15.689919,0 days 00:00:00.789976,4.234315478890364,0.5019836635872374,46.13945573477512,52.87898969183962,4.375560331296998,5.174300683781756,4.243159355525223,3.273121222134936e-07,3.945932077553314e-17,1.099000515574465e-17,2.3683942991672965e-08,-15.959018859395377,5.0,,COMPLETE
350,0.006352386025143352,0.18772924728471208,2026-03-19 22:25:15.690916,2026-03-19 22:25:16.783285,0 days 00:00:01.092369,4.236341919713559,0.5019836635872374,46.13945573477512,54.57992769770512,4.278853203882577,5.112839427696014,4.351720865184129,3.3135288484467284e-07,3.945932077553314e-17,1.099000515574465e-17,3.8465984644840124e-08,-16.832112899107262,5.0,,COMPLETE
351,0.06159716970566702,0.010279565490893152,2026-03-19 22:25:16.784290,2026-03-19 22:25:18.026150,0 days 00:00:01.241860,4.331319307206571,0.5019836635872374,46.13945573477512,53.01614488839121,4.354882622370904,5.356027057906894,4.288975115034987,3.2545104483393726e-07,3.507983644591241e-18,1.246840165560895e-17,3.122790678372754e-08,-13.858672764876355,5.0,,COMPLETE
352,0.06027997802907686,0.1869075239450173,2026-03-19 22:25:18.028143,2026-03-19 22:25:19.337323,0 days 00:00:01.309180,4.234315478890364,0.5820635849296967,46.939348077758495,55.22721378920821,4.370354212021265,5.356027057906894,4.355129620212119,3.316863516888834e-07,3.945932077553314e-17,9.251674542419689e-17,2.724463468973426e-07,-18.390016879788107,5.0,,COMPLETE
