number,values_0,values_1,datetime_start,datetime_complete,duration,params_E_d_sh,params_G_frac,params_N_t_d,params_N_t_sh,params_W_L,params_W_R,params_W_R_sclc,params_d_sclc,params_l1_C_n_bulk,params_l1_k_dir,params_l1_mu_p,params_mu_e,system_attrs_NSGAIISampler:generation,system_attrs_fixed_params,state
353,0.028874512828371533,0.6959028463314805,2026-03-19 22:25:19.339322,2026-03-19 22:25:20.557266,0 days 00:00:01.217944,4.237212241566336,0.9362508087043055,48.23991758273662,52.44795903216775,4.278853203882577,5.284256003823779,4.387594139623272,3.2545104483393726e-07,2.9609092686304084e-15,4.890460045262088e-16,1.1617826102574175e-07,-15.28948661230889,5.0,,COMPLETE
354,0.004883799631080252,0.21019402282629004,2026-03-19 22:25:20.559782,2026-03-19 22:25:21.497509,0 days 00:00:00.937727,4.261028024363931,0.601261737934433,47.59972727389745,53.5097443992023,4.329483390835892,5.356027057906894,4.283958774146509,3.2545104483393726e-07,1.7553880687921534e-18,1.839811767655574e-15,6.224828786990978e-08,-16.56411822023091,5.0,,COMPLETE
355,0.03627665518702518,0.01535399793284571,2026-03-19 22:25:21.498505,2026-03-19 22:25:22.390540,0 days 00:00:00.892035,4.261028024363931,0.5019836635872374,47.3003168762928,54.57992769770512,4.276990294871023,5.250768202247812,4.409005739618163,3.317090727718251e-07,1.7553880687921534e-18,5.0001549546154544e-17,1.1296616855227457e-07,-17.295131446111426,5.0,,COMPLETE
356,0.0032828773543673814,0.14265665712578765,2026-03-19 22:25:22.392540,2026-03-19 22:25:23.617468,0 days 00:00:01.224928,4.261028024363931,0.5997608213072052,48.17551054415603,51.22588748773189,4.38843337450436,5.271481383850393,4.391648908282123,3.3114399659286634e-07,1.7105115772051753e-17,6.685816224499828e-18,5.216745359679826e-08,-15.959018859395377,5.0,,COMPLETE
357,0.06785231347077396,0.24639027550374867,2026-03-19 22:25:23.618471,2026-03-19 22:25:24.841841,0 days 00:00:01.223370,4.260365157779816,0.5820635849296967,46.939348077758495,50.87614857067057,4.317608816869676,5.199126276706165,4.283958774146509,3.273121222134936e-07,2.9676090663296027e-16,1.099000515574465e-17,1.0199417880205782e-07,-14.592372236846177,6.0,,COMPLETE
358,0.008941875108557635,0.015895606358095126,2026-03-19 22:25:24.843842,2026-03-19 22:25:26.095727,0 days 00:00:01.251885,4.331319307206571,0.5019836635872374,46.13945573477512,52.527664145721424,4.354882622370904,5.356027057906894,4.288975115034987,3.2545104483393726e-07,3.507983644591241e-18,1.246840165560895e-17,3.122790678372754e-08,-15.959018859395377,6.0,,COMPLETE
359,0.004888796714342693,0.015571947684590663,2026-03-19 22:25:26.096729,2026-03-19 22:25:27.252396,0 days 00:00:01.155667,4.355842044868156,0.5019836635872374,46.939348077758495,52.2479961236196,4.375560331296998,5.356027057906894,4.355129620212119,3.2969762518510016e-07,2.9609092686304084e-15,1.099000515574465e-17,4.753373408959803e-08,-15.649227127825313,6.0,,COMPLETE
360,0.04199967955934486,0.012370154560391325,2026-03-19 22:25:27.253401,2026-03-19 22:25:28.010874,0 days 00:00:00.757473,4.2786327118721115,0.5019836635872374,46.939348077758495,55.22721378920821,4.317608816869676,5.356027057906894,4.342799723049529,3.273121222134936e-07,3.945932077553314e-17,1.246840165560895e-17,1.827830267675341e-08,-14.346692480933804,6.0,,COMPLETE
361,0.010499345693475463,0.19440920701441392,2026-03-19 22:25:28.011878,2026-03-19 22:25:29.014100,0 days 00:00:01.002222,4.237042046047396,0.5997608213072052,48.17551054415603,53.33132369090388,4.388994031712515,5.394680545927231,4.391648908282123,3.284471614155438e-07,1.7105115772051753e-17,9.594861956763804e-16,4.004142375097867e-08,-15.50251469914123,6.0,,COMPLETE
362,0.03730240937430019,0.2383971598210847,2026-03-19 22:25:29.016093,2026-03-19 22:25:30.239026,0 days 00:00:01.222933,4.261028024363931,0.5954850679528034,46.942664913145535,54.57992769770512,4.211468328989569,5.356027057906894,4.286440984700443,3.2545104483393726e-07,3.507983644591241e-18,5.7082544639999895e-18,3.8465984644840124e-08,-15.310168336605344,6.0,,COMPLETE
363,,,2026-03-19 22:25:30.240023,2026-03-19 22:25:30.353644,0 days 00:00:00.113621,4.453259227164089,0.5019836635872374,46.942664913145535,53.01614488839121,4.354882622370904,5.356027057906894,4.413123506173885,3.2545104483393726e-07,3.507983644591241e-18,1.246840165560895e-17,5.216745359679826e-08,-15.959018859395377,6.0,,PRUNED
364,0.029249262681562478,0.03137402412005883,2026-03-19 22:25:30.355644,2026-03-19 22:25:31.554650,0 days 00:00:01.199006,4.2346382238998235,0.5019836635872374,46.244708592834044,52.47157310532019,4.276990294871023,5.356027057906894,4.436455228389965,3.2545104483393726e-07,2.8126695011859696e-17,6.685816224499828e-18,3.122790678372754e-08,-15.310168336605344,6.0,,COMPLETE
365,0.06098117546115969,0.15343294976381633,2026-03-19 22:25:31.556649,2026-03-19 22:25:32.887217,0 days 00:00:01.330568,4.234315478890364,0.6104925666173716,46.939348077758495,55.22721378920821,4.370354212021265,5.356027057906894,4.391648908282123,3.273121222134936e-07,2.1887744720383013e-18,1.0749446630110402e-16,1.827830267675341e-08,-18.29560656764525,6.0,,COMPLETE
366,0.0183573641114357,0.042915499767942046,2026-03-19 22:25:32.889211,2026-03-19 22:25:34.079284,0 days 00:00:01.190073,4.237212241566336,0.5019836635872374,47.3003168762928,54.57992769770512,4.354882622370904,5.279250875946508,4.240364667243005,3.3082600046606283e-07,1.7553880687921534e-18,5.0001549546154544e-17,1.1617826102574175e-07,-15.959018859395377,6.0,,COMPLETE
367,0.025726042368177597,0.15658655273180105,2026-03-19 22:25:34.081284,2026-03-19 22:25:35.276302,0 days 00:00:01.195018,4.3200747017496735,0.559816947696373,46.942664913145535,54.57992769770512,4.354882622370904,5.318422226130077,4.286440984700443,3.2545104483393726e-07,3.507983644591241e-18,3.3135253131510606e-16,1.9961325753178778e-07,-15.959018859395377,6.0,,COMPLETE
368,0.004388280887685517,0.2385047205598514,2026-03-19 22:25:35.277306,2026-03-19 22:25:36.037769,0 days 00:00:00.760463,4.261028024363931,0.5997608213072052,47.59972727389745,53.5097443992023,4.329483390835892,5.356027057906894,4.283958774146509,3.3114399659286634e-07,1.7105115772051753e-17,1.839811767655574e-15,2.5671651292442464e-08,-16.56411822023091,6.0,,COMPLETE
369,0.025273699970219266,0.28418739474003657,2026-03-19 22:25:36.038766,2026-03-19 22:25:37.281634,0 days 00:00:01.242868,4.2346382238998235,0.5820635849296967,46.939348077758495,54.53376251359349,4.375560331296998,5.122511183310246,4.449433934642604,3.263344219019608e-07,1.0151823884973105e-18,6.685816224499828e-18,1.827830267675341e-08,-16.56411822023091,6.0,,COMPLETE
370,0.04402000034463921,0.41696283229787173,2026-03-19 22:25:37.283626,2026-03-19 22:25:38.561377,0 days 00:00:01.277751,4.382066659764742,0.5019836635872374,46.939348077758495,53.01614488839121,4.375560331296998,5.356027057906894,4.413123506173885,3.301596634764976e-07,3.507983644591241e-18,1.246840165560895e-17,8.414999594665851e-07,-15.649227127825313,6.0,,COMPLETE
371,,,2026-03-19 22:25:38.563371,2026-03-19 22:25:38.666029,0 days 00:00:00.102658,4.407366137220272,0.559816947696373,49.734956794960475,54.57992769770512,4.241475006500073,5.356027057906894,4.342799723049529,3.2545104483393726e-07,3.507983644591241e-18,1.246840165560895e-17,1.2286541859687658e-08,-15.50251469914123,6.0,,PRUNED
372,0.04894833024989917,0.19336360123775068,2026-03-19 22:25:38.667026,2026-03-19 22:25:39.932816,0 days 00:00:01.265790,4.2342702243726436,0.5997608213072052,47.320133293882,52.499289653358105,4.38843337450436,5.356027057906894,4.391648908282123,3.3114399659286634e-07,3.945932077553314e-17,2.3849206883352344e-16,1.4070476954550277e-07,-17.90793745200021,6.0,,COMPLETE
373,0.004239160242512544,0.3010435510385846,2026-03-19 22:25:39.934810,2026-03-19 22:25:41.332451,0 days 00:00:01.397641,4.260365157779816,0.601261737934433,47.59972727389745,51.22588748773189,4.379094027358925,5.122308079610097,4.283958774146509,3.263344219019608e-07,2.9609092686304084e-15,1.839811767655574e-15,5.703346397103861e-07,-16.56411822023091,6.0,,COMPLETE
374,0.04781879654062899,0.08452404912295934,2026-03-19 22:25:41.334445,2026-03-19 22:25:42.565350,0 days 00:00:01.230905,4.2786327118721115,0.5019836635872374,47.3003168762928,54.57992769770512,4.354882622370904,5.250768202247812,4.342799723049529,3.317090727718251e-07,1.7553880687921534e-18,1.246840165560895e-17,6.224828786990978e-08,-14.351821555311783,6.0,,COMPLETE
375,0.034207416782960784,0.019707351412782143,2026-03-19 22:25:42.567344,2026-03-19 22:25:43.842104,0 days 00:00:01.274760,4.234315478890364,0.5019836635872374,46.939348077758495,55.22721378920821,4.370354212021265,5.356027057906894,4.355129620212119,3.2627349749608846e-07,3.455142978985481e-18,1.099000515574465e-17,2.8841732855020003e-08,-15.219467967403215,6.0,,COMPLETE
376,0.005664613047972739,0.09406153192533671,2026-03-19 22:25:43.844098,2026-03-19 22:25:45.084970,0 days 00:00:01.240872,4.261028024363931,0.559816947696373,48.438218816517185,50.97593106965425,4.396767351422441,5.350016647443819,4.3873661278318155,3.244716103737108e-07,3.507983644591241e-18,1.246840165560895e-17,7.708919199738769e-08,-15.50251469914123,6.0,,COMPLETE
377,0.017959304412889773,0.06629412117004337,2026-03-19 22:25:45.085967,2026-03-19 22:25:46.447440,0 days 00:00:01.361473,4.381742669571981,0.5019836635872374,47.63940518084415,52.527664145721424,4.276990294871023,5.191556639371847,4.355129620212119,3.3114399659286634e-07,5.36538294022442e-17,1.246840165560895e-17,3.122790678372754e-08,-15.310168336605344,6.0,,COMPLETE
378,0.009151323299316283,0.2809789546618627,2026-03-19 22:25:46.448436,2026-03-19 22:25:47.753097,0 days 00:00:01.304661,4.261028024363931,0.5820635849296967,46.942664913145535,52.2479961236196,4.212518263285674,5.122511183310246,4.286440984700443,3.3135288484467284e-07,3.507983644591241e-18,1.099000515574465e-17,2.3683942991672965e-08,-16.612504601821353,6.0,,COMPLETE
379,0.017475485264974257,0.23446382186792997,2026-03-19 22:25:47.755090,2026-03-19 22:25:48.977026,0 days 00:00:01.221936,4.226698546733474,0.5019836635872374,47.824136989334924,54.20296630406954,4.23727571612222,5.284256003823779,4.326509075041645,3.240772582340877e-07,3.838278486738179e-18,3.3135253131510606e-16,1.8076634532381588e-08,-17.295131446111426,6.0,,COMPLETE
380,0.01468962658231993,0.21908413258777884,2026-03-19 22:25:48.979024,2026-03-19 22:25:50.196969,0 days 00:00:01.217945,4.2342702243726436,0.5019836635872374,47.320133293882,54.57992769770512,4.354882622370904,5.197855857154869,4.240364667243005,3.317090727718251e-07,6.277029631106576e-15,2.3849206883352344e-16,1.5557230505933476e-08,-16.08958727810675,6.0,,COMPLETE
381,0.0029836473568406255,0.022730985160995813,2026-03-19 22:25:50.198963,2026-03-19 22:25:51.145814,0 days 00:00:00.946851,4.331319307206571,0.5019836635872374,48.17551054415603,51.22588748773189,4.38843337450436,5.356027057906894,4.288975115034987,3.3114399659286634e-07,3.507983644591241e-18,6.685816224499828e-18,5.216745359679826e-08,-15.959018859395377,6.0,,COMPLETE
382,0.01028009674648342,0.11824097865691396,2026-03-19 22:25:51.147808,2026-03-19 22:25:52.245157,0 days 00:00:01.097349,4.234315478890364,0.5477600735208027,46.939348077758495,55.22721378920821,4.370354212021265,5.174300683781756,4.283958774146509,3.273121222134936e-07,3.945932077553314e-17,1.099000515574465e-17,3.8465984644840124e-08,-16.832112899107262,6.0,,COMPLETE
383,0.006634806653785654,0.21100583118044236,2026-03-19 22:25:52.247150,2026-03-19 22:25:53.493006,0 days 00:00:01.245856,4.382066659764742,0.601261737934433,46.942664913145535,50.893779064040565,4.329483390835892,5.356027057906894,4.283958774146509,3.2545104483393726e-07,3.507983644591241e-18,1.839811767655574e-15,5.216745359679826e-08,-15.959018859395377,6.0,,COMPLETE
384,0.01094889574141316,0.012767224796114118,2026-03-19 22:25:53.495000,2026-03-19 22:25:54.473744,0 days 00:00:00.978744,4.261028024363931,0.5019836635872374,46.13945573477512,54.57992769770512,4.212518263285674,5.271481383850393,4.409005739618163,3.317090727718251e-07,1.7553880687921534e-18,5.0001549546154544e-17,1.1296616855227457e-07,-15.959018859395377,6.0,,COMPLETE
385,0.034971717967868375,0.11018078957387346,2026-03-19 22:25:54.475737,2026-03-19 22:25:55.486377,0 days 00:00:01.010640,4.331319307206571,0.559816947696373,46.13945573477512,54.57992769770512,4.354882622370904,5.356027057906894,4.288975115034987,3.2545104483393726e-07,3.507983644591241e-18,1.246840165560895e-17,3.122790678372754e-08,-15.959018859395377,6.0,,COMPLETE
386,0.006262619775411433,0.03269641898549222,2026-03-19 22:25:55.488370,2026-03-19 22:25:56.484693,0 days 00:00:00.996323,4.234315478890364,0.5182321305841613,46.244708592834044,55.22721378920821,4.370354212021265,5.356027057906894,4.2817395144704165,3.314471600842764e-07,3.945932077553314e-17,3.857173702491616e-17,1.827830267675341e-08,-16.56411822023091,6.0,,COMPLETE
387,0.00423317964592327,0.33197710693663035,2026-03-19 22:25:56.486694,2026-03-19 22:25:57.641844,0 days 00:00:01.155150,4.2346382238998235,0.7144588236749774,47.59972727389745,52.47157310532019,4.379094027358925,5.199126276706165,4.2817395144704165,3.2545104483393726e-07,2.8126695011859696e-17,6.685816224499828e-18,1.1296616855227457e-07,-16.56411822023091,6.0,,COMPLETE
388,0.03174996039096886,0.022597008251818526,2026-03-19 22:25:57.642851,2026-03-19 22:25:58.598661,0 days 00:00:00.955810,4.236341919713559,0.5019836635872374,46.13945573477512,51.22588748773189,4.212518263285674,5.271481383850393,4.243159355525223,3.3114399659286634e-07,1.7105115772051753e-17,6.685816224499828e-18,2.3683942991672965e-08,-15.959018859395377,6.0,,COMPLETE
389,0.032622122256799176,0.0830732302603978,2026-03-19 22:25:58.599657,2026-03-19 22:25:59.829985,0 days 00:00:01.230328,4.354293165623305,0.5019836635872374,46.942664913145535,52.527664145721424,4.359157530110931,5.191556639371847,4.355129620212119,3.3114399659286634e-07,5.36538294022442e-17,4.527056461426312e-18,2.7952892424898336e-08,-16.612504601821353,6.0,,COMPLETE
390,0.008603266473253322,0.01905505984895942,2026-03-19 22:25:59.830986,2026-03-19 22:26:01.015043,0 days 00:00:01.184057,4.331319307206571,0.5019836635872374,46.13945573477512,53.01614488839121,4.354882622370904,5.356027057906894,4.413123506173885,3.2545104483393726e-07,3.507983644591241e-18,1.246840165560895e-17,1.5486206706226516e-07,-15.959018859395377,6.0,,COMPLETE
391,0.006472380253944669,0.16537979768732725,2026-03-19 22:26:01.016044,2026-03-19 22:26:01.978838,0 days 00:00:00.962794,4.382066659764742,0.5820635849296967,46.939348077758495,51.76899486165232,4.263914498393796,5.397453273209866,4.235315060109596,3.273121222134936e-07,2.9676090663296027e-16,9.742401106525117e-17,5.33689977465345e-07,-15.50251469914123,6.0,,COMPLETE
392,0.0120529817535943,0.006362822148219969,2026-03-19 22:26:01.980836,2026-03-19 22:26:03.190807,0 days 00:00:01.209971,4.261028024363931,0.5019836635872374,47.320133293882,52.527664145721424,4.276990294871023,5.239397836274742,4.409005739618163,3.2545104483393726e-07,2.286759824254761e-18,1.246840165560895e-17,1.1296616855227457e-07,-16.08958727810675,6.0,,COMPLETE
393,0.005902884442686909,0.015114559434878277,2026-03-19 22:26:03.191803,2026-03-19 22:26:04.390816,0 days 00:00:01.199013,4.234315478890364,0.5019836635872374,48.18966936955562,51.76899486165232,4.278853203882577,5.384276584623008,4.391648908282123,3.273121222134936e-07,3.945932077553314e-17,5.0001549546154544e-17,1.1617826102574175e-07,-16.08958727810675,6.0,,COMPLETE
394,0.09219451166039236,0.024455364883399944,2026-03-19 22:26:04.391813,2026-03-19 22:26:05.701456,0 days 00:00:01.309643,4.382478069269643,0.5019836635872374,46.939348077758495,55.22721378920821,4.276990294871023,5.318116266188447,4.355129620212119,3.3114399659286634e-07,5.36538294022442e-17,1.246840165560895e-17,3.122790678372754e-08,-15.310168336605344,6.0,,COMPLETE
395,0.009749087193467815,0.015855966073588832,2026-03-19 22:26:05.703450,2026-03-19 22:26:06.883526,0 days 00:00:01.180076,4.261028024363931,0.5019836635872374,46.13945573477512,55.24135673911954,4.354882622370904,5.356027057906894,4.240364667243005,3.2545104483393726e-07,1.7553880687921534e-18,1.246840165560895e-17,3.122790678372754e-08,-15.959018859395377,6.0,,COMPLETE
396,,,2026-03-19 22:26:06.885519,2026-03-19 22:26:07.040007,0 days 00:00:00.154488,4.226698546733474,0.5019836635872374,50.04108405864838,54.57992769770512,4.23727571612222,5.2079480091690495,4.326509075041645,3.319319196903173e-07,3.838278486738179e-18,6.685816224499828e-18,1.8076634532381588e-08,-15.805539770792993,6.0,,PRUNED
397,0.01353776545924753,0.1403180738269036,2026-03-19 22:26:07.041002,2026-03-19 22:26:08.316759,0 days 00:00:01.275757,4.347129953977333,0.5954850679528034,46.942664913145535,50.74682188745372,4.392737793920903,5.397453273209866,4.286440984700443,3.3009855207349447e-07,3.0891922120486063e-16,5.0001549546154544e-17,3.8465984644840124e-08,-16.832112899107262,6.0,,COMPLETE
398,0.021735510303838215,0.1704685168305322,2026-03-19 22:26:08.318752,2026-03-19 22:26:09.545672,0 days 00:00:01.226920,4.2342702243726436,0.5997608213072052,47.320133293882,52.499289653358105,4.388994031712515,5.394680545927231,4.391648908282123,3.3114399659286634e-07,2.286759824254761e-18,3.822274464153416e-16,4.004142375097867e-08,-15.50251469914123,6.0,,COMPLETE
399,0.01877512244490449,0.03537615428129825,2026-03-19 22:26:09.547670,2026-03-19 22:26:10.844209,0 days 00:00:01.296539,4.234315478890364,0.5019836635872374,47.3003168762928,54.37606422274231,4.276990294871023,5.199126276706165,4.355129620212119,3.263344219019608e-07,2.9609092686304084e-15,1.099000515574465e-17,2.6209754423415255e-08,-17.295131446111426,6.0,,COMPLETE
