number,values_0,values_1,datetime_start,datetime_complete,duration,params_E_d_sh,params_G_frac,params_N_t_d,params_N_t_sh,params_W_L,params_W_R,params_W_R_sclc,params_d_sclc,params_l1_C_n_bulk,params_l1_k_dir,params_l1_mu_p,params_mu_e,system_attrs_NSGAIISampler:generation,system_attrs_fixed_params,state
177,0.03483309773419962,0.7422762411453065,2026-03-19 22:22:16.619515,2026-03-19 22:22:17.840454,0 days 00:00:01.220939,4.260365157779816,0.878511712595475,47.59972727389745,52.527664145721424,4.278853203882577,5.358812519018712,4.391648908282123,3.263344219019608e-07,1.3290507253981834e-16,5.894019892940314e-18,1.827830267675341e-08,-15.28948661230889,2.0,,COMPLETE
178,0.04510881725878686,0.13837292735740753,2026-03-19 22:22:17.841450,2026-03-19 22:22:18.904915,0 days 00:00:01.063465,4.234315478890364,0.5820635849296967,46.939348077758495,52.0073637811758,4.278853203882577,5.243587256210744,4.355129620212119,3.263344219019608e-07,2.9609092686304084e-15,1.099000515574465e-17,3.8465984644840124e-08,-15.28948661230889,2.0,,COMPLETE
179,0.019148299606726173,0.37138888036135387,2026-03-19 22:22:18.905923,2026-03-19 22:22:20.054102,0 days 00:00:01.148179,4.231023707976516,0.601261737934433,46.939348077758495,53.5097443992023,4.375560331296998,5.149685538968785,4.405440091491053,3.273121222134936e-07,8.4396316600259225e-16,1.839811767655574e-15,2.204423452163119e-08,-15.649227127825313,2.0,,COMPLETE
180,0.06853373005697734,0.07308389792790655,2026-03-19 22:22:20.055097,2026-03-19 22:22:21.192344,0 days 00:00:01.137247,4.382066659764742,0.5019836635872374,48.18966936955562,52.44795903216775,4.354882622370904,5.356027057906894,4.351720865184129,3.2545104483393726e-07,3.507983644591241e-18,9.742401106525117e-17,5.216745359679826e-08,-16.864119018212538,2.0,,COMPLETE
181,0.03974845813170515,0.33792547700216674,2026-03-19 22:22:21.194336,2026-03-19 22:22:22.377403,0 days 00:00:01.183067,4.318753000958001,0.6734900863365575,46.67494949544364,52.44795903216775,4.392737793920903,5.198779899438335,4.351720865184129,3.248092396479375e-07,3.0891922120486063e-16,9.742401106525117e-17,6.847209867206501e-08,-14.837079381260818,2.0,,COMPLETE
182,0.07527822347087473,0.21218065434619246,2026-03-19 22:22:22.378399,2026-03-19 22:22:23.567472,0 days 00:00:01.189073,4.442278674207823,0.5997608213072052,47.03991356867831,52.499289653358105,4.354882622370904,5.239397836274742,4.419653618218602,3.2572053692447444e-07,3.0891922120486063e-16,3.112190204862684e-16,1.1296616855227457e-07,-15.181124377872901,2.0,,COMPLETE
183,0.018491771945973567,0.28500520299459364,2026-03-19 22:22:23.568460,2026-03-19 22:22:24.784420,0 days 00:00:01.215960,4.347129953977333,0.6856809805855046,46.81698880911726,51.023704113296034,4.358471087669369,5.279596166494226,4.235315060109596,3.2572053692447444e-07,1.0715532577210174e-15,2.70285667078871e-17,3.811040416663736e-08,-17.180081258435536,2.0,,COMPLETE
184,0.03410715743030454,0.3429067241565189,2026-03-19 22:22:24.785414,2026-03-19 22:22:25.770140,0 days 00:00:00.984726,4.3270130136827,0.6734900863365575,47.20316873268942,53.56839891638172,4.216098710646795,5.373525726891306,4.413133422387744,3.2548798432819555e-07,2.9233022335265697e-17,9.742401106525117e-17,7.612389811726991e-08,-14.290271443192193,2.0,,COMPLETE
185,0.03715885332341628,0.32984583263447664,2026-03-19 22:22:25.771135,2026-03-19 22:22:26.924130,0 days 00:00:01.152995,4.260365157779816,0.6844004297835506,46.67494949544364,54.65859813960715,4.278853203882577,5.243587256210744,4.238338460123501,3.294119650768617e-07,3.0891922120486063e-16,5.8234977085604855e-18,3.5946564385159697e-07,-15.28948661230889,2.0,,COMPLETE
186,,,2026-03-19 22:22:26.925127,2026-03-19 22:22:26.988914,0 days 00:00:00.063787,4.300014383114836,0.8967715023905869,50.40971079611816,50.65796021798153,4.277765478241054,5.394850626597814,4.363643525369243,3.2782871480581213e-07,4.782870502597162e-15,3.626312316420821e-15,1.5274796418134635e-08,-16.6906013544176,2.0,,PRUNED
187,0.06474372531749376,0.23216151731333157,2026-03-19 22:22:26.989911,2026-03-19 22:22:28.227339,0 days 00:00:01.237428,4.347129953977333,0.6844004297835506,47.41512362220053,54.20296630406954,4.23727571612222,5.397453273209866,4.389986437330489,3.3032175094638176e-07,3.838278486738179e-18,3.3135253131510606e-16,1.8076634532381588e-08,-16.5713563482816,2.0,,COMPLETE
188,0.07662531824512095,0.6238997071585349,2026-03-19 22:22:28.228334,2026-03-19 22:22:29.662624,0 days 00:00:01.434290,4.318753000958001,0.6628857376209412,48.18966936955562,53.46680755354027,4.216098710646795,5.214502693146427,4.351720865184129,3.248092396479375e-07,4.2583340042467596e-17,4.26245226413663e-15,1.5274796418134635e-08,-18.266321075163365,2.0,,COMPLETE
189,0.061729035951856796,0.2500368719742253,2026-03-19 22:22:29.663618,2026-03-19 22:22:30.961306,0 days 00:00:01.297688,4.382066659764742,0.5019836635872374,47.63940518084415,52.527664145721424,4.462973071523347,5.191556639371847,4.436455228389965,3.3114399659286634e-07,3.507983644591241e-18,1.246840165560895e-17,5.216745359679826e-08,-15.959018859395377,2.0,,COMPLETE
190,0.0417298524544742,0.12311246394134868,2026-03-19 22:22:30.963294,2026-03-19 22:22:32.190731,0 days 00:00:01.227437,4.382066659764742,0.559816947696373,46.942664913145535,53.01614488839121,4.317608816869676,5.243587256210744,4.286440984700443,3.263344219019608e-07,3.507983644591241e-18,2.3235242822100193e-16,1.827830267675341e-08,-15.862274699258453,3.0,,COMPLETE
191,0.05788843251114616,0.09412079128664139,2026-03-19 22:22:32.191728,2026-03-19 22:22:33.128613,0 days 00:00:00.936885,4.2342702243726436,0.5019836635872374,48.962630344218546,52.67242976368195,4.212518263285674,5.358812519018712,4.391648908282123,3.3114399659286634e-07,1.3290507253981834e-16,3.3135253131510606e-16,1.9961325753178778e-07,-17.295131446111426,3.0,,COMPLETE
192,0.031051116992266956,0.2950596848384522,2026-03-19 22:22:33.130607,2026-03-19 22:22:34.430285,0 days 00:00:01.299678,4.2759394707822205,0.601261737934433,48.14117974131507,53.5097443992023,4.440673365451567,5.25731944620876,4.228701478791007,3.300046361651114e-07,3.743188188281788e-16,1.839811767655574e-15,2.204423452163119e-08,-16.56411822023091,3.0,,COMPLETE
193,0.02236877924614472,0.11412318638327673,2026-03-19 22:22:34.431280,2026-03-19 22:22:35.665184,0 days 00:00:01.233904,4.2346382238998235,0.559816947696373,46.942664913145535,51.22588748773189,4.437804535695069,5.265287601965484,4.2817395144704165,3.254417486212746e-07,2.8126695011859696e-17,6.685816224499828e-18,1.866100968837452e-08,-15.50251469914123,3.0,,COMPLETE
194,0.026096762197390978,0.3033763680587063,2026-03-19 22:22:35.666180,2026-03-19 22:22:36.816383,0 days 00:00:01.150203,4.234315478890364,0.5820635849296967,48.14117974131507,52.0073637811758,4.379094027358925,5.243587256210744,4.355129620212119,3.301432210900015e-07,2.9609092686304084e-15,3.554307603366612e-15,3.2832837171750414e-07,-15.28948661230889,3.0,,COMPLETE
195,0.013478798037521599,0.1936669389994837,2026-03-19 22:22:36.818378,2026-03-19 22:22:37.961575,0 days 00:00:01.143197,4.296767739000891,0.5954850679528034,47.59972727389745,53.56839891638172,4.211468328989569,5.373525726891306,4.459824136695029,3.294119650768617e-07,2.9233022335265697e-17,4.214951670642201e-16,3.5946564385159697e-07,-15.28948661230889,3.0,,COMPLETE
196,0.027608995690788514,0.20119830084691787,2026-03-19 22:22:37.962574,2026-03-19 22:22:38.844655,0 days 00:00:00.882081,4.2342702243726436,0.6170281125049464,46.24751366664456,51.8281956629406,4.387044854537194,5.373525726891306,4.366283483868392,3.3114399659286634e-07,1.3290507253981834e-16,4.214951670642201e-16,7.441814311802983e-08,-15.60031283005292,3.0,,COMPLETE
197,0.014580308998970677,0.17993695271276325,2026-03-19 22:22:38.845652,2026-03-19 22:22:40.034707,0 days 00:00:01.189055,4.360185429811156,0.5820635849296967,46.939348077758495,53.01614488839121,4.317608816869676,5.174300683781756,4.3873661278318155,3.273121222134936e-07,3.945932077553314e-17,1.099000515574465e-17,3.8465984644840124e-08,-15.50251469914123,3.0,,COMPLETE
198,0.017959304412889773,0.06629412117004337,2026-03-19 22:22:40.035703,2026-03-19 22:22:40.969600,0 days 00:00:00.933897,4.381742669571981,0.5019836635872374,47.63940518084415,52.527664145721424,4.276990294871023,5.191556639371847,4.355129620212119,3.3114399659286634e-07,5.36538294022442e-17,1.246840165560895e-17,3.122790678372754e-08,-15.310168336605344,3.0,,COMPLETE
199,0.05432518293702192,0.015736745695405396,2026-03-19 22:22:40.970597,2026-03-19 22:22:42.151674,0 days 00:00:01.181077,4.261028024363931,0.5019836635872374,48.962630344218546,52.47157310532019,4.23727571612222,5.284256003823779,4.387594139623272,3.254850005132997e-07,1.3024558698540351e-15,1.246840165560895e-17,2.204423452163119e-08,-17.295131446111426,3.0,,COMPLETE
200,0.06184466520126289,0.5006409299178789,2026-03-19 22:22:42.153672,2026-03-19 22:22:43.445375,0 days 00:00:01.291703,4.382066659764742,0.6844004297835506,47.45403749229349,53.34050297833501,4.392737793920903,5.356027057906894,4.351720865184129,3.2545104483393726e-07,3.0891922120486063e-16,9.742401106525117e-17,2.838225737588186e-07,-16.011595736729653,3.0,,COMPLETE
201,0.011191181518797106,0.1865825338955169,2026-03-19 22:22:43.446371,2026-03-19 22:22:44.667595,0 days 00:00:01.221224,4.234315478890364,0.5954850679528034,46.939348077758495,53.56839891638172,4.211468328989569,5.15930839020297,4.413133422387744,3.2548798432819555e-07,3.945932077553314e-17,1.099000515574465e-17,3.8465984644840124e-08,-16.832112899107262,3.0,,COMPLETE
202,0.05770500109757897,0.4339617163561242,2026-03-19 22:22:44.668592,2026-03-19 22:22:45.995712,0 days 00:00:01.327120,4.261028024363931,0.9362508087043055,48.23991758273662,54.470667912577404,4.440673365451567,5.284256003823779,4.326509075041645,3.2545104483393726e-07,1.7553880687921534e-18,4.890460045262088e-16,2.204423452163119e-08,-17.295131446111426,3.0,,COMPLETE
203,0.021844659447849708,0.20729702978042594,2026-03-19 22:22:45.996707,2026-03-19 22:22:47.185761,0 days 00:00:01.189054,4.298737935369436,0.5997608213072052,47.03991356867831,52.499289653358105,4.392737793920903,5.239397836274742,4.419653618218602,3.2572053692447444e-07,2.286759824254761e-18,3.112190204862684e-16,1.4070476954550277e-07,-15.181124377872901,3.0,,COMPLETE
204,0.02620336091404082,0.18546464703704704,2026-03-19 22:22:47.186766,2026-03-19 22:22:48.371815,0 days 00:00:01.185049,4.237212241566336,0.6170281125049464,46.29424465206379,53.34050297833501,4.329483390835892,5.250768202247812,4.436455228389965,3.317090727718251e-07,4.797568610857822e-18,5.7082544639999895e-18,1.1617826102574175e-07,-15.310168336605344,3.0,,COMPLETE
205,0.015553232360959379,0.22391516651067744,2026-03-19 22:22:48.372812,2026-03-19 22:22:49.510628,0 days 00:00:01.137816,4.331319307206571,0.6170281125049464,47.63940518084415,52.08762971326317,4.212518263285674,5.358812519018712,4.445551152231625,3.3114399659286634e-07,1.7105115772051753e-17,9.08055690718202e-16,1.811848074059321e-07,-15.181124377872901,3.0,,COMPLETE
206,0.01997357365142657,0.20464011573412824,2026-03-19 22:22:49.511625,2026-03-19 22:22:50.699237,0 days 00:00:01.187612,4.348756527850604,0.6170281125049464,46.939348077758495,52.0073637811758,4.278853203882577,5.373525726891306,4.455439792280776,3.263344219019608e-07,2.9609092686304084e-15,4.214951670642201e-16,2.5862813676248947e-07,-16.08958727810675,3.0,,COMPLETE
207,0.0025548558447008787,0.04799055056534876,2026-03-19 22:22:50.700238,2026-03-19 22:22:51.883355,0 days 00:00:01.183117,4.382066659764742,0.5019836635872374,48.18966936955562,51.76899486165232,4.278853203882577,5.243587256210744,4.351720865184129,3.2545104483393726e-07,2.9609092686304084e-15,9.742401106525117e-17,5.216745359679826e-08,-15.28948661230889,3.0,,COMPLETE
208,0.005974015617173043,0.48550820194883804,2026-03-19 22:22:51.885351,2026-03-19 22:22:53.088359,0 days 00:00:01.203008,4.37058491050244,0.5820635849296967,47.03991356867831,52.499289653358105,4.4236499045672115,5.239397836274742,4.303600780617505,3.250902804654203e-07,2.286759824254761e-18,1.805986752989185e-18,5.148202578294713e-07,-15.181124377872901,3.0,,COMPLETE
209,0.013666280740971072,0.19735650818609088,2026-03-19 22:22:53.089355,2026-03-19 22:22:54.291366,0 days 00:00:01.202011,4.331319307206571,0.6170281125049464,47.63940518084415,53.56839891638172,4.387044854537194,5.373525726891306,4.436455228389965,3.3114399659286634e-07,1.3290507253981834e-16,4.214951670642201e-16,3.122790678372754e-08,-15.310168336605344,3.0,,COMPLETE
210,0.0351443906307679,0.3289968823724999,2026-03-19 22:22:54.292363,2026-03-19 22:22:55.464464,0 days 00:00:01.172101,4.260365157779816,0.6106644077566932,47.63940518084415,52.527664145721424,4.276990294871023,5.243587256210744,4.459824136695029,3.3114399659286634e-07,5.36538294022442e-17,5.2500726543127594e-15,3.122790678372754e-08,-14.445281565666267,3.0,,COMPLETE
211,0.006721469570430108,0.1583999581855474,2026-03-19 22:22:55.466458,2026-03-19 22:22:56.646060,0 days 00:00:01.179602,4.234315478890364,0.5820635849296967,46.939348077758495,52.0073637811758,4.375560331296998,5.174300683781756,4.355129620212119,3.273121222134936e-07,3.945932077553314e-17,1.099000515574465e-17,3.8465984644840124e-08,-16.832112899107262,3.0,,COMPLETE
212,0.0832348223291062,0.63941147451083,2026-03-19 22:22:56.647056,2026-03-19 22:22:57.880962,0 days 00:00:01.233906,4.250726966967294,0.5182321305841613,48.7676933113234,54.20296630406954,4.449211567484909,5.2079480091690495,4.303600780617505,3.250902804654203e-07,2.8126695011859696e-17,1.0567420581597626e-17,5.148202578294713e-07,-17.575567206332217,3.0,,COMPLETE
213,0.015368441126135578,0.23616674606330995,2026-03-19 22:22:57.881959,2026-03-19 22:22:59.096543,0 days 00:00:01.214584,4.2759394707822205,0.601261737934433,48.14117974131507,53.5097443992023,4.440673365451567,5.284256003823779,4.228701478791007,3.300046361651114e-07,1.3024558698540351e-15,1.839811767655574e-15,2.204423452163119e-08,-15.090298316788083,3.0,,COMPLETE
214,,,2026-03-19 22:22:59.097515,2026-03-19 22:22:59.166341,0 days 00:00:00.068826,4.331319307206571,0.6170281125049464,49.91435545779997,52.499289653358105,4.392737793920903,5.217939510302468,4.419653618218602,3.2572053692447444e-07,5.36538294022442e-17,3.112190204862684e-16,3.122790678372754e-08,-15.181124377872901,3.0,,PRUNED
215,0.011243792455471203,0.6415674069193049,2026-03-19 22:22:59.167340,2026-03-19 22:23:00.428370,0 days 00:00:01.261030,4.33391702919369,0.9362508087043055,46.13945573477512,54.57992769770512,4.354882622370904,5.284256003823779,4.240364667243005,3.2545104483393726e-07,1.7553880687921534e-18,4.890460045262088e-16,2.4955037344998613e-08,-15.090298316788083,3.0,,COMPLETE
216,0.01746114284303997,0.4672275866758964,2026-03-19 22:23:00.430370,2026-03-19 22:23:01.233797,0 days 00:00:00.803427,4.234315478890364,0.8698457609433643,46.67494949544364,53.34050297833501,4.392737793920903,5.198779899438335,4.309770836024574,3.2512921766883153e-07,3.0891922120486063e-16,1.0429790849525589e-15,3.8465984644840124e-08,-16.011595736729653,3.0,,COMPLETE
217,0.003982137117864807,0.32087207426653347,2026-03-19 22:23:01.234783,2026-03-19 22:23:02.251401,0 days 00:00:01.016618,4.260365157779816,0.601261737934433,47.59972727389745,53.5097443992023,4.379094027358925,5.199126276706165,4.283958774146509,3.263344219019608e-07,2.9609092686304084e-15,1.839811767655574e-15,1.827830267675341e-08,-16.56411822023091,3.0,,COMPLETE
218,0.05180104709220459,0.25313111267690086,2026-03-19 22:23:02.252401,2026-03-19 22:23:03.462052,0 days 00:00:01.209651,4.2346382238998235,0.601261737934433,47.85734136083071,51.22588748773189,4.440673365451567,5.284256003823779,4.2817395144704165,3.317787868747067e-07,2.8126695011859696e-17,1.839811767655574e-15,2.204423452163119e-08,-14.01939295907322,3.0,,COMPLETE
219,0.01671135010207936,0.2909517424570275,2026-03-19 22:23:03.463056,2026-03-19 22:23:04.645139,0 days 00:00:01.182083,4.260365157779816,0.635445991132707,46.939348077758495,52.0073637811758,4.278853203882577,5.174300683781756,4.459824136695029,3.273121222134936e-07,2.9609092686304084e-15,1.099000515574465e-17,1.827830267675341e-08,-15.90991725169762,3.0,,COMPLETE
220,0.02248789973483797,0.3108687814652201,2026-03-19 22:23:04.646144,2026-03-19 22:23:05.543238,0 days 00:00:00.897094,4.260365157779816,0.6844004297835506,47.59972727389745,53.24990570784564,4.278853203882577,5.198779899438335,4.238338460123501,3.2512921766883153e-07,3.9235729767036515e-17,5.8234977085604855e-18,2.838225737588186e-07,-16.011595736729653,3.0,,COMPLETE
221,0.053357201480469026,0.23331924848836366,2026-03-19 22:23:05.544246,2026-03-19 22:23:06.734407,0 days 00:00:01.190161,4.236341919713559,0.6170281125049464,46.67494949544364,53.34050297833501,4.392737793920903,5.358812519018712,4.445551152231625,3.2512921766883153e-07,3.0891922120486063e-16,1.0429790849525589e-15,1.442597047004218e-07,-17.5929309761741,3.0,,COMPLETE
222,0.023982073020868563,0.23703072251290325,2026-03-19 22:23:06.735395,2026-03-19 22:23:07.617460,0 days 00:00:00.882065,4.339355322928295,0.6170281125049464,46.942664913145535,50.65796021798153,4.387044854537194,5.263746789257275,4.363643525369243,3.3114399659286634e-07,3.304033279849319e-17,1.6306328022767763e-15,5.216745359679826e-08,-15.50251469914123,3.0,,COMPLETE
223,0.018106867490164918,0.056519878668880856,2026-03-19 22:23:07.617460,2026-03-19 22:23:08.703847,0 days 00:00:01.086387,4.237212241566336,0.5019836635872374,47.3003168762928,54.57992769770512,4.354882622370904,5.250768202247812,4.240364667243005,3.317090727718251e-07,1.7553880687921534e-18,5.0001549546154544e-17,1.1617826102574175e-07,-15.959018859395377,3.0,,COMPLETE
224,,,2026-03-19 22:23:08.704854,2026-03-19 22:23:08.758666,0 days 00:00:00.053812,4.406882950193229,0.6545193541881145,48.23991758273662,54.20296630406954,4.23727571612222,5.373525726891306,4.326509075041645,3.241112517780408e-07,1.3024558698540351e-15,9.08055690718202e-16,1.8076634532381588e-08,-16.5713563482816,3.0,,PRUNED
225,0.014054880806245326,0.10235158626864839,2026-03-19 22:23:08.759669,2026-03-19 22:23:09.684606,0 days 00:00:00.924937,4.261028024363931,0.559816947696373,46.942664913145535,54.57992769770512,4.354882622370904,5.356027057906894,4.286440984700443,3.2545104483393726e-07,3.507983644591241e-18,5.0001549546154544e-17,1.9961325753178778e-07,-15.959018859395377,3.0,,COMPLETE
226,0.019965075351539456,0.05893762626436591,2026-03-19 22:23:09.685604,2026-03-19 22:23:10.855709,0 days 00:00:01.170105,4.261028024363931,0.5019836635872374,48.962630344218546,54.57992769770512,4.329483390835892,5.356027057906894,4.342799723049529,3.2545104483393726e-07,1.7553880687921534e-18,1.9712344544107972e-16,6.224828786990978e-08,-15.959018859395377,3.0,,COMPLETE
227,0.008925941281246276,0.1994437307135466,2026-03-19 22:23:10.856718,2026-03-19 22:23:12.025283,0 days 00:00:01.168565,4.2342702243726436,0.6170281125049464,47.320133293882,53.5097443992023,4.387044854537194,5.25731944620876,4.391648908282123,3.2662813775805274e-07,3.743188188281788e-16,1.0749446630110402e-16,1.442597047004218e-07,-16.56411822023091,3.0,,COMPLETE
228,0.03179710216747041,0.016741469559474538,2026-03-19 22:23:12.026280,2026-03-19 22:23:13.214327,0 days 00:00:01.188047,4.236341919713559,0.5019836635872374,46.13945573477512,51.22588748773189,4.254330271474939,5.271481383850393,4.2817395144704165,3.2505010846303875e-07,1.7105115772051753e-17,6.685816224499828e-18,2.8841732855020003e-08,-15.959018859395377,3.0,,COMPLETE
229,0.014180629619414891,0.3156764460344245,2026-03-19 22:23:13.215324,2026-03-19 22:23:14.424306,0 days 00:00:01.208982,4.293158599747851,0.6545193541881145,47.45403749229349,53.34050297833501,4.392737793920903,5.2079480091690495,4.326509075041645,3.3032175094638176e-07,3.0891922120486063e-16,1.0429790849525589e-15,2.838225737588186e-07,-16.5713563482816,3.0,,COMPLETE
230,0.01250831081456084,0.3306782940035373,2026-03-19 22:23:14.425301,2026-03-19 22:23:15.590436,0 days 00:00:01.165135,4.3270130136827,0.5997608213072052,47.320133293882,52.499289653358105,4.440673365451567,5.15121256393073,4.391648908282123,3.254850005132997e-07,2.286759824254761e-18,9.08055690718202e-16,7.612389811726991e-08,-15.090298316788083,3.0,,COMPLETE
231,0.013526329044673288,0.22836510456844447,2026-03-19 22:23:15.591433,2026-03-19 22:23:16.765064,0 days 00:00:01.173631,4.2342702243726436,0.6170281125049464,46.24751366664456,53.56839891638172,4.387044854537194,5.198779899438335,4.366283483868392,3.2512921766883153e-07,4.896540240716947e-17,4.214951670642201e-16,1.442597047004218e-07,-16.08958727810675,3.0,,COMPLETE
232,0.010378705637509216,0.6740063783032312,2026-03-19 22:23:16.767057,2026-03-19 22:23:17.906862,0 days 00:00:01.139805,4.347129953977333,0.9945176626337165,47.41512362220053,53.34050297833501,4.212518263285674,5.397453273209866,4.235315060109596,3.3135288484467284e-07,1.7105115772051753e-17,1.0429790849525589e-15,3.8306381076586004e-08,-14.915037385196673,3.0,,COMPLETE
233,0.01503943095935396,0.24692790434155337,2026-03-19 22:23:17.908857,2026-03-19 22:23:19.114849,0 days 00:00:01.205992,4.26794735840103,0.6170281125049464,47.63940518084415,52.527664145721424,4.379094027358925,5.191556639371847,4.436455228389965,3.292158317989253e-07,3.743188188281788e-16,5.7082544639999895e-18,3.122790678372754e-08,-15.310168336605344,3.0,,COMPLETE
234,0.038330584867188704,0.32727620262702256,2026-03-19 22:23:19.115851,2026-03-19 22:23:20.244091,0 days 00:00:01.128240,4.237212241566336,0.5997608213072052,47.03991356867831,52.499289653358105,4.392737793920903,5.250768202247812,4.342799723049529,3.294897552064733e-07,1.4276295747106658e-18,3.112190204862684e-16,6.678188975818884e-07,-15.181124377872901,3.0,,COMPLETE
