number,values_0,values_1,datetime_start,datetime_complete,duration,params_E_d_sh,params_G_frac,params_N_t_d,params_N_t_sh,params_W_L,params_W_R,params_W_R_sclc,params_d_sclc,params_l1_C_n_bulk,params_l1_k_dir,params_l1_mu_p,params_mu_e,system_attrs_NSGAIISampler:generation,system_attrs_fixed_params,state
236,0.040099685673872766,0.31084117726590355,2026-03-13 14:52:04.765453,2026-03-13 14:52:05.879709,0 days 00:00:01.114256,4.2341086290238845,0.5515635972482404,46.53143773872718,52.31462847466886,4.221854330954056,5.346195340894862,4.233510141801288,3.309122318058947e-07,1.1168869378003539e-17,8.31773760746459e-16,6.198355559997118e-08,-18.383884627595783,3.0,,COMPLETE
237,0.028107945532772672,0.4606402869671057,2026-03-13 14:52:05.880718,2026-03-13 14:52:06.901083,0 days 00:00:01.020365,4.2341086290238845,0.9749349162292476,48.516160104903676,53.78798127766993,4.221854330954056,5.493188898391426,4.238352588371764,3.252313524609545e-07,2.4175007670460238e-15,7.722527698200973e-15,3.00709521931629e-08,-17.427329067964205,3.0,,COMPLETE
238,0.048110108744452935,0.13334846922674248,2026-03-13 14:52:06.902080,2026-03-13 14:52:07.905081,0 days 00:00:01.003001,4.241642795065647,0.5515635972482404,48.70605605891457,52.718257336927294,4.300891471607496,5.346195340894862,4.379893069985596,3.294734456846962e-07,1.1168869378003539e-17,3.103829978204093e-17,6.198355559997118e-08,-14.154772126890448,3.0,,COMPLETE
239,0.008329864861706364,0.2592025663786618,2026-03-13 14:52:07.906077,2026-03-13 14:52:08.881489,0 days 00:00:00.975412,4.320582870684385,0.5973534354330223,48.70605605891457,52.01090378662589,4.300891471607496,5.495015699871787,4.38396585768342,3.255362726932314e-07,9.29963604855815e-16,1.096324711498959e-17,3.2587048350277853e-07,-15.79053503323124,3.0,,COMPLETE
240,0.012755414646985791,0.41087359115736155,2026-03-13 14:52:08.881489,2026-03-13 14:52:09.938163,0 days 00:00:01.056674,4.347181738296377,0.7491043488581739,47.393308922873736,52.3805944291501,4.2191439247585825,5.310758902595503,4.397344518863353,3.2592597392292383e-07,1.5951302803696658e-15,2.88842348473924e-17,1.711559003147837e-08,-15.314786252022536,3.0,,COMPLETE
241,0.010452728724314696,0.28727315040417123,2026-03-13 14:52:09.939160,2026-03-13 14:52:10.955183,0 days 00:00:01.016023,4.269736605829932,0.805873509873918,46.05402108468841,53.51883492866946,4.313830302657279,5.368529120864637,4.241830816393181,3.3041281488560735e-07,1.6675201730291415e-16,1.871961172504151e-15,2.972333243372081e-07,-17.118340063967565,3.0,,COMPLETE
242,0.05273295002800452,0.0835617994579549,2026-03-13 14:52:10.956180,2026-03-13 14:52:12.204995,0 days 00:00:01.248815,4.384672361062914,0.5011623881960187,49.14214909659798,52.45666526497339,4.47296947069704,5.346195340894862,4.385444732430226,3.2526029604548276e-07,1.3535790747321685e-15,2.9813728031178997e-18,1.0902655424354349e-08,-14.038561164341335,3.0,,COMPLETE
243,0.02237227968366106,0.19871996266460287,2026-03-13 14:52:12.208033,2026-03-13 14:52:13.258796,0 days 00:00:01.050763,4.320582870684385,0.5815923491105033,47.721913831714154,53.96092577381798,4.280064133204218,5.310758902595503,4.382032263440554,3.255362726932314e-07,1.5951302803696658e-15,1.096324711498959e-17,3.2587048350277853e-07,-16.110623743364823,3.0,,COMPLETE
244,0.01183168753403767,0.0840498151318537,2026-03-13 14:52:13.259799,2026-03-13 14:52:14.370396,0 days 00:00:01.110597,4.3848095359673485,0.5622000860394614,48.373094469873365,53.198752109788835,4.363814387881665,5.288678949438508,4.373819869128801,3.243170893793541e-07,2.717941001387545e-16,7.646499677157575e-17,1.4006218087463007e-08,-14.038561164341335,3.0,,COMPLETE
245,0.032628710511520706,0.18817081476755154,2026-03-13 14:52:14.372388,2026-03-13 14:52:15.342040,0 days 00:00:00.969652,4.390878976165933,0.5602156454450591,48.90185699519486,50.671781667672214,4.254720297026565,5.398026472481334,4.241830816393181,3.3115990574589603e-07,1.6675201730291415e-16,3.697157112162182e-18,1.116305788081865e-07,-14.196334414657654,3.0,,COMPLETE
246,0.054990891795415955,0.18577476759638592,2026-03-13 14:52:15.343095,2026-03-13 14:52:16.209995,0 days 00:00:00.866900,4.279898652480756,0.5973534354330223,48.516160104903676,53.198752109788835,4.303566569944753,5.288678949438508,4.314309491297338,3.3115990574589603e-07,1.719006987397763e-18,9.473466872501093e-16,9.878038358412853e-07,-14.196334414657654,3.0,,COMPLETE
247,0.016981265456633136,0.22683338909163975,2026-03-13 14:52:16.211053,2026-03-13 14:52:17.271344,0 days 00:00:01.060291,4.402900283583998,0.5858222157374477,47.3992598582292,51.892434973275236,4.2191439247585825,5.3065022507620645,4.235786855802558,3.2592597392292383e-07,1.4493988786339865e-16,2.7805771527607335e-15,1.711559003147837e-08,-14.314902480909131,3.0,,COMPLETE
248,0.02742219626470382,0.49194654997171977,2026-03-13 14:52:17.274334,2026-03-13 14:52:18.535737,0 days 00:00:01.261403,4.347181738296377,0.7491043488581739,47.393308922873736,52.01090378662589,4.303566569944753,5.454519871930845,4.397344518863353,3.2845575970546916e-07,1.5632695334944725e-18,5.269978170929877e-18,1.1417924640772848e-08,-16.792365534267823,3.0,,COMPLETE
249,0.06941250346963551,0.13585688638222257,2026-03-13 14:52:18.536733,2026-03-13 14:52:19.880876,0 days 00:00:01.344143,4.384672361062914,0.5622000860394614,49.14214909659798,53.198752109788835,4.4811654251286965,5.288678949438508,4.373819869128801,3.243170893793541e-07,3.2280094744582115e-16,7.646499677157575e-17,1.7508944161656867e-08,-14.196334414657654,3.0,,COMPLETE
250,0.023954759710341347,0.4806571230899996,2026-03-13 14:52:19.881876,2026-03-13 14:52:21.097494,0 days 00:00:01.215618,4.3848095359673485,0.8049799316752597,47.48146174666705,53.4610444702515,4.4100735795755615,5.288678949438508,4.358961784613686,3.3115990574589603e-07,7.85844626948521e-15,2.4394332922088904e-16,9.878038358412853e-07,-14.412813663880904,3.0,,COMPLETE
251,0.004996860868863163,0.09380195439467869,2026-03-13 14:52:21.098575,2026-03-13 14:52:22.313230,0 days 00:00:01.214655,4.241642795065647,0.5768064637689114,47.721913831714154,52.31462847466886,4.377367262944558,5.346195340894862,4.385444732430226,3.275260522682166e-07,1.5951302803696658e-15,2.88842348473924e-17,1.711559003147837e-08,-16.110623743364823,4.0,,COMPLETE
252,0.09772841347219578,0.3916631242774831,2026-03-13 14:52:22.314226,2026-03-13 14:52:23.787603,0 days 00:00:01.473377,4.402900283583998,0.5471841331670136,47.3992598582292,51.78497204377082,4.457343626420763,5.2406462947669645,4.463954951850335,3.2556999311130145e-07,1.719006987397763e-18,2.7805771527607335e-15,1.3835535034898215e-07,-17.12508671807222,4.0,,COMPLETE
253,0.017044921709793808,0.08150740106052652,2026-03-13 14:52:23.788600,2026-03-13 14:52:24.929299,0 days 00:00:01.140699,4.384672361062914,0.5011623881960187,48.373094469873365,53.400752427809564,4.363814387881665,5.288678949438508,4.373819869128801,3.243170893793541e-07,1.7658821998238397e-16,7.646499677157575e-17,1.0902655424354349e-08,-14.038561164341335,4.0,,COMPLETE
254,0.02853791419887711,0.1361729951456061,2026-03-13 14:52:24.930295,2026-03-13 14:52:25.954204,0 days 00:00:01.023909,4.241642795065647,0.5515635972482404,48.70605605891457,53.198752109788835,4.300891471607496,5.38643959047354,4.385444732430226,3.294734456846962e-07,3.2280094744582115e-16,3.103829978204093e-17,6.198355559997118e-08,-16.698922013372997,4.0,,COMPLETE
255,,,2026-03-13 14:52:25.955201,2026-03-13 14:52:26.023431,0 days 00:00:00.068230,4.298437444441174,0.846558153032223,49.82247657128783,52.26263550345917,4.457343626420763,5.385694080020494,4.209167598691573,3.2556999311130145e-07,1.1168869378003539e-17,1.8818408586139523e-17,1.3835535034898215e-07,-14.196334414657654,4.0,,PRUNED
256,,,2026-03-13 14:52:26.024430,2026-03-13 14:52:26.078313,0 days 00:00:00.053883,4.456362925826131,0.6317123506119359,48.01858956029698,53.77549079618966,4.26209029331101,5.235296044529069,4.241830816393181,3.3115990574589603e-07,1.0498882856516573e-18,1.871961172504151e-15,2.384762483168409e-08,-14.196334414657654,4.0,,PRUNED
257,0.0032927934185095504,0.2881865523013902,2026-03-13 14:52:26.079310,2026-03-13 14:52:27.110129,0 days 00:00:01.030819,4.402900283583998,0.6324610673958807,48.817598914131565,51.892434973275236,4.2191439247585825,5.206476643201393,4.235786855802558,3.2410897547129707e-07,1.0562346481070689e-15,2.88842348473924e-17,1.711559003147837e-08,-14.314902480909131,4.0,,COMPLETE
258,0.060523105085772744,0.35045807541837687,2026-03-13 14:52:27.111126,2026-03-13 14:52:28.276929,0 days 00:00:01.165803,4.384672361062914,0.6790481520160694,49.14214909659798,53.96092577381798,4.363814387881665,5.495593258470635,4.392291277943202,3.2430109454609004e-07,1.3732792332420093e-15,7.646499677157575e-17,1.0902655424354349e-08,-14.038561164341335,4.0,,COMPLETE
259,0.015083057247476564,0.18718759108812155,2026-03-13 14:52:28.277925,2026-03-13 14:52:29.343592,0 days 00:00:01.065667,4.241642795065647,0.5768064637689114,46.05402108468841,53.96092577381798,4.461649924767084,5.235296044529069,4.241830816393181,3.2592597392292383e-07,2.221990501802906e-16,2.88842348473924e-17,9.878038358412853e-07,-16.110623743364823,4.0,,COMPLETE
260,0.014467382625305926,0.16629027737610755,2026-03-13 14:52:29.344588,2026-03-13 14:52:30.471789,0 days 00:00:01.127201,4.300093282474344,0.6201012542943267,46.742184286770396,52.00725977994355,4.453800318414104,5.38643959047354,4.272731362652678,3.2592597392292383e-07,1.3732792332420093e-15,1.9287364020085156e-18,1.711559003147837e-08,-15.820262827314254,4.0,,COMPLETE
261,0.007124099195701462,0.4157940601612681,2026-03-13 14:52:30.472855,2026-03-13 14:52:31.431948,0 days 00:00:00.959093,4.279898652480756,0.9467194344218708,48.516160104903676,53.78798127766993,4.355348002553498,5.495015699871787,4.382032263440554,3.283440487044857e-07,9.29963604855815e-16,7.722527698200973e-15,3.2587048350277853e-07,-15.79053503323124,4.0,,COMPLETE
262,0.05254257612003569,0.06863167483374377,2026-03-13 14:52:31.432945,2026-03-13 14:52:32.583750,0 days 00:00:01.150805,4.3848095359673485,0.5401037936171467,46.815734235050996,53.21880111861873,4.355348002553498,5.288678949438508,4.382032263440554,3.284093955361284e-07,1.719006987397763e-18,4.255519533850717e-18,1.3835535034898215e-07,-15.79053503323124,4.0,,COMPLETE
263,0.015618111274280262,0.10627201769803069,2026-03-13 14:52:32.584747,2026-03-13 14:52:33.700197,0 days 00:00:01.115450,4.3848095359673485,0.5622000860394614,48.373094469873365,51.688977271003985,4.457343626420763,5.288678949438508,4.385444732430226,3.2556999311130145e-07,8.063035226196599e-16,2.9813728031178997e-18,1.4006218087463007e-08,-14.677758735692152,4.0,,COMPLETE
264,0.0031226751127286924,0.13678880474966051,2026-03-13 14:52:33.702191,2026-03-13 14:52:34.688658,0 days 00:00:00.986467,4.234574450967509,0.5973534354330223,48.155207650464,55.13579629119424,4.362221235614405,5.38643959047354,4.278246698760668,3.2992596810168464e-07,1.8061435766840572e-17,4.1000112059104077e-16,1.1077649290620279e-07,-16.07977690758002,4.0,,COMPLETE
265,0.043532302445086136,0.12447674140131967,2026-03-13 14:52:34.689655,2026-03-13 14:52:35.769687,0 days 00:00:01.080032,4.234574450967509,0.5768064637689114,46.815734235050996,51.10107201161464,4.457343626420763,5.288678949438508,4.379893069985596,3.243170893793541e-07,3.2280094744582115e-16,1.8818408586139523e-17,1.9854525703919722e-08,-14.196334414657654,4.0,,COMPLETE
266,0.0060082808990587966,0.21343191379779955,2026-03-13 14:52:35.770683,2026-03-13 14:52:36.762497,0 days 00:00:00.991814,4.298437444441174,0.688270199559256,48.155207650464,53.25139496023659,4.389703372698119,5.315646648832993,4.278246698760668,3.2992596810168464e-07,1.8061435766840572e-17,4.1000112059104077e-16,8.435530579621433e-08,-16.07977690758002,4.0,,COMPLETE
267,0.01238302347005287,0.17624599826521975,2026-03-13 14:52:36.763501,2026-03-13 14:52:37.757380,0 days 00:00:00.993879,4.402900283583998,0.5858222157374477,47.3992598582292,51.78497204377082,4.404548394376652,5.206476643201393,4.235786855802558,3.2410897547129707e-07,1.4493988786339865e-16,2.7805771527607335e-15,3.3930164058362703e-07,-14.314902480909131,4.0,,COMPLETE
268,0.03153911598823308,0.054812643708667966,2026-03-13 14:52:37.758377,2026-03-13 14:52:38.680671,0 days 00:00:00.922294,4.298437444441174,0.5401037936171467,48.70605605891457,53.21880111861873,4.221854330954056,5.484405395084121,4.209167598691573,3.2835793145306333e-07,5.238276409945e-15,2.7899282372042384e-16,1.2985549458248027e-07,-16.974403256188783,4.0,,COMPLETE
269,0.012797583768333922,0.4310751778408229,2026-03-13 14:52:38.681675,2026-03-13 14:52:39.762312,0 days 00:00:01.080637,4.234574450967509,0.688270199559256,46.05402108468841,53.747249926518755,4.397246704596115,5.399839805067784,4.340750260243717,3.2774010524773464e-07,1.8061435766840572e-17,7.722527698200973e-15,2.5664113495585164e-08,-16.129905096408926,4.0,,COMPLETE
270,,,2026-03-13 14:52:39.763319,2026-03-13 14:52:39.842052,0 days 00:00:00.078733,4.3848095359673485,0.5471841331670136,46.815734235050996,54.67519898532302,4.304671312490351,5.288678949438508,4.385444732430226,3.2556999311130145e-07,1.719006987397763e-18,2.9813728031178997e-18,1.3835535034898215e-07,-16.974403256188783,4.0,,PRUNED
271,0.010429680305479276,0.28256125609368854,2026-03-13 14:52:39.845044,2026-03-13 14:52:40.968998,0 days 00:00:01.123954,4.300093282474344,0.8311614401676984,47.721913831714154,53.198752109788835,4.362221235614405,5.38643959047354,4.266229699956295,3.3115990574589603e-07,1.3732792332420093e-15,4.1000112059104077e-16,1.711559003147837e-08,-15.820262827314254,4.0,,COMPLETE
272,0.007534396159137279,0.18337647008586294,2026-03-13 14:52:40.969995,2026-03-13 14:52:41.968701,0 days 00:00:00.998706,4.390878976165933,0.6321425299478999,46.05402108468841,53.198752109788835,4.365927590697451,5.235296044529069,4.241830816393181,3.3115990574589603e-07,1.6675201730291415e-16,1.871961172504151e-15,9.878038358412853e-07,-14.196334414657654,4.0,,COMPLETE
273,0.0034798026364610073,0.08911005984079204,2026-03-13 14:52:41.969749,2026-03-13 14:52:43.073003,0 days 00:00:01.103254,4.241642795065647,0.5515635972482404,48.358470156687716,53.96092577381798,4.300891471607496,5.38643959047354,4.379893069985596,3.294734456846962e-07,1.8061435766840572e-17,3.103829978204093e-17,1.711559003147837e-08,-16.129905096408926,4.0,,COMPLETE
274,0.009744900464667404,0.4889948647381029,2026-03-13 14:52:43.074003,2026-03-13 14:52:44.065338,0 days 00:00:00.991335,4.279898652480756,0.5768064637689114,48.516160104903676,53.78798127766993,4.2191439247585825,5.310758902595503,4.379893069985596,3.287158815006059e-07,1.5951302803696658e-15,8.557910473185467e-15,3.00709521931629e-08,-16.110623743364823,4.0,,COMPLETE
275,0.01697262127568126,0.11364837000124706,2026-03-13 14:52:44.065338,2026-03-13 14:52:45.117436,0 days 00:00:01.052098,4.367384784576744,0.5724306000037758,47.88924278296059,51.892434973275236,4.251365998604943,5.310758902595503,4.379893069985596,3.2592597392292383e-07,1.0562346481070689e-15,2.88842348473924e-17,1.711559003147837e-08,-16.110623743364823,4.0,,COMPLETE
276,0.028422459339334603,0.14426056432253598,2026-03-13 14:52:45.118433,2026-03-13 14:52:46.226897,0 days 00:00:01.108464,4.260402665703465,0.5973534354330223,46.15361356233983,51.10107201161464,4.393451142147686,5.373603771287137,4.38396585768342,3.256777298754106e-07,1.5632695334944725e-18,5.225070196214357e-17,2.5664113495585164e-08,-15.494277628869764,4.0,,COMPLETE
277,0.05646960947844294,0.33782966055283264,2026-03-13 14:52:46.227894,2026-03-13 14:52:47.476284,0 days 00:00:01.248390,4.370007580570512,0.6790481520160694,47.721913831714154,53.96092577381798,4.2191439247585825,5.310758902595503,4.266229699956295,3.2592597392292383e-07,1.5951302803696658e-15,2.88842348473924e-17,1.711559003147837e-08,-15.820262827314254,4.0,,COMPLETE
278,0.006257721011127416,0.12858611031969847,2026-03-13 14:52:47.477285,2026-03-13 14:52:48.417162,0 days 00:00:00.939877,4.402900283583998,0.5515635972482404,47.3992598582292,51.78497204377082,4.404548394376652,5.206476643201393,4.379893069985596,3.259567567773562e-07,1.4493988786339865e-16,2.0160718767464951e-16,3.3930164058362703e-07,-14.314902480909131,4.0,,COMPLETE
279,0.011703406658721648,0.11611026199851927,2026-03-13 14:52:48.418159,2026-03-13 14:52:49.398424,0 days 00:00:00.980265,4.241642795065647,0.5515635972482404,47.721913831714154,52.31462847466886,4.300891471607496,5.310758902595503,4.379893069985596,3.2592597392292383e-07,1.1168869378003539e-17,3.103829978204093e-17,6.198355559997118e-08,-16.129905096408926,4.0,,COMPLETE
280,0.03235701526398503,0.10122165804956003,2026-03-13 14:52:49.399422,2026-03-13 14:52:50.420540,0 days 00:00:01.021118,4.253750042745671,0.5515635972482404,48.74178840721577,51.57178816869802,4.397246704596115,5.395047281961509,4.397344518863353,3.309122318058947e-07,1.5632695334944725e-18,1.0483794065497174e-17,2.5664113495585164e-08,-16.129905096408926,4.0,,COMPLETE
281,0.05397945617733355,0.37764431660463016,2026-03-13 14:52:50.422531,2026-03-13 14:52:51.727296,0 days 00:00:01.304765,4.37135039644097,0.9939087947793213,47.48146174666705,53.96092577381798,4.289424615714482,5.310758902595503,4.340750260243717,3.2774010524773464e-07,1.0294466636919959e-17,2.7805771527607335e-15,6.648840641498985e-08,-15.638856880445232,4.0,,COMPLETE
282,0.02508366147145779,0.13018138554140102,2026-03-13 14:52:51.727296,2026-03-13 14:52:52.578199,0 days 00:00:00.850903,4.234574450967509,0.5401037936171467,46.815734235050996,51.892434973275236,4.304671312490351,5.38643959047354,4.2564682275853,3.2835793145306333e-07,1.719006987397763e-18,4.255519533850717e-18,1.3835535034898215e-07,-16.07977690758002,4.0,,COMPLETE
283,0.015647480425264242,0.1372657739194846,2026-03-13 14:52:52.579197,2026-03-13 14:52:53.486097,0 days 00:00:00.906900,4.241642795065647,0.5515635972482404,46.14325614067166,52.01090378662589,4.303566569944753,5.38643959047354,4.397344518863353,3.2774010524773464e-07,1.1168869378003539e-17,3.103829978204093e-17,6.198355559997118e-08,-16.129905096408926,4.0,,COMPLETE
284,0.01949880217318691,0.4144973735614272,2026-03-13 14:52:53.487094,2026-03-13 14:52:54.563158,0 days 00:00:01.076064,4.25437434216146,0.9686261812444352,47.721913831714154,53.96092577381798,4.362221235614405,5.38643959047354,4.266229699956295,3.2592597392292383e-07,1.3732792332420093e-15,4.1000112059104077e-16,1.711559003147837e-08,-15.820262827314254,4.0,,COMPLETE
285,0.06987377253117776,0.1393625983858813,2026-03-13 14:52:54.563158,2026-03-13 14:52:56.313419,0 days 00:00:01.750261,4.3848095359673485,0.5973534354330223,48.67972957341704,51.892434973275236,4.457343626420763,5.288678949438508,4.385444732430226,3.2556999311130145e-07,1.719006987397763e-18,1.1578734575737818e-18,1.3835535034898215e-07,-16.07977690758002,4.0,,COMPLETE
286,0.02614486178293674,0.09137608625286622,2026-03-13 14:52:56.313419,2026-03-13 14:52:57.146343,0 days 00:00:00.832924,4.234574450967509,0.5515635972482404,48.70605605891457,52.31462847466886,4.397246704596115,5.346195340894862,4.385444732430226,3.2885312941198174e-07,1.1168869378003539e-17,3.103829978204093e-17,6.198355559997118e-08,-16.129905096408926,4.0,,COMPLETE
287,,,2026-03-13 14:52:57.147341,2026-03-13 14:52:57.214507,0 days 00:00:00.067166,4.47798606177961,0.5471841331670136,46.815734235050996,53.198752109788835,4.2191439247585825,5.373603771287137,4.379893069985596,3.2774010524773464e-07,1.719006987397763e-18,2.554137651708285e-17,9.071925313907477e-08,-16.110623743364823,4.0,,PRUNED
288,0.01270282562063441,0.06066675575769675,2026-03-13 14:52:57.215504,2026-03-13 14:52:58.429228,0 days 00:00:01.213724,4.3848095359673485,0.5471841331670136,46.815734235050996,53.400752427809564,4.397246704596115,5.346195340894862,4.373819869128801,3.309122318058947e-07,1.3535790747321685e-15,7.646499677157575e-17,1.0902655424354349e-08,-14.196334414657654,4.0,,COMPLETE
289,0.021835957440059794,0.20505295230741588,2026-03-13 14:52:58.430236,2026-03-13 14:52:59.363730,0 days 00:00:00.933494,4.2341086290238845,0.5515635972482404,47.721913831714154,52.31462847466886,4.221854330954056,5.4431195798148755,4.2416376597667576,3.2592597392292383e-07,1.1168869378003539e-17,8.31773760746459e-16,1.711559003147837e-08,-16.129905096408926,4.0,,COMPLETE
290,0.016221095099330472,0.07386821673564448,2026-03-13 14:52:59.364738,2026-03-13 14:53:00.572075,0 days 00:00:01.207337,4.3848095359673485,0.5622000860394614,46.815734235050996,53.198752109788835,4.47296947069704,5.346195340894862,4.385444732430226,3.2526029604548276e-07,1.3535790747321685e-15,1.8818408586139523e-17,1.4006218087463007e-08,-14.196334414657654,4.0,,COMPLETE
291,,,2026-03-13 14:53:00.573072,2026-03-13 14:53:00.625649,0 days 00:00:00.052577,4.3848095359673485,0.8186209624865466,49.64599131657018,51.10107201161464,4.457343626420763,5.346195340894862,4.385444732430226,3.2485970000705047e-07,1.5951302803696658e-15,3.103829978204093e-17,6.198355559997118e-08,-14.038561164341335,4.0,,PRUNED
292,0.014370293070965203,0.13782498673745874,2026-03-13 14:53:00.626679,2026-03-13 14:53:01.624150,0 days 00:00:00.997471,4.2341086290238845,0.5471841331670136,46.815734235050996,52.31462847466886,4.405278132836919,5.288678949438508,4.233510141801288,3.2556999311130145e-07,1.1168869378003539e-17,8.31773760746459e-16,6.198355559997118e-08,-16.129905096408926,4.0,,COMPLETE
293,0.02050805217865896,0.18540755309596404,2026-03-13 14:53:01.624150,2026-03-13 14:53:02.545168,0 days 00:00:00.921018,4.402900283583998,0.6321425299478999,46.05402108468841,51.78497204377082,4.365927590697451,5.235296044529069,4.241830816393181,3.3115990574589603e-07,1.6675201730291415e-16,2.7805771527607335e-15,9.878038358412853e-07,-14.196334414657654,4.0,,COMPLETE
