number,values_0,values_1,datetime_start,datetime_complete,duration,params_E_d_sh,params_G_frac,params_N_t_d,params_N_t_sh,params_W_L,params_W_R,params_W_R_sclc,params_d_sclc,params_l1_C_n_bulk,params_l1_k_dir,params_l1_mu_p,params_mu_e,system_attrs_NSGAIISampler:generation,system_attrs_fixed_params,state
0,0.0015424295905973483,0.04970037796960662,2026-03-13 14:49:20.516688,2026-03-13 14:49:21.744823,0 days 00:00:01.228135,4.228569930482258,0.5,48.40830545410283,50.656872099270345,4.362478392556494,5.35,4.200000043430672,3.28e-07,1e-16,1e-17,1e-07,-16.354444994345954,,"{'d_sclc': 3.28e-07, 'W_L': 4.362478392556494, 'W_R_sclc': 4.200000043430672, 'mu_e': -16.354444994345954, 'E_d_sh': 4.228569930482258, 'N_t_sh': 50.656872099270345, 'N_t_d': 48.40830545410283, 'W_R': 5.35, 'G_frac': 0.5, 'l1_k_dir': 1e-17, 'l1_C_n_bulk': 1e-16, 'l1_mu_p': 1e-07}",COMPLETE
1,0.019068284128774086,0.34041380493377466,2026-03-13 14:49:21.745820,2026-03-13 14:49:22.500345,0 days 00:00:00.754525,4.304650420217555,0.6998267268940771,46.837191399894735,54.8367690248546,4.492242536668327,5.430169042570044,4.362726231944154,3.311470683540422e-07,5.659078259167531e-17,1.656911865455511e-17,2.528265680406056e-07,-14.904589714180553,0.0,,COMPLETE
2,0.09554870069172482,0.31647992986237405,2026-03-13 14:49:22.501342,2026-03-13 14:49:23.430528,0 days 00:00:00.929186,4.434497614469151,0.7908026460229354,49.11117597815825,51.005998974858116,4.268986643394483,5.206886429878823,4.277843352018292,3.2667357940756405e-07,2.5206001249268486e-18,2.1942798329971185e-16,1.1418193658376782e-07,-17.012697257638614,0.0,,COMPLETE
3,0.06663188493222004,0.7861409280196404,2026-03-13 14:49:23.430528,2026-03-13 14:49:24.110934,0 days 00:00:00.680406,4.297623046928112,0.8558344993501084,47.20453072494135,52.65289951352258,4.232692108055702,5.46642879359835,4.40095818640446,3.292087208627372e-07,2.5032055111174636e-15,1.3127061687680178e-17,2.4328863340454783e-07,-14.045165610209288,0.0,,COMPLETE
4,0.021355642263037652,0.6207419960402665,2026-03-13 14:49:24.111930,2026-03-13 14:49:24.905014,0 days 00:00:00.793084,4.270450472052964,0.7964511455429384,48.596477655873755,51.82028600039163,4.240432858214319,5.296603577013657,4.434062468845036,3.272920658932794e-07,6.158979109276872e-15,1.3107479848912352e-18,5.403720393363758e-08,-14.679795390366305,0.0,,COMPLETE
5,0.020623344198873374,0.1533774131286461,2026-03-13 14:49:24.906011,2026-03-13 14:49:25.623593,0 days 00:00:00.717582,4.279898652480756,0.5973534354330223,48.516160104903676,52.01090378662589,4.303566569944753,5.373603771287137,4.340750260243717,3.2774010524773464e-07,1.0294466636919959e-17,7.722527698200973e-15,1.1077649290620279e-07,-15.494277628869764,0.0,,COMPLETE
6,,,2026-03-13 14:49:25.624590,2026-03-13 14:49:25.674434,0 days 00:00:00.049844,4.374526402160387,0.9802605835305886,48.34577197737586,55.19330923895946,4.364692072929354,5.3728348879021794,4.214397148025601,3.248715064843419e-07,1.1987432770691565e-18,8.686518230982242e-15,2.372863604692571e-08,-17.620782686778302,0.0,,PRUNED
7,0.04480907310705446,0.15365237738277687,2026-03-13 14:49:25.675429,2026-03-13 14:49:26.448397,0 days 00:00:00.772968,4.308621471571233,0.5602156454450591,47.71074293475774,51.71802254050081,4.254720297026565,5.262331845331414,4.488572395488622,3.319296881845041e-07,8.063035226196599e-16,4.7545259520451695e-18,1.116305788081865e-07,-16.460715989219228,0.0,,COMPLETE
8,0.026820865430817038,0.5630491862748872,2026-03-13 14:49:26.449412,2026-03-13 14:49:27.174199,0 days 00:00:00.724787,4.363563829604771,0.7655076800486083,46.518609549881845,51.99591188499518,4.33760214289736,5.469400452663287,4.46100345964278,3.312398313210487e-07,8.650228858401368e-16,3.453555867807968e-17,9.291905895264919e-08,-14.214190697421056,0.0,,COMPLETE
9,,,2026-03-13 14:49:27.174199,2026-03-13 14:49:27.226898,0 days 00:00:00.052699,4.244710024283518,0.5893227036711659,49.91129276250031,54.690486696875205,4.401967040740928,5.358593017624401,4.3061355811083395,3.292739911624446e-07,2.120649468905568e-18,3.0528606452056397e-18,2.7781569286774994e-08,-17.579659430254058,0.0,,PRUNED
10,0.044572963195237666,0.03597293227170239,2026-03-13 14:49:27.227895,2026-03-13 14:49:28.184631,0 days 00:00:00.956736,4.384672361062914,0.5011623881960187,49.14214909659798,53.400752427809564,4.363814387881665,5.495593258470635,4.373819869128801,3.2430109454609004e-07,1.3535790747321685e-15,7.646499677157575e-17,1.0902655424354349e-08,-14.038561164341335,0.0,,COMPLETE
11,,,2026-03-13 14:49:28.185628,2026-03-13 14:49:28.234457,0 days 00:00:00.048829,4.4493978100144576,0.8879772154638577,46.12281724126891,52.331207389214406,4.24859198972242,5.380662477441842,4.464747267812719,3.2568491307576765e-07,8.169710268002232e-16,1.2082661011567161e-16,5.096860185236119e-08,-16.234364523865324,0.0,,PRUNED
12,,,2026-03-13 14:49:28.234457,2026-03-13 14:49:28.282855,0 days 00:00:00.048398,4.405487389212447,0.9463907949187432,50.4151360887134,51.34028308598461,4.304016480330267,5.407518553550826,4.493215853894166,3.2591088924181857e-07,3.741696175895055e-16,2.7853366824074246e-15,8.828493073552193e-08,-17.24411566915668,0.0,,PRUNED
13,0.027693722909234626,0.4240137114798141,2026-03-13 14:49:28.283868,2026-03-13 14:49:29.049674,0 days 00:00:00.765806,4.354404062036083,0.8049799316752597,48.31444509274551,51.06570152446195,4.4100735795755615,5.243873561200791,4.430706728704374,3.3115990574589603e-07,5.480781457022933e-16,9.473466872501093e-16,9.878038358412853e-07,-15.834388217791528,0.0,,COMPLETE
14,0.08969383604825497,0.1293587453904493,2026-03-13 14:49:29.050670,2026-03-13 14:49:29.892961,0 days 00:00:00.842291,4.324495654164509,0.6661397585912152,49.69919691374874,53.590092776348264,4.272086185245172,5.425023144543742,4.443746931518017,3.282266843595153e-07,1.561346284374807e-15,1.762822580129808e-15,1.1127268763993912e-08,-13.881028972364389,0.0,,COMPLETE
15,,,2026-03-13 14:49:29.893958,2026-03-13 14:49:29.945742,0 days 00:00:00.051784,4.328430532987022,0.8993559841453556,50.10052752370945,52.74243744234712,4.34307056131823,5.377191086973256,4.493129241413826,3.311637035774161e-07,2.7194077754206117e-15,5.9074261276870856e-18,1.0011066697471061e-07,-16.437827708827275,0.0,,PRUNED
16,,,2026-03-13 14:49:29.946778,2026-03-13 14:49:29.998668,0 days 00:00:00.051890,4.446326876633316,0.9140799775429299,50.21486234438403,51.517687170771104,4.390088896825716,5.335100585813716,4.26774375320957,3.2620636831162857e-07,4.0316018241487543e-17,8.831238185463776e-18,4.337335971500023e-07,-14.819713113884939,0.0,,PRUNED
17,,,2026-03-13 14:49:29.999646,2026-03-13 14:49:30.050802,0 days 00:00:00.051156,4.268016832922965,0.6160596529200543,50.54311459577429,52.16924314396339,4.498809830059647,5.396596320312893,4.3541329179500785,3.3160220189865666e-07,4.988488410878125e-16,5.539650214282941e-16,3.3835535919994056e-07,-16.97920456133921,0.0,,PRUNED
18,0.022084050489562863,0.62013838615053,2026-03-13 14:49:30.050802,2026-03-13 14:49:30.889166,0 days 00:00:00.838364,4.301254002663076,0.8126564950212012,46.741389640141826,51.73173682093101,4.369735022081473,5.444636797226344,4.281546074732224,3.2762205457267824e-07,2.3369762278255602e-18,3.772604921578569e-18,3.917443566990571e-08,-15.915305891065984,0.0,,COMPLETE
19,0.01238302347005287,0.17624599826521975,2026-03-13 14:49:30.890162,2026-03-13 14:49:31.693420,0 days 00:00:00.803258,4.402900283583998,0.5858222157374477,47.3992598582292,51.78497204377082,4.404548394376652,5.206476643201393,4.235786855802558,3.2410897547129707e-07,1.4493988786339865e-16,2.7805771527607335e-15,3.3930164058362703e-07,-14.314902480909131,0.0,,COMPLETE
20,,,2026-03-13 14:49:31.693420,2026-03-13 14:49:31.744638,0 days 00:00:00.051218,4.379602738240984,0.7218512315650125,50.38339268631575,54.577159556704494,4.202621004928165,5.343044255488195,4.3418755095865915,3.3137907430472335e-07,4.830679995292314e-16,4.801142864419402e-17,1.8154877944883652e-08,-15.046548231800308,0.0,,PRUNED
21,0.05384539150351754,0.4880266825785365,2026-03-13 14:49:31.744638,2026-03-13 14:49:32.435387,0 days 00:00:00.690749,4.267035525422096,0.8608055616573336,46.99774044575921,51.98691855270629,4.255263599854021,5.298528295370223,4.230699518140799,3.3010581966245797e-07,6.479875733387134e-15,2.107716073433184e-15,2.654340993622211e-07,-15.10027928569019,0.0,,COMPLETE
22,,,2026-03-13 14:49:32.436384,2026-03-13 14:49:32.483412,0 days 00:00:00.047028,4.280694110965244,0.6340150049794959,49.348872936265366,50.76504768642407,4.380793873292637,5.329004377592423,4.431658074189159,3.309610892581811e-07,1.0903927986717578e-18,1.996197061440728e-17,7.368321170406799e-07,-16.768334994548628,0.0,,PRUNED
23,,,2026-03-13 14:49:32.483852,2026-03-13 14:49:32.536387,0 days 00:00:00.052535,4.262798499166223,0.5786773463108996,50.1444205033531,53.68154838957871,4.406779444272688,5.359163867834327,4.323896801418962,3.30702826767565e-07,4.644565230839052e-17,2.5663155764171128e-15,1.0137446337246233e-07,-16.500439592252235,0.0,,PRUNED
24,,,2026-03-13 14:49:32.537453,2026-03-13 14:49:32.594316,0 days 00:00:00.056863,4.474013256128046,0.6435393652290713,49.89061434634383,53.316869088106486,4.290748488545844,5.390666473275212,4.2849637283145805,3.2985156425352846e-07,5.645535792501205e-17,6.045823813611747e-18,4.598039742569832e-07,-18.34247559788328,0.0,,PRUNED
25,,,2026-03-13 14:49:32.595313,2026-03-13 14:49:32.655564,0 days 00:00:00.060251,4.3741218517123635,0.9021571168131195,49.064345016246754,54.58240725757054,4.476219185668111,5.248473610341861,4.204494468292805,3.2848417113438154e-07,2.2945978840422752e-17,2.1839305670419304e-18,2.4393777166528936e-08,-17.958053244128322,0.0,,PRUNED
26,,,2026-03-13 14:49:32.657618,2026-03-13 14:49:32.713717,0 days 00:00:00.056099,4.33902577232212,0.6461136914975618,48.50971659160682,52.138813627707776,4.434189724449294,5.423604003599035,4.499390081159641,3.3146573067926675e-07,1.0876472999125908e-15,9.96870342155854e-15,2.0204259537223103e-08,-17.46250439520052,0.0,,PRUNED
27,0.02487268397097154,0.2990190134743747,2026-03-13 14:49:32.713717,2026-03-13 14:49:33.597631,0 days 00:00:00.883914,4.237103024312147,0.6903299015347582,47.554170061616944,52.1741719114597,4.437850361665849,5.459950077721291,4.330276044027435,3.2536734844656527e-07,8.054763048141533e-18,1.0003234503354352e-16,6.320491490698801e-07,-16.776276119924358,0.0,,COMPLETE
28,0.02199942693981447,0.8190208283736625,2026-03-13 14:49:33.598631,2026-03-13 14:49:34.374344,0 days 00:00:00.775713,4.320582870684385,0.9028773071328418,46.292883772828205,51.70499379345327,4.300891471607496,5.38459657605458,4.382032263440554,3.255362726932314e-07,1.3495366826310632e-15,1.096324711498959e-17,6.198355559997118e-08,-15.79053503323124,0.0,,COMPLETE
29,0.09088236560666149,0.2308043828766014,2026-03-13 14:49:34.375352,2026-03-13 14:49:35.479955,0 days 00:00:01.104603,4.330014200607094,0.874631918781647,46.795841058261495,54.39597862241628,4.365295298787075,5.262858465868997,4.345342834860641,3.295674686986361e-07,2.907539919998987e-17,3.4583747871155484e-16,1.7585486352367734e-07,-17.923226651193982,0.0,,COMPLETE
30,,,2026-03-13 14:49:35.480952,2026-03-13 14:49:35.532695,0 days 00:00:00.051743,4.242884651675917,0.8528093341081568,50.27304413132943,51.86361541019221,4.220499933358165,5.483496479321844,4.437937200138862,3.292140385747204e-07,4.3933575457376114e-18,1.2060599789368655e-18,4.8588196672593375e-08,-16.226191337988688,0.0,,PRUNED
31,0.011236629033457275,0.09951865481411432,2026-03-13 14:49:35.533700,2026-03-13 14:49:36.338423,0 days 00:00:00.804723,4.241642795065647,0.5768064637689114,47.721913831714154,53.96092577381798,4.2191439247585825,5.310758902595503,4.379893069985596,3.2592597392292383e-07,1.5951302803696658e-15,2.88842348473924e-17,1.711559003147837e-08,-16.110623743364823,0.0,,COMPLETE
32,0.0075024422960197545,0.21696377534440375,2026-03-13 14:49:36.339420,2026-03-13 14:49:37.276103,0 days 00:00:00.936683,4.26293394065322,0.6201012542943267,46.742184286770396,52.00725977994355,4.266442815941576,5.306899366644914,4.272731362652678,3.277961920026875e-07,1.4074215480175055e-18,1.9287364020085156e-18,1.0065507564476633e-08,-16.796296213910587,0.0,,COMPLETE
33,0.057585344194506505,0.35564858828496454,2026-03-13 14:49:37.277100,2026-03-13 14:49:38.188233,0 days 00:00:00.911133,4.277305515724496,0.6610259454938436,47.24085836998828,53.78798127766993,4.355348002553498,5.495015699871787,4.342006728114654,3.2638227265035457e-07,9.29963604855815e-16,1.4090930218675529e-18,3.2587048350277853e-07,-18.31991990766294,0.0,,COMPLETE
34,0.07585692323094138,0.4014249283971481,2026-03-13 14:49:38.189229,2026-03-13 14:49:38.964511,0 days 00:00:00.775282,4.251422422025429,0.864133770055369,46.664251316123554,51.09408832175965,4.49361772063867,5.499782439772485,4.282404145859777,3.316602394068747e-07,2.547382303662541e-18,4.871237594018346e-16,2.0922035452536936e-07,-17.690032004870766,0.0,,COMPLETE
35,0.054173984965933814,0.2717320940178801,2026-03-13 14:49:38.965507,2026-03-13 14:49:39.695379,0 days 00:00:00.729872,4.298437444441174,0.846558153032223,48.155207650464,52.32490474650476,4.246984663175147,5.315646648832993,4.209167598691573,3.2992596810168464e-07,3.428431859709603e-16,3.812610907329791e-15,6.562120152462005e-08,-14.650385350843091,0.0,,COMPLETE
36,0.015687610091812926,0.13988460191489877,2026-03-13 14:49:39.696386,2026-03-13 14:49:40.526813,0 days 00:00:00.830427,4.269736605829932,0.6321425299478999,46.05402108468841,53.747249926518755,4.365927590697451,5.357176178834748,4.241830816393181,3.313391903955154e-07,1.6675201730291415e-16,1.871961172504151e-15,1.2426748390202327e-07,-17.118340063967565,0.0,,COMPLETE
37,0.010742484697158421,0.48257865245457393,2026-03-13 14:49:40.527809,2026-03-13 14:49:41.269429,0 days 00:00:00.741620,4.2341086290238845,0.9749349162292476,46.53143773872718,52.26263550345917,4.221854330954056,5.493188898391426,4.238352588371764,3.252313524609545e-07,1.855874761869112e-17,8.31773760746459e-16,1.2985549458248027e-07,-17.427329067964205,0.0,,COMPLETE
38,0.020941977789770996,0.3037485551592109,2026-03-13 14:49:41.270429,2026-03-13 14:49:42.265136,0 days 00:00:00.994707,4.253750042745671,0.6349986805104375,46.15361356233983,51.57178816869802,4.48584855498517,5.210007951642027,4.397344518863353,3.247036577434058e-07,1.5632695334944725e-18,5.269978170929877e-18,1.1417924640772848e-08,-15.60195217912703,0.0,,COMPLETE
39,0.04606732267344745,0.239005223890513,2026-03-13 14:49:42.266132,2026-03-13 14:49:43.109838,0 days 00:00:00.843706,4.350443116580753,0.688270199559256,48.358470156687716,53.25139496023659,4.389703372698119,5.38643959047354,4.378916911254587,3.294734456846962e-07,1.8061435766840572e-17,4.1000112059104077e-16,8.435530579621433e-08,-16.07977690758002,0.0,,COMPLETE
40,,,2026-03-13 14:49:43.109838,2026-03-13 14:49:43.160734,0 days 00:00:00.050896,4.355198214198862,0.5468708577700652,50.434696110887884,54.95468066718212,4.281358402949074,5.311706713944418,4.387518192649538,3.3007871109760846e-07,2.4195060664983613e-15,2.892443274693201e-15,6.300107143226053e-07,-16.395598867596973,0.0,,PRUNED
41,,,2026-03-13 14:49:43.161681,2026-03-13 14:49:43.209882,0 days 00:00:00.048201,4.4306062204829235,0.6501602419037258,50.017883551408204,52.56658686041351,4.393088977420264,5.329082028806956,4.228500289662853,3.2908495268534335e-07,1.2523424358956519e-18,2.7090767975264072e-17,8.177248031310924e-07,-17.99066548835924,0.0,,PRUNED
42,,,2026-03-13 14:49:43.210881,2026-03-13 14:49:43.262096,0 days 00:00:00.051215,4.401473934380595,0.9829210136332842,47.80660395096443,53.43069143393389,4.40168257295422,5.473185615908038,4.204072951974063,3.301657520606613e-07,2.620303949632731e-17,2.086187903906065e-16,1.2874272659151356e-07,-16.644468633371748,0.0,,PRUNED
43,0.06762602509949676,0.6135808369928634,2026-03-13 14:49:43.262096,2026-03-13 14:49:44.293262,0 days 00:00:01.031166,4.242818309883388,0.6335168344856557,46.41352793476648,50.722905062950986,4.415389111701394,5.369466771575946,4.499263421413457,3.285805075593557e-07,1.2026430511925723e-16,6.594865504488671e-15,1.8546599236138087e-08,-16.952651697358267,0.0,,COMPLETE
44,0.013553131636561154,0.7682321614141804,2026-03-13 14:49:44.294305,2026-03-13 14:49:45.095928,0 days 00:00:00.801623,4.3856757418649455,0.9692384260166732,46.12698174647076,50.86383899472838,4.2881778198948854,5.357238549598027,4.431916925090644,3.284184661613525e-07,5.4700976609654466e-17,1.975501023727374e-16,4.0871466155198914e-08,-15.337876797147803,0.0,,COMPLETE
45,,,2026-03-13 14:49:45.096925,2026-03-13 14:49:45.144656,0 days 00:00:00.047731,4.4145273701485745,0.6047114048815541,50.10808857738597,51.74585207904102,4.284588047549118,5.475905822421913,4.498258521113062,3.2702142630843875e-07,2.3653013080343376e-17,5.533297964979078e-16,4.906763690873728e-08,-15.900609550967143,0.0,,PRUNED
46,,,2026-03-13 14:49:45.145645,2026-03-13 14:49:45.192834,0 days 00:00:00.047189,4.4312423426044525,0.6751057450626288,47.973979010172485,54.55066955539303,4.430179769040459,5.377481982391009,4.394104001743192,3.3082881940552174e-07,4.486541907541337e-16,1.497693075267201e-16,6.896249767772312e-07,-18.402223624546956,0.0,,PRUNED
47,0.012959225766569141,0.5752847464285112,2026-03-13 14:49:45.193785,2026-03-13 14:49:45.960399,0 days 00:00:00.766614,4.347181738296377,0.7491043488581739,47.393308922873736,52.3805944291501,4.2005966213253805,5.3973811033615195,4.390191748247721,3.2845575970546916e-07,1.114129827442138e-15,7.827809271826465e-18,1.4374475350471636e-07,-15.314786252022536,0.0,,COMPLETE
48,0.03942819898346111,0.20570850298996682,2026-03-13 14:49:45.961396,2026-03-13 14:49:46.841434,0 days 00:00:00.880038,4.235015908198626,0.5937101690966035,49.473898807743446,51.892434973275236,4.201699438877047,5.3186003028629365,4.3717355759906775,3.2835793145306333e-07,5.238276409945e-15,4.255519533850717e-18,1.3606509313646744e-08,-14.70966214164374,0.0,,COMPLETE
49,,,2026-03-13 14:49:46.842547,2026-03-13 14:49:46.891883,0 days 00:00:00.049336,4.3956973093924,0.5869193167709563,46.624551811337305,53.095713939949256,4.2236882681013865,5.429348929866969,4.432353711878058,3.256647606361636e-07,6.981389872454459e-16,5.7903722614867605e-15,3.251462471497757e-08,-18.187499985141002,0.0,,PRUNED
50,,,2026-03-13 14:49:46.892877,2026-03-13 14:49:46.934737,0 days 00:00:00.041860,4.460883405735714,0.6518453995081785,46.88149137420641,54.17112549175603,4.493212403436378,5.3594987945781725,4.463788017270437,3.3099828159843264e-07,6.42599078091566e-15,2.9309942297810584e-16,2.5949979281003624e-07,-17.356236094222304,0.0,,PRUNED
51,0.05068518558319038,0.5242499282543442,2026-03-13 14:49:46.934737,2026-03-13 14:49:47.797871,0 days 00:00:00.863134,4.336211425938412,0.7525864286006698,48.44447994374653,52.35626071942262,4.370486050736447,5.412468339760909,4.268334771225338,3.271802989375549e-07,5.289493876349376e-18,1.0692312457613028e-18,1.3779859583946782e-07,-17.34367778540791,0.0,,COMPLETE
52,,,2026-03-13 14:49:47.798868,2026-03-13 14:49:47.845711,0 days 00:00:00.046843,4.379989838279438,0.6230462389013983,49.92041559115109,54.00387784605712,4.470041893160783,5.320974140449055,4.358142232266877,3.3176607228798263e-07,1.364372771505926e-17,3.1562755602847416e-16,1.504263094746391e-07,-18.25458557238321,0.0,,PRUNED
53,,,2026-03-13 14:49:47.845711,2026-03-13 14:49:47.893552,0 days 00:00:00.047841,4.342623463920643,0.9939887274898164,49.144969997920235,52.296916765639004,4.485874979267576,5.353663697973546,4.223790337919712,3.242111164329383e-07,4.6101440161543885e-17,1.790751684675127e-15,5.32999782393748e-07,-16.585548105951165,0.0,,PRUNED
54,0.016116297113383225,0.7335482109010006,2026-03-13 14:49:47.894553,2026-03-13 14:49:48.711748,0 days 00:00:00.817195,4.303435492278271,0.866480511460201,48.27271661717525,51.549160816585676,4.362221235614405,5.387926176879809,4.259892347227335,3.2691812049661793e-07,8.573690772808245e-15,2.1432218426868196e-18,6.937730051258518e-07,-16.859823594013456,0.0,,COMPLETE
55,,,2026-03-13 14:49:48.712743,2026-03-13 14:49:48.764570,0 days 00:00:00.051827,4.4656574364836334,0.5149097439015532,49.37957835600791,55.10092024172381,4.2740615770023656,5.375750247958229,4.4726866429583305,3.269919393368763e-07,3.082901854858434e-17,1.975860253860254e-18,2.159869202019453e-08,-17.72627715476175,0.0,,PRUNED
56,0.01990526603218029,0.4455226727645889,2026-03-13 14:49:48.765567,2026-03-13 14:49:49.491945,0 days 00:00:00.726378,4.25212124943997,0.7459288451655239,49.10299728883011,51.870872035432086,4.2214929604114495,5.294965392868868,4.401905811360211,3.3121321745106334e-07,1.6876950621797478e-15,7.19808997958801e-17,5.2933259533682685e-08,-14.51961233674568,0.0,,COMPLETE
57,0.07034655229413689,0.5899303496290483,2026-03-13 14:49:49.491945,2026-03-13 14:49:50.275333,0 days 00:00:00.783388,4.224812841809656,0.8783541920065581,46.810384085647975,51.967160527047135,4.424986607516834,5.308534869288969,4.236829150311359,3.2859495414995027e-07,1.0778869160098615e-15,1.7484012123920518e-17,5.708664544668144e-08,-13.914784295561574,0.0,,COMPLETE
58,0.08372395308996572,0.16896596075754286,2026-03-13 14:49:50.275333,2026-03-13 14:49:51.242609,0 days 00:00:00.967276,4.354826770182524,0.6559232240327868,46.2757999235041,54.473126054104505,4.437224275896654,5.48723161854956,4.404807161546585,3.2759131738367474e-07,1.7109245396703645e-16,5.087732703712738e-16,9.188839996718848e-08,-16.609504628262403,0.0,,COMPLETE
