number,values_0,values_1,datetime_start,datetime_complete,duration,params_E_d_sh,params_G_frac,params_N_t_d,params_N_t_sh,params_W_L,params_W_R,params_W_R_sclc,params_d_sclc,params_l1_C_n_bulk,params_l1_k_dir,params_l1_mu_p,params_mu_e,system_attrs_NSGAIISampler:generation,system_attrs_fixed_params,state
410,0.06327591941918846,0.03864989464364796,2026-03-13 14:54:37.157108,2026-03-13 14:54:38.017549,0 days 00:00:00.860441,4.3848095359673485,0.5011623881960187,46.815734235050996,53.21880111861873,4.397246704596115,5.462579855955218,4.373819869128801,3.309122318058947e-07,1.4083620383079727e-18,7.646499677157575e-17,8.435530579621433e-08,-16.07977690758002,7.0,,COMPLETE
411,0.002877790440643381,0.6714880075679788,2026-03-13 14:54:38.018546,2026-03-13 14:54:38.943496,0 days 00:00:00.924950,4.241642795065647,0.9478969421256604,48.03279107607236,53.96092577381798,4.377367262944558,5.357176178834748,4.379893069985596,3.309122318058947e-07,1.8061435766840572e-17,3.103829978204093e-17,1.711559003147837e-08,-16.129905096408926,7.0,,COMPLETE
412,0.0031226751127286924,0.08280978658333861,2026-03-13 14:54:38.944493,2026-03-13 14:54:39.622970,0 days 00:00:00.678477,4.234574450967509,0.5768064637689114,48.155207650464,55.13579629119424,4.362221235614405,5.310758902595503,4.278246698760668,3.2992596810168464e-07,1.1168869378003539e-17,4.1000112059104077e-16,1.1077649290620279e-07,-16.07977690758002,7.0,,COMPLETE
413,0.0538331617849052,0.05077877025716525,2026-03-13 14:54:39.623967,2026-03-13 14:54:40.493058,0 days 00:00:00.869091,4.234574450967509,0.5011623881960187,48.358470156687716,51.892434973275236,4.362221235614405,5.38643959047354,4.2564682275853,3.2430109454609004e-07,1.3535790747321685e-15,3.103829978204093e-17,8.518510438917664e-08,-18.22177141581007,7.0,,COMPLETE
414,0.06349889148640696,0.10569848639586125,2026-03-13 14:54:40.494054,2026-03-13 14:54:41.272849,0 days 00:00:00.778795,4.241642795065647,0.5515635972482404,48.358470156687716,53.96092577381798,4.2191439247585825,5.38643959047354,4.23675596586411,3.294734456846962e-07,1.1044494184119977e-18,2.88842348473924e-17,1.711559003147837e-08,-14.314902480909131,7.0,,COMPLETE
415,0.007518016410964835,0.1185607491410088,2026-03-13 14:54:41.273846,2026-03-13 14:54:42.213617,0 days 00:00:00.939771,4.3848095359673485,0.5973534354330223,48.67972957341704,51.892434973275236,4.397246704596115,5.38643959047354,4.2564682275853,3.309122318058947e-07,1.9730037121993087e-15,7.646499677157575e-17,1.0902655424354349e-08,-14.196334414657654,7.0,,COMPLETE
416,0.0030933650234682523,0.17823776771561942,2026-03-13 14:54:42.214626,2026-03-13 14:54:42.907037,0 days 00:00:00.692411,4.241642795065647,0.688270199559256,48.373094469873365,52.24527926238018,4.2191439247585825,5.473101312605932,4.379893069985596,3.294734456846962e-07,1.8061435766840572e-17,2.9626848709075563e-16,2.5664113495585164e-08,-16.129905096408926,7.0,,COMPLETE
417,0.0072975768785367235,0.14436963670827524,2026-03-13 14:54:42.907037,2026-03-13 14:54:43.591545,0 days 00:00:00.684508,4.241642795065647,0.5515635972482404,48.358470156687716,53.96092577381798,4.300891471607496,5.346195340894862,4.2564682275853,3.3110281383175436e-07,8.063035226196599e-16,8.834233278888074e-18,8.518510438917664e-08,-16.129905096408926,7.0,,COMPLETE
418,0.03257210620831812,0.11162698791393363,2026-03-13 14:54:43.591545,2026-03-13 14:54:44.299842,0 days 00:00:00.708297,4.298437444441174,0.5401037936171467,48.70605605891457,53.21880111861873,4.363814387881665,5.484405395084121,4.373819869128801,3.284093955361284e-07,1.719006987397763e-18,2.7899282372042384e-16,1.3835535034898215e-07,-14.196334414657654,7.0,,COMPLETE
419,0.04897022989335274,0.0475242335448785,2026-03-13 14:54:44.300839,2026-03-13 14:54:45.051487,0 days 00:00:00.750648,4.298437444441174,0.5401037936171467,48.70605605891457,53.21880111861873,4.363814387881665,5.484405395084121,4.379893069985596,3.2592597392292383e-07,5.087458116489656e-16,2.7899282372042384e-16,1.2985549458248027e-07,-16.974403256188783,7.0,,COMPLETE
420,0.008784150782854525,0.3030017123825822,2026-03-13 14:54:45.051487,2026-03-13 14:54:45.795994,0 days 00:00:00.744507,4.279898652480756,0.688270199559256,46.815734235050996,53.198752109788835,4.389703372698119,5.288678949438508,4.340750260243717,3.309122318058947e-07,1.8061435766840572e-17,2.88842348473924e-17,8.435530579621433e-08,-16.07977690758002,7.0,,COMPLETE
421,0.003212865698022715,0.13182250626577263,2026-03-13 14:54:45.795994,2026-03-13 14:54:46.601814,0 days 00:00:00.805820,4.241642795065647,0.5768064637689114,48.358470156687716,53.67263415740605,4.300891471607496,5.38643959047354,4.379893069985596,3.294734456846962e-07,1.5951302803696658e-15,3.103829978204093e-17,1.711559003147837e-08,-16.129905096408926,7.0,,COMPLETE
422,0.04516824505428371,0.10979029625119631,2026-03-13 14:54:46.602811,2026-03-13 14:54:47.652197,0 days 00:00:01.049386,4.234574450967509,0.5011623881960187,48.147890576434236,53.96092577381798,4.484590175032491,5.38643959047354,4.385444732430226,3.258107257057294e-07,2.543311444750435e-16,5.225070196214357e-17,1.711559003147837e-08,-16.07977690758002,7.0,,COMPLETE
423,0.01888882220802383,0.052514249566605754,2026-03-13 14:54:47.654190,2026-03-13 14:54:48.651205,0 days 00:00:00.997015,4.3848095359673485,0.5011623881960187,46.815734235050996,51.02509039336659,4.47296947069704,5.346195340894862,4.2564682275853,3.309122318058947e-07,1.3535790747321685e-15,5.225070196214357e-17,8.518510438917664e-08,-14.677758735692152,7.0,,COMPLETE
424,0.0026497507717337925,0.09391143587490232,2026-03-13 14:54:48.652205,2026-03-13 14:54:49.594212,0 days 00:00:00.942007,4.234574450967509,0.5401037936171467,48.155207650464,52.376587511836526,4.365927590697451,5.38643959047354,4.373819869128801,3.284093955361284e-07,1.8061435766840572e-17,7.646499677157575e-17,1.1077649290620279e-07,-16.07977690758002,7.0,,COMPLETE
425,0.05074863342551057,0.04259368604395293,2026-03-13 14:54:49.595208,2026-03-13 14:54:50.652056,0 days 00:00:01.056848,4.402900283583998,0.5471841331670136,48.70605605891457,53.21880111861873,4.221854330954056,5.484405395084121,4.463954951850335,3.2835793145306333e-07,1.4493988786339865e-16,2.7805771527607335e-15,1.2985549458248027e-07,-14.196334414657654,7.0,,COMPLETE
426,0.004849142343954605,0.06925811301406506,2026-03-13 14:54:50.653053,2026-03-13 14:54:51.729561,0 days 00:00:01.076508,4.343216746143678,0.5011623881960187,48.358470156687716,53.400752427809564,4.2191439247585825,5.346195340894862,4.379893069985596,3.294734456846962e-07,1.8061435766840572e-17,2.88842348473924e-17,8.518510438917664e-08,-14.677758735692152,7.0,,COMPLETE
427,0.0031661206822401282,0.2984883743413057,2026-03-13 14:54:51.730561,2026-03-13 14:54:52.766331,0 days 00:00:01.035770,4.241642795065647,0.5515635972482404,48.358470156687716,52.01090378662589,4.389703372698119,5.449658964324548,4.340750260243717,3.2774010524773464e-07,1.8061435766840572e-17,7.722527698200973e-15,8.435530579621433e-08,-16.07977690758002,7.0,,COMPLETE
428,0.032861189398091344,0.089644075074771,2026-03-13 14:54:52.767328,2026-03-13 14:54:53.932270,0 days 00:00:01.164942,4.402900283583998,0.5515635972482404,46.815734235050996,51.78497204377082,4.359543521558283,5.357176178834748,4.234252471400281,3.2410897547129707e-07,1.4493988786339865e-16,5.225070196214357e-17,2.5664113495585164e-08,-16.057910787797745,7.0,,COMPLETE
429,0.007020012598891232,0.2798683558120752,2026-03-13 14:54:53.932270,2026-03-13 14:54:55.105812,0 days 00:00:01.173542,4.241642795065647,0.7032389319205351,48.03279107607236,53.96092577381798,4.397246704596115,5.357176178834748,4.379893069985596,3.309122318058947e-07,1.8061435766840572e-17,3.103829978204093e-17,1.711559003147837e-08,-16.129905096408926,7.0,,COMPLETE
430,0.06634102873286292,0.04330169520345056,2026-03-13 14:54:55.106798,2026-03-13 14:54:56.090862,0 days 00:00:00.984064,4.234574450967509,0.5011623881960187,47.94554590074915,51.10107201161464,4.363814387881665,5.495593258470635,4.38396585768342,3.2430109454609004e-07,1.3535790747321685e-15,5.225070196214357e-17,3.24302842786329e-08,-14.038561164341335,7.0,,COMPLETE
431,0.009457681164384403,0.20736419422911923,2026-03-13 14:54:56.091858,2026-03-13 14:54:57.185641,0 days 00:00:01.093783,4.402900283583998,0.5471841331670136,46.815734235050996,51.78497204377082,4.359543521558283,5.495593258470635,4.463954951850335,3.2430109454609004e-07,1.4493988786339865e-16,2.7805771527607335e-15,1.0902655424354349e-08,-14.196334414657654,7.0,,COMPLETE
432,0.007550663771946997,0.21860341388741905,2026-03-13 14:54:57.186638,2026-03-13 14:54:58.163346,0 days 00:00:00.976708,4.317472661333562,0.5973534354330223,48.67972957341704,51.892434973275236,4.362221235614405,5.38643959047354,4.2564682275853,3.2774010524773464e-07,1.1168869378003539e-17,3.103829978204093e-17,3.616350289865209e-07,-16.07977690758002,7.0,,COMPLETE
433,0.0033551823036676973,0.2905108456042809,2026-03-13 14:54:58.164393,2026-03-13 14:54:59.260472,0 days 00:00:01.096079,4.279898652480756,0.9028773071328418,48.516160104903676,53.78798127766993,4.355348002553498,5.235296044529069,4.209167598691573,3.284093955361284e-07,5.238276409945e-15,7.722527698200973e-15,1.2985549458248027e-07,-15.79053503323124,7.0,,COMPLETE
434,0.028436798885890055,0.2727541980583794,2026-03-13 14:54:59.261469,2026-03-13 14:55:00.259123,0 days 00:00:00.997654,4.279898652480756,0.688270199559256,48.155207650464,52.01090378662589,4.389703372698119,5.449658964324548,4.340750260243717,3.2774010524773464e-07,1.8061435766840572e-17,7.722527698200973e-15,2.1759904278846936e-08,-15.142793166190785,7.0,,COMPLETE
435,0.006439030752686735,0.04784450691893322,2026-03-13 14:55:00.260120,2026-03-13 14:55:01.165610,0 days 00:00:00.905490,4.234574450967509,0.5011623881960187,47.94554590074915,51.10107201161464,4.363814387881665,5.38643959047354,4.38396585768342,3.2430109454609004e-07,1.3535790747321685e-15,5.225070196214357e-17,4.027594978459608e-07,-16.07977690758002,7.0,,COMPLETE
436,0.06455942275309164,0.0959574862263934,2026-03-13 14:55:01.165610,2026-03-13 14:55:02.010435,0 days 00:00:00.844825,4.234574450967509,0.5471841331670136,46.815734235050996,53.400752427809564,4.362221235614405,5.38643959047354,4.256438737312667,3.2430109454609004e-07,1.3732792332420093e-15,4.1000112059104077e-16,1.3835535034898215e-07,-14.608838965530715,7.0,,COMPLETE
437,0.0037566311139313833,0.38088236450560986,2026-03-13 14:55:02.011431,2026-03-13 14:55:02.997230,0 days 00:00:00.985799,4.234574450967509,0.6867332216830433,48.620258311803646,51.892434973275236,4.362221235614405,5.38643959047354,4.2564682275853,3.2774010524773464e-07,1.1168869378003539e-17,3.103829978204093e-17,1.1077649290620279e-07,-16.07977690758002,7.0,,COMPLETE
438,0.07506745948229317,0.0914185240847208,2026-03-13 14:55:02.998302,2026-03-13 14:55:04.069785,0 days 00:00:01.071483,4.234574450967509,0.5011623881960187,46.815734235050996,53.400752427809564,4.363814387881665,5.346195340894862,4.373819869128801,3.2430109454609004e-07,1.3535790747321685e-15,7.646499677157575e-17,1.0902655424354349e-08,-14.038561164341335,7.0,,COMPLETE
439,0.06616513774087422,0.043968246781432095,2026-03-13 14:55:04.070782,2026-03-13 14:55:05.020757,0 days 00:00:00.949975,4.234574450967509,0.5011623881960187,48.373094469873365,52.24527926238018,4.2191439247585825,5.473101312605932,4.379893069985596,3.2430109454609004e-07,1.8061435766840572e-17,5.225070196214357e-17,2.5664113495585164e-08,-14.038561164341335,7.0,,COMPLETE
440,0.02108845596320126,0.06253682988027905,2026-03-13 14:55:05.021764,2026-03-13 14:55:06.108944,0 days 00:00:01.087180,4.298437444441174,0.5401037936171467,48.358470156687716,53.96092577381798,4.363814387881665,5.38643959047354,4.379893069985596,3.2592597392292383e-07,1.971276384836247e-16,3.103829978204093e-17,1.711559003147837e-08,-16.129905096408926,7.0,,COMPLETE
441,0.015048669132512116,0.0936558426129126,2026-03-13 14:55:06.109938,2026-03-13 14:55:07.031946,0 days 00:00:00.922008,4.384672361062914,0.5011623881960187,47.40455560402438,53.21880111861873,4.221854330954056,5.484405395084121,4.209167598691573,3.2835793145306333e-07,3.578300316931735e-15,2.9813728031178997e-18,1.2985549458248027e-07,-14.677758735692152,7.0,,COMPLETE
442,0.021329632475240192,0.04385381190508442,2026-03-13 14:55:07.033584,2026-03-13 14:55:07.956034,0 days 00:00:00.922450,4.384672361062914,0.5011623881960187,48.70605605891457,51.10107201161464,4.363814387881665,5.346195340894862,4.38396585768342,3.309122318058947e-07,8.063035226196599e-16,5.225070196214357e-17,8.518510438917664e-08,-14.038561164341335,7.0,,COMPLETE
443,0.01052550789022513,0.13082088969331235,2026-03-13 14:55:07.957031,2026-03-13 14:55:09.009423,0 days 00:00:01.052392,4.241642795065647,0.5768064637689114,47.721913831714154,52.31462847466886,4.300891471607496,5.38643959047354,4.385444732430226,3.275260522682166e-07,1.5951302803696658e-15,2.88842348473924e-17,1.711559003147837e-08,-16.129905096408926,7.0,,COMPLETE
444,0.0031863672379474845,0.1130916386010793,2026-03-13 14:55:09.010420,2026-03-13 14:55:10.088443,0 days 00:00:01.078023,4.234574450967509,0.5515635972482404,48.358470156687716,53.96092577381798,4.300891471607496,5.495593258470635,4.379893069985596,3.294734456846962e-07,1.3535790747321685e-15,5.225070196214357e-17,2.5664113495585164e-08,-16.129905096408926,7.0,,COMPLETE
445,0.02277086317684749,0.012932098530396622,2026-03-13 14:55:10.089440,2026-03-13 14:55:11.163839,0 days 00:00:01.074399,4.384672361062914,0.5011623881960187,46.05402108468841,53.198752109788835,4.457343626420763,5.408375123906557,4.2564682275853,3.284093955361284e-07,8.063035226196599e-16,4.255519533850717e-18,1.3835535034898215e-07,-14.677758735692152,7.0,,COMPLETE
446,0.06260223017010011,0.0516040752795085,2026-03-13 14:55:11.164836,2026-03-13 14:55:12.028658,0 days 00:00:00.863822,4.298437444441174,0.5011623881960187,47.48146174666705,53.21880111861873,4.362221235614405,5.428716639424191,4.256438737312667,3.2430109454609004e-07,1.3535790747321685e-15,5.225070196214357e-17,1.4994958499959604e-07,-14.196334414657654,7.0,,COMPLETE
447,,,2026-03-13 14:55:12.029655,2026-03-13 14:55:12.091152,0 days 00:00:00.061497,4.234574450967509,0.5515635972482404,50.5683825615387,55.13579629119424,4.362221235614405,5.346195340894862,4.278246698760668,3.309122318058947e-07,1.8061435766840572e-17,1.0574793317089384e-16,2.5664113495585164e-08,-16.129905096408926,7.0,,PRUNED
448,0.05611031166703661,0.14936901709932482,2026-03-13 14:55:12.092151,2026-03-13 14:55:13.152239,0 days 00:00:01.060088,4.37135039644097,0.5638288827350529,48.03279107607236,53.21880111861873,4.397246704596115,5.428716639424191,4.256438737312667,3.309122318058947e-07,1.0294466636919959e-17,1.0483794065497174e-17,1.1077649290620279e-07,-16.129905096408926,7.0,,COMPLETE
449,0.0333201589066513,0.06765229995652254,2026-03-13 14:55:13.153236,2026-03-13 14:55:14.317496,0 days 00:00:01.164260,4.384672361062914,0.5515635972482404,47.721913831714154,53.400752427809564,4.460769748453953,5.357176178834748,4.217615116844671,3.245699213957845e-07,8.063035226196599e-16,8.834233278888074e-18,2.5664113495585164e-08,-14.677758735692152,7.0,,COMPLETE
450,0.034016587593882465,0.07402834189589841,2026-03-13 14:55:14.317496,2026-03-13 14:55:15.219125,0 days 00:00:00.901629,4.298437444441174,0.5011623881960187,47.40455560402438,53.400752427809564,4.221854330954056,5.346195340894862,4.425530891793159,3.309122318058947e-07,8.063035226196599e-16,2.9813728031178997e-18,1.3835535034898215e-07,-14.677758735692152,7.0,,COMPLETE
451,0.003863754866581001,0.18654401785350816,2026-03-13 14:55:15.220122,2026-03-13 14:55:16.168103,0 days 00:00:00.947981,4.241642795065647,0.5768064637689114,48.358470156687716,53.96092577381798,4.2191439247585825,5.38643959047354,4.379893069985596,3.2485970000705047e-07,1.8061435766840572e-17,2.88842348473924e-17,3.229425379763782e-08,-16.07977690758002,7.0,,COMPLETE
452,0.0038213419994255447,0.13678880474966051,2026-03-13 14:55:16.169100,2026-03-13 14:55:17.063144,0 days 00:00:00.894044,4.234574450967509,0.5973534354330223,48.155207650464,55.13579629119424,4.362221235614405,5.38643959047354,4.278246698760668,3.2774010524773464e-07,1.8061435766840572e-17,4.1000112059104077e-16,1.1077649290620279e-07,-16.07977690758002,7.0,,COMPLETE
453,0.012728800720083536,0.4103172277101374,2026-03-13 14:55:17.064141,2026-03-13 14:55:18.090637,0 days 00:00:01.026496,4.241642795065647,0.688270199559256,48.516160104903676,53.78798127766993,4.2191439247585825,5.495015699871787,4.340750260243717,3.294734456846962e-07,1.8474050267632355e-17,2.88842348473924e-17,3.00709521931629e-08,-15.79053503323124,7.0,,COMPLETE
454,0.005634131609516865,0.1516018648875249,2026-03-13 14:55:18.091634,2026-03-13 14:55:19.082247,0 days 00:00:00.990613,4.234574450967509,0.5973534354330223,48.516160104903676,55.13579629119424,4.362221235614405,5.38643959047354,4.2564682275853,3.2774010524773464e-07,1.1168869378003539e-17,4.1000112059104077e-16,1.1077649290620279e-07,-15.79053503323124,7.0,,COMPLETE
455,0.013844549758622423,0.047566736893119216,2026-03-13 14:55:19.083242,2026-03-13 14:55:20.038512,0 days 00:00:00.955270,4.320582870684385,0.5011623881960187,47.721913831714154,53.400752427809564,4.363814387881665,5.346195340894862,4.373819869128801,3.309122318058947e-07,1.5951302803696658e-15,2.9813728031178997e-18,1.3835535034898215e-07,-15.076512840931883,7.0,,COMPLETE
456,0.056469238106784836,0.028440030335457948,2026-03-13 14:55:20.039548,2026-03-13 14:55:21.151417,0 days 00:00:01.111869,4.402900283583998,0.5011623881960187,46.815734235050996,54.19059363414416,4.359543521558283,5.435815326036136,4.463954951850335,3.296471101066882e-07,1.3535790747321685e-15,1.5131000939594173e-16,1.4373408714477876e-08,-14.196334414657654,7.0,,COMPLETE
457,0.023571521435828517,0.06923915427817487,2026-03-13 14:55:21.152411,2026-03-13 14:55:22.104662,0 days 00:00:00.952251,4.279898652480756,0.5768064637689114,47.721913831714154,52.60542353219884,4.2191439247585825,5.3428764941318025,4.340750260243717,3.294734456846962e-07,1.1168869378003539e-17,2.77884202284494e-16,3.229425379763782e-08,-15.79053503323124,7.0,,COMPLETE
458,0.015511577961216327,0.6801600095626069,2026-03-13 14:55:22.105658,2026-03-13 14:55:23.049932,0 days 00:00:00.944274,4.298437444441174,0.9145243877133409,48.358470156687716,51.014693793966515,4.221854330954056,5.285716787501677,4.256438737312667,3.261860620771229e-07,1.1168869378003539e-17,2.7899282372042384e-16,1.2985549458248027e-07,-16.048557243321017,7.0,,COMPLETE
459,0.053577162150338385,0.13055704999875276,2026-03-13 14:55:23.049932,2026-03-13 14:55:24.141439,0 days 00:00:01.091507,4.402900283583998,0.5515635972482404,48.817598914131565,51.892434973275236,4.2191439247585825,5.206476643201393,4.235786855802558,3.2410897547129707e-07,1.0562346481070689e-15,1.0574793317089384e-16,1.711559003147837e-08,-16.129905096408926,7.0,,COMPLETE
460,0.016275727675097027,0.04324084381864392,2026-03-13 14:55:24.142447,2026-03-13 14:55:25.147764,0 days 00:00:01.005317,4.303102165017152,0.5011623881960187,47.721913831714154,54.5632898553055,4.2191439247585825,5.38643959047354,4.282550377586833,3.2485970000705047e-07,1.1168869378003539e-17,5.225070196214357e-17,1.711559003147837e-08,-16.129905096408926,7.0,,COMPLETE
461,0.009774550174905887,0.92450763045463,2026-03-13 14:55:25.148760,2026-03-13 14:55:26.215365,0 days 00:00:01.066605,4.279898652480756,0.993061028957362,47.94554590074915,52.01090378662589,4.363814387881665,5.38643959047354,4.340750260243717,3.2430109454609004e-07,1.8061435766840572e-17,5.225070196214357e-17,8.435530579621433e-08,-16.07977690758002,8.0,,COMPLETE
462,0.01331596737780912,0.05103284388477991,2026-03-13 14:55:26.216362,2026-03-13 14:55:27.134440,0 days 00:00:00.918078,4.345275655603453,0.5011623881960187,46.815734235050996,53.21880111861873,4.362221235614405,5.462579855955218,4.373819869128801,3.309122318058947e-07,1.1168869378003539e-17,7.646499677157575e-17,8.435530579621433e-08,-14.779626961037474,8.0,,COMPLETE
463,0.03267834121595603,0.049546970344289565,2026-03-13 14:55:27.135454,2026-03-13 14:55:28.199521,0 days 00:00:01.064067,4.279898652480756,0.5011623881960187,48.51434065350905,53.78798127766993,4.362221235614405,5.38643959047354,4.24866186954086,3.2676342905165476e-07,1.1168869378003539e-17,3.103829978204093e-17,8.435530579621433e-08,-14.779626961037474,8.0,,COMPLETE
464,0.011624587275355154,0.05109268669387436,2026-03-13 14:55:28.200517,2026-03-13 14:55:29.129913,0 days 00:00:00.929396,4.234574450967509,0.5011623881960187,46.815734235050996,53.96092577381798,4.363814387881665,5.38643959047354,4.379893069985596,3.309122318058947e-07,8.063035226196599e-16,8.834233278888074e-18,8.518510438917664e-08,-16.07977690758002,8.0,,COMPLETE
465,0.006611128702606441,0.16959726463482483,2026-03-13 14:55:29.130855,2026-03-13 14:55:30.166671,0 days 00:00:01.035816,4.279898652480756,0.6762899992684246,48.155207650464,53.96092577381798,4.362221235614405,5.3428764941318025,4.278246698760668,3.2992596810168464e-07,1.8061435766840572e-17,4.1000112059104077e-16,3.00709521931629e-08,-15.79053503323124,8.0,,COMPLETE
466,0.03254518423411158,0.03849271065269269,2026-03-13 14:55:30.169239,2026-03-13 14:55:31.193304,0 days 00:00:01.024065,4.384672361062914,0.5011623881960187,46.815734235050996,53.400752427809564,4.457343626420763,5.346195340894862,4.373819869128801,3.309122318058947e-07,8.063035226196599e-16,2.9813728031178997e-18,1.3835535034898215e-07,-14.677758735692152,8.0,,COMPLETE
467,0.058994834760158335,0.5679110146125556,2026-03-13 14:55:31.194301,2026-03-13 14:55:32.252909,0 days 00:00:01.058608,4.241642795065647,0.5011623881960187,48.358470156687716,53.96092577381798,4.389703372698119,5.38643959047354,4.49524544488903,3.2774010524773464e-07,1.8061435766840572e-17,7.722527698200973e-15,1.711559003147837e-08,-16.07977690758002,8.0,,COMPLETE
