number,values_0,values_1,datetime_start,datetime_complete,duration,params_E_d_sh,params_G_frac,params_N_t_d,params_N_t_sh,params_W_L,params_W_R,params_W_R_sclc,params_d_sclc,params_l1_C_n_bulk,params_l1_k_dir,params_l1_mu_p,params_mu_e,system_attrs_NSGAIISampler:generation,system_attrs_fixed_params,state
294,,,2026-03-13 14:53:02.546165,2026-03-13 14:53:02.597984,0 days 00:00:00.051819,4.384672361062914,0.5401037936171467,48.83405224740857,53.400752427809564,4.457343626420763,5.346195340894862,4.256438737312667,3.2835793145306333e-07,1.3685312235284936e-16,2.9813728031178997e-18,1.3606509313646744e-08,-16.974403256188783,4.0,,PRUNED
295,0.009488406780080247,0.049084787526044636,2026-03-13 14:53:02.598880,2026-03-13 14:53:03.499500,0 days 00:00:00.900620,4.402900283583998,0.5471841331670136,46.815734235050996,51.78497204377082,4.359543521558283,5.435815326036136,4.463954951850335,3.2410897547129707e-07,1.4493988786339865e-16,2.7805771527607335e-15,1.486886833957892e-07,-14.196334414657654,4.0,,COMPLETE
296,0.059030075717038846,0.36961780542205236,2026-03-13 14:53:03.500497,2026-03-13 14:53:04.628988,0 days 00:00:01.128491,4.269736605829932,0.6321425299478999,48.70605605891457,54.60051034968248,4.365927590697451,5.357176178834748,4.38396585768342,3.313391903955154e-07,1.1168869378003539e-17,1.871961172504151e-15,2.5664113495585164e-08,-17.118340063967565,4.0,,COMPLETE
297,0.009865419245298853,0.301117105725802,2026-03-13 14:53:04.629985,2026-03-13 14:53:05.588321,0 days 00:00:00.958336,4.300093282474344,0.688270199559256,48.70605605891457,53.21880111861873,4.220171416001109,5.38643959047354,4.379893069985596,3.294734456846962e-07,1.1168869378003539e-17,4.1000112059104077e-16,8.435530579621433e-08,-15.820262827314254,4.0,,COMPLETE
298,0.03792247996601381,0.2260421803055448,2026-03-13 14:53:05.590288,2026-03-13 14:53:06.704813,0 days 00:00:01.114525,4.234574450967509,0.5515635972482404,48.70605605891457,54.60051034968248,4.404548394376652,5.206476643201393,4.235786855802558,3.2410897547129707e-07,1.1168869378003539e-17,3.103829978204093e-17,2.5664113495585164e-08,-14.314902480909131,4.0,,COMPLETE
299,0.006695084388114245,0.10523162593080364,2026-03-13 14:53:06.704813,2026-03-13 14:53:07.794284,0 days 00:00:01.089471,4.234574450967509,0.5638288827350529,48.03279107607236,53.747249926518755,4.397246704596115,5.357176178834748,4.38396585768342,3.309122318058947e-07,1.6675201730291415e-16,1.0483794065497174e-17,2.5664113495585164e-08,-16.129905096408926,4.0,,COMPLETE
300,0.010218899080411462,0.21553574914880638,2026-03-13 14:53:07.795281,2026-03-13 14:53:08.673810,0 days 00:00:00.878529,4.253750042745671,0.688270199559256,46.69885511014704,52.01090378662589,4.279856546327439,5.449658964324548,4.397344518863353,3.2730905603063035e-07,1.5632695334944725e-18,7.722527698200973e-15,8.435530579621433e-08,-16.358543313870015,4.0,,COMPLETE
301,0.014732948582385543,0.09632374980506303,2026-03-13 14:53:08.674807,2026-03-13 14:53:09.676449,0 days 00:00:01.001642,4.2341086290238845,0.5515635972482404,46.53143773872718,52.31462847466886,4.3999205328674025,5.346195340894862,4.233510141801288,3.309122318058947e-07,1.1168869378003539e-17,8.31773760746459e-16,6.198355559997118e-08,-16.129905096408926,4.0,,COMPLETE
302,0.009397605482516409,0.0909178069191424,2026-03-13 14:53:09.677446,2026-03-13 14:53:10.790267,0 days 00:00:01.112821,4.234574450967509,0.5768064637689114,47.721913831714154,51.10107201161464,4.363814387881665,5.38643959047354,4.379893069985596,3.2592597392292383e-07,4.512024427425455e-17,2.88842348473924e-17,1.0065507564476633e-08,-16.07977690758002,4.0,,COMPLETE
303,0.02514845961651461,0.49418120632850054,2026-03-13 14:53:10.791263,2026-03-13 14:53:11.853626,0 days 00:00:01.062363,4.367384784576744,0.688270199559256,48.155207650464,51.892434973275236,4.389703372698119,5.394806412447472,4.340750260243717,3.2592597392292383e-07,1.0562346481070689e-15,7.722527698200973e-15,1.711559003147837e-08,-16.110623743364823,4.0,,COMPLETE
304,0.003930133880438927,0.059740672838358246,2026-03-13 14:53:11.855610,2026-03-13 14:53:13.011860,0 days 00:00:01.156250,4.234574450967509,0.5011623881960187,48.358470156687716,53.96092577381798,4.363814387881665,5.38643959047354,4.379893069985596,3.2430109454609004e-07,1.3535790747321685e-15,5.225070196214357e-17,1.711559003147837e-08,-16.07977690758002,4.0,,COMPLETE
305,0.0025639672860468237,0.23306842420778956,2026-03-13 14:53:13.012863,2026-03-13 14:53:13.802553,0 days 00:00:00.789690,4.279898652480756,0.5973534354330223,48.516160104903676,53.78798127766993,4.362221235614405,5.495015699871787,4.2564682275853,3.2774010524773464e-07,1.1168869378003539e-17,3.103829978204093e-17,1.1077649290620279e-07,-15.79053503323124,4.0,,COMPLETE
306,0.019809851989303344,0.4342607573649882,2026-03-13 14:53:13.803551,2026-03-13 14:53:14.533791,0 days 00:00:00.730240,4.269736605829932,0.5724306000037758,47.88924278296059,51.892434973275236,4.2191439247585825,5.4201578274589854,4.379893069985596,3.313391903955154e-07,2.7298611608633413e-17,1.871961172504151e-15,1.711559003147837e-08,-17.118340063967565,4.0,,COMPLETE
307,0.054231621873329514,0.2919983965971195,2026-03-13 14:53:14.534787,2026-03-13 14:53:15.375866,0 days 00:00:00.841079,4.384672361062914,0.8067311769242835,47.96755034546392,53.06539275257391,4.363814387881665,5.495593258470635,4.373819869128801,3.255362726932314e-07,1.3535790747321685e-15,4.007735357049098e-15,3.2587048350277853e-07,-15.79053503323124,5.0,,COMPLETE
308,0.04429881444109591,0.13500079256175915,2026-03-13 14:53:15.376872,2026-03-13 14:53:16.194898,0 days 00:00:00.818026,4.234574450967509,0.5768064637689114,47.50263857634973,51.10107201161464,4.397246704596115,5.38643959047354,4.38396585768342,3.2835793145306333e-07,1.1168869378003539e-17,3.103829978204093e-17,2.957156003931863e-08,-14.70966214164374,5.0,,COMPLETE
309,0.005629342567924965,0.13627860621200172,2026-03-13 14:53:16.195896,2026-03-13 14:53:17.070991,0 days 00:00:00.875095,4.234574450967509,0.5768064637689114,46.69885511014704,55.19378083306377,4.363814387881665,5.395047281961509,4.379893069985596,3.2730905603063035e-07,1.5632695334944725e-18,2.3638136002020875e-16,1.0065507564476633e-08,-16.358543313870015,5.0,,COMPLETE
310,0.029310789977760515,0.062280755520093316,2026-03-13 14:53:17.070991,2026-03-13 14:53:17.919963,0 days 00:00:00.848972,4.234574450967509,0.5515635972482404,48.70605605891457,54.60051034968248,4.397246704596115,5.346195340894862,4.38396585768342,3.309122318058947e-07,1.1168869378003539e-17,1.0574793317089384e-16,2.5664113495585164e-08,-16.129905096408926,5.0,,COMPLETE
311,0.01744396439021936,0.05595537987382436,2026-03-13 14:53:17.920959,2026-03-13 14:53:18.714791,0 days 00:00:00.793832,4.3848095359673485,0.5471841331670136,46.815734235050996,53.400752427809564,4.457343626420763,5.346195340894862,4.380924782327499,3.2556999311130145e-07,8.063035226196599e-16,2.9813728031178997e-18,1.3835535034898215e-07,-14.196334414657654,5.0,,COMPLETE
312,0.007534396159137279,0.18337647008586294,2026-03-13 14:53:18.715787,2026-03-13 14:53:19.541454,0 days 00:00:00.825667,4.390878976165933,0.6321425299478999,46.05402108468841,53.198752109788835,4.365927590697451,5.235296044529069,4.241830816393181,3.3115990574589603e-07,1.6675201730291415e-16,1.871961172504151e-15,9.878038358412853e-07,-14.196334414657654,5.0,,COMPLETE
313,0.03893681496816637,0.03647867280462285,2026-03-13 14:53:19.542452,2026-03-13 14:53:20.408486,0 days 00:00:00.866034,4.3848095359673485,0.5011623881960187,46.815734235050996,54.19059363414416,4.47296947069704,5.38643959047354,4.385444732430226,3.2430109454609004e-07,1.3535790747321685e-15,5.225070196214357e-17,1.711559003147837e-08,-14.196334414657654,5.0,,COMPLETE
314,0.029508911357834823,0.1754319216780892,2026-03-13 14:53:20.408486,2026-03-13 14:53:21.228816,0 days 00:00:00.820330,4.241642795065647,0.618558615030485,49.12098435399558,53.96092577381798,4.2191439247585825,5.310758902595503,4.379893069985596,3.2592597392292383e-07,1.5951302803696658e-15,2.88842348473924e-17,1.711559003147837e-08,-16.110623743364823,5.0,,COMPLETE
315,0.0903732367641225,0.07782750038271694,2026-03-13 14:53:21.229812,2026-03-13 14:53:22.319697,0 days 00:00:01.089885,4.37135039644097,0.5515635972482404,47.48146174666705,53.4610444702515,4.232813288239566,5.357176178834748,4.235786855802558,3.2410897547129707e-07,7.85844626948521e-15,1.0483794065497174e-17,2.534478424529777e-07,-17.493727091987555,5.0,,COMPLETE
316,0.004075237436968001,0.3647482060744303,2026-03-13 14:53:22.320698,2026-03-13 14:53:23.040281,0 days 00:00:00.719583,4.37135039644097,0.8502894163313668,47.48146174666705,52.01090378662589,4.289424615714482,5.428716639424191,4.377194258429767,3.2774010524773464e-07,1.0294466636919959e-17,2.7805771527607335e-15,1.1077649290620279e-07,-15.494277628869764,5.0,,COMPLETE
317,0.06285825911223016,0.09280348608648198,2026-03-13 14:53:23.040281,2026-03-13 14:53:24.026216,0 days 00:00:00.985935,4.3848095359673485,0.5622000860394614,46.815734235050996,53.198752109788835,4.397246704596115,5.288678949438508,4.38396585768342,3.243170893793541e-07,3.2280094744582115e-16,1.435247697395148e-18,1.4006218087463007e-08,-16.129905096408926,5.0,,COMPLETE
318,0.020525005793967925,0.07594094898393763,2026-03-13 14:53:24.027214,2026-03-13 14:53:24.752306,0 days 00:00:00.725092,4.257679258744264,0.5515635972482404,47.48146174666705,53.4610444702515,4.232813288239566,5.357176178834748,4.235786855802558,3.2410897547129707e-07,1.6275660335002533e-17,2.969039346697796e-16,2.5664113495585164e-08,-16.13154653458008,5.0,,COMPLETE
319,0.007669327370469382,0.22124910418862437,2026-03-13 14:53:24.752306,2026-03-13 14:53:25.551668,0 days 00:00:00.799362,4.30855331158677,0.8505902658727587,48.155207650464,52.01090378662589,4.389703372698119,5.449658964324548,4.382032263440554,3.2774010524773464e-07,1.719006987397763e-18,7.722527698200973e-15,1.3835535034898215e-07,-16.07977690758002,5.0,,COMPLETE
320,0.07797859946067755,0.09618397614902653,2026-03-13 14:53:25.552664,2026-03-13 14:53:26.477246,0 days 00:00:00.924582,4.447221037466706,0.5471841331670136,46.815734235050996,53.198752109788835,4.457343626420763,5.310758902595503,4.463954951850335,3.2556999311130145e-07,1.5951302803696658e-15,7.937892264706162e-18,1.3835535034898215e-07,-14.196334414657654,5.0,,COMPLETE
321,0.0671002243169968,0.19930252825703942,2026-03-13 14:53:26.478243,2026-03-13 14:53:27.285365,0 days 00:00:00.807122,4.384672361062914,0.688270199559256,49.14214909659798,51.41693627296768,4.389703372698119,5.449658964324548,4.373819869128801,3.2430109454609004e-07,1.3535790747321685e-15,7.722527698200973e-15,8.435530579621433e-08,-16.07977690758002,5.0,,COMPLETE
322,0.014174997703840956,0.05512720953615624,2026-03-13 14:53:27.286361,2026-03-13 14:53:28.023328,0 days 00:00:00.736967,4.298437444441174,0.5401037936171467,47.40455560402438,53.21880111861873,4.221854330954056,5.484405395084121,4.209167598691573,3.2835793145306333e-07,5.238276409945e-15,2.7899282372042384e-16,1.2985549458248027e-07,-16.974403256188783,5.0,,COMPLETE
323,0.023846259150623907,0.05005518709611786,2026-03-13 14:53:28.025380,2026-03-13 14:53:28.762183,0 days 00:00:00.736803,4.384672361062914,0.5011623881960187,49.351936057730725,51.892434973275236,4.362221235614405,5.38643959047354,4.2564682275853,3.2430109454609004e-07,1.3535790747321685e-15,3.103829978204093e-17,8.518510438917664e-08,-14.038561164341335,5.0,,COMPLETE
324,0.010157836335674597,0.05988613859747077,2026-03-13 14:53:28.763180,2026-03-13 14:53:29.584759,0 days 00:00:00.821579,4.390878976165933,0.5401037936171467,46.05402108468841,53.198752109788835,4.365927590697451,5.235296044529069,4.382032263440554,3.284093955361284e-07,1.719006987397763e-18,4.255519533850717e-18,1.3835535034898215e-07,-14.196334414657654,5.0,,COMPLETE
325,0.007020012598891232,0.07747321716774751,2026-03-13 14:53:29.585755,2026-03-13 14:53:30.427056,0 days 00:00:00.841301,4.241642795065647,0.5638288827350529,48.03279107607236,53.96092577381798,4.397246704596115,5.357176178834748,4.379893069985596,3.309122318058947e-07,1.8061435766840572e-17,3.103829978204093e-17,1.711559003147837e-08,-16.129905096408926,5.0,,COMPLETE
326,0.013417453628439872,0.3381460645124667,2026-03-13 14:53:30.428053,2026-03-13 14:53:31.344552,0 days 00:00:00.916499,4.390878976165933,0.5471841331670136,46.815734235050996,53.198752109788835,4.397246704596115,5.235296044529069,4.373819869128801,3.309122318058947e-07,1.6675201730291415e-16,1.871961172504151e-15,1.0902655424354349e-08,-14.196334414657654,5.0,,COMPLETE
327,0.012929741515994596,0.10499218515214148,2026-03-13 14:53:31.344552,2026-03-13 14:53:32.183990,0 days 00:00:00.839438,4.3848095359673485,0.5768064637689114,46.815734235050996,53.198752109788835,4.457343626420763,5.310758902595503,4.385444732430226,3.2556999311130145e-07,1.719006987397763e-18,2.88842348473924e-17,1.3835535034898215e-07,-14.196334414657654,5.0,,COMPLETE
328,0.046891409319283366,0.04875458922943818,2026-03-13 14:53:32.183990,2026-03-13 14:53:32.843427,0 days 00:00:00.659437,4.234574450967509,0.5011623881960187,48.155207650464,55.13579629119424,4.362221235614405,5.38643959047354,4.420699273484768,3.2430109454609004e-07,1.8061435766840572e-17,7.646499677157575e-17,5.567773364990572e-07,-14.038561164341335,5.0,,COMPLETE
329,0.014479513493854389,0.1996343135683979,2026-03-13 14:53:32.844423,2026-03-13 14:53:33.708992,0 days 00:00:00.864569,4.390878976165933,0.6321425299478999,46.05402108468841,53.400752427809564,4.397246704596115,5.235296044529069,4.241830816393181,3.309122318058947e-07,1.3894235425376346e-16,1.871961172504151e-15,7.931655774537345e-08,-14.196334414657654,5.0,,COMPLETE
330,0.014017656837554286,0.6207200623346839,2026-03-13 14:53:33.708992,2026-03-13 14:53:34.440920,0 days 00:00:00.731928,4.253750042745671,0.8069628729130758,47.721913831714154,51.57178816869802,4.279856546327439,5.395047281961509,4.379893069985596,3.2592597392292383e-07,1.5632695334944725e-18,2.88842348473924e-17,4.8257552042754316e-08,-16.07977690758002,5.0,,COMPLETE
331,0.004726797785751185,0.17133456055038834,2026-03-13 14:53:34.440920,2026-03-13 14:53:35.242662,0 days 00:00:00.801742,4.303102165017152,0.5768064637689114,47.721913831714154,53.96092577381798,4.2191439247585825,5.310758902595503,4.273190524674614,3.2485970000705047e-07,1.1168869378003539e-17,2.88842348473924e-17,3.229425379763782e-08,-16.129905096408926,5.0,,COMPLETE
332,0.013120475398745182,0.08140215488398454,2026-03-13 14:53:35.243668,2026-03-13 14:53:36.081892,0 days 00:00:00.838224,4.234574450967509,0.5622000860394614,48.70605605891457,51.688977271003985,4.397246704596115,5.346195340894862,4.298604096614364,3.2556999311130145e-07,1.1168869378003539e-17,3.103829978204093e-17,2.5664113495585164e-08,-16.129905096408926,5.0,,COMPLETE
333,0.009279577085413347,0.2697174118185623,2026-03-13 14:53:36.082889,2026-03-13 14:53:36.828847,0 days 00:00:00.745958,4.31112713067344,0.688270199559256,48.27271661717525,53.21880111861873,4.362221235614405,5.38643959047354,4.278246698760668,3.2992596810168464e-07,1.8061435766840572e-17,4.1000112059104077e-16,8.435530579621433e-08,-16.07977690758002,5.0,,COMPLETE
334,0.06451966963779873,0.077464756009878,2026-03-13 14:53:36.829848,2026-03-13 14:53:37.693347,0 days 00:00:00.863499,4.234574450967509,0.5622000860394614,46.05402108468841,53.747249926518755,4.397246704596115,5.346195340894862,4.38396585768342,3.2526029604548276e-07,1.6675201730291415e-16,1.0483794065497174e-17,1.4006218087463007e-08,-14.196334414657654,5.0,,COMPLETE
335,0.006149058595146419,0.1563982890342012,2026-03-13 14:53:37.694344,2026-03-13 14:53:38.470577,0 days 00:00:00.776233,4.279898652480756,0.688270199559256,48.155207650464,52.01090378662589,4.359543521558283,5.435815326036136,4.340750260243717,3.2774010524773464e-07,1.8061435766840572e-17,7.722527698200973e-15,1.486886833957892e-07,-16.07977690758002,5.0,,COMPLETE
336,0.004303625011910376,0.1323848714242695,2026-03-13 14:53:38.471574,2026-03-13 14:53:39.311420,0 days 00:00:00.839846,4.241642795065647,0.5768064637689114,48.358470156687716,53.96092577381798,4.300891471607496,5.38643959047354,4.385444732430226,3.2913186819992363e-07,1.5951302803696658e-15,3.103829978204093e-17,1.711559003147837e-08,-16.129905096408926,5.0,,COMPLETE
337,0.07114857185088609,0.31916404255685976,2026-03-13 14:53:39.311420,2026-03-13 14:53:39.975349,0 days 00:00:00.663929,4.253750042745671,0.6349986805104375,46.69885511014704,51.57178816869802,4.279856546327439,5.395047281961509,4.397344518863353,3.2730905603063035e-07,2.7598793334077583e-17,1.8818408586139523e-17,1.3835535034898215e-07,-14.196334414657654,5.0,,COMPLETE
338,0.00813229913126212,0.06054005067445339,2026-03-13 14:53:39.975349,2026-03-13 14:53:40.700736,0 days 00:00:00.725387,4.234574450967509,0.5011623881960187,48.358470156687716,53.21880111861873,4.362221235614405,5.38643959047354,4.256438737312667,3.2430109454609004e-07,1.3732792332420093e-15,4.1000112059104077e-16,8.435530579621433e-08,-16.07977690758002,5.0,,COMPLETE
339,0.0628275915705377,0.05813763921146144,2026-03-13 14:53:40.700736,2026-03-13 14:53:41.498049,0 days 00:00:00.797313,4.241642795065647,0.5011623881960187,48.373094469873365,53.400752427809564,4.2191439247585825,5.288678949438508,4.379893069985596,3.294734456846962e-07,1.8061435766840572e-17,2.88842348473924e-17,1.711559003147837e-08,-14.038561164341335,5.0,,COMPLETE
340,0.06907029483070357,0.09095826418364075,2026-03-13 14:53:41.499046,2026-03-13 14:53:42.492969,0 days 00:00:00.993923,4.384672361062914,0.5011623881960187,47.721913831714154,53.400752427809564,4.300891471607496,5.310758902595503,4.373819869128801,3.2592597392292383e-07,1.3535790747321685e-15,7.646499677157575e-17,1.0902655424354349e-08,-16.129905096408926,5.0,,COMPLETE
341,0.004554043882399458,0.5922904314204177,2026-03-13 14:53:42.493965,2026-03-13 14:53:43.439355,0 days 00:00:00.945390,4.384672361062914,0.9028773071328418,47.96755034546392,53.06539275257391,4.355348002553498,5.346195340894862,4.382032263440554,3.309122318058947e-07,1.3535790747321685e-15,7.646499677157575e-17,1.0902655424354349e-08,-14.038561164341335,5.0,,COMPLETE
342,0.010996372417636813,0.21528613363682328,2026-03-13 14:53:43.440351,2026-03-13 14:53:44.309359,0 days 00:00:00.869008,4.241642795065647,0.688270199559256,48.155207650464,53.25139496023659,4.4103369618306605,5.315646648832993,4.379893069985596,3.2992596810168464e-07,1.5951302803696658e-15,2.88842348473924e-17,1.711559003147837e-08,-16.110623743364823,5.0,,COMPLETE
343,0.01835179709260609,0.268370646809493,2026-03-13 14:53:44.309359,2026-03-13 14:53:45.126346,0 days 00:00:00.816987,4.390878976165933,0.6321425299478999,46.815734235050996,53.198752109788835,4.457343626420763,5.288678949438508,4.385444732430226,3.2556999311130145e-07,1.719006987397763e-18,1.0925331391102423e-18,9.878038358412853e-07,-14.196334414657654,5.0,,COMPLETE
344,0.0481462460250038,0.08888197579167804,2026-03-13 14:53:45.126346,2026-03-13 14:53:46.055813,0 days 00:00:00.929467,4.384672361062914,0.5622000860394614,49.14214909659798,53.400752427809564,4.397246704596115,5.288678949438508,4.373819869128801,3.243170893793541e-07,1.3535790747321685e-15,7.646499677157575e-17,1.4006218087463007e-08,-14.038561164341335,5.0,,COMPLETE
345,0.019686539298981773,0.14947105102849062,2026-03-13 14:53:46.056811,2026-03-13 14:53:46.769413,0 days 00:00:00.712602,4.402900283583998,0.5471841331670136,46.815734235050996,51.78497204377082,4.232813288239566,5.435815326036136,4.235786855802558,3.2410897547129707e-07,7.85844626948521e-15,2.7805771527607335e-15,2.5664113495585164e-08,-14.412813663880904,5.0,,COMPLETE
346,0.011217371249959831,0.11019235118793781,2026-03-13 14:53:46.770409,2026-03-13 14:53:47.679151,0 days 00:00:00.908742,4.3848095359673485,0.5768064637689114,46.815734235050996,53.400752427809564,4.363814387881665,5.38643959047354,4.373819869128801,3.309122318058947e-07,1.3535790747321685e-15,7.646499677157575e-17,1.0065507564476633e-08,-14.196334414657654,5.0,,COMPLETE
347,0.018115950048846474,0.2055773419599954,2026-03-13 14:53:47.681143,2026-03-13 14:53:48.534440,0 days 00:00:00.853297,4.390878976165933,0.5515635972482404,48.358470156687716,53.198752109788835,4.234265207605479,5.284070847815804,4.322219132243799,3.294734456846962e-07,1.8061435766840572e-17,1.871961172504151e-15,1.711559003147837e-08,-14.196334414657654,5.0,,COMPLETE
348,0.00850545105570434,0.07812244534342452,2026-03-13 14:53:48.536436,2026-03-13 14:53:49.360533,0 days 00:00:00.824097,4.234574450967509,0.5638288827350529,48.358470156687716,52.52428078108922,4.397246704596115,5.357176178834748,4.379893069985596,3.2430109454609004e-07,9.855778316366765e-17,5.225070196214357e-17,2.5664113495585164e-08,-16.07977690758002,5.0,,COMPLETE
349,0.02009374665836981,0.19419698534156404,2026-03-13 14:53:49.361531,2026-03-13 14:53:50.181191,0 days 00:00:00.819660,4.402900283583998,0.5515635972482404,47.3992598582292,51.78497204377082,4.2191439247585825,5.206476643201393,4.235786855802558,3.259567567773562e-07,1.4493988786339865e-16,2.88842348473924e-17,1.711559003147837e-08,-14.314902480909131,5.0,,COMPLETE
350,0.011291284915610949,0.12394249544143741,2026-03-13 14:53:50.182189,2026-03-13 14:53:51.005956,0 days 00:00:00.823767,4.3848095359673485,0.5515635972482404,48.358470156687716,53.198752109788835,4.300891471607496,5.38643959047354,4.379893069985596,3.294734456846962e-07,1.8061435766840572e-17,7.646499677157575e-17,1.711559003147837e-08,-14.038561164341335,5.0,,COMPLETE
351,0.058025098438699796,0.11429866612362707,2026-03-13 14:53:51.006952,2026-03-13 14:53:51.963243,0 days 00:00:00.956291,4.3848095359673485,0.5973534354330223,46.815734235050996,53.198752109788835,4.362221235614405,5.38643959047354,4.278246698760668,3.2992596810168464e-07,1.719006987397763e-18,4.1000112059104077e-16,1.1077649290620279e-07,-16.07977690758002,5.0,,COMPLETE
